name=slurm_script
Pre-Processing CelebA
labels (30000, 32)
All classes percentages: [0.2936666666666667, 0.2319, 0.12203333333333333, 0.18716666666666668, 0.16523333333333334, 0.0, 0.0, 0.0, 0.0, 0.0, 0.0, 0.0, 0.0, 0.0, 0.0, 0.0, 0.0, 0.0, 0.0, 0.0, 0.0, 0.0, 0.0, 0.0, 0.0, 0.0, 0.0, 0.0, 0.0, 0.0, 0.0, 0.0]
Initialized CBM_Join model
## Initializing Train indexes
::path chosen -> logs/celebA__CBM_Join__2022_04/12-10-39/train_runs
Losses: {'total_vae': tensor(6.4903, device='cuda:0', grad_fn=<AddBackward0>), 'total': 0, 'prediction': tensor(1.6024, device='cuda:0', grad_fn=<MulBackward0>), 'true_values': tensor(4.8879, device='cuda:0', grad_fn=<MulBackward0>)}
[0:239]  loss_total_vae=3.130  loss_total=0.000  loss_prediction=0.860  loss_true_values=2.270  loss_total_vae_epoch=3.897  
Losses: {'total_vae': tensor(3.0336, device='cuda:0', grad_fn=<AddBackward0>), 'total': 0, 'prediction': tensor(0.7950, device='cuda:0', grad_fn=<MulBackward0>), 'true_values': tensor(2.2386, device='cuda:0', grad_fn=<MulBackward0>)}
[1:479]  loss_total_vae=2.765  loss_total=0.000  loss_prediction=0.811  loss_true_values=1.954  loss_total_vae_epoch=2.935  
Losses: {'total_vae': tensor(2.6769, device='cuda:0', grad_fn=<AddBackward0>), 'total': 0, 'prediction': tensor(0.6740, device='cuda:0', grad_fn=<MulBackward0>), 'true_values': tensor(2.0030, device='cuda:0', grad_fn=<MulBackward0>)}
[2:719]  loss_total_vae=2.649  loss_total=0.000  loss_prediction=0.742  loss_true_values=1.907  loss_total_vae_epoch=2.597  
Losses: {'total_vae': tensor(2.1541, device='cuda:0', grad_fn=<AddBackward0>), 'total': 0, 'prediction': tensor(0.4150, device='cuda:0', grad_fn=<MulBackward0>), 'true_values': tensor(1.7391, device='cuda:0', grad_fn=<MulBackward0>)}
[3:959]  loss_total_vae=2.221  loss_total=0.000  loss_prediction=0.472  loss_true_values=1.749  loss_total_vae_epoch=2.281  
Losses: {'total_vae': tensor(2.0442, device='cuda:0', grad_fn=<AddBackward0>), 'total': 0, 'prediction': tensor(0.3937, device='cuda:0', grad_fn=<MulBackward0>), 'true_values': tensor(1.6506, device='cuda:0', grad_fn=<MulBackward0>)}
[4:1199]  loss_total_vae=1.953  loss_total=0.000  loss_prediction=0.332  loss_true_values=1.622  loss_total_vae_epoch=1.959  
Losses: {'total_vae': tensor(1.6539, device='cuda:0', grad_fn=<AddBackward0>), 'total': 0, 'prediction': tensor(0.1912, device='cuda:0', grad_fn=<MulBackward0>), 'true_values': tensor(1.4627, device='cuda:0', grad_fn=<MulBackward0>)}
[5:1439]  loss_total_vae=1.682  loss_total=0.000  loss_prediction=0.160  loss_true_values=1.522  loss_total_vae_epoch=1.649  
Losses: {'total_vae': tensor(1.4444, device='cuda:0', grad_fn=<AddBackward0>), 'total': 0, 'prediction': tensor(0.1181, device='cuda:0', grad_fn=<MulBackward0>), 'true_values': tensor(1.3263, device='cuda:0', grad_fn=<MulBackward0>)}
[6:1679]  loss_total_vae=1.358  loss_total=0.000  loss_prediction=0.078  loss_true_values=1.280  loss_total_vae_epoch=1.388  
Losses: {'total_vae': tensor(1.1107, device='cuda:0', grad_fn=<AddBackward0>), 'total': 0, 'prediction': tensor(0.0654, device='cuda:0', grad_fn=<MulBackward0>), 'true_values': tensor(1.0453, device='cuda:0', grad_fn=<MulBackward0>)}
[7:1919]  loss_total_vae=1.187  loss_total=0.000  loss_prediction=0.077  loss_true_values=1.109  loss_total_vae_epoch=1.163  
Losses: {'total_vae': tensor(0.9880, device='cuda:0', grad_fn=<AddBackward0>), 'total': 0, 'prediction': tensor(0.0545, device='cuda:0', grad_fn=<MulBackward0>), 'true_values': tensor(0.9335, device='cuda:0', grad_fn=<MulBackward0>)}
[8:2159]  loss_total_vae=0.955  loss_total=0.000  loss_prediction=0.036  loss_true_values=0.919  loss_total_vae_epoch=0.975  
Losses: {'total_vae': tensor(0.8617, device='cuda:0', grad_fn=<AddBackward0>), 'total': 0, 'prediction': tensor(0.0554, device='cuda:0', grad_fn=<MulBackward0>), 'true_values': tensor(0.8064, device='cuda:0', grad_fn=<MulBackward0>)}
[9:2399]  loss_total_vae=0.845  loss_total=0.000  loss_prediction=0.028  loss_true_values=0.818  loss_total_vae_epoch=0.828  
Losses: {'total_vae': tensor(0.7079, device='cuda:0', grad_fn=<AddBackward0>), 'total': 0, 'prediction': tensor(0.0227, device='cuda:0', grad_fn=<MulBackward0>), 'true_values': tensor(0.6852, device='cuda:0', grad_fn=<MulBackward0>)}
[10:2639]  loss_total_vae=0.752  loss_total=0.000  loss_prediction=0.022  loss_true_values=0.730  loss_total_vae_epoch=0.720  
Losses: {'total_vae': tensor(0.6430, device='cuda:0', grad_fn=<AddBackward0>), 'total': 0, 'prediction': tensor(0.0197, device='cuda:0', grad_fn=<MulBackward0>), 'true_values': tensor(0.6233, device='cuda:0', grad_fn=<MulBackward0>)}
[11:2879]  loss_total_vae=0.650  loss_total=0.000  loss_prediction=0.016  loss_true_values=0.634  loss_total_vae_epoch=0.643  
Losses: {'total_vae': tensor(0.6047, device='cuda:0', grad_fn=<AddBackward0>), 'total': 0, 'prediction': tensor(0.0235, device='cuda:0', grad_fn=<MulBackward0>), 'true_values': tensor(0.5812, device='cuda:0', grad_fn=<MulBackward0>)}
[12:3119]  loss_total_vae=0.581  loss_total=0.000  loss_prediction=0.014  loss_true_values=0.567  loss_total_vae_epoch=0.595  
Losses: {'total_vae': tensor(0.5813, device='cuda:0', grad_fn=<AddBackward0>), 'total': 0, 'prediction': tensor(0.0121, device='cuda:0', grad_fn=<MulBackward0>), 'true_values': tensor(0.5692, device='cuda:0', grad_fn=<MulBackward0>)}
[13:3359]  loss_total_vae=0.559  loss_total=0.000  loss_prediction=0.009  loss_true_values=0.550  loss_total_vae_epoch=0.553  
Losses: {'total_vae': tensor(0.5273, device='cuda:0', grad_fn=<AddBackward0>), 'total': 0, 'prediction': tensor(0.0092, device='cuda:0', grad_fn=<MulBackward0>), 'true_values': tensor(0.5180, device='cuda:0', grad_fn=<MulBackward0>)}
[14:3599]  loss_total_vae=0.533  loss_total=0.000  loss_prediction=0.009  loss_true_values=0.524  loss_total_vae_epoch=0.530  
Losses: {'total_vae': tensor(0.5132, device='cuda:0', grad_fn=<AddBackward0>), 'total': 0, 'prediction': tensor(0.0090, device='cuda:0', grad_fn=<MulBackward0>), 'true_values': tensor(0.5043, device='cuda:0', grad_fn=<MulBackward0>)}
[15:3839]  loss_total_vae=1.194  loss_total=0.000  loss_prediction=0.204  loss_true_values=0.991  loss_total_vae_epoch=0.971  
Losses: {'total_vae': tensor(1.0582, device='cuda:0', grad_fn=<AddBackward0>), 'total': 0, 'prediction': tensor(0.1790, device='cuda:0', grad_fn=<MulBackward0>), 'true_values': tensor(0.8792, device='cuda:0', grad_fn=<MulBackward0>)}
[16:4079]  loss_total_vae=0.705  loss_total=0.000  loss_prediction=0.038  loss_true_values=0.667  loss_total_vae_epoch=0.893  
Losses: {'total_vae': tensor(0.6495, device='cuda:0', grad_fn=<AddBackward0>), 'total': 0, 'prediction': tensor(0.0490, device='cuda:0', grad_fn=<MulBackward0>), 'true_values': tensor(0.6005, device='cuda:0', grad_fn=<MulBackward0>)}
[17:4319]  loss_total_vae=0.580  loss_total=0.000  loss_prediction=0.030  loss_true_values=0.550  loss_total_vae_epoch=0.596  
Losses: {'total_vae': tensor(0.5216, device='cuda:0', grad_fn=<AddBackward0>), 'total': 0, 'prediction': tensor(0.0084, device='cuda:0', grad_fn=<MulBackward0>), 'true_values': tensor(0.5133, device='cuda:0', grad_fn=<MulBackward0>)}
[18:4559]  loss_total_vae=0.500  loss_total=0.000  loss_prediction=0.005  loss_true_values=0.494  loss_total_vae_epoch=0.516  
Losses: {'total_vae': tensor(0.4913, device='cuda:0', grad_fn=<AddBackward0>), 'total': 0, 'prediction': tensor(0.0048, device='cuda:0', grad_fn=<MulBackward0>), 'true_values': tensor(0.4866, device='cuda:0', grad_fn=<MulBackward0>)}
[19:4799]  loss_total_vae=0.496  loss_total=0.000  loss_prediction=0.004  loss_true_values=0.492  loss_total_vae_epoch=0.493  
Losses: {'total_vae': tensor(0.5074, device='cuda:0', grad_fn=<AddBackward0>), 'total': 0, 'prediction': tensor(0.0163, device='cuda:0', grad_fn=<MulBackward0>), 'true_values': tensor(0.4911, device='cuda:0', grad_fn=<MulBackward0>)}
[20:5039]  loss_total_vae=0.477  loss_total=0.000  loss_prediction=0.004  loss_true_values=0.474  loss_total_vae_epoch=0.482  
Losses: {'total_vae': tensor(0.4789, device='cuda:0', grad_fn=<AddBackward0>), 'total': 0, 'prediction': tensor(0.0033, device='cuda:0', grad_fn=<MulBackward0>), 'true_values': tensor(0.4756, device='cuda:0', grad_fn=<MulBackward0>)}
[21:5279]  loss_total_vae=0.476  loss_total=0.000  loss_prediction=0.004  loss_true_values=0.472  loss_total_vae_epoch=0.476  
Losses: {'total_vae': tensor(0.4692, device='cuda:0', grad_fn=<AddBackward0>), 'total': 0, 'prediction': tensor(0.0031, device='cuda:0', grad_fn=<MulBackward0>), 'true_values': tensor(0.4661, device='cuda:0', grad_fn=<MulBackward0>)}
[22:5519]  loss_total_vae=0.470  loss_total=0.000  loss_prediction=0.004  loss_true_values=0.466  loss_total_vae_epoch=0.471  
Losses: {'total_vae': tensor(0.4614, device='cuda:0', grad_fn=<AddBackward0>), 'total': 0, 'prediction': tensor(0.0027, device='cuda:0', grad_fn=<MulBackward0>), 'true_values': tensor(0.4587, device='cuda:0', grad_fn=<MulBackward0>)}
[23:5759]  loss_total_vae=0.477  loss_total=0.000  loss_prediction=0.003  loss_true_values=0.475  loss_total_vae_epoch=0.468  
Losses: {'total_vae': tensor(0.4655, device='cuda:0', grad_fn=<AddBackward0>), 'total': 0, 'prediction': tensor(0.0029, device='cuda:0', grad_fn=<MulBackward0>), 'true_values': tensor(0.4627, device='cuda:0', grad_fn=<MulBackward0>)}
[24:5999]  loss_total_vae=0.464  loss_total=0.000  loss_prediction=0.002  loss_true_values=0.462  loss_total_vae_epoch=0.466  
Losses: {'total_vae': tensor(0.4607, device='cuda:0', grad_fn=<AddBackward0>), 'total': 0, 'prediction': tensor(0.0023, device='cuda:0', grad_fn=<MulBackward0>), 'true_values': tensor(0.4584, device='cuda:0', grad_fn=<MulBackward0>)}
[25:6239]  loss_total_vae=0.478  loss_total=0.000  loss_prediction=0.003  loss_true_values=0.475  loss_total_vae_epoch=0.464  
Losses: {'total_vae': tensor(0.4602, device='cuda:0', grad_fn=<AddBackward0>), 'total': 0, 'prediction': tensor(0.0019, device='cuda:0', grad_fn=<MulBackward0>), 'true_values': tensor(0.4583, device='cuda:0', grad_fn=<MulBackward0>)}
[26:6479]  loss_total_vae=0.455  loss_total=0.000  loss_prediction=0.002  loss_true_values=0.453  loss_total_vae_epoch=0.463  
Losses: {'total_vae': tensor(0.4603, device='cuda:0', grad_fn=<AddBackward0>), 'total': 0, 'prediction': tensor(0.0024, device='cuda:0', grad_fn=<MulBackward0>), 'true_values': tensor(0.4579, device='cuda:0', grad_fn=<MulBackward0>)}
[27:6719]  loss_total_vae=0.459  loss_total=0.000  loss_prediction=0.002  loss_true_values=0.457  loss_total_vae_epoch=0.463  
Losses: {'total_vae': tensor(0.4613, device='cuda:0', grad_fn=<AddBackward0>), 'total': 0, 'prediction': tensor(0.0016, device='cuda:0', grad_fn=<MulBackward0>), 'true_values': tensor(0.4598, device='cuda:0', grad_fn=<MulBackward0>)}
[28:6959]  loss_total_vae=0.456  loss_total=0.000  loss_prediction=0.002  loss_true_values=0.455  loss_total_vae_epoch=0.461  
Losses: {'total_vae': tensor(0.4575, device='cuda:0', grad_fn=<AddBackward0>), 'total': 0, 'prediction': tensor(0.0016, device='cuda:0', grad_fn=<MulBackward0>), 'true_values': tensor(0.4560, device='cuda:0', grad_fn=<MulBackward0>)}
[29:7199]  loss_total_vae=1.632  loss_total=0.000  loss_prediction=0.398  loss_true_values=1.235  loss_total_vae_epoch=0.829  
Losses: {'total_vae': tensor(1.2220, device='cuda:0', grad_fn=<AddBackward0>), 'total': 0, 'prediction': tensor(0.2313, device='cuda:0', grad_fn=<MulBackward0>), 'true_values': tensor(0.9907, device='cuda:0', grad_fn=<MulBackward0>)}
[30:7439]  loss_total_vae=0.794  loss_total=0.000  loss_prediction=0.110  loss_true_values=0.684  loss_total_vae_epoch=0.905  
Losses: {'total_vae': tensor(0.6093, device='cuda:0', grad_fn=<AddBackward0>), 'total': 0, 'prediction': tensor(0.0176, device='cuda:0', grad_fn=<MulBackward0>), 'true_values': tensor(0.5917, device='cuda:0', grad_fn=<MulBackward0>)}
[31:7679]  loss_total_vae=0.519  loss_total=0.000  loss_prediction=0.005  loss_true_values=0.514  loss_total_vae_epoch=0.546  
Losses: {'total_vae': tensor(0.4949, device='cuda:0', grad_fn=<AddBackward0>), 'total': 0, 'prediction': tensor(0.0109, device='cuda:0', grad_fn=<MulBackward0>), 'true_values': tensor(0.4840, device='cuda:0', grad_fn=<MulBackward0>)}
[32:7919]  loss_total_vae=0.474  loss_total=0.000  loss_prediction=0.004  loss_true_values=0.469  loss_total_vae_epoch=0.483  
Losses: {'total_vae': tensor(0.4841, device='cuda:0', grad_fn=<AddBackward0>), 'total': 0, 'prediction': tensor(0.0023, device='cuda:0', grad_fn=<MulBackward0>), 'true_values': tensor(0.4818, device='cuda:0', grad_fn=<MulBackward0>)}
[33:8159]  loss_total_vae=0.467  loss_total=0.000  loss_prediction=0.004  loss_true_values=0.463  loss_total_vae_epoch=0.470  
Losses: {'total_vae': tensor(0.4709, device='cuda:0', grad_fn=<AddBackward0>), 'total': 0, 'prediction': tensor(0.0021, device='cuda:0', grad_fn=<MulBackward0>), 'true_values': tensor(0.4688, device='cuda:0', grad_fn=<MulBackward0>)}
[34:8399]  loss_total_vae=0.462  loss_total=0.000  loss_prediction=0.002  loss_true_values=0.460  loss_total_vae_epoch=0.464  
Losses: {'total_vae': tensor(0.4596, device='cuda:0', grad_fn=<AddBackward0>), 'total': 0, 'prediction': tensor(0.0023, device='cuda:0', grad_fn=<MulBackward0>), 'true_values': tensor(0.4574, device='cuda:0', grad_fn=<MulBackward0>)}
[35:8639]  loss_total_vae=0.459  loss_total=0.000  loss_prediction=0.001  loss_true_values=0.458  loss_total_vae_epoch=0.461  
Losses: {'total_vae': tensor(0.4553, device='cuda:0', grad_fn=<AddBackward0>), 'total': 0, 'prediction': tensor(0.0015, device='cuda:0', grad_fn=<MulBackward0>), 'true_values': tensor(0.4538, device='cuda:0', grad_fn=<MulBackward0>)}
[36:8879]  loss_total_vae=0.457  loss_total=0.000  loss_prediction=0.002  loss_true_values=0.455  loss_total_vae_epoch=0.459  
Losses: {'total_vae': tensor(0.4554, device='cuda:0', grad_fn=<AddBackward0>), 'total': 0, 'prediction': tensor(0.0013, device='cuda:0', grad_fn=<MulBackward0>), 'true_values': tensor(0.4542, device='cuda:0', grad_fn=<MulBackward0>)}
[37:9119]  loss_total_vae=0.456  loss_total=0.000  loss_prediction=0.001  loss_true_values=0.455  loss_total_vae_epoch=0.457  
Losses: {'total_vae': tensor(0.4553, device='cuda:0', grad_fn=<AddBackward0>), 'total': 0, 'prediction': tensor(0.0017, device='cuda:0', grad_fn=<MulBackward0>), 'true_values': tensor(0.4536, device='cuda:0', grad_fn=<MulBackward0>)}
[38:9359]  loss_total_vae=0.457  loss_total=0.000  loss_prediction=0.001  loss_true_values=0.456  loss_total_vae_epoch=0.457  
Losses: {'total_vae': tensor(0.4514, device='cuda:0', grad_fn=<AddBackward0>), 'total': 0, 'prediction': tensor(0.0010, device='cuda:0', grad_fn=<MulBackward0>), 'true_values': tensor(0.4503, device='cuda:0', grad_fn=<MulBackward0>)}
[39:9599]  loss_total_vae=0.453  loss_total=0.000  loss_prediction=0.001  loss_true_values=0.452  loss_total_vae_epoch=0.456  
Losses: {'total_vae': tensor(0.4516, device='cuda:0', grad_fn=<AddBackward0>), 'total': 0, 'prediction': tensor(0.0009, device='cuda:0', grad_fn=<MulBackward0>), 'true_values': tensor(0.4506, device='cuda:0', grad_fn=<MulBackward0>)}
[40:9839]  loss_total_vae=0.451  loss_total=0.000  loss_prediction=0.001  loss_true_values=0.450  loss_total_vae_epoch=0.455  
Losses: {'total_vae': tensor(0.4530, device='cuda:0', grad_fn=<AddBackward0>), 'total': 0, 'prediction': tensor(0.0009, device='cuda:0', grad_fn=<MulBackward0>), 'true_values': tensor(0.4521, device='cuda:0', grad_fn=<MulBackward0>)}
[41:10079]  loss_total_vae=0.453  loss_total=0.000  loss_prediction=0.001  loss_true_values=0.452  loss_total_vae_epoch=0.455  
Losses: {'total_vae': tensor(0.4521, device='cuda:0', grad_fn=<AddBackward0>), 'total': 0, 'prediction': tensor(0.0009, device='cuda:0', grad_fn=<MulBackward0>), 'true_values': tensor(0.4512, device='cuda:0', grad_fn=<MulBackward0>)}
[42:10319]  loss_total_vae=0.452  loss_total=0.000  loss_prediction=0.001  loss_true_values=0.451  loss_total_vae_epoch=0.454  
Losses: {'total_vae': tensor(0.4490, device='cuda:0', grad_fn=<AddBackward0>), 'total': 0, 'prediction': tensor(0.0008, device='cuda:0', grad_fn=<MulBackward0>), 'true_values': tensor(0.4483, device='cuda:0', grad_fn=<MulBackward0>)}
[43:10559]  loss_total_vae=0.449  loss_total=0.000  loss_prediction=0.001  loss_true_values=0.449  loss_total_vae_epoch=0.454  
Losses: {'total_vae': tensor(0.4512, device='cuda:0', grad_fn=<AddBackward0>), 'total': 0, 'prediction': tensor(0.0008, device='cuda:0', grad_fn=<MulBackward0>), 'true_values': tensor(0.4504, device='cuda:0', grad_fn=<MulBackward0>)}
[44:10799]  loss_total_vae=0.450  loss_total=0.000  loss_prediction=0.001  loss_true_values=0.449  loss_total_vae_epoch=0.454  
Losses: {'total_vae': tensor(0.4923, device='cuda:0', grad_fn=<AddBackward0>), 'total': 0, 'prediction': tensor(0.0006, device='cuda:0', grad_fn=<MulBackward0>), 'true_values': tensor(0.4917, device='cuda:0', grad_fn=<MulBackward0>)}
[45:11039]  loss_total_vae=0.451  loss_total=0.000  loss_prediction=0.001  loss_true_values=0.450  loss_total_vae_epoch=0.454  
Losses: {'total_vae': tensor(0.4511, device='cuda:0', grad_fn=<AddBackward0>), 'total': 0, 'prediction': tensor(0.0006, device='cuda:0', grad_fn=<MulBackward0>), 'true_values': tensor(0.4505, device='cuda:0', grad_fn=<MulBackward0>)}
[46:11279]  loss_total_vae=0.451  loss_total=0.000  loss_prediction=0.001  loss_true_values=0.450  loss_total_vae_epoch=0.454  
Losses: {'total_vae': tensor(0.4523, device='cuda:0', grad_fn=<AddBackward0>), 'total': 0, 'prediction': tensor(0.0005, device='cuda:0', grad_fn=<MulBackward0>), 'true_values': tensor(0.4518, device='cuda:0', grad_fn=<MulBackward0>)}
[47:11519]  loss_total_vae=5.019  loss_total=0.000  loss_prediction=1.298  loss_true_values=3.721  loss_total_vae_epoch=3.178  
Losses: {'total_vae': tensor(5.3126, device='cuda:0', grad_fn=<AddBackward0>), 'total': 0, 'prediction': tensor(1.3346, device='cuda:0', grad_fn=<MulBackward0>), 'true_values': tensor(3.9780, device='cuda:0', grad_fn=<MulBackward0>)}
[48:11759]  loss_total_vae=4.565  loss_total=0.000  loss_prediction=1.220  loss_true_values=3.345  loss_total_vae_epoch=4.885  
Losses: {'total_vae': tensor(4.6359, device='cuda:0', grad_fn=<AddBackward0>), 'total': 0, 'prediction': tensor(1.0936, device='cuda:0', grad_fn=<MulBackward0>), 'true_values': tensor(3.5424, device='cuda:0', grad_fn=<MulBackward0>)}
[49:11999]  loss_total_vae=4.440  loss_total=0.000  loss_prediction=1.051  loss_true_values=3.389  loss_total_vae_epoch=4.495  
Losses: {'total_vae': tensor(4.1004, device='cuda:0', grad_fn=<AddBackward0>), 'total': 0, 'prediction': tensor(0.9991, device='cuda:0', grad_fn=<MulBackward0>), 'true_values': tensor(3.1013, device='cuda:0', grad_fn=<MulBackward0>)}
[50:12239]  loss_total_vae=3.847  loss_total=0.000  loss_prediction=0.895  loss_true_values=2.952  loss_total_vae_epoch=4.229  
Losses: {'total_vae': tensor(3.8906, device='cuda:0', grad_fn=<AddBackward0>), 'total': 0, 'prediction': tensor(0.8679, device='cuda:0', grad_fn=<MulBackward0>), 'true_values': tensor(3.0227, device='cuda:0', grad_fn=<MulBackward0>)}
[51:12479]  loss_total_vae=3.990  loss_total=0.000  loss_prediction=0.758  loss_true_values=3.232  loss_total_vae_epoch=4.029  
Losses: {'total_vae': tensor(4.1898, device='cuda:0', grad_fn=<AddBackward0>), 'total': 0, 'prediction': tensor(0.9697, device='cuda:0', grad_fn=<MulBackward0>), 'true_values': tensor(3.2201, device='cuda:0', grad_fn=<MulBackward0>)}
[52:12719]  loss_total_vae=3.727  loss_total=0.000  loss_prediction=0.818  loss_true_values=2.909  loss_total_vae_epoch=3.887  
Losses: {'total_vae': tensor(3.8078, device='cuda:0', grad_fn=<AddBackward0>), 'total': 0, 'prediction': tensor(0.7677, device='cuda:0', grad_fn=<MulBackward0>), 'true_values': tensor(3.0402, device='cuda:0', grad_fn=<MulBackward0>)}
[53:12959]  loss_total_vae=3.788  loss_total=0.000  loss_prediction=0.812  loss_true_values=2.976  loss_total_vae_epoch=3.770  
Losses: {'total_vae': tensor(3.6039, device='cuda:0', grad_fn=<AddBackward0>), 'total': 0, 'prediction': tensor(0.6104, device='cuda:0', grad_fn=<MulBackward0>), 'true_values': tensor(2.9935, device='cuda:0', grad_fn=<MulBackward0>)}
[54:13199]  loss_total_vae=3.509  loss_total=0.000  loss_prediction=0.700  loss_true_values=2.809  loss_total_vae_epoch=3.669  
Losses: {'total_vae': tensor(3.5753, device='cuda:0', grad_fn=<AddBackward0>), 'total': 0, 'prediction': tensor(0.5504, device='cuda:0', grad_fn=<MulBackward0>), 'true_values': tensor(3.0249, device='cuda:0', grad_fn=<MulBackward0>)}
[55:13439]  loss_total_vae=3.515  loss_total=0.000  loss_prediction=0.674  loss_true_values=2.842  loss_total_vae_epoch=3.583  
Losses: {'total_vae': tensor(3.7340, device='cuda:0', grad_fn=<AddBackward0>), 'total': 0, 'prediction': tensor(0.8217, device='cuda:0', grad_fn=<MulBackward0>), 'true_values': tensor(2.9123, device='cuda:0', grad_fn=<MulBackward0>)}
[56:13679]  loss_total_vae=3.653  loss_total=0.000  loss_prediction=0.700  loss_true_values=2.953  loss_total_vae_epoch=3.482  
Losses: {'total_vae': tensor(3.2615, device='cuda:0', grad_fn=<AddBackward0>), 'total': 0, 'prediction': tensor(0.5987, device='cuda:0', grad_fn=<MulBackward0>), 'true_values': tensor(2.6628, device='cuda:0', grad_fn=<MulBackward0>)}
[57:13919]  loss_total_vae=3.110  loss_total=0.000  loss_prediction=0.544  loss_true_values=2.566  loss_total_vae_epoch=3.373  
Losses: {'total_vae': tensor(3.4753, device='cuda:0', grad_fn=<AddBackward0>), 'total': 0, 'prediction': tensor(0.5926, device='cuda:0', grad_fn=<MulBackward0>), 'true_values': tensor(2.8827, device='cuda:0', grad_fn=<MulBackward0>)}
[58:14159]  loss_total_vae=3.260  loss_total=0.000  loss_prediction=0.567  loss_true_values=2.694  loss_total_vae_epoch=3.265  
Losses: {'total_vae': tensor(3.0500, device='cuda:0', grad_fn=<AddBackward0>), 'total': 0, 'prediction': tensor(0.4690, device='cuda:0', grad_fn=<MulBackward0>), 'true_values': tensor(2.5810, device='cuda:0', grad_fn=<MulBackward0>)}
[59:14399]  loss_total_vae=3.134  loss_total=0.000  loss_prediction=0.602  loss_true_values=2.532  loss_total_vae_epoch=3.164  
Losses: {'total_vae': tensor(3.0992, device='cuda:0', grad_fn=<AddBackward0>), 'total': 0, 'prediction': tensor(0.4517, device='cuda:0', grad_fn=<MulBackward0>), 'true_values': tensor(2.6475, device='cuda:0', grad_fn=<MulBackward0>)}
[60:14639]  loss_total_vae=3.303  loss_total=0.000  loss_prediction=0.400  loss_true_values=2.903  loss_total_vae_epoch=3.068  
Losses: {'total_vae': tensor(2.8168, device='cuda:0', grad_fn=<AddBackward0>), 'total': 0, 'prediction': tensor(0.3427, device='cuda:0', grad_fn=<MulBackward0>), 'true_values': tensor(2.4741, device='cuda:0', grad_fn=<MulBackward0>)}
[61:14879]  loss_total_vae=2.959  loss_total=0.000  loss_prediction=0.369  loss_true_values=2.589  loss_total_vae_epoch=2.960  
Losses: {'total_vae': tensor(2.7522, device='cuda:0', grad_fn=<AddBackward0>), 'total': 0, 'prediction': tensor(0.3135, device='cuda:0', grad_fn=<MulBackward0>), 'true_values': tensor(2.4387, device='cuda:0', grad_fn=<MulBackward0>)}
[62:15119]  loss_total_vae=2.696  loss_total=0.000  loss_prediction=0.310  loss_true_values=2.385  loss_total_vae_epoch=2.857  
Losses: {'total_vae': tensor(2.4858, device='cuda:0', grad_fn=<AddBackward0>), 'total': 0, 'prediction': tensor(0.2493, device='cuda:0', grad_fn=<MulBackward0>), 'true_values': tensor(2.2365, device='cuda:0', grad_fn=<MulBackward0>)}
[63:15359]  loss_total_vae=2.786  loss_total=0.000  loss_prediction=0.340  loss_true_values=2.446  loss_total_vae_epoch=2.753  
Losses: {'total_vae': tensor(2.4449, device='cuda:0', grad_fn=<AddBackward0>), 'total': 0, 'prediction': tensor(0.2600, device='cuda:0', grad_fn=<MulBackward0>), 'true_values': tensor(2.1849, device='cuda:0', grad_fn=<MulBackward0>)}
[64:15599]  loss_total_vae=2.572  loss_total=0.000  loss_prediction=0.288  loss_true_values=2.284  loss_total_vae_epoch=2.625  
Losses: {'total_vae': tensor(2.4868, device='cuda:0', grad_fn=<AddBackward0>), 'total': 0, 'prediction': tensor(0.2175, device='cuda:0', grad_fn=<MulBackward0>), 'true_values': tensor(2.2693, device='cuda:0', grad_fn=<MulBackward0>)}
[65:15839]  loss_total_vae=2.576  loss_total=0.000  loss_prediction=0.277  loss_true_values=2.299  loss_total_vae_epoch=2.523  
Losses: {'total_vae': tensor(2.6006, device='cuda:0', grad_fn=<AddBackward0>), 'total': 0, 'prediction': tensor(0.1437, device='cuda:0', grad_fn=<MulBackward0>), 'true_values': tensor(2.4568, device='cuda:0', grad_fn=<MulBackward0>)}
[66:16079]  loss_total_vae=2.231  loss_total=0.000  loss_prediction=0.222  loss_true_values=2.009  loss_total_vae_epoch=2.402  
Losses: {'total_vae': tensor(2.5698, device='cuda:0', grad_fn=<AddBackward0>), 'total': 0, 'prediction': tensor(0.1769, device='cuda:0', grad_fn=<MulBackward0>), 'true_values': tensor(2.3929, device='cuda:0', grad_fn=<MulBackward0>)}
[67:16319]  loss_total_vae=2.133  loss_total=0.000  loss_prediction=0.148  loss_true_values=1.984  loss_total_vae_epoch=2.295  
Losses: {'total_vae': tensor(2.0851, device='cuda:0', grad_fn=<AddBackward0>), 'total': 0, 'prediction': tensor(0.0941, device='cuda:0', grad_fn=<MulBackward0>), 'true_values': tensor(1.9910, device='cuda:0', grad_fn=<MulBackward0>)}
[68:16559]  loss_total_vae=2.009  loss_total=0.000  loss_prediction=0.157  loss_true_values=1.852  loss_total_vae_epoch=2.169  
Losses: {'total_vae': tensor(2.2467, device='cuda:0', grad_fn=<AddBackward0>), 'total': 0, 'prediction': tensor(0.0740, device='cuda:0', grad_fn=<MulBackward0>), 'true_values': tensor(2.1728, device='cuda:0', grad_fn=<MulBackward0>)}
[69:16799]  loss_total_vae=1.965  loss_total=0.000  loss_prediction=0.091  loss_true_values=1.875  loss_total_vae_epoch=2.057  
Losses: {'total_vae': tensor(1.8101, device='cuda:0', grad_fn=<AddBackward0>), 'total': 0, 'prediction': tensor(0.0629, device='cuda:0', grad_fn=<MulBackward0>), 'true_values': tensor(1.7471, device='cuda:0', grad_fn=<MulBackward0>)}
[70:17039]  loss_total_vae=1.805  loss_total=0.000  loss_prediction=0.059  loss_true_values=1.746  loss_total_vae_epoch=1.954  
Losses: {'total_vae': tensor(1.6208, device='cuda:0', grad_fn=<AddBackward0>), 'total': 0, 'prediction': tensor(0.0496, device='cuda:0', grad_fn=<MulBackward0>), 'true_values': tensor(1.5713, device='cuda:0', grad_fn=<MulBackward0>)}
[71:17279]  loss_total_vae=2.006  loss_total=0.000  loss_prediction=0.086  loss_true_values=1.919  loss_total_vae_epoch=1.848  
Losses: {'total_vae': tensor(1.9085, device='cuda:0', grad_fn=<AddBackward0>), 'total': 0, 'prediction': tensor(0.0659, device='cuda:0', grad_fn=<MulBackward0>), 'true_values': tensor(1.8427, device='cuda:0', grad_fn=<MulBackward0>)}
[72:17519]  loss_total_vae=1.649  loss_total=0.000  loss_prediction=0.030  loss_true_values=1.620  loss_total_vae_epoch=1.760  
Losses: {'total_vae': tensor(1.5514, device='cuda:0', grad_fn=<AddBackward0>), 'total': 0, 'prediction': tensor(0.0436, device='cuda:0', grad_fn=<MulBackward0>), 'true_values': tensor(1.5079, device='cuda:0', grad_fn=<MulBackward0>)}
[73:17759]  loss_total_vae=3.787  loss_total=0.000  loss_prediction=0.750  loss_true_values=3.037  loss_total_vae_epoch=1.836  
Losses: {'total_vae': tensor(4.1325, device='cuda:0', grad_fn=<AddBackward0>), 'total': 0, 'prediction': tensor(0.9693, device='cuda:0', grad_fn=<MulBackward0>), 'true_values': tensor(3.1632, device='cuda:0', grad_fn=<MulBackward0>)}
[74:17999]  loss_total_vae=3.485  loss_total=0.000  loss_prediction=0.676  loss_true_values=2.809  loss_total_vae_epoch=3.898  
Losses: {'total_vae': tensor(3.3942, device='cuda:0', grad_fn=<AddBackward0>), 'total': 0, 'prediction': tensor(0.7539, device='cuda:0', grad_fn=<MulBackward0>), 'true_values': tensor(2.6403, device='cuda:0', grad_fn=<MulBackward0>)}
[75:18239]  loss_total_vae=3.334  loss_total=0.000  loss_prediction=0.723  loss_true_values=2.611  loss_total_vae_epoch=3.507  
Losses: {'total_vae': tensor(3.2149, device='cuda:0', grad_fn=<AddBackward0>), 'total': 0, 'prediction': tensor(0.5155, device='cuda:0', grad_fn=<MulBackward0>), 'true_values': tensor(2.6994, device='cuda:0', grad_fn=<MulBackward0>)}
[76:18479]  loss_total_vae=2.998  loss_total=0.000  loss_prediction=0.595  loss_true_values=2.403  loss_total_vae_epoch=3.282  
Losses: {'total_vae': tensor(3.2680, device='cuda:0', grad_fn=<AddBackward0>), 'total': 0, 'prediction': tensor(0.4808, device='cuda:0', grad_fn=<MulBackward0>), 'true_values': tensor(2.7872, device='cuda:0', grad_fn=<MulBackward0>)}
[77:18719]  loss_total_vae=3.313  loss_total=0.000  loss_prediction=0.657  loss_true_values=2.656  loss_total_vae_epoch=3.103  
Losses: {'total_vae': tensor(3.0024, device='cuda:0', grad_fn=<AddBackward0>), 'total': 0, 'prediction': tensor(0.4103, device='cuda:0', grad_fn=<MulBackward0>), 'true_values': tensor(2.5922, device='cuda:0', grad_fn=<MulBackward0>)}
[78:18959]  loss_total_vae=2.814  loss_total=0.000  loss_prediction=0.417  loss_true_values=2.398  loss_total_vae_epoch=2.925  
Losses: {'total_vae': tensor(2.8921, device='cuda:0', grad_fn=<AddBackward0>), 'total': 0, 'prediction': tensor(0.3312, device='cuda:0', grad_fn=<MulBackward0>), 'true_values': tensor(2.5609, device='cuda:0', grad_fn=<MulBackward0>)}
[79:19199]  loss_total_vae=2.675  loss_total=0.000  loss_prediction=0.401  loss_true_values=2.273  loss_total_vae_epoch=2.756  
Losses: {'total_vae': tensor(2.5861, device='cuda:0', grad_fn=<AddBackward0>), 'total': 0, 'prediction': tensor(0.2827, device='cuda:0', grad_fn=<MulBackward0>), 'true_values': tensor(2.3034, device='cuda:0', grad_fn=<MulBackward0>)}
[80:19439]  loss_total_vae=2.684  loss_total=0.000  loss_prediction=0.281  loss_true_values=2.402  loss_total_vae_epoch=2.583  
Losses: {'total_vae': tensor(2.4993, device='cuda:0', grad_fn=<AddBackward0>), 'total': 0, 'prediction': tensor(0.2590, device='cuda:0', grad_fn=<MulBackward0>), 'true_values': tensor(2.2403, device='cuda:0', grad_fn=<MulBackward0>)}
[81:19679]  loss_total_vae=2.513  loss_total=0.000  loss_prediction=0.351  loss_true_values=2.162  loss_total_vae_epoch=2.427  
Losses: {'total_vae': tensor(2.6847, device='cuda:0', grad_fn=<AddBackward0>), 'total': 0, 'prediction': tensor(0.2649, device='cuda:0', grad_fn=<MulBackward0>), 'true_values': tensor(2.4199, device='cuda:0', grad_fn=<MulBackward0>)}
[82:19919]  loss_total_vae=2.288  loss_total=0.000  loss_prediction=0.205  loss_true_values=2.083  loss_total_vae_epoch=2.284  
Losses: {'total_vae': tensor(2.0310, device='cuda:0', grad_fn=<AddBackward0>), 'total': 0, 'prediction': tensor(0.0650, device='cuda:0', grad_fn=<MulBackward0>), 'true_values': tensor(1.9660, device='cuda:0', grad_fn=<MulBackward0>)}
[83:20159]  loss_total_vae=2.313  loss_total=0.000  loss_prediction=0.169  loss_true_values=2.144  loss_total_vae_epoch=2.130  
Losses: {'total_vae': tensor(2.1317, device='cuda:0', grad_fn=<AddBackward0>), 'total': 0, 'prediction': tensor(0.0921, device='cuda:0', grad_fn=<MulBackward0>), 'true_values': tensor(2.0396, device='cuda:0', grad_fn=<MulBackward0>)}
[84:20399]  loss_total_vae=1.539  loss_total=0.000  loss_prediction=0.065  loss_true_values=1.474  loss_total_vae_epoch=1.990  
Losses: {'total_vae': tensor(1.7360, device='cuda:0', grad_fn=<AddBackward0>), 'total': 0, 'prediction': tensor(0.0562, device='cuda:0', grad_fn=<MulBackward0>), 'true_values': tensor(1.6798, device='cuda:0', grad_fn=<MulBackward0>)}
[85:20639]  loss_total_vae=1.930  loss_total=0.000  loss_prediction=0.076  loss_true_values=1.854  loss_total_vae_epoch=1.861  
Losses: {'total_vae': tensor(1.8217, device='cuda:0', grad_fn=<AddBackward0>), 'total': 0, 'prediction': tensor(0.0352, device='cuda:0', grad_fn=<MulBackward0>), 'true_values': tensor(1.7865, device='cuda:0', grad_fn=<MulBackward0>)}
[86:20879]  loss_total_vae=1.966  loss_total=0.000  loss_prediction=0.078  loss_true_values=1.888  loss_total_vae_epoch=1.754  
Losses: {'total_vae': tensor(1.5695, device='cuda:0', grad_fn=<AddBackward0>), 'total': 0, 'prediction': tensor(0.1037, device='cuda:0', grad_fn=<MulBackward0>), 'true_values': tensor(1.4658, device='cuda:0', grad_fn=<MulBackward0>)}
[87:21119]  loss_total_vae=1.683  loss_total=0.000  loss_prediction=0.013  loss_true_values=1.669  loss_total_vae_epoch=1.643  
Losses: {'total_vae': tensor(1.4393, device='cuda:0', grad_fn=<AddBackward0>), 'total': 0, 'prediction': tensor(0.0148, device='cuda:0', grad_fn=<MulBackward0>), 'true_values': tensor(1.4246, device='cuda:0', grad_fn=<MulBackward0>)}
[88:21359]  loss_total_vae=1.570  loss_total=0.000  loss_prediction=0.030  loss_true_values=1.541  loss_total_vae_epoch=1.535  
Losses: {'total_vae': tensor(1.3996, device='cuda:0', grad_fn=<AddBackward0>), 'total': 0, 'prediction': tensor(0.0679, device='cuda:0', grad_fn=<MulBackward0>), 'true_values': tensor(1.3316, device='cuda:0', grad_fn=<MulBackward0>)}
[89:21599]  loss_total_vae=1.438  loss_total=0.000  loss_prediction=0.018  loss_true_values=1.420  loss_total_vae_epoch=1.423  
Losses: {'total_vae': tensor(1.3316, device='cuda:0', grad_fn=<AddBackward0>), 'total': 0, 'prediction': tensor(0.0132, device='cuda:0', grad_fn=<MulBackward0>), 'true_values': tensor(1.3184, device='cuda:0', grad_fn=<MulBackward0>)}
[90:21839]  loss_total_vae=1.168  loss_total=0.000  loss_prediction=0.011  loss_true_values=1.158  loss_total_vae_epoch=1.329  
Losses: {'total_vae': tensor(1.0891, device='cuda:0', grad_fn=<AddBackward0>), 'total': 0, 'prediction': tensor(0.0281, device='cuda:0', grad_fn=<MulBackward0>), 'true_values': tensor(1.0610, device='cuda:0', grad_fn=<MulBackward0>)}
[91:22079]  loss_total_vae=1.151  loss_total=0.000  loss_prediction=0.034  loss_true_values=1.118  loss_total_vae_epoch=1.234  
Losses: {'total_vae': tensor(1.1955, device='cuda:0', grad_fn=<AddBackward0>), 'total': 0, 'prediction': tensor(0.0106, device='cuda:0', grad_fn=<MulBackward0>), 'true_values': tensor(1.1850, device='cuda:0', grad_fn=<MulBackward0>)}
[92:22319]  loss_total_vae=1.313  loss_total=0.000  loss_prediction=0.003  loss_true_values=1.309  loss_total_vae_epoch=1.146  
Losses: {'total_vae': tensor(1.0695, device='cuda:0', grad_fn=<AddBackward0>), 'total': 0, 'prediction': tensor(0.0079, device='cuda:0', grad_fn=<MulBackward0>), 'true_values': tensor(1.0616, device='cuda:0', grad_fn=<MulBackward0>)}
[93:22559]  loss_total_vae=1.101  loss_total=0.000  loss_prediction=0.004  loss_true_values=1.097  loss_total_vae_epoch=1.047  
Losses: {'total_vae': tensor(1.0377, device='cuda:0', grad_fn=<AddBackward0>), 'total': 0, 'prediction': tensor(0.0034, device='cuda:0', grad_fn=<MulBackward0>), 'true_values': tensor(1.0343, device='cuda:0', grad_fn=<MulBackward0>)}
[94:22799]  loss_total_vae=0.914  loss_total=0.000  loss_prediction=0.006  loss_true_values=0.908  loss_total_vae_epoch=0.964  
Losses: {'total_vae': tensor(0.8303, device='cuda:0', grad_fn=<AddBackward0>), 'total': 0, 'prediction': tensor(0.0023, device='cuda:0', grad_fn=<MulBackward0>), 'true_values': tensor(0.8280, device='cuda:0', grad_fn=<MulBackward0>)}
[95:23039]  loss_total_vae=0.937  loss_total=0.000  loss_prediction=0.002  loss_true_values=0.935  loss_total_vae_epoch=0.891  
Losses: {'total_vae': tensor(0.8199, device='cuda:0', grad_fn=<AddBackward0>), 'total': 0, 'prediction': tensor(0.0233, device='cuda:0', grad_fn=<MulBackward0>), 'true_values': tensor(0.7966, device='cuda:0', grad_fn=<MulBackward0>)}
[96:23279]  loss_total_vae=0.730  loss_total=0.000  loss_prediction=0.009  loss_true_values=0.722  loss_total_vae_epoch=0.836  
Losses: {'total_vae': tensor(0.7541, device='cuda:0', grad_fn=<AddBackward0>), 'total': 0, 'prediction': tensor(0.0018, device='cuda:0', grad_fn=<MulBackward0>), 'true_values': tensor(0.7522, device='cuda:0', grad_fn=<MulBackward0>)}
[97:23519]  loss_total_vae=0.712  loss_total=0.000  loss_prediction=0.001  loss_true_values=0.711  loss_total_vae_epoch=0.768  
Losses: {'total_vae': tensor(0.6646, device='cuda:0', grad_fn=<AddBackward0>), 'total': 0, 'prediction': tensor(0.0015, device='cuda:0', grad_fn=<MulBackward0>), 'true_values': tensor(0.6631, device='cuda:0', grad_fn=<MulBackward0>)}
[98:23759]  loss_total_vae=0.702  loss_total=0.000  loss_prediction=0.003  loss_true_values=0.699  loss_total_vae_epoch=0.713  
Losses: {'total_vae': tensor(0.6402, device='cuda:0', grad_fn=<AddBackward0>), 'total': 0, 'prediction': tensor(0.0012, device='cuda:0', grad_fn=<MulBackward0>), 'true_values': tensor(0.6391, device='cuda:0', grad_fn=<MulBackward0>)}
[99:23999]  loss_total_vae=0.635  loss_total=0.000  loss_prediction=0.005  loss_true_values=0.630  loss_total_vae_epoch=0.661  
Losses: {'total_vae': tensor(0.6105, device='cuda:0', grad_fn=<AddBackward0>), 'total': 0, 'prediction': tensor(0.0010, device='cuda:0', grad_fn=<MulBackward0>), 'true_values': tensor(0.6095, device='cuda:0', grad_fn=<MulBackward0>)}
[100:24239]  loss_total_vae=0.656  loss_total=0.000  loss_prediction=0.003  loss_true_values=0.653  loss_total_vae_epoch=0.615  
Losses: {'total_vae': tensor(0.5403, device='cuda:0', grad_fn=<AddBackward0>), 'total': 0, 'prediction': tensor(0.0006, device='cuda:0', grad_fn=<MulBackward0>), 'true_values': tensor(0.5397, device='cuda:0', grad_fn=<MulBackward0>)}
[101:24479]  loss_total_vae=0.533  loss_total=0.000  loss_prediction=0.000  loss_true_values=0.532  loss_total_vae_epoch=0.558  
Losses: {'total_vae': tensor(0.5057, device='cuda:0', grad_fn=<AddBackward0>), 'total': 0, 'prediction': tensor(0.0003, device='cuda:0', grad_fn=<MulBackward0>), 'true_values': tensor(0.5054, device='cuda:0', grad_fn=<MulBackward0>)}
[102:24719]  loss_total_vae=0.512  loss_total=0.000  loss_prediction=0.000  loss_true_values=0.512  loss_total_vae_epoch=0.525  
Losses: {'total_vae': tensor(0.4992, device='cuda:0', grad_fn=<AddBackward0>), 'total': 0, 'prediction': tensor(0.0004, device='cuda:0', grad_fn=<MulBackward0>), 'true_values': tensor(0.4988, device='cuda:0', grad_fn=<MulBackward0>)}
[103:24959]  loss_total_vae=0.510  loss_total=0.000  loss_prediction=0.002  loss_true_values=0.509  loss_total_vae_epoch=0.504  
Losses: {'total_vae': tensor(0.4780, device='cuda:0', grad_fn=<AddBackward0>), 'total': 0, 'prediction': tensor(0.0004, device='cuda:0', grad_fn=<MulBackward0>), 'true_values': tensor(0.4776, device='cuda:0', grad_fn=<MulBackward0>)}
[104:25199]  loss_total_vae=0.482  loss_total=0.000  loss_prediction=0.000  loss_true_values=0.482  loss_total_vae_epoch=0.491  
Losses: {'total_vae': tensor(0.4785, device='cuda:0', grad_fn=<AddBackward0>), 'total': 0, 'prediction': tensor(0.0002, device='cuda:0', grad_fn=<MulBackward0>), 'true_values': tensor(0.4783, device='cuda:0', grad_fn=<MulBackward0>)}
[105:25439]  loss_total_vae=0.475  loss_total=0.000  loss_prediction=0.000  loss_true_values=0.475  loss_total_vae_epoch=0.482  
Losses: {'total_vae': tensor(0.4710, device='cuda:0', grad_fn=<AddBackward0>), 'total': 0, 'prediction': tensor(0.0002, device='cuda:0', grad_fn=<MulBackward0>), 'true_values': tensor(0.4707, device='cuda:0', grad_fn=<MulBackward0>)}
[106:25679]  loss_total_vae=0.492  loss_total=0.000  loss_prediction=0.000  loss_true_values=0.492  loss_total_vae_epoch=0.476  
Losses: {'total_vae': tensor(0.4701, device='cuda:0', grad_fn=<AddBackward0>), 'total': 0, 'prediction': tensor(0.0003, device='cuda:0', grad_fn=<MulBackward0>), 'true_values': tensor(0.4697, device='cuda:0', grad_fn=<MulBackward0>)}
[107:25919]  loss_total_vae=1.303  loss_total=0.000  loss_prediction=0.221  loss_true_values=1.082  loss_total_vae_epoch=0.476  
Losses: {'total_vae': tensor(1.8920, device='cuda:0', grad_fn=<AddBackward0>), 'total': 0, 'prediction': tensor(0.2865, device='cuda:0', grad_fn=<MulBackward0>), 'true_values': tensor(1.6055, device='cuda:0', grad_fn=<MulBackward0>)}
[108:26159]  loss_total_vae=4.722  loss_total=0.000  loss_prediction=1.190  loss_true_values=3.532  loss_total_vae_epoch=5.762  
Losses: {'total_vae': tensor(5.0191, device='cuda:0', grad_fn=<AddBackward0>), 'total': 0, 'prediction': tensor(1.1975, device='cuda:0', grad_fn=<MulBackward0>), 'true_values': tensor(3.8216, device='cuda:0', grad_fn=<MulBackward0>)}
[109:26399]  loss_total_vae=4.103  loss_total=0.000  loss_prediction=0.992  loss_true_values=3.111  loss_total_vae_epoch=4.523  
Losses: {'total_vae': tensor(4.3164, device='cuda:0', grad_fn=<AddBackward0>), 'total': 0, 'prediction': tensor(0.9496, device='cuda:0', grad_fn=<MulBackward0>), 'true_values': tensor(3.3667, device='cuda:0', grad_fn=<MulBackward0>)}
[110:26639]  loss_total_vae=4.207  loss_total=0.000  loss_prediction=0.838  loss_true_values=3.369  loss_total_vae_epoch=4.129  
Losses: {'total_vae': tensor(3.8558, device='cuda:0', grad_fn=<AddBackward0>), 'total': 0, 'prediction': tensor(0.7862, device='cuda:0', grad_fn=<MulBackward0>), 'true_values': tensor(3.0696, device='cuda:0', grad_fn=<MulBackward0>)}
[111:26879]  loss_total_vae=3.935  loss_total=0.000  loss_prediction=0.809  loss_true_values=3.126  loss_total_vae_epoch=3.898  
Losses: {'total_vae': tensor(3.5320, device='cuda:0', grad_fn=<AddBackward0>), 'total': 0, 'prediction': tensor(0.7768, device='cuda:0', grad_fn=<MulBackward0>), 'true_values': tensor(2.7552, device='cuda:0', grad_fn=<MulBackward0>)}
[112:27119]  loss_total_vae=3.693  loss_total=0.000  loss_prediction=0.675  loss_true_values=3.018  loss_total_vae_epoch=3.867  
Losses: {'total_vae': tensor(3.7569, device='cuda:0', grad_fn=<AddBackward0>), 'total': 0, 'prediction': tensor(0.8500, device='cuda:0', grad_fn=<MulBackward0>), 'true_values': tensor(2.9069, device='cuda:0', grad_fn=<MulBackward0>)}
[113:27359]  loss_total_vae=3.607  loss_total=0.000  loss_prediction=0.669  loss_true_values=2.938  loss_total_vae_epoch=3.741  
Losses: {'total_vae': tensor(3.5135, device='cuda:0', grad_fn=<AddBackward0>), 'total': 0, 'prediction': tensor(0.5625, device='cuda:0', grad_fn=<MulBackward0>), 'true_values': tensor(2.9511, device='cuda:0', grad_fn=<MulBackward0>)}
[114:27599]  loss_total_vae=3.552  loss_total=0.000  loss_prediction=0.746  loss_true_values=2.806  loss_total_vae_epoch=3.625  
Losses: {'total_vae': tensor(3.4625, device='cuda:0', grad_fn=<AddBackward0>), 'total': 0, 'prediction': tensor(0.6283, device='cuda:0', grad_fn=<MulBackward0>), 'true_values': tensor(2.8342, device='cuda:0', grad_fn=<MulBackward0>)}
[115:27839]  loss_total_vae=3.864  loss_total=0.000  loss_prediction=0.808  loss_true_values=3.056  loss_total_vae_epoch=3.534  
Losses: {'total_vae': tensor(3.8233, device='cuda:0', grad_fn=<AddBackward0>), 'total': 0, 'prediction': tensor(0.8022, device='cuda:0', grad_fn=<MulBackward0>), 'true_values': tensor(3.0211, device='cuda:0', grad_fn=<MulBackward0>)}
[116:28079]  loss_total_vae=3.262  loss_total=0.000  loss_prediction=0.662  loss_true_values=2.600  loss_total_vae_epoch=3.430  
Losses: {'total_vae': tensor(3.0662, device='cuda:0', grad_fn=<AddBackward0>), 'total': 0, 'prediction': tensor(0.4750, device='cuda:0', grad_fn=<MulBackward0>), 'true_values': tensor(2.5912, device='cuda:0', grad_fn=<MulBackward0>)}
[117:28319]  loss_total_vae=3.345  loss_total=0.000  loss_prediction=0.689  loss_true_values=2.657  loss_total_vae_epoch=3.322  
Losses: {'total_vae': tensor(3.2322, device='cuda:0', grad_fn=<AddBackward0>), 'total': 0, 'prediction': tensor(0.5825, device='cuda:0', grad_fn=<MulBackward0>), 'true_values': tensor(2.6497, device='cuda:0', grad_fn=<MulBackward0>)}
[118:28559]  loss_total_vae=3.407  loss_total=0.000  loss_prediction=0.665  loss_true_values=2.742  loss_total_vae_epoch=3.239  
Losses: {'total_vae': tensor(3.1437, device='cuda:0', grad_fn=<AddBackward0>), 'total': 0, 'prediction': tensor(0.5931, device='cuda:0', grad_fn=<MulBackward0>), 'true_values': tensor(2.5506, device='cuda:0', grad_fn=<MulBackward0>)}
[119:28799]  loss_total_vae=3.073  loss_total=0.000  loss_prediction=0.678  loss_true_values=2.395  loss_total_vae_epoch=3.135  
Losses: {'total_vae': tensor(2.9464, device='cuda:0', grad_fn=<AddBackward0>), 'total': 0, 'prediction': tensor(0.4598, device='cuda:0', grad_fn=<MulBackward0>), 'true_values': tensor(2.4866, device='cuda:0', grad_fn=<MulBackward0>)}
[120:29039]  loss_total_vae=3.021  loss_total=0.000  loss_prediction=0.642  loss_true_values=2.379  loss_total_vae_epoch=3.044  
Losses: {'total_vae': tensor(2.8480, device='cuda:0', grad_fn=<AddBackward0>), 'total': 0, 'prediction': tensor(0.5328, device='cuda:0', grad_fn=<MulBackward0>), 'true_values': tensor(2.3152, device='cuda:0', grad_fn=<MulBackward0>)}
[121:29279]  loss_total_vae=2.953  loss_total=0.000  loss_prediction=0.599  loss_true_values=2.354  loss_total_vae_epoch=2.936  
Losses: {'total_vae': tensor(2.8710, device='cuda:0', grad_fn=<AddBackward0>), 'total': 0, 'prediction': tensor(0.5506, device='cuda:0', grad_fn=<MulBackward0>), 'true_values': tensor(2.3204, device='cuda:0', grad_fn=<MulBackward0>)}
[122:29519]  loss_total_vae=2.899  loss_total=0.000  loss_prediction=0.538  loss_true_values=2.361  loss_total_vae_epoch=2.821  
Losses: {'total_vae': tensor(2.6045, device='cuda:0', grad_fn=<AddBackward0>), 'total': 0, 'prediction': tensor(0.3595, device='cuda:0', grad_fn=<MulBackward0>), 'true_values': tensor(2.2450, device='cuda:0', grad_fn=<MulBackward0>)}
[123:29759]  loss_total_vae=2.593  loss_total=0.000  loss_prediction=0.438  loss_true_values=2.156  loss_total_vae_epoch=2.706  
Losses: {'total_vae': tensor(2.7134, device='cuda:0', grad_fn=<AddBackward0>), 'total': 0, 'prediction': tensor(0.4508, device='cuda:0', grad_fn=<MulBackward0>), 'true_values': tensor(2.2626, device='cuda:0', grad_fn=<MulBackward0>)}
[124:29999]  loss_total_vae=2.446  loss_total=0.000  loss_prediction=0.356  loss_true_values=2.090  loss_total_vae_epoch=2.585  
Losses: {'total_vae': tensor(2.6045, device='cuda:0', grad_fn=<AddBackward0>), 'total': 0, 'prediction': tensor(0.3626, device='cuda:0', grad_fn=<MulBackward0>), 'true_values': tensor(2.2419, device='cuda:0', grad_fn=<MulBackward0>)}
[125:30239]  loss_total_vae=2.340  loss_total=0.000  loss_prediction=0.329  loss_true_values=2.011  loss_total_vae_epoch=2.453  
Losses: {'total_vae': tensor(2.3453, device='cuda:0', grad_fn=<AddBackward0>), 'total': 0, 'prediction': tensor(0.2554, device='cuda:0', grad_fn=<MulBackward0>), 'true_values': tensor(2.0899, device='cuda:0', grad_fn=<MulBackward0>)}
[126:30479]  loss_total_vae=2.330  loss_total=0.000  loss_prediction=0.262  loss_true_values=2.067  loss_total_vae_epoch=2.323  
Losses: {'total_vae': tensor(2.1996, device='cuda:0', grad_fn=<AddBackward0>), 'total': 0, 'prediction': tensor(0.2516, device='cuda:0', grad_fn=<MulBackward0>), 'true_values': tensor(1.9481, device='cuda:0', grad_fn=<MulBackward0>)}
[127:30719]  loss_total_vae=1.999  loss_total=0.000  loss_prediction=0.197  loss_true_values=1.802  loss_total_vae_epoch=2.170  
Losses: {'total_vae': tensor(1.9691, device='cuda:0', grad_fn=<AddBackward0>), 'total': 0, 'prediction': tensor(0.1926, device='cuda:0', grad_fn=<MulBackward0>), 'true_values': tensor(1.7765, device='cuda:0', grad_fn=<MulBackward0>)}
[128:30959]  loss_total_vae=2.059  loss_total=0.000  loss_prediction=0.286  loss_true_values=1.773  loss_total_vae_epoch=2.027  
Losses: {'total_vae': tensor(1.9442, device='cuda:0', grad_fn=<AddBackward0>), 'total': 0, 'prediction': tensor(0.0799, device='cuda:0', grad_fn=<MulBackward0>), 'true_values': tensor(1.8643, device='cuda:0', grad_fn=<MulBackward0>)}
[129:31199]  loss_total_vae=2.054  loss_total=0.000  loss_prediction=0.228  loss_true_values=1.826  loss_total_vae_epoch=1.879  
Losses: {'total_vae': tensor(1.8972, device='cuda:0', grad_fn=<AddBackward0>), 'total': 0, 'prediction': tensor(0.0778, device='cuda:0', grad_fn=<MulBackward0>), 'true_values': tensor(1.8194, device='cuda:0', grad_fn=<MulBackward0>)}
[130:31439]  loss_total_vae=1.634  loss_total=0.000  loss_prediction=0.085  loss_true_values=1.549  loss_total_vae_epoch=1.724  
