0
Pre-Processing mpi3d_toy
labels (1036800, 7)
All classes percentages: [0.1697530864197531, 0.1388888888888889, 0.1388888888888889, 0.15123456790123457, 0.10185185185185185, 0.0787037037037037, 0.044753086419753084, 0.05092592592592592, 0.06944444444444445, 0.05555555555555555]
Shape of latents for mpi3d: (1036800, 21)
Dataset dimensions
829440 103680 103680
Initialized CBM_Join model
## Initializing Train indexes
::path chosen -> logs/mpi3d_toy__CBM_Join/what_happens/0-latents/train_runs
Losses: {'total_vae': tensor(2.3022, device='cuda:0', grad_fn=<AddBackward0>), 'total': 0, 'prediction': tensor(2.3022, device='cuda:0', grad_fn=<MulBackward0>), 'true_values': tensor(-1)}
Losses: {'total_vae': tensor(2.3018, device='cuda:0', grad_fn=<AddBackward0>), 'total': 0, 'prediction': tensor(2.3018, device='cuda:0', grad_fn=<MulBackward0>), 'true_values': tensor(-1)}
Losses: {'total_vae': tensor(2.3006, device='cuda:0', grad_fn=<AddBackward0>), 'total': 0, 'prediction': tensor(2.3006, device='cuda:0', grad_fn=<MulBackward0>), 'true_values': tensor(-1)}
Losses: {'total_vae': tensor(2.2994, device='cuda:0', grad_fn=<AddBackward0>), 'total': 0, 'prediction': tensor(2.2994, device='cuda:0', grad_fn=<MulBackward0>), 'true_values': tensor(-1)}
Losses: {'total_vae': tensor(2.3000, device='cuda:0', grad_fn=<AddBackward0>), 'total': 0, 'prediction': tensor(2.3000, device='cuda:0', grad_fn=<MulBackward0>), 'true_values': tensor(-1)}
Done testing
Saved test_metrics
Losses: {'total_vae': tensor(2.3001, device='cuda:0', grad_fn=<AddBackward0>), 'total': 0, 'prediction': tensor(2.3001, device='cuda:0', grad_fn=<MulBackward0>), 'true_values': tensor(-1)}
Losses: {'total_vae': tensor(2.2973, device='cuda:0', grad_fn=<AddBackward0>), 'total': 0, 'prediction': tensor(2.2973, device='cuda:0', grad_fn=<MulBackward0>), 'true_values': tensor(-1)}
Losses: {'total_vae': tensor(2.2977, device='cuda:0', grad_fn=<AddBackward0>), 'total': 0, 'prediction': tensor(2.2977, device='cuda:0', grad_fn=<MulBackward0>), 'true_values': tensor(-1)}
Losses: {'total_vae': tensor(2.2952, device='cuda:0', grad_fn=<AddBackward0>), 'total': 0, 'prediction': tensor(2.2952, device='cuda:0', grad_fn=<MulBackward0>), 'true_values': tensor(-1)}
Losses: {'total_vae': tensor(2.2937, device='cuda:0', grad_fn=<AddBackward0>), 'total': 0, 'prediction': tensor(2.2937, device='cuda:0', grad_fn=<MulBackward0>), 'true_values': tensor(-1)}
Done testing
Saved test_metrics
Losses: {'total_vae': tensor(2.2981, device='cuda:0', grad_fn=<AddBackward0>), 'total': 0, 'prediction': tensor(2.2981, device='cuda:0', grad_fn=<MulBackward0>), 'true_values': tensor(-1)}
Losses: {'total_vae': tensor(2.2925, device='cuda:0', grad_fn=<AddBackward0>), 'total': 0, 'prediction': tensor(2.2925, device='cuda:0', grad_fn=<MulBackward0>), 'true_values': tensor(-1)}
Losses: {'total_vae': tensor(2.3005, device='cuda:0', grad_fn=<AddBackward0>), 'total': 0, 'prediction': tensor(2.3005, device='cuda:0', grad_fn=<MulBackward0>), 'true_values': tensor(-1)}
Losses: {'total_vae': tensor(2.2925, device='cuda:0', grad_fn=<AddBackward0>), 'total': 0, 'prediction': tensor(2.2925, device='cuda:0', grad_fn=<MulBackward0>), 'true_values': tensor(-1)}
Losses: {'total_vae': tensor(2.2920, device='cuda:0', grad_fn=<AddBackward0>), 'total': 0, 'prediction': tensor(2.2920, device='cuda:0', grad_fn=<MulBackward0>), 'true_values': tensor(-1)}
Done testing
Saved test_metrics
Losses: {'total_vae': tensor(2.2957, device='cuda:0', grad_fn=<AddBackward0>), 'total': 0, 'prediction': tensor(2.2957, device='cuda:0', grad_fn=<MulBackward0>), 'true_values': tensor(-1)}
Losses: {'total_vae': tensor(2.2851, device='cuda:0', grad_fn=<AddBackward0>), 'total': 0, 'prediction': tensor(2.2851, device='cuda:0', grad_fn=<MulBackward0>), 'true_values': tensor(-1)}
[0:8293]  loss_total_vae=2.287  loss_total=0.000  loss_prediction=2.287  loss_true_values=-1.000  loss_total_vae_epoch=2.297  
samples_images_dict
dict_keys(['rand0', 'rand1', 'rand2', 'rand3', 'rand4', 'rand5', 'rand6', 'rand7', 'rand8', 'rand9', 'random'])
Losses: {'total_vae': tensor(2.2906, device='cuda:0', grad_fn=<AddBackward0>), 'total': 0, 'prediction': tensor(2.2906, device='cuda:0', grad_fn=<MulBackward0>), 'true_values': tensor(-1)}
Losses: {'total_vae': tensor(2.2884, device='cuda:0', grad_fn=<AddBackward0>), 'total': 0, 'prediction': tensor(2.2884, device='cuda:0', grad_fn=<MulBackward0>), 'true_values': tensor(-1)}
Losses: {'total_vae': tensor(2.2721, device='cuda:0', grad_fn=<AddBackward0>), 'total': 0, 'prediction': tensor(2.2721, device='cuda:0', grad_fn=<MulBackward0>), 'true_values': tensor(-1)}
Losses: {'total_vae': tensor(2.2267, device='cuda:0', grad_fn=<AddBackward0>), 'total': 0, 'prediction': tensor(2.2267, device='cuda:0', grad_fn=<MulBackward0>), 'true_values': tensor(-1)}
Done testing
Done testing
Saved test_metrics
Losses: {'total_vae': tensor(2.2404, device='cuda:0', grad_fn=<AddBackward0>), 'total': 0, 'prediction': tensor(2.2404, device='cuda:0', grad_fn=<MulBackward0>), 'true_values': tensor(-1)}
Losses: {'total_vae': tensor(2.2782, device='cuda:0', grad_fn=<AddBackward0>), 'total': 0, 'prediction': tensor(2.2782, device='cuda:0', grad_fn=<MulBackward0>), 'true_values': tensor(-1)}
Losses: {'total_vae': tensor(2.2087, device='cuda:0', grad_fn=<AddBackward0>), 'total': 0, 'prediction': tensor(2.2087, device='cuda:0', grad_fn=<MulBackward0>), 'true_values': tensor(-1)}
Losses: {'total_vae': tensor(2.2291, device='cuda:0', grad_fn=<AddBackward0>), 'total': 0, 'prediction': tensor(2.2291, device='cuda:0', grad_fn=<MulBackward0>), 'true_values': tensor(-1)}
Losses: {'total_vae': tensor(2.2408, device='cuda:0', grad_fn=<AddBackward0>), 'total': 0, 'prediction': tensor(2.2408, device='cuda:0', grad_fn=<MulBackward0>), 'true_values': tensor(-1)}
Done testing
Done testing
Saved test_metrics
Losses: {'total_vae': tensor(2.1775, device='cuda:0', grad_fn=<AddBackward0>), 'total': 0, 'prediction': tensor(2.1775, device='cuda:0', grad_fn=<MulBackward0>), 'true_values': tensor(-1)}
Losses: {'total_vae': tensor(2.2286, device='cuda:0', grad_fn=<AddBackward0>), 'total': 0, 'prediction': tensor(2.2286, device='cuda:0', grad_fn=<MulBackward0>), 'true_values': tensor(-1)}
Losses: {'total_vae': tensor(2.2005, device='cuda:0', grad_fn=<AddBackward0>), 'total': 0, 'prediction': tensor(2.2005, device='cuda:0', grad_fn=<MulBackward0>), 'true_values': tensor(-1)}
Losses: {'total_vae': tensor(2.2473, device='cuda:0', grad_fn=<AddBackward0>), 'total': 0, 'prediction': tensor(2.2473, device='cuda:0', grad_fn=<MulBackward0>), 'true_values': tensor(-1)}
Losses: {'total_vae': tensor(2.1967, device='cuda:0', grad_fn=<AddBackward0>), 'total': 0, 'prediction': tensor(2.1967, device='cuda:0', grad_fn=<MulBackward0>), 'true_values': tensor(-1)}
Done testing
Done testing
Saved test_metrics
Losses: {'total_vae': tensor(2.1458, device='cuda:0', grad_fn=<AddBackward0>), 'total': 0, 'prediction': tensor(2.1458, device='cuda:0', grad_fn=<MulBackward0>), 'true_values': tensor(-1)}
Losses: {'total_vae': tensor(2.2177, device='cuda:0', grad_fn=<AddBackward0>), 'total': 0, 'prediction': tensor(2.2177, device='cuda:0', grad_fn=<MulBackward0>), 'true_values': tensor(-1)}
Losses: {'total_vae': tensor(2.2482, device='cuda:0', grad_fn=<AddBackward0>), 'total': 0, 'prediction': tensor(2.2482, device='cuda:0', grad_fn=<MulBackward0>), 'true_values': tensor(-1)}
[1:16587]  loss_total_vae=2.237  loss_total=0.000  loss_prediction=2.237  loss_true_values=-1.000  loss_total_vae_epoch=2.220  
samples_images_dict
dict_keys(['rand0', 'rand1', 'rand2', 'rand3', 'rand4', 'rand5', 'rand6', 'rand7', 'rand8', 'rand9', 'random'])
Losses: {'total_vae': tensor(2.2030, device='cuda:0', grad_fn=<AddBackward0>), 'total': 0, 'prediction': tensor(2.2030, device='cuda:0', grad_fn=<MulBackward0>), 'true_values': tensor(-1)}
Losses: {'total_vae': tensor(2.2094, device='cuda:0', grad_fn=<AddBackward0>), 'total': 0, 'prediction': tensor(2.2094, device='cuda:0', grad_fn=<MulBackward0>), 'true_values': tensor(-1)}
Done testing
Done testing
Saved test_metrics
Losses: {'total_vae': tensor(1.8651, device='cuda:0', grad_fn=<AddBackward0>), 'total': 0, 'prediction': tensor(1.8651, device='cuda:0', grad_fn=<MulBackward0>), 'true_values': tensor(-1)}
Losses: {'total_vae': tensor(1.8502, device='cuda:0', grad_fn=<AddBackward0>), 'total': 0, 'prediction': tensor(1.8502, device='cuda:0', grad_fn=<MulBackward0>), 'true_values': tensor(-1)}
Losses: {'total_vae': tensor(1.8722, device='cuda:0', grad_fn=<AddBackward0>), 'total': 0, 'prediction': tensor(1.8722, device='cuda:0', grad_fn=<MulBackward0>), 'true_values': tensor(-1)}
Losses: {'total_vae': tensor(1.6900, device='cuda:0', grad_fn=<AddBackward0>), 'total': 0, 'prediction': tensor(1.6900, device='cuda:0', grad_fn=<MulBackward0>), 'true_values': tensor(-1)}
Losses: {'total_vae': tensor(1.7149, device='cuda:0', grad_fn=<AddBackward0>), 'total': 0, 'prediction': tensor(1.7149, device='cuda:0', grad_fn=<MulBackward0>), 'true_values': tensor(-1)}
Done testing
Done testing
Saved test_metrics
Losses: {'total_vae': tensor(1.7651, device='cuda:0', grad_fn=<AddBackward0>), 'total': 0, 'prediction': tensor(1.7651, device='cuda:0', grad_fn=<MulBackward0>), 'true_values': tensor(-1)}
Losses: {'total_vae': tensor(1.5466, device='cuda:0', grad_fn=<AddBackward0>), 'total': 0, 'prediction': tensor(1.5466, device='cuda:0', grad_fn=<MulBackward0>), 'true_values': tensor(-1)}
Losses: {'total_vae': tensor(1.8599, device='cuda:0', grad_fn=<AddBackward0>), 'total': 0, 'prediction': tensor(1.8599, device='cuda:0', grad_fn=<MulBackward0>), 'true_values': tensor(-1)}
Losses: {'total_vae': tensor(1.5965, device='cuda:0', grad_fn=<AddBackward0>), 'total': 0, 'prediction': tensor(1.5965, device='cuda:0', grad_fn=<MulBackward0>), 'true_values': tensor(-1)}
Losses: {'total_vae': tensor(1.6095, device='cuda:0', grad_fn=<AddBackward0>), 'total': 0, 'prediction': tensor(1.6095, device='cuda:0', grad_fn=<MulBackward0>), 'true_values': tensor(-1)}
Done testing
Done testing
Saved test_metrics
Losses: {'total_vae': tensor(1.7499, device='cuda:0', grad_fn=<AddBackward0>), 'total': 0, 'prediction': tensor(1.7499, device='cuda:0', grad_fn=<MulBackward0>), 'true_values': tensor(-1)}
Losses: {'total_vae': tensor(1.6900, device='cuda:0', grad_fn=<AddBackward0>), 'total': 0, 'prediction': tensor(1.6900, device='cuda:0', grad_fn=<MulBackward0>), 'true_values': tensor(-1)}
Losses: {'total_vae': tensor(1.5879, device='cuda:0', grad_fn=<AddBackward0>), 'total': 0, 'prediction': tensor(1.5879, device='cuda:0', grad_fn=<MulBackward0>), 'true_values': tensor(-1)}
Losses: {'total_vae': tensor(1.6510, device='cuda:0', grad_fn=<AddBackward0>), 'total': 0, 'prediction': tensor(1.6510, device='cuda:0', grad_fn=<MulBackward0>), 'true_values': tensor(-1)}
Losses: {'total_vae': tensor(1.7391, device='cuda:0', grad_fn=<AddBackward0>), 'total': 0, 'prediction': tensor(1.7391, device='cuda:0', grad_fn=<MulBackward0>), 'true_values': tensor(-1)}
[2:24881]  loss_total_vae=1.788  loss_total=0.000  loss_prediction=1.788  loss_true_values=-1.000  loss_total_vae_epoch=1.786  
samples_images_dict
dict_keys(['rand0', 'rand1', 'rand2', 'rand3', 'rand4', 'rand5', 'rand6', 'rand7', 'rand8', 'rand9', 'random'])
Losses: {'total_vae': tensor(1.7178, device='cuda:0', grad_fn=<AddBackward0>), 'total': 0, 'prediction': tensor(1.7178, device='cuda:0', grad_fn=<MulBackward0>), 'true_values': tensor(-1)}
Done testing
Done testing
Saved test_metrics
Losses: {'total_vae': tensor(1.5164, device='cuda:0', grad_fn=<AddBackward0>), 'total': 0, 'prediction': tensor(1.5164, device='cuda:0', grad_fn=<MulBackward0>), 'true_values': tensor(-1)}
Losses: {'total_vae': tensor(1.5293, device='cuda:0', grad_fn=<AddBackward0>), 'total': 0, 'prediction': tensor(1.5293, device='cuda:0', grad_fn=<MulBackward0>), 'true_values': tensor(-1)}
Losses: {'total_vae': tensor(1.4677, device='cuda:0', grad_fn=<AddBackward0>), 'total': 0, 'prediction': tensor(1.4677, device='cuda:0', grad_fn=<MulBackward0>), 'true_values': tensor(-1)}
Losses: {'total_vae': tensor(1.2789, device='cuda:0', grad_fn=<AddBackward0>), 'total': 0, 'prediction': tensor(1.2789, device='cuda:0', grad_fn=<MulBackward0>), 'true_values': tensor(-1)}
Losses: {'total_vae': tensor(1.4138, device='cuda:0', grad_fn=<AddBackward0>), 'total': 0, 'prediction': tensor(1.4138, device='cuda:0', grad_fn=<MulBackward0>), 'true_values': tensor(-1)}
Done testing
Done testing
Saved test_metrics
Losses: {'total_vae': tensor(1.3961, device='cuda:0', grad_fn=<AddBackward0>), 'total': 0, 'prediction': tensor(1.3961, device='cuda:0', grad_fn=<MulBackward0>), 'true_values': tensor(-1)}
Losses: {'total_vae': tensor(1.4769, device='cuda:0', grad_fn=<AddBackward0>), 'total': 0, 'prediction': tensor(1.4769, device='cuda:0', grad_fn=<MulBackward0>), 'true_values': tensor(-1)}
Losses: {'total_vae': tensor(1.4111, device='cuda:0', grad_fn=<AddBackward0>), 'total': 0, 'prediction': tensor(1.4111, device='cuda:0', grad_fn=<MulBackward0>), 'true_values': tensor(-1)}
Losses: {'total_vae': tensor(1.2527, device='cuda:0', grad_fn=<AddBackward0>), 'total': 0, 'prediction': tensor(1.2527, device='cuda:0', grad_fn=<MulBackward0>), 'true_values': tensor(-1)}
Losses: {'total_vae': tensor(1.2512, device='cuda:0', grad_fn=<AddBackward0>), 'total': 0, 'prediction': tensor(1.2512, device='cuda:0', grad_fn=<MulBackward0>), 'true_values': tensor(-1)}
Done testing
Done testing
Saved test_metrics
Losses: {'total_vae': tensor(1.2664, device='cuda:0', grad_fn=<AddBackward0>), 'total': 0, 'prediction': tensor(1.2664, device='cuda:0', grad_fn=<MulBackward0>), 'true_values': tensor(-1)}
Losses: {'total_vae': tensor(1.1799, device='cuda:0', grad_fn=<AddBackward0>), 'total': 0, 'prediction': tensor(1.1799, device='cuda:0', grad_fn=<MulBackward0>), 'true_values': tensor(-1)}
Losses: {'total_vae': tensor(1.1550, device='cuda:0', grad_fn=<AddBackward0>), 'total': 0, 'prediction': tensor(1.1550, device='cuda:0', grad_fn=<MulBackward0>), 'true_values': tensor(-1)}
Losses: {'total_vae': tensor(0.9972, device='cuda:0', grad_fn=<AddBackward0>), 'total': 0, 'prediction': tensor(0.9972, device='cuda:0', grad_fn=<MulBackward0>), 'true_values': tensor(-1)}
Losses: {'total_vae': tensor(1.0653, device='cuda:0', grad_fn=<AddBackward0>), 'total': 0, 'prediction': tensor(1.0653, device='cuda:0', grad_fn=<MulBackward0>), 'true_values': tensor(-1)}
Done testing
Done testing
Saved test_metrics
Losses: {'total_vae': tensor(1.0833, device='cuda:0', grad_fn=<AddBackward0>), 'total': 0, 'prediction': tensor(1.0833, device='cuda:0', grad_fn=<MulBackward0>), 'true_values': tensor(-1)}
[3:33175]  loss_total_vae=1.072  loss_total=0.000  loss_prediction=1.072  loss_true_values=-1.000  loss_total_vae_epoch=1.315  
samples_images_dict
dict_keys(['rand0', 'rand1', 'rand2', 'rand3', 'rand4', 'rand5', 'rand6', 'rand7', 'rand8', 'rand9', 'random'])
Losses: {'total_vae': tensor(0.9935, device='cuda:0', grad_fn=<AddBackward0>), 'total': 0, 'prediction': tensor(0.9935, device='cuda:0', grad_fn=<MulBackward0>), 'true_values': tensor(-1)}
Losses: {'total_vae': tensor(1.0638, device='cuda:0', grad_fn=<AddBackward0>), 'total': 0, 'prediction': tensor(1.0638, device='cuda:0', grad_fn=<MulBackward0>), 'true_values': tensor(-1)}
Losses: {'total_vae': tensor(0.8843, device='cuda:0', grad_fn=<AddBackward0>), 'total': 0, 'prediction': tensor(0.8843, device='cuda:0', grad_fn=<MulBackward0>), 'true_values': tensor(-1)}
Losses: {'total_vae': tensor(1.1381, device='cuda:0', grad_fn=<AddBackward0>), 'total': 0, 'prediction': tensor(1.1381, device='cuda:0', grad_fn=<MulBackward0>), 'true_values': tensor(-1)}
Done testing
Done testing
Saved test_metrics
Losses: {'total_vae': tensor(1.0675, device='cuda:0', grad_fn=<AddBackward0>), 'total': 0, 'prediction': tensor(1.0675, device='cuda:0', grad_fn=<MulBackward0>), 'true_values': tensor(-1)}
Losses: {'total_vae': tensor(0.7679, device='cuda:0', grad_fn=<AddBackward0>), 'total': 0, 'prediction': tensor(0.7679, device='cuda:0', grad_fn=<MulBackward0>), 'true_values': tensor(-1)}
Losses: {'total_vae': tensor(0.7290, device='cuda:0', grad_fn=<AddBackward0>), 'total': 0, 'prediction': tensor(0.7290, device='cuda:0', grad_fn=<MulBackward0>), 'true_values': tensor(-1)}
Losses: {'total_vae': tensor(0.7151, device='cuda:0', grad_fn=<AddBackward0>), 'total': 0, 'prediction': tensor(0.7151, device='cuda:0', grad_fn=<MulBackward0>), 'true_values': tensor(-1)}
Losses: {'total_vae': tensor(0.7458, device='cuda:0', grad_fn=<AddBackward0>), 'total': 0, 'prediction': tensor(0.7458, device='cuda:0', grad_fn=<MulBackward0>), 'true_values': tensor(-1)}
Done testing
Done testing
Saved test_metrics
Losses: {'total_vae': tensor(0.6321, device='cuda:0', grad_fn=<AddBackward0>), 'total': 0, 'prediction': tensor(0.6321, device='cuda:0', grad_fn=<MulBackward0>), 'true_values': tensor(-1)}
Losses: {'total_vae': tensor(0.7624, device='cuda:0', grad_fn=<AddBackward0>), 'total': 0, 'prediction': tensor(0.7624, device='cuda:0', grad_fn=<MulBackward0>), 'true_values': tensor(-1)}
Losses: {'total_vae': tensor(0.6145, device='cuda:0', grad_fn=<AddBackward0>), 'total': 0, 'prediction': tensor(0.6145, device='cuda:0', grad_fn=<MulBackward0>), 'true_values': tensor(-1)}
Losses: {'total_vae': tensor(0.6606, device='cuda:0', grad_fn=<AddBackward0>), 'total': 0, 'prediction': tensor(0.6606, device='cuda:0', grad_fn=<MulBackward0>), 'true_values': tensor(-1)}
Losses: {'total_vae': tensor(0.7526, device='cuda:0', grad_fn=<AddBackward0>), 'total': 0, 'prediction': tensor(0.7526, device='cuda:0', grad_fn=<MulBackward0>), 'true_values': tensor(-1)}
Done testing
Done testing
Saved test_metrics
Losses: {'total_vae': tensor(0.6214, device='cuda:0', grad_fn=<AddBackward0>), 'total': 0, 'prediction': tensor(0.6214, device='cuda:0', grad_fn=<MulBackward0>), 'true_values': tensor(-1)}
Losses: {'total_vae': tensor(0.5416, device='cuda:0', grad_fn=<AddBackward0>), 'total': 0, 'prediction': tensor(0.5416, device='cuda:0', grad_fn=<MulBackward0>), 'true_values': tensor(-1)}
Losses: {'total_vae': tensor(0.4156, device='cuda:0', grad_fn=<AddBackward0>), 'total': 0, 'prediction': tensor(0.4156, device='cuda:0', grad_fn=<MulBackward0>), 'true_values': tensor(-1)}
[4:41469]  loss_total_vae=0.531  loss_total=0.000  loss_prediction=0.531  loss_true_values=-1.000  loss_total_vae_epoch=0.769  
samples_images_dict
dict_keys(['rand0', 'rand1', 'rand2', 'rand3', 'rand4', 'rand5', 'rand6', 'rand7', 'rand8', 'rand9', 'random'])
Losses: {'total_vae': tensor(0.4666, device='cuda:0', grad_fn=<AddBackward0>), 'total': 0, 'prediction': tensor(0.4666, device='cuda:0', grad_fn=<MulBackward0>), 'true_values': tensor(-1)}
Losses: {'total_vae': tensor(0.3907, device='cuda:0', grad_fn=<AddBackward0>), 'total': 0, 'prediction': tensor(0.3907, device='cuda:0', grad_fn=<MulBackward0>), 'true_values': tensor(-1)}
Losses: {'total_vae': tensor(0.4935, device='cuda:0', grad_fn=<AddBackward0>), 'total': 0, 'prediction': tensor(0.4935, device='cuda:0', grad_fn=<MulBackward0>), 'true_values': tensor(-1)}
Done testing
Now val counter at: 1
Latent 12.257229577620517   8.341189234413235
BCE 0.4369067656142371 0.907392421840394
Done testing
Saved test_metrics
Losses: {'total_vae': tensor(0.4938, device='cuda:0', grad_fn=<AddBackward0>), 'total': 0, 'prediction': tensor(0.4938, device='cuda:0', grad_fn=<MulBackward0>), 'true_values': tensor(-1)}
Losses: {'total_vae': tensor(0.3738, device='cuda:0', grad_fn=<AddBackward0>), 'total': 0, 'prediction': tensor(0.3738, device='cuda:0', grad_fn=<MulBackward0>), 'true_values': tensor(-1)}
Losses: {'total_vae': tensor(0.3408, device='cuda:0', grad_fn=<AddBackward0>), 'total': 0, 'prediction': tensor(0.3408, device='cuda:0', grad_fn=<MulBackward0>), 'true_values': tensor(-1)}
Losses: {'total_vae': tensor(0.3664, device='cuda:0', grad_fn=<AddBackward0>), 'total': 0, 'prediction': tensor(0.3664, device='cuda:0', grad_fn=<MulBackward0>), 'true_values': tensor(-1)}
Losses: {'total_vae': tensor(0.3812, device='cuda:0', grad_fn=<AddBackward0>), 'total': 0, 'prediction': tensor(0.3812, device='cuda:0', grad_fn=<MulBackward0>), 'true_values': tensor(-1)}
