0
Pre-Processing CelebA
labels (127817, 10)
All classes percentages: [0.24165017172989509, 0.2910723925612399, 0.21396214900991262, 0.2533152866989524]
Initialized CBM_Join model
## Initializing Train indexes
::path chosen -> logs/celebA__CBM_Join/only_10_latents/1-latents/train_runs
Losses: {'total_vae': tensor(3.2346, device='cuda:0', grad_fn=<AddBackward0>), 'total': 0, 'prediction': tensor(1.4600, device='cuda:0', grad_fn=<MulBackward0>), 'true_values': tensor(1.7746, device='cuda:0', grad_fn=<MulBackward0>)}
Losses: {'total_vae': tensor(1.3837, device='cuda:0', grad_fn=<AddBackward0>), 'total': 0, 'prediction': tensor(1.3837, device='cuda:0', grad_fn=<MulBackward0>), 'true_values': tensor(-1)}
Losses: {'total_vae': tensor(1.3597, device='cuda:0', grad_fn=<AddBackward0>), 'total': 0, 'prediction': tensor(1.3597, device='cuda:0', grad_fn=<MulBackward0>), 'true_values': tensor(-1)}
[0:1025]  loss_total_vae=1.353  loss_total=0.000  loss_prediction=1.353  loss_true_values=-1.000  loss_total_vae_epoch=2.323  
Losses: {'total_vae': tensor(1.3524, device='cuda:0', grad_fn=<AddBackward0>), 'total': 0, 'prediction': tensor(1.3524, device='cuda:0', grad_fn=<MulBackward0>), 'true_values': tensor(-1)}
Losses: {'total_vae': tensor(2.7651, device='cuda:0', grad_fn=<AddBackward0>), 'total': 0, 'prediction': tensor(1.3250, device='cuda:0', grad_fn=<MulBackward0>), 'true_values': tensor(1.4401, device='cuda:0', grad_fn=<MulBackward0>)}
Done testing
Done testing
Saved test_metrics
Losses: {'total_vae': tensor(2.5904, device='cuda:0', grad_fn=<AddBackward0>), 'total': 0, 'prediction': tensor(1.2109, device='cuda:0', grad_fn=<MulBackward0>), 'true_values': tensor(1.3795, device='cuda:0', grad_fn=<MulBackward0>)}
[1:2051]  loss_total_vae=2.069  loss_total=0.000  loss_prediction=1.278  loss_true_values=0.791  loss_total_vae_epoch=2.186  
Losses: {'total_vae': tensor(2.4998, device='cuda:0', grad_fn=<AddBackward0>), 'total': 0, 'prediction': tensor(1.2451, device='cuda:0', grad_fn=<MulBackward0>), 'true_values': tensor(1.2547, device='cuda:0', grad_fn=<MulBackward0>)}
Losses: {'total_vae': tensor(2.5877, device='cuda:0', grad_fn=<AddBackward0>), 'total': 0, 'prediction': tensor(1.2137, device='cuda:0', grad_fn=<MulBackward0>), 'true_values': tensor(1.3740, device='cuda:0', grad_fn=<MulBackward0>)}
Losses: {'total_vae': tensor(2.2367, device='cuda:0', grad_fn=<AddBackward0>), 'total': 0, 'prediction': tensor(1.1795, device='cuda:0', grad_fn=<MulBackward0>), 'true_values': tensor(1.0572, device='cuda:0', grad_fn=<MulBackward0>)}
[2:3077]  loss_total_vae=1.178  loss_total=0.000  loss_prediction=1.178  loss_true_values=-1.000  loss_total_vae_epoch=1.974  
Losses: {'total_vae': tensor(2.4239, device='cuda:0', grad_fn=<AddBackward0>), 'total': 0, 'prediction': tensor(1.2004, device='cuda:0', grad_fn=<MulBackward0>), 'true_values': tensor(1.2235, device='cuda:0', grad_fn=<MulBackward0>)}
Done testing
Done testing
Saved test_metrics
Losses: {'total_vae': tensor(1.9794, device='cuda:0', grad_fn=<AddBackward0>), 'total': 0, 'prediction': tensor(0.9925, device='cuda:0', grad_fn=<MulBackward0>), 'true_values': tensor(0.9869, device='cuda:0', grad_fn=<MulBackward0>)}
Losses: {'total_vae': tensor(1.0455, device='cuda:0', grad_fn=<AddBackward0>), 'total': 0, 'prediction': tensor(1.0455, device='cuda:0', grad_fn=<MulBackward0>), 'true_values': tensor(-1)}
[3:4103]  loss_total_vae=1.780  loss_total=0.000  loss_prediction=1.022  loss_true_values=0.758  loss_total_vae_epoch=1.704  
Losses: {'total_vae': tensor(1.7510, device='cuda:0', grad_fn=<AddBackward0>), 'total': 0, 'prediction': tensor(1.0004, device='cuda:0', grad_fn=<MulBackward0>), 'true_values': tensor(0.7506, device='cuda:0', grad_fn=<MulBackward0>)}
Losses: {'total_vae': tensor(1.5530, device='cuda:0', grad_fn=<AddBackward0>), 'total': 0, 'prediction': tensor(0.9217, device='cuda:0', grad_fn=<MulBackward0>), 'true_values': tensor(0.6314, device='cuda:0', grad_fn=<MulBackward0>)}
Done testing
Done testing
Saved test_metrics
Losses: {'total_vae': tensor(0.8822, device='cuda:0', grad_fn=<AddBackward0>), 'total': 0, 'prediction': tensor(0.8822, device='cuda:0', grad_fn=<MulBackward0>), 'true_values': tensor(-1)}
[4:5129]  loss_total_vae=1.400  loss_total=0.000  loss_prediction=0.956  loss_true_values=0.444  loss_total_vae_epoch=1.405  
Losses: {'total_vae': tensor(0.8613, device='cuda:0', grad_fn=<AddBackward0>), 'total': 0, 'prediction': tensor(0.8613, device='cuda:0', grad_fn=<MulBackward0>), 'true_values': tensor(-1)}
Losses: {'total_vae': tensor(0.7469, device='cuda:0', grad_fn=<AddBackward0>), 'total': 0, 'prediction': tensor(0.7469, device='cuda:0', grad_fn=<MulBackward0>), 'true_values': tensor(-1)}
Losses: {'total_vae': tensor(0.7506, device='cuda:0', grad_fn=<AddBackward0>), 'total': 0, 'prediction': tensor(0.7506, device='cuda:0', grad_fn=<MulBackward0>), 'true_values': tensor(-1)}
[5:6155]  loss_total_vae=0.870  loss_total=0.000  loss_prediction=0.668  loss_true_values=0.202  loss_total_vae_epoch=1.081  
Losses: {'total_vae': tensor(0.9247, device='cuda:0', grad_fn=<AddBackward0>), 'total': 0, 'prediction': tensor(0.6801, device='cuda:0', grad_fn=<MulBackward0>), 'true_values': tensor(0.2446, device='cuda:0', grad_fn=<MulBackward0>)}
Done testing
Done testing
Saved test_metrics
Losses: {'total_vae': tensor(0.7368, device='cuda:0', grad_fn=<AddBackward0>), 'total': 0, 'prediction': tensor(0.6451, device='cuda:0', grad_fn=<MulBackward0>), 'true_values': tensor(0.0916, device='cuda:0', grad_fn=<MulBackward0>)}
Losses: {'total_vae': tensor(0.6291, device='cuda:0', grad_fn=<AddBackward0>), 'total': 0, 'prediction': tensor(0.5633, device='cuda:0', grad_fn=<MulBackward0>), 'true_values': tensor(0.0657, device='cuda:0', grad_fn=<MulBackward0>)}
[6:7181]  loss_total_vae=0.543  loss_total=0.000  loss_prediction=0.543  loss_true_values=-1.000  loss_total_vae_epoch=0.766  
Losses: {'total_vae': tensor(0.4838, device='cuda:0', grad_fn=<AddBackward0>), 'total': 0, 'prediction': tensor(0.4838, device='cuda:0', grad_fn=<MulBackward0>), 'true_values': tensor(-1)}
Losses: {'total_vae': tensor(0.4792, device='cuda:0', grad_fn=<AddBackward0>), 'total': 0, 'prediction': tensor(0.3827, device='cuda:0', grad_fn=<MulBackward0>), 'true_values': tensor(0.0965, device='cuda:0', grad_fn=<MulBackward0>)}
Done testing
Done testing
Saved test_metrics
Losses: {'total_vae': tensor(0.6115, device='cuda:0', grad_fn=<AddBackward0>), 'total': 0, 'prediction': tensor(0.4820, device='cuda:0', grad_fn=<MulBackward0>), 'true_values': tensor(0.1295, device='cuda:0', grad_fn=<MulBackward0>)}
[7:8207]  loss_total_vae=0.488  loss_total=0.000  loss_prediction=0.398  loss_true_values=0.089  loss_total_vae_epoch=0.571  
Losses: {'total_vae': tensor(0.4435, device='cuda:0', grad_fn=<AddBackward0>), 'total': 0, 'prediction': tensor(0.4435, device='cuda:0', grad_fn=<MulBackward0>), 'true_values': tensor(-1)}
Losses: {'total_vae': tensor(0.3851, device='cuda:0', grad_fn=<AddBackward0>), 'total': 0, 'prediction': tensor(0.3851, device='cuda:0', grad_fn=<MulBackward0>), 'true_values': tensor(-1)}
Losses: {'total_vae': tensor(0.3777, device='cuda:0', grad_fn=<AddBackward0>), 'total': 0, 'prediction': tensor(0.3777, device='cuda:0', grad_fn=<MulBackward0>), 'true_values': tensor(-1)}
[8:9233]  loss_total_vae=0.313  loss_total=0.000  loss_prediction=0.284  loss_true_values=0.030  loss_total_vae_epoch=0.522  
Losses: {'total_vae': tensor(0.3607, device='cuda:0', grad_fn=<AddBackward0>), 'total': 0, 'prediction': tensor(0.3434, device='cuda:0', grad_fn=<MulBackward0>), 'true_values': tensor(0.0173, device='cuda:0', grad_fn=<MulBackward0>)}
Done testing
Done testing
Saved test_metrics
Losses: {'total_vae': tensor(0.4855, device='cuda:0', grad_fn=<AddBackward0>), 'total': 0, 'prediction': tensor(0.3335, device='cuda:0', grad_fn=<MulBackward0>), 'true_values': tensor(0.1521, device='cuda:0', grad_fn=<MulBackward0>)}
Losses: {'total_vae': tensor(0.3900, device='cuda:0', grad_fn=<AddBackward0>), 'total': 0, 'prediction': tensor(0.2487, device='cuda:0', grad_fn=<MulBackward0>), 'true_values': tensor(0.1412, device='cuda:0', grad_fn=<MulBackward0>)}
[9:10259]  loss_total_vae=1.369  loss_total=0.000  loss_prediction=0.402  loss_true_values=0.966  loss_total_vae_epoch=0.583  
Losses: {'total_vae': tensor(0.4810, device='cuda:0', grad_fn=<AddBackward0>), 'total': 0, 'prediction': tensor(0.3633, device='cuda:0', grad_fn=<MulBackward0>), 'true_values': tensor(0.1177, device='cuda:0', grad_fn=<MulBackward0>)}
Losses: {'total_vae': tensor(0.3728, device='cuda:0', grad_fn=<AddBackward0>), 'total': 0, 'prediction': tensor(0.3728, device='cuda:0', grad_fn=<MulBackward0>), 'true_values': tensor(-1)}
Losses: {'total_vae': tensor(0.3438, device='cuda:0', grad_fn=<AddBackward0>), 'total': 0, 'prediction': tensor(0.3313, device='cuda:0', grad_fn=<MulBackward0>), 'true_values': tensor(0.0125, device='cuda:0', grad_fn=<MulBackward0>)}
[10:11285]  loss_total_vae=0.238  loss_total=0.000  loss_prediction=0.230  loss_true_values=0.008  loss_total_vae_epoch=0.433  
Losses: {'total_vae': tensor(0.2713, device='cuda:0', grad_fn=<AddBackward0>), 'total': 0, 'prediction': tensor(0.2713, device='cuda:0', grad_fn=<MulBackward0>), 'true_values': tensor(-1)}
Done testing
Done testing
Saved test_metrics
Losses: {'total_vae': tensor(0.2619, device='cuda:0', grad_fn=<AddBackward0>), 'total': 0, 'prediction': tensor(0.2557, device='cuda:0', grad_fn=<MulBackward0>), 'true_values': tensor(0.0062, device='cuda:0', grad_fn=<MulBackward0>)}
Losses: {'total_vae': tensor(0.2251, device='cuda:0', grad_fn=<AddBackward0>), 'total': 0, 'prediction': tensor(0.2228, device='cuda:0', grad_fn=<MulBackward0>), 'true_values': tensor(0.0024, device='cuda:0', grad_fn=<MulBackward0>)}
[11:12311]  loss_total_vae=0.366  loss_total=0.000  loss_prediction=0.365  loss_true_values=0.000  loss_total_vae_epoch=0.307  
Losses: {'total_vae': tensor(0.1714, device='cuda:0', grad_fn=<AddBackward0>), 'total': 0, 'prediction': tensor(0.1691, device='cuda:0', grad_fn=<MulBackward0>), 'true_values': tensor(0.0024, device='cuda:0', grad_fn=<MulBackward0>)}
Losses: {'total_vae': tensor(0.2395, device='cuda:0', grad_fn=<AddBackward0>), 'total': 0, 'prediction': tensor(0.2395, device='cuda:0', grad_fn=<MulBackward0>), 'true_values': tensor(-1)}
Done testing
Done testing
Saved test_metrics
Losses: {'total_vae': tensor(0.2128, device='cuda:0', grad_fn=<AddBackward0>), 'total': 0, 'prediction': tensor(0.2116, device='cuda:0', grad_fn=<MulBackward0>), 'true_values': tensor(0.0012, device='cuda:0', grad_fn=<MulBackward0>)}
[12:13337]  loss_total_vae=0.174  loss_total=0.000  loss_prediction=0.165  loss_true_values=0.009  loss_total_vae_epoch=0.244  
Losses: {'total_vae': tensor(0.5302, device='cuda:0', grad_fn=<AddBackward0>), 'total': 0, 'prediction': tensor(0.1326, device='cuda:0', grad_fn=<MulBackward0>), 'true_values': tensor(0.3975, device='cuda:0', grad_fn=<MulBackward0>)}
Losses: {'total_vae': tensor(0.1953, device='cuda:0', grad_fn=<AddBackward0>), 'total': 0, 'prediction': tensor(0.1720, device='cuda:0', grad_fn=<MulBackward0>), 'true_values': tensor(0.0233, device='cuda:0', grad_fn=<MulBackward0>)}
Losses: {'total_vae': tensor(0.1697, device='cuda:0', grad_fn=<AddBackward0>), 'total': 0, 'prediction': tensor(0.1697, device='cuda:0', grad_fn=<MulBackward0>), 'true_values': tensor(-1)}
[13:14363]  loss_total_vae=0.226  loss_total=0.000  loss_prediction=0.226  loss_true_values=-1.000  loss_total_vae_epoch=0.200  
Losses: {'total_vae': tensor(0.1658, device='cuda:0', grad_fn=<AddBackward0>), 'total': 0, 'prediction': tensor(0.1658, device='cuda:0', grad_fn=<MulBackward0>), 'true_values': tensor(-1)}
Done testing
Now val counter at: 1
Latent 0.20815238538311748   0.25276528920746105
BCE 0.41471623368864136 0.4221248515253144
Done testing
Saved test_metrics
Losses: {'total_vae': tensor(0.1719, device='cuda:0', grad_fn=<AddBackward0>), 'total': 0, 'prediction': tensor(0.1719, device='cuda:0', grad_fn=<MulBackward0>), 'true_values': tensor(-1)}
Losses: {'total_vae': tensor(0.0764, device='cuda:0', grad_fn=<AddBackward0>), 'total': 0, 'prediction': tensor(0.0761, device='cuda:0', grad_fn=<MulBackward0>), 'true_values': tensor(0.0003, device='cuda:0', grad_fn=<MulBackward0>)}
[14:15389]  loss_total_vae=0.088  loss_total=0.000  loss_prediction=0.085  loss_true_values=0.003  loss_total_vae_epoch=0.137  
Losses: {'total_vae': tensor(0.0598, device='cuda:0', grad_fn=<AddBackward0>), 'total': 0, 'prediction': tensor(0.0597, device='cuda:0', grad_fn=<MulBackward0>), 'true_values': tensor(0.0002, device='cuda:0', grad_fn=<MulBackward0>)}
Losses: {'total_vae': tensor(0.0389, device='cuda:0', grad_fn=<AddBackward0>), 'total': 0, 'prediction': tensor(0.0341, device='cuda:0', grad_fn=<MulBackward0>), 'true_values': tensor(0.0048, device='cuda:0', grad_fn=<MulBackward0>)}
Done testing
Now val counter at: 1
Latent 0.20167014875063083   0.2461040030488477
BCE 0.482810047704999 0.3951776367296694
Done testing
Saved test_metrics
Losses: {'total_vae': tensor(0.0890, device='cuda:0', grad_fn=<AddBackward0>), 'total': 0, 'prediction': tensor(0.0890, device='cuda:0', grad_fn=<MulBackward0>), 'true_values': tensor(-1)}
Losses: {'total_vae': tensor(0.0383, device='cuda:0', grad_fn=<AddBackward0>), 'total': 0, 'prediction': tensor(0.0363, device='cuda:0', grad_fn=<MulBackward0>), 'true_values': tensor(0.0020, device='cuda:0', grad_fn=<MulBackward0>)}
Losses: {'total_vae': tensor(0.0360, device='cuda:0', grad_fn=<AddBackward0>), 'total': 0, 'prediction': tensor(0.0360, device='cuda:0', grad_fn=<MulBackward0>), 'true_values': tensor(-1)}
Losses: {'total_vae': tensor(0.0560, device='cuda:0', grad_fn=<AddBackward0>), 'total': 0, 'prediction': tensor(0.0535, device='cuda:0', grad_fn=<MulBackward0>), 'true_values': tensor(0.0025, device='cuda:0', grad_fn=<MulBackward0>)}
Losses: {'total_vae': tensor(0.0598, device='cuda:0', grad_fn=<AddBackward0>), 'total': 0, 'prediction': tensor(0.0585, device='cuda:0', grad_fn=<MulBackward0>), 'true_values': tensor(0.0013, device='cuda:0', grad_fn=<MulBackward0>)}
Done testing
Now val counter at: 2
Latent 0.19841532808978382   0.20946668758786466
BCE 0.5030779986362147 0.3880822727996805
Done testing
Saved test_metrics
Losses: {'total_vae': tensor(0.0363, device='cuda:0', grad_fn=<AddBackward0>), 'total': 0, 'prediction': tensor(0.0363, device='cuda:0', grad_fn=<MulBackward0>), 'true_values': tensor(-1)}
Losses: {'total_vae': tensor(0.0137, device='cuda:0', grad_fn=<AddBackward0>), 'total': 0, 'prediction': tensor(0.0126, device='cuda:0', grad_fn=<MulBackward0>), 'true_values': tensor(0.0011, device='cuda:0', grad_fn=<MulBackward0>)}
Losses: {'total_vae': tensor(0.0371, device='cuda:0', grad_fn=<AddBackward0>), 'total': 0, 'prediction': tensor(0.0347, device='cuda:0', grad_fn=<MulBackward0>), 'true_values': tensor(0.0025, device='cuda:0', grad_fn=<MulBackward0>)}
Losses: {'total_vae': tensor(0.0212, device='cuda:0', grad_fn=<AddBackward0>), 'total': 0, 'prediction': tensor(0.0207, device='cuda:0', grad_fn=<MulBackward0>), 'true_values': tensor(0.0006, device='cuda:0', grad_fn=<MulBackward0>)}
Done testing
Now val counter at: 3
Latent 0.19891226455205824   0.20480708628489075
BCE 0.5520175599712667 0.4233507289876783
Done testing
Saved test_metrics
Losses: {'total_vae': tensor(0.0335, device='cuda:0', grad_fn=<AddBackward0>), 'total': 0, 'prediction': tensor(0.0317, device='cuda:0', grad_fn=<MulBackward0>), 'true_values': tensor(0.0018, device='cuda:0', grad_fn=<MulBackward0>)}
Losses: {'total_vae': tensor(0.0223, device='cuda:0', grad_fn=<AddBackward0>), 'total': 0, 'prediction': tensor(0.0215, device='cuda:0', grad_fn=<MulBackward0>), 'true_values': tensor(0.0008, device='cuda:0', grad_fn=<MulBackward0>)}
Losses: {'total_vae': tensor(0.0118, device='cuda:0', grad_fn=<AddBackward0>), 'total': 0, 'prediction': tensor(0.0118, device='cuda:0', grad_fn=<MulBackward0>), 'true_values': tensor(-1)}
Losses: {'total_vae': tensor(0.0494, device='cuda:0', grad_fn=<AddBackward0>), 'total': 0, 'prediction': tensor(0.0463, device='cuda:0', grad_fn=<MulBackward0>), 'true_values': tensor(0.0031, device='cuda:0', grad_fn=<MulBackward0>)}
Losses: {'total_vae': tensor(0.0054, device='cuda:0', grad_fn=<AddBackward0>), 'total': 0, 'prediction': tensor(0.0054, device='cuda:0', grad_fn=<MulBackward0>), 'true_values': tensor(-1)}
Losses: {'total_vae': tensor(0.0094, device='cuda:0', grad_fn=<AddBackward0>), 'total': 0, 'prediction': tensor(0.0083, device='cuda:0', grad_fn=<MulBackward0>), 'true_values': tensor(0.0011, device='cuda:0', grad_fn=<MulBackward0>)}
Done testing
Now val counter at: 4
Latent 0.20011692815195253   0.2027459540745107
BCE 0.5635155713170524 0.4668680933432851
Done testing
Saved test_metrics
Losses: {'total_vae': tensor(0.0138, device='cuda:0', grad_fn=<AddBackward0>), 'total': 0, 'prediction': tensor(0.0085, device='cuda:0', grad_fn=<MulBackward0>), 'true_values': tensor(0.0053, device='cuda:0', grad_fn=<MulBackward0>)}
Losses: {'total_vae': tensor(0.0147, device='cuda:0', grad_fn=<AddBackward0>), 'total': 0, 'prediction': tensor(0.0147, device='cuda:0', grad_fn=<MulBackward0>), 'true_values': tensor(-1)}
Losses: {'total_vae': tensor(0.0052, device='cuda:0', grad_fn=<AddBackward0>), 'total': 0, 'prediction': tensor(0.0052, device='cuda:0', grad_fn=<MulBackward0>), 'true_values': tensor(-1)}
Losses: {'total_vae': tensor(0.0044, device='cuda:0', grad_fn=<AddBackward0>), 'total': 0, 'prediction': tensor(0.0043, device='cuda:0', grad_fn=<MulBackward0>), 'true_values': tensor(0.0002, device='cuda:0', grad_fn=<MulBackward0>)}
Losses: {'total_vae': tensor(0.0098, device='cuda:0', grad_fn=<AddBackward0>), 'total': 0, 'prediction': tensor(0.0080, device='cuda:0', grad_fn=<MulBackward0>), 'true_values': tensor(0.0018, device='cuda:0', grad_fn=<MulBackward0>)}
Done testing
Now val counter at: 5
Latent 0.2018925633008887   0.19966591379749096
BCE 0.6094193700852433 0.5126352021041601
Done testing
Saved test_metrics
Losses: {'total_vae': tensor(0.0078, device='cuda:0', grad_fn=<AddBackward0>), 'total': 0, 'prediction': tensor(0.0071, device='cuda:0', grad_fn=<MulBackward0>), 'true_values': tensor(0.0007, device='cuda:0', grad_fn=<MulBackward0>)}
Losses: {'total_vae': tensor(0.0056, device='cuda:0', grad_fn=<AddBackward0>), 'total': 0, 'prediction': tensor(0.0056, device='cuda:0', grad_fn=<MulBackward0>), 'true_values': tensor(-1)}
Losses: {'total_vae': tensor(0.0236, device='cuda:0', grad_fn=<AddBackward0>), 'total': 0, 'prediction': tensor(0.0225, device='cuda:0', grad_fn=<MulBackward0>), 'true_values': tensor(0.0011, device='cuda:0', grad_fn=<MulBackward0>)}
Losses: {'total_vae': tensor(0.0060, device='cuda:0', grad_fn=<AddBackward0>), 'total': 0, 'prediction': tensor(0.0059, device='cuda:0', grad_fn=<MulBackward0>), 'true_values': tensor(0.0001, device='cuda:0', grad_fn=<MulBackward0>)}
Done testing
Now val counter at: 6
Latent 0.20533561391559074   0.19914817359793155
BCE 0.6218250987490987 0.539537043308178
Done testing
Saved test_metrics
Losses: {'total_vae': tensor(0.0040, device='cuda:0', grad_fn=<AddBackward0>), 'total': 0, 'prediction': tensor(0.0032, device='cuda:0', grad_fn=<MulBackward0>), 'true_values': tensor(0.0008, device='cuda:0', grad_fn=<MulBackward0>)}
Losses: {'total_vae': tensor(0.0060, device='cuda:0', grad_fn=<AddBackward0>), 'total': 0, 'prediction': tensor(0.0043, device='cuda:0', grad_fn=<MulBackward0>), 'true_values': tensor(0.0018, device='cuda:0', grad_fn=<MulBackward0>)}
Losses: {'total_vae': tensor(0.0159, device='cuda:0', grad_fn=<AddBackward0>), 'total': 0, 'prediction': tensor(0.0159, device='cuda:0', grad_fn=<MulBackward0>), 'true_values': tensor(7.5093e-05, device='cuda:0', grad_fn=<MulBackward0>)}
Losses: {'total_vae': tensor(0.0019, device='cuda:0', grad_fn=<AddBackward0>), 'total': 0, 'prediction': tensor(0.0016, device='cuda:0', grad_fn=<MulBackward0>), 'true_values': tensor(0.0003, device='cuda:0', grad_fn=<MulBackward0>)}
Losses: {'total_vae': tensor(0.0011, device='cuda:0', grad_fn=<AddBackward0>), 'total': 0, 'prediction': tensor(0.0007, device='cuda:0', grad_fn=<MulBackward0>), 'true_values': tensor(0.0004, device='cuda:0', grad_fn=<MulBackward0>)}
Done testing
Now val counter at: 7
Latent 0.20946080219454882   0.20030725200163316
BCE 0.6565753306315197 0.5749841671245207
Done testing
Saved test_metrics
Losses: {'total_vae': tensor(0.0015, device='cuda:0', grad_fn=<AddBackward0>), 'total': 0, 'prediction': tensor(0.0015, device='cuda:0', grad_fn=<MulBackward0>), 'true_values': tensor(3.9519e-05, device='cuda:0', grad_fn=<MulBackward0>)}
Losses: {'total_vae': tensor(0.0043, device='cuda:0', grad_fn=<AddBackward0>), 'total': 0, 'prediction': tensor(0.0039, device='cuda:0', grad_fn=<MulBackward0>), 'true_values': tensor(0.0004, device='cuda:0', grad_fn=<MulBackward0>)}
Losses: {'total_vae': tensor(0.0167, device='cuda:0', grad_fn=<AddBackward0>), 'total': 0, 'prediction': tensor(0.0165, device='cuda:0', grad_fn=<MulBackward0>), 'true_values': tensor(0.0002, device='cuda:0', grad_fn=<MulBackward0>)}
Losses: {'total_vae': tensor(0.0053, device='cuda:0', grad_fn=<AddBackward0>), 'total': 0, 'prediction': tensor(0.0049, device='cuda:0', grad_fn=<MulBackward0>), 'true_values': tensor(0.0003, device='cuda:0', grad_fn=<MulBackward0>)}
Done testing
Now val counter at: 8
Latent 0.2135298516207594   0.202448368456144
BCE 0.6591832620826193 0.5982533467171315
Done testing
Saved test_metrics
Losses: {'total_vae': tensor(0.0030, device='cuda:0', grad_fn=<AddBackward0>), 'total': 0, 'prediction': tensor(0.0027, device='cuda:0', grad_fn=<MulBackward0>), 'true_values': tensor(0.0003, device='cuda:0', grad_fn=<MulBackward0>)}
Losses: {'total_vae': tensor(0.0035, device='cuda:0', grad_fn=<AddBackward0>), 'total': 0, 'prediction': tensor(0.0031, device='cuda:0', grad_fn=<MulBackward0>), 'true_values': tensor(0.0004, device='cuda:0', grad_fn=<MulBackward0>)}
Losses: {'total_vae': tensor(0.0013, device='cuda:0', grad_fn=<AddBackward0>), 'total': 0, 'prediction': tensor(0.0009, device='cuda:0', grad_fn=<MulBackward0>), 'true_values': tensor(0.0004, device='cuda:0', grad_fn=<MulBackward0>)}
Losses: {'total_vae': tensor(0.0007, device='cuda:0', grad_fn=<AddBackward0>), 'total': 0, 'prediction': tensor(0.0007, device='cuda:0', grad_fn=<MulBackward0>), 'true_values': tensor(-1)}
Losses: {'total_vae': tensor(0.0010, device='cuda:0', grad_fn=<AddBackward0>), 'total': 0, 'prediction': tensor(0.0010, device='cuda:0', grad_fn=<MulBackward0>), 'true_values': tensor(-1)}
Done testing
Now val counter at: 9
Latent 0.21892421650208108   0.2055629931370094
BCE 0.6704383444010726 0.6292732664886206
Done testing
Saved test_metrics
Losses: {'total_vae': tensor(0.0023, device='cuda:0', grad_fn=<AddBackward0>), 'total': 0, 'prediction': tensor(0.0022, device='cuda:0', grad_fn=<MulBackward0>), 'true_values': tensor(0.0001, device='cuda:0', grad_fn=<MulBackward0>)}
Losses: {'total_vae': tensor(0.0011, device='cuda:0', grad_fn=<AddBackward0>), 'total': 0, 'prediction': tensor(0.0011, device='cuda:0', grad_fn=<MulBackward0>), 'true_values': tensor(-1)}
Losses: {'total_vae': tensor(0.0070, device='cuda:0', grad_fn=<AddBackward0>), 'total': 0, 'prediction': tensor(0.0069, device='cuda:0', grad_fn=<MulBackward0>), 'true_values': tensor(7.3390e-05, device='cuda:0', grad_fn=<MulBackward0>)}
Losses: {'total_vae': tensor(0.0048, device='cuda:0', grad_fn=<AddBackward0>), 'total': 0, 'prediction': tensor(0.0048, device='cuda:0', grad_fn=<MulBackward0>), 'true_values': tensor(6.3006e-05, device='cuda:0', grad_fn=<MulBackward0>)}
Losses: {'total_vae': tensor(0.0005, device='cuda:0', grad_fn=<AddBackward0>), 'total': 0, 'prediction': tensor(0.0004, device='cuda:0', grad_fn=<MulBackward0>), 'true_values': tensor(9.7397e-05, device='cuda:0', grad_fn=<MulBackward0>)}
Done testing
Now val counter at: 10
Latent 0.218648970369401   0.20944208924363297
BCE 0.6745251311761576 0.6458612304877459
Done testing
Saved test_metrics
Losses: {'total_vae': tensor(0.0156, device='cuda:0', grad_fn=<AddBackward0>), 'total': 0, 'prediction': tensor(0.0155, device='cuda:0', grad_fn=<MulBackward0>), 'true_values': tensor(0.0001, device='cuda:0', grad_fn=<MulBackward0>)}
Losses: {'total_vae': tensor(0.0005, device='cuda:0', grad_fn=<AddBackward0>), 'total': 0, 'prediction': tensor(0.0005, device='cuda:0', grad_fn=<MulBackward0>), 'true_values': tensor(-1)}
Losses: {'total_vae': tensor(0.0019, device='cuda:0', grad_fn=<AddBackward0>), 'total': 0, 'prediction': tensor(0.0017, device='cuda:0', grad_fn=<MulBackward0>), 'true_values': tensor(0.0002, device='cuda:0', grad_fn=<MulBackward0>)}
