0
Pre-Processing CelebA
labels (127817, 10)
All classes percentages: [0.24165017172989509, 0.2910723925612399, 0.21396214900991262, 0.2533152866989524]
Initialized GrayVAE_Join model
## Initializing Train indexes
->path chosen:: logs/celebA__GrayVAE_Join/only_10_latents/100-latents
lr: 1e-07
[0:1025]  loss_total_vae=15596.889  loss_recon=8521.406  loss_kld=487.726  loss_prediction=1354.286  loss_true_values=5233.471  loss_total_vae_epoch=16048.104  
Saved model at epoch 1
lr: 1.6378937069540646e-07
tracking changes
[1:2051]  loss_total_vae=15182.571  loss_recon=8511.253  loss_kld=485.820  loss_prediction=1289.690  loss_true_values=4895.808  loss_total_vae_epoch=15318.350  
Saved model at epoch 2
lr: 2.6826957952797275e-07
[2:3077]  loss_total_vae=14536.908  loss_recon=8515.490  loss_kld=484.156  loss_prediction=1219.989  loss_true_values=4317.272  loss_total_vae_epoch=14664.419  
Saved model at epoch 3
lr: 4.393970560760786e-07
tracking changes
[3:4103]  loss_total_vae=13685.341  loss_recon=8475.822  loss_kld=472.586  loss_prediction=1107.386  loss_true_values=3629.547  loss_total_vae_epoch=13966.855  
Saved model at epoch 4
lr: 7.196856730011514e-07
tracking changes
[4:5129]  loss_total_vae=12842.016  loss_recon=8367.138  loss_kld=494.366  loss_prediction=1118.115  loss_true_values=2862.396  loss_total_vae_epoch=13150.661  
Saved model at epoch 5
lr: 1.1787686347935866e-06
[5:6155]  loss_total_vae=11942.447  loss_recon=8264.791  loss_kld=540.372  loss_prediction=956.003  loss_true_values=2181.281  loss_total_vae_epoch=12343.598  
Saved model at epoch 6
lr: 1.9306977288832498e-06
tracking changes
[6:7181]  loss_total_vae=11264.231  loss_recon=7985.940  loss_kld=593.707  loss_prediction=920.644  loss_true_values=1763.941  loss_total_vae_epoch=11491.340  
Saved model at epoch 7
lr: 3.162277660168379e-06
tracking changes
[7:8207]  loss_total_vae=10703.838  loss_recon=7884.175  loss_kld=685.177  loss_prediction=820.850  loss_true_values=1313.635  loss_total_vae_epoch=10797.254  
Saved model at epoch 8
lr: 5.179474679231212e-06
[8:9233]  loss_total_vae=9746.582  loss_recon=7294.587  loss_kld=813.360  loss_prediction=721.896  loss_true_values=916.738  loss_total_vae_epoch=10237.456  
Saved model at epoch 9
lr: 8.483428982440726e-06
tracking changes
[9:10259]  loss_total_vae=9825.341  loss_recon=7208.370  loss_kld=846.386  loss_prediction=687.465  loss_true_values=1083.120  loss_total_vae_epoch=9823.680  
Saved model at epoch 10
lr: 1.3894954943731361e-05
[10:11285]  loss_total_vae=9367.656  loss_recon=7082.847  loss_kld=858.540  loss_prediction=539.154  loss_true_values=887.116  loss_total_vae_epoch=9549.675  
Saved model at epoch 11
lr: 2.275845926074791e-05
tracking changes
[11:12311]  loss_total_vae=9353.703  loss_recon=7044.772  loss_kld=836.586  loss_prediction=528.161  loss_true_values=944.184  loss_total_vae_epoch=9313.679  
Saved model at epoch 12
lr: 3.727593720314938e-05
tracking changes
[12:13337]  loss_total_vae=8812.251  loss_recon=6874.574  loss_kld=866.854  loss_prediction=359.440  loss_true_values=711.382  loss_total_vae_epoch=9078.792  
Saved model at epoch 13
lr: 6.105402296585326e-05
[13:14363]  loss_total_vae=8930.191  loss_recon=6916.616  loss_kld=838.824  loss_prediction=370.715  loss_true_values=804.036  loss_total_vae_epoch=8881.018  
Saved model at epoch 14
lr: 0.0001
tracking changes
[14:15389]  loss_total_vae=8869.823  loss_recon=6964.776  loss_kld=794.971  loss_prediction=299.718  loss_true_values=810.357  loss_total_vae_epoch=8752.444  
Saved model at epoch 15
lr: 9e-05
tracking changes
Validation stop evaluation
16269 15
   epoch          rec         kld    latent       bce       acc
0    2.0  8519.846784  486.950292  0.706972  1.301049  0.638330
1    4.0  8509.220315  480.125626  0.579421  1.188842  0.656396
2    5.0  8394.272073  480.982103  0.432624  1.060885  0.679654
3    7.0  8179.332729  542.256919  0.290344  0.932122  0.705573
4    8.0  7774.970493  661.463462  0.195859  0.827128  0.729503
5   10.0  7220.269390  812.889487  0.165811  0.713166  0.758363
6   12.0  7064.616077  855.443246  0.156068  0.590321  0.795472
7   13.0  6974.102007  854.593486  0.149641  0.469665  0.837913
8   15.0  6852.420218  839.157211  0.150544  0.422360  0.866241
9   16.0  6783.764085  757.667468  0.153296  0.403710  0.883033
Now val counter at: 1
Latent 0.1532961146497145   0.15717303972984073
BCE 0.4037103684452491 0.5910507956656015
[15:16415]  loss_total_vae=8388.299  loss_recon=6670.612  loss_kld=791.886  loss_prediction=203.672  loss_true_values=722.129  loss_total_vae_epoch=8531.127  
Saved model at epoch 16
lr: 8.1e-05
[16:17441]  loss_total_vae=8316.496  loss_recon=6788.652  loss_kld=815.477  loss_prediction=136.830  loss_true_values=575.537  loss_total_vae_epoch=8364.334  
Saved model at epoch 17
lr: 7.290000000000001e-05
tracking changes
Validation stop evaluation
17896 17
    epoch          rec         kld    latent       bce       acc
0     2.0  8519.846784  486.950292  0.706972  1.301049  0.638330
1     4.0  8509.220315  480.125626  0.579421  1.188842  0.656396
2     5.0  8394.272073  480.982103  0.432624  1.060885  0.679654
3     7.0  8179.332729  542.256919  0.290344  0.932122  0.705573
4     8.0  7774.970493  661.463462  0.195859  0.827128  0.729503
5    10.0  7220.269390  812.889487  0.165811  0.713166  0.758363
6    12.0  7064.616077  855.443246  0.156068  0.590321  0.795472
7    13.0  6974.102007  854.593486  0.149641  0.469665  0.837913
8    15.0  6852.420218  839.157211  0.150544  0.422360  0.866241
9    16.0  6783.764085  757.667468  0.153296  0.403710  0.883033
10   18.0  6726.493847  779.591445  0.145353  0.409172  0.892754
Now val counter at: 1
Latent 0.1453529143236517   0.15208433950092737
BCE 0.40917175341912404 0.4941153384967225
[17:18467]  loss_total_vae=8113.452  loss_recon=6664.873  loss_kld=808.039  loss_prediction=104.073  loss_true_values=536.468  loss_total_vae_epoch=8239.726  
Saved model at epoch 18
lr: 6.561000000000002e-05
[18:19493]  loss_total_vae=8026.759  loss_recon=6675.674  loss_kld=800.947  loss_prediction=60.872  loss_true_values=489.266  loss_total_vae_epoch=8133.291  
Saved model at epoch 19
lr: 5.904900000000002e-05
tracking changes
Validation stop evaluation
19523 19
    epoch          rec         kld    latent       bce       acc
0     2.0  8519.846784  486.950292  0.706972  1.301049  0.638330
1     4.0  8509.220315  480.125626  0.579421  1.188842  0.656396
2     5.0  8394.272073  480.982103  0.432624  1.060885  0.679654
3     7.0  8179.332729  542.256919  0.290344  0.932122  0.705573
4     8.0  7774.970493  661.463462  0.195859  0.827128  0.729503
5    10.0  7220.269390  812.889487  0.165811  0.713166  0.758363
6    12.0  7064.616077  855.443246  0.156068  0.590321  0.795472
7    13.0  6974.102007  854.593486  0.149641  0.469665  0.837913
8    15.0  6852.420218  839.157211  0.150544  0.422360  0.866241
9    16.0  6783.764085  757.667468  0.153296  0.403710  0.883033
10   18.0  6726.493847  779.591445  0.145353  0.409172  0.892754
11   20.0  6709.269578  775.873140  0.143392  0.393956  0.900611
[19:20519]  loss_total_vae=8101.670  loss_recon=6745.056  loss_kld=809.947  loss_prediction=50.796  loss_true_values=495.870  loss_total_vae_epoch=8059.963  
Saved model at epoch 20
lr: 5.314410000000002e-05
tracking changes
Validation stop evaluation
21150 20
    epoch          rec         kld    latent       bce       acc
0     2.0  8519.846784  486.950292  0.706972  1.301049  0.638330
1     4.0  8509.220315  480.125626  0.579421  1.188842  0.656396
2     5.0  8394.272073  480.982103  0.432624  1.060885  0.679654
3     7.0  8179.332729  542.256919  0.290344  0.932122  0.705573
4     8.0  7774.970493  661.463462  0.195859  0.827128  0.729503
5    10.0  7220.269390  812.889487  0.165811  0.713166  0.758363
6    12.0  7064.616077  855.443246  0.156068  0.590321  0.795472
7    13.0  6974.102007  854.593486  0.149641  0.469665  0.837913
8    15.0  6852.420218  839.157211  0.150544  0.422360  0.866241
9    16.0  6783.764085  757.667468  0.153296  0.403710  0.883033
10   18.0  6726.493847  779.591445  0.145353  0.409172  0.892754
11   20.0  6709.269578  775.873140  0.143392  0.393956  0.900611
12   21.0  6695.142820  747.116716  0.145275  0.406046  0.900245
Now val counter at: 1
Latent 0.14527470551855196   0.14973115228459766
BCE 0.40604592060170525 0.41174723167568045
[20:21545]  loss_total_vae=8140.358  loss_recon=6848.391  loss_kld=805.677  loss_prediction=57.428  loss_true_values=428.862  loss_total_vae_epoch=7991.236  
Saved model at epoch 21
lr: 4.782969000000002e-05
[21:22571]  loss_total_vae=8089.070  loss_recon=6758.221  loss_kld=797.328  loss_prediction=59.256  loss_true_values=474.265  loss_total_vae_epoch=7943.822  
Saved model at epoch 22
lr: 4.304672100000002e-05
tracking changes
Validation stop evaluation
22777 22
    epoch          rec         kld    latent       bce       acc
0     2.0  8519.846784  486.950292  0.706972  1.301049  0.638330
1     4.0  8509.220315  480.125626  0.579421  1.188842  0.656396
2     5.0  8394.272073  480.982103  0.432624  1.060885  0.679654
3     7.0  8179.332729  542.256919  0.290344  0.932122  0.705573
4     8.0  7774.970493  661.463462  0.195859  0.827128  0.729503
5    10.0  7220.269390  812.889487  0.165811  0.713166  0.758363
6    12.0  7064.616077  855.443246  0.156068  0.590321  0.795472
7    13.0  6974.102007  854.593486  0.149641  0.469665  0.837913
8    15.0  6852.420218  839.157211  0.150544  0.422360  0.866241
9    16.0  6783.764085  757.667468  0.153296  0.403710  0.883033
10   18.0  6726.493847  779.591445  0.145353  0.409172  0.892754
11   20.0  6709.269578  775.873140  0.143392  0.393956  0.900611
12   21.0  6695.142820  747.116716  0.145275  0.406046  0.900245
13   23.0  6678.823450  759.830593  0.141763  0.403610  0.907847
[22:23597]  loss_total_vae=8016.269  loss_recon=6733.920  loss_kld=782.873  loss_prediction=67.042  loss_true_values=432.435  loss_total_vae_epoch=7908.464  
Saved model at epoch 23
lr: 3.874204890000002e-05
tracking changes
Validation stop evaluation
24404 23
    epoch          rec         kld    latent       bce       acc
0     2.0  8519.846784  486.950292  0.706972  1.301049  0.638330
1     4.0  8509.220315  480.125626  0.579421  1.188842  0.656396
2     5.0  8394.272073  480.982103  0.432624  1.060885  0.679654
3     7.0  8179.332729  542.256919  0.290344  0.932122  0.705573
4     8.0  7774.970493  661.463462  0.195859  0.827128  0.729503
5    10.0  7220.269390  812.889487  0.165811  0.713166  0.758363
6    12.0  7064.616077  855.443246  0.156068  0.590321  0.795472
7    13.0  6974.102007  854.593486  0.149641  0.469665  0.837913
8    15.0  6852.420218  839.157211  0.150544  0.422360  0.866241
9    16.0  6783.764085  757.667468  0.153296  0.403710  0.883033
10   18.0  6726.493847  779.591445  0.145353  0.409172  0.892754
11   20.0  6709.269578  775.873140  0.143392  0.393956  0.900611
12   21.0  6695.142820  747.116716  0.145275  0.406046  0.900245
13   23.0  6678.823450  759.830593  0.141763  0.403610  0.907847
14   24.0  6658.098486  736.602625  0.143901  0.398350  0.906919
Now val counter at: 1
Latent 0.14390143588548754   0.14467318741690496
BCE 0.39834995131667067 0.40305787106839625
[23:24623]  loss_total_vae=7836.068  loss_recon=6609.688  loss_kld=774.756  loss_prediction=33.098  loss_true_values=418.528  loss_total_vae_epoch=7878.754  
Saved model at epoch 24
lr: 3.4867844010000016e-05
[24:25649]  loss_total_vae=7868.385  loss_recon=6656.923  loss_kld=798.519  loss_prediction=30.634  loss_true_values=382.309  loss_total_vae_epoch=7853.368  
Saved model at epoch 25
lr: 3.138105960900002e-05
tracking changes
Validation stop evaluation
26031 25
    epoch          rec         kld    latent       bce       acc
0     2.0  8519.846784  486.950292  0.706972  1.301049  0.638330
1     4.0  8509.220315  480.125626  0.579421  1.188842  0.656396
2     5.0  8394.272073  480.982103  0.432624  1.060885  0.679654
3     7.0  8179.332729  542.256919  0.290344  0.932122  0.705573
4     8.0  7774.970493  661.463462  0.195859  0.827128  0.729503
5    10.0  7220.269390  812.889487  0.165811  0.713166  0.758363
6    12.0  7064.616077  855.443246  0.156068  0.590321  0.795472
7    13.0  6974.102007  854.593486  0.149641  0.469665  0.837913
8    15.0  6852.420218  839.157211  0.150544  0.422360  0.866241
9    16.0  6783.764085  757.667468  0.153296  0.403710  0.883033
10   18.0  6726.493847  779.591445  0.145353  0.409172  0.892754
11   20.0  6709.269578  775.873140  0.143392  0.393956  0.900611
12   21.0  6695.142820  747.116716  0.145275  0.406046  0.900245
13   23.0  6678.823450  759.830593  0.141763  0.403610  0.907847
14   24.0  6658.098486  736.602625  0.143901  0.398350  0.906919
15   26.0  6654.897490  731.950979  0.143521  0.407303  0.908703
Now val counter at: 1
Latent 0.1435210931349576   0.14347639857591976
BCE 0.40730290829650756 0.4012039773832492
lr: 2.8242953648100018e-05
tracking changes
Validation stop evaluation
27658 26
    epoch          rec         kld    latent       bce       acc
0     2.0  8519.846784  486.950292  0.706972  1.301049  0.638330
1     4.0  8509.220315  480.125626  0.579421  1.188842  0.656396
2     5.0  8394.272073  480.982103  0.432624  1.060885  0.679654
3     7.0  8179.332729  542.256919  0.290344  0.932122  0.705573
4     8.0  7774.970493  661.463462  0.195859  0.827128  0.729503
5    10.0  7220.269390  812.889487  0.165811  0.713166  0.758363
6    12.0  7064.616077  855.443246  0.156068  0.590321  0.795472
7    13.0  6974.102007  854.593486  0.149641  0.469665  0.837913
8    15.0  6852.420218  839.157211  0.150544  0.422360  0.866241
9    16.0  6783.764085  757.667468  0.153296  0.403710  0.883033
10   18.0  6726.493847  779.591445  0.145353  0.409172  0.892754
11   20.0  6709.269578  775.873140  0.143392  0.393956  0.900611
12   21.0  6695.142820  747.116716  0.145275  0.406046  0.900245
13   23.0  6678.823450  759.830593  0.141763  0.403610  0.907847
14   24.0  6658.098486  736.602625  0.143901  0.398350  0.906919
15   26.0  6654.897490  731.950979  0.143521  0.407303  0.908703
16   27.0  6648.157119  733.164553  0.144977  0.418492  0.908772
Now val counter at: 2
Latent 0.1449769841340499   0.14364622973491184
BCE 0.4184921463815177 0.4026686480940196
lr: 2.5418658283290016e-05
lr: 2.2876792454961016e-05
tracking changes
Validation stop evaluation
29285 28
    epoch          rec         kld    latent       bce       acc
0     2.0  8519.846784  486.950292  0.706972  1.301049  0.638330
1     4.0  8509.220315  480.125626  0.579421  1.188842  0.656396
2     5.0  8394.272073  480.982103  0.432624  1.060885  0.679654
3     7.0  8179.332729  542.256919  0.290344  0.932122  0.705573
4     8.0  7774.970493  661.463462  0.195859  0.827128  0.729503
5    10.0  7220.269390  812.889487  0.165811  0.713166  0.758363
6    12.0  7064.616077  855.443246  0.156068  0.590321  0.795472
7    13.0  6974.102007  854.593486  0.149641  0.469665  0.837913
8    15.0  6852.420218  839.157211  0.150544  0.422360  0.866241
9    16.0  6783.764085  757.667468  0.153296  0.403710  0.883033
10   18.0  6726.493847  779.591445  0.145353  0.409172  0.892754
11   20.0  6709.269578  775.873140  0.143392  0.393956  0.900611
12   21.0  6695.142820  747.116716  0.145275  0.406046  0.900245
13   23.0  6678.823450  759.830593  0.141763  0.403610  0.907847
14   24.0  6658.098486  736.602625  0.143901  0.398350  0.906919
15   26.0  6654.897490  731.950979  0.143521  0.407303  0.908703
16   27.0  6648.157119  733.164553  0.144977  0.418492  0.908772
17   29.0  6633.127861  732.229375  0.143942  0.409899  0.909997
Latent 0.14394159033531095   0.1430616922737137
BCE 0.40989878264869134 0.403087643992287
lr: 2.0589113209464913e-05
lr: 1.8530201888518422e-05
tracking changes
Validation stop evaluation
30912 30
    epoch          rec         kld    latent       bce       acc
0     2.0  8519.846784  486.950292  0.706972  1.301049  0.638330
1     4.0  8509.220315  480.125626  0.579421  1.188842  0.656396
2     5.0  8394.272073  480.982103  0.432624  1.060885  0.679654
3     7.0  8179.332729  542.256919  0.290344  0.932122  0.705573
4     8.0  7774.970493  661.463462  0.195859  0.827128  0.729503
5    10.0  7220.269390  812.889487  0.165811  0.713166  0.758363
6    12.0  7064.616077  855.443246  0.156068  0.590321  0.795472
7    13.0  6974.102007  854.593486  0.149641  0.469665  0.837913
8    15.0  6852.420218  839.157211  0.150544  0.422360  0.866241
9    16.0  6783.764085  757.667468  0.153296  0.403710  0.883033
10   18.0  6726.493847  779.591445  0.145353  0.409172  0.892754
11   20.0  6709.269578  775.873140  0.143392  0.393956  0.900611
12   21.0  6695.142820  747.116716  0.145275  0.406046  0.900245
13   23.0  6678.823450  759.830593  0.141763  0.403610  0.907847
14   24.0  6658.098486  736.602625  0.143901  0.398350  0.906919
15   26.0  6654.897490  731.950979  0.143521  0.407303  0.908703
16   27.0  6648.157119  733.164553  0.144977  0.418492  0.908772
17   29.0  6633.127861  732.229375  0.143942  0.409899  0.909997
18   31.0  6630.206011  724.668285  0.144306  0.409192  0.910533
Now val counter at: 3
Latent 0.1443064072267796   0.14413317105149834
BCE 0.4091921475360064 0.4080483353315653
lr: 1.667718169966658e-05
tracking changes
Validation stop evaluation
32539 31
    epoch          rec         kld    latent       bce       acc
0     2.0  8519.846784  486.950292  0.706972  1.301049  0.638330
1     4.0  8509.220315  480.125626  0.579421  1.188842  0.656396
2     5.0  8394.272073  480.982103  0.432624  1.060885  0.679654
3     7.0  8179.332729  542.256919  0.290344  0.932122  0.705573
4     8.0  7774.970493  661.463462  0.195859  0.827128  0.729503
5    10.0  7220.269390  812.889487  0.165811  0.713166  0.758363
6    12.0  7064.616077  855.443246  0.156068  0.590321  0.795472
7    13.0  6974.102007  854.593486  0.149641  0.469665  0.837913
8    15.0  6852.420218  839.157211  0.150544  0.422360  0.866241
9    16.0  6783.764085  757.667468  0.153296  0.403710  0.883033
10   18.0  6726.493847  779.591445  0.145353  0.409172  0.892754
11   20.0  6709.269578  775.873140  0.143392  0.393956  0.900611
12   21.0  6695.142820  747.116716  0.145275  0.406046  0.900245
13   23.0  6678.823450  759.830593  0.141763  0.403610  0.907847
14   24.0  6658.098486  736.602625  0.143901  0.398350  0.906919
15   26.0  6654.897490  731.950979  0.143521  0.407303  0.908703
16   27.0  6648.157119  733.164553  0.144977  0.418492  0.908772
17   29.0  6633.127861  732.229375  0.143942  0.409899  0.909997
18   31.0  6630.206011  724.668285  0.144306  0.409192  0.910533
19   32.0  6629.009721  725.177807  0.143791  0.414884  0.910391
Now val counter at: 4
Latent 0.14379059323450413   0.14414655586810615
BCE 0.4148836578053188 0.4118979457755722
lr: 1.5009463529699922e-05
lr: 1.350851717672993e-05
tracking changes
Validation stop evaluation
34166 33
    epoch          rec         kld    latent       bce       acc
0     2.0  8519.846784  486.950292  0.706972  1.301049  0.638330
1     4.0  8509.220315  480.125626  0.579421  1.188842  0.656396
2     5.0  8394.272073  480.982103  0.432624  1.060885  0.679654
3     7.0  8179.332729  542.256919  0.290344  0.932122  0.705573
4     8.0  7774.970493  661.463462  0.195859  0.827128  0.729503
5    10.0  7220.269390  812.889487  0.165811  0.713166  0.758363
6    12.0  7064.616077  855.443246  0.156068  0.590321  0.795472
7    13.0  6974.102007  854.593486  0.149641  0.469665  0.837913
8    15.0  6852.420218  839.157211  0.150544  0.422360  0.866241
9    16.0  6783.764085  757.667468  0.153296  0.403710  0.883033
10   18.0  6726.493847  779.591445  0.145353  0.409172  0.892754
11   20.0  6709.269578  775.873140  0.143392  0.393956  0.900611
12   21.0  6695.142820  747.116716  0.145275  0.406046  0.900245
13   23.0  6678.823450  759.830593  0.141763  0.403610  0.907847
14   24.0  6658.098486  736.602625  0.143901  0.398350  0.906919
15   26.0  6654.897490  731.950979  0.143521  0.407303  0.908703
16   27.0  6648.157119  733.164553  0.144977  0.418492  0.908772
17   29.0  6633.127861  732.229375  0.143942  0.409899  0.909997
18   31.0  6630.206011  724.668285  0.144306  0.409192  0.910533
19   32.0  6629.009721  725.177807  0.143791  0.414884  0.910391
20   34.0  6623.783994  724.469967  0.144650  0.423242  0.910646
Now val counter at: 5
Latent 0.14465025442887128   0.1444083272320468
BCE 0.4232422845150397 0.41252769218873847
lr: 1.2157665459056937e-05
tracking changes
Validation stop evaluation
35793 34
    epoch          rec         kld    latent       bce       acc
0     2.0  8519.846784  486.950292  0.706972  1.301049  0.638330
1     4.0  8509.220315  480.125626  0.579421  1.188842  0.656396
2     5.0  8394.272073  480.982103  0.432624  1.060885  0.679654
3     7.0  8179.332729  542.256919  0.290344  0.932122  0.705573
4     8.0  7774.970493  661.463462  0.195859  0.827128  0.729503
5    10.0  7220.269390  812.889487  0.165811  0.713166  0.758363
6    12.0  7064.616077  855.443246  0.156068  0.590321  0.795472
7    13.0  6974.102007  854.593486  0.149641  0.469665  0.837913
8    15.0  6852.420218  839.157211  0.150544  0.422360  0.866241
9    16.0  6783.764085  757.667468  0.153296  0.403710  0.883033
10   18.0  6726.493847  779.591445  0.145353  0.409172  0.892754
11   20.0  6709.269578  775.873140  0.143392  0.393956  0.900611
12   21.0  6695.142820  747.116716  0.145275  0.406046  0.900245
13   23.0  6678.823450  759.830593  0.141763  0.403610  0.907847
14   24.0  6658.098486  736.602625  0.143901  0.398350  0.906919
15   26.0  6654.897490  731.950979  0.143521  0.407303  0.908703
16   27.0  6648.157119  733.164553  0.144977  0.418492  0.908772
17   29.0  6633.127861  732.229375  0.143942  0.409899  0.909997
18   31.0  6630.206011  724.668285  0.144306  0.409192  0.910533
19   32.0  6629.009721  725.177807  0.143791  0.414884  0.910391
20   34.0  6623.783994  724.469967  0.144650  0.423242  0.910646
21   35.0  6621.338191  720.092530  0.145189  0.423962  0.910243
Now val counter at: 6
Latent 0.1451892125897291   0.1440128635988649
BCE 0.42396217390773744 0.41132486266333884
lr: 1.0941898913151244e-05
lr: 9.84770902183612e-06
tracking changes
Validation stop evaluation
37420 36
    epoch          rec         kld    latent       bce       acc
0     2.0  8519.846784  486.950292  0.706972  1.301049  0.638330
1     4.0  8509.220315  480.125626  0.579421  1.188842  0.656396
2     5.0  8394.272073  480.982103  0.432624  1.060885  0.679654
3     7.0  8179.332729  542.256919  0.290344  0.932122  0.705573
4     8.0  7774.970493  661.463462  0.195859  0.827128  0.729503
5    10.0  7220.269390  812.889487  0.165811  0.713166  0.758363
6    12.0  7064.616077  855.443246  0.156068  0.590321  0.795472
7    13.0  6974.102007  854.593486  0.149641  0.469665  0.837913
8    15.0  6852.420218  839.157211  0.150544  0.422360  0.866241
9    16.0  6783.764085  757.667468  0.153296  0.403710  0.883033
10   18.0  6726.493847  779.591445  0.145353  0.409172  0.892754
11   20.0  6709.269578  775.873140  0.143392  0.393956  0.900611
12   21.0  6695.142820  747.116716  0.145275  0.406046  0.900245
13   23.0  6678.823450  759.830593  0.141763  0.403610  0.907847
14   24.0  6658.098486  736.602625  0.143901  0.398350  0.906919
15   26.0  6654.897490  731.950979  0.143521  0.407303  0.908703
16   27.0  6648.157119  733.164553  0.144977  0.418492  0.908772
17   29.0  6633.127861  732.229375  0.143942  0.409899  0.909997
18   31.0  6630.206011  724.668285  0.144306  0.409192  0.910533
19   32.0  6629.009721  725.177807  0.143791  0.414884  0.910391
20   34.0  6623.783994  724.469967  0.144650  0.423242  0.910646
21   35.0  6621.338191  720.092530  0.145189  0.423962  0.910243
22   37.0  6618.364782  716.257123  0.145629  0.421602  0.910875
Now val counter at: 7
Latent 0.14562891762915667   0.14424908496338498
BCE 0.4216024460104423 0.4157726966187883
lr: 8.862938119652508e-06
lr: 7.976644307687257e-06
tracking changes
Validation stop evaluation
39047 38
    epoch          rec         kld    latent       bce       acc
0     2.0  8519.846784  486.950292  0.706972  1.301049  0.638330
1     4.0  8509.220315  480.125626  0.579421  1.188842  0.656396
2     5.0  8394.272073  480.982103  0.432624  1.060885  0.679654
3     7.0  8179.332729  542.256919  0.290344  0.932122  0.705573
4     8.0  7774.970493  661.463462  0.195859  0.827128  0.729503
5    10.0  7220.269390  812.889487  0.165811  0.713166  0.758363
6    12.0  7064.616077  855.443246  0.156068  0.590321  0.795472
7    13.0  6974.102007  854.593486  0.149641  0.469665  0.837913
8    15.0  6852.420218  839.157211  0.150544  0.422360  0.866241
9    16.0  6783.764085  757.667468  0.153296  0.403710  0.883033
10   18.0  6726.493847  779.591445  0.145353  0.409172  0.892754
11   20.0  6709.269578  775.873140  0.143392  0.393956  0.900611
12   21.0  6695.142820  747.116716  0.145275  0.406046  0.900245
13   23.0  6678.823450  759.830593  0.141763  0.403610  0.907847
14   24.0  6658.098486  736.602625  0.143901  0.398350  0.906919
15   26.0  6654.897490  731.950979  0.143521  0.407303  0.908703
16   27.0  6648.157119  733.164553  0.144977  0.418492  0.908772
17   29.0  6633.127861  732.229375  0.143942  0.409899  0.909997
18   31.0  6630.206011  724.668285  0.144306  0.409192  0.910533
19   32.0  6629.009721  725.177807  0.143791  0.414884  0.910391
20   34.0  6623.783994  724.469967  0.144650  0.423242  0.910646
21   35.0  6621.338191  720.092530  0.145189  0.423962  0.910243
22   37.0  6618.364782  716.257123  0.145629  0.421602  0.910875
23   39.0  6614.408628  720.884771  0.144375  0.417234  0.912044
Latent 0.14437462480329885   0.1445433534177015
BCE 0.4172344666913273 0.4206960387426986
[38:40013]  loss_total_vae=7835.280  loss_recon=6671.876  loss_kld=788.968  loss_prediction=19.179  loss_true_values=355.258  loss_total_vae_epoch=7735.881  
Saved model at epoch 39
lr: 7.1789798769185315e-06
tracking changes
Validation stop evaluation
40674 39
    epoch          rec         kld    latent       bce       acc
0     2.0  8519.846784  486.950292  0.706972  1.301049  0.638330
1     4.0  8509.220315  480.125626  0.579421  1.188842  0.656396
2     5.0  8394.272073  480.982103  0.432624  1.060885  0.679654
3     7.0  8179.332729  542.256919  0.290344  0.932122  0.705573
4     8.0  7774.970493  661.463462  0.195859  0.827128  0.729503
5    10.0  7220.269390  812.889487  0.165811  0.713166  0.758363
6    12.0  7064.616077  855.443246  0.156068  0.590321  0.795472
7    13.0  6974.102007  854.593486  0.149641  0.469665  0.837913
8    15.0  6852.420218  839.157211  0.150544  0.422360  0.866241
9    16.0  6783.764085  757.667468  0.153296  0.403710  0.883033
10   18.0  6726.493847  779.591445  0.145353  0.409172  0.892754
11   20.0  6709.269578  775.873140  0.143392  0.393956  0.900611
12   21.0  6695.142820  747.116716  0.145275  0.406046  0.900245
13   23.0  6678.823450  759.830593  0.141763  0.403610  0.907847
14   24.0  6658.098486  736.602625  0.143901  0.398350  0.906919
15   26.0  6654.897490  731.950979  0.143521  0.407303  0.908703
16   27.0  6648.157119  733.164553  0.144977  0.418492  0.908772
17   29.0  6633.127861  732.229375  0.143942  0.409899  0.909997
18   31.0  6630.206011  724.668285  0.144306  0.409192  0.910533
19   32.0  6629.009721  725.177807  0.143791  0.414884  0.910391
20   34.0  6623.783994  724.469967  0.144650  0.423242  0.910646
21   35.0  6621.338191  720.092530  0.145189  0.423962  0.910243
22   37.0  6618.364782  716.257123  0.145629  0.421602  0.910875
23   39.0  6614.408628  720.884771  0.144375  0.417234  0.912044
24   40.0  6613.866982  720.972085  0.144102  0.417128  0.911742
[39:41039]  loss_total_vae=7591.136  loss_recon=6448.948  loss_kld=784.519  loss_prediction=13.998  loss_true_values=343.671  loss_total_vae_epoch=7728.887  
Saved model at epoch 40
lr: 6.461081889226678e-06
[40:42065]  loss_total_vae=7723.059  loss_recon=6589.999  loss_kld=776.728  loss_prediction=16.108  loss_true_values=340.224  loss_total_vae_epoch=7720.657  
Saved model at epoch 41
lr: 5.81497370030401e-06
tracking changes
Validation stop evaluation
42301 41
    epoch          rec         kld    latent       bce       acc
0     2.0  8519.846784  486.950292  0.706972  1.301049  0.638330
1     4.0  8509.220315  480.125626  0.579421  1.188842  0.656396
2     5.0  8394.272073  480.982103  0.432624  1.060885  0.679654
3     7.0  8179.332729  542.256919  0.290344  0.932122  0.705573
4     8.0  7774.970493  661.463462  0.195859  0.827128  0.729503
5    10.0  7220.269390  812.889487  0.165811  0.713166  0.758363
6    12.0  7064.616077  855.443246  0.156068  0.590321  0.795472
7    13.0  6974.102007  854.593486  0.149641  0.469665  0.837913
8    15.0  6852.420218  839.157211  0.150544  0.422360  0.866241
9    16.0  6783.764085  757.667468  0.153296  0.403710  0.883033
10   18.0  6726.493847  779.591445  0.145353  0.409172  0.892754
11   20.0  6709.269578  775.873140  0.143392  0.393956  0.900611
12   21.0  6695.142820  747.116716  0.145275  0.406046  0.900245
13   23.0  6678.823450  759.830593  0.141763  0.403610  0.907847
14   24.0  6658.098486  736.602625  0.143901  0.398350  0.906919
15   26.0  6654.897490  731.950979  0.143521  0.407303  0.908703
16   27.0  6648.157119  733.164553  0.144977  0.418492  0.908772
17   29.0  6633.127861  732.229375  0.143942  0.409899  0.909997
18   31.0  6630.206011  724.668285  0.144306  0.409192  0.910533
19   32.0  6629.009721  725.177807  0.143791  0.414884  0.910391
20   34.0  6623.783994  724.469967  0.144650  0.423242  0.910646
21   35.0  6621.338191  720.092530  0.145189  0.423962  0.910243
22   37.0  6618.364782  716.257123  0.145629  0.421602  0.910875
23   39.0  6614.408628  720.884771  0.144375  0.417234  0.912044
24   40.0  6613.866982  720.972085  0.144102  0.417128  0.911742
25   42.0  6611.728714  719.998119  0.144228  0.413519  0.912153
Now val counter at: 1
Latent 0.14422796072998667   0.14506425167406156
BCE 0.413518662132868 0.42093302886983563
[41:43091]  loss_total_vae=7687.287  loss_recon=6559.280  loss_kld=773.631  loss_prediction=7.918  loss_true_values=346.457  loss_total_vae_epoch=7723.189  
Saved model at epoch 42
lr: 5.23347633027361e-06
tracking changes
Validation stop evaluation
43928 42
    epoch          rec         kld    latent       bce       acc
0     2.0  8519.846784  486.950292  0.706972  1.301049  0.638330
1     4.0  8509.220315  480.125626  0.579421  1.188842  0.656396
2     5.0  8394.272073  480.982103  0.432624  1.060885  0.679654
3     7.0  8179.332729  542.256919  0.290344  0.932122  0.705573
4     8.0  7774.970493  661.463462  0.195859  0.827128  0.729503
5    10.0  7220.269390  812.889487  0.165811  0.713166  0.758363
6    12.0  7064.616077  855.443246  0.156068  0.590321  0.795472
7    13.0  6974.102007  854.593486  0.149641  0.469665  0.837913
8    15.0  6852.420218  839.157211  0.150544  0.422360  0.866241
9    16.0  6783.764085  757.667468  0.153296  0.403710  0.883033
10   18.0  6726.493847  779.591445  0.145353  0.409172  0.892754
11   20.0  6709.269578  775.873140  0.143392  0.393956  0.900611
12   21.0  6695.142820  747.116716  0.145275  0.406046  0.900245
13   23.0  6678.823450  759.830593  0.141763  0.403610  0.907847
14   24.0  6658.098486  736.602625  0.143901  0.398350  0.906919
15   26.0  6654.897490  731.950979  0.143521  0.407303  0.908703
16   27.0  6648.157119  733.164553  0.144977  0.418492  0.908772
17   29.0  6633.127861  732.229375  0.143942  0.409899  0.909997
18   31.0  6630.206011  724.668285  0.144306  0.409192  0.910533
19   32.0  6629.009721  725.177807  0.143791  0.414884  0.910391
20   34.0  6623.783994  724.469967  0.144650  0.423242  0.910646
21   35.0  6621.338191  720.092530  0.145189  0.423962  0.910243
22   37.0  6618.364782  716.257123  0.145629  0.421602  0.910875
23   39.0  6614.408628  720.884771  0.144375  0.417234  0.912044
24   40.0  6613.866982  720.972085  0.144102  0.417128  0.911742
25   42.0  6611.728714  719.998119  0.144228  0.413519  0.912153
26   43.0  6610.845401  714.863610  0.145244  0.417659  0.911679
Now val counter at: 1
Latent 0.1452439530957036   0.144701686897252
BCE 0.4176588614539402 0.4186548886664192
lr: 4.710128697246249e-06
lr: 4.239115827521624e-06
tracking changes
Validation stop evaluation
45555 44
    epoch          rec         kld    latent       bce       acc
0     2.0  8519.846784  486.950292  0.706972  1.301049  0.638330
1     4.0  8509.220315  480.125626  0.579421  1.188842  0.656396
2     5.0  8394.272073  480.982103  0.432624  1.060885  0.679654
3     7.0  8179.332729  542.256919  0.290344  0.932122  0.705573
4     8.0  7774.970493  661.463462  0.195859  0.827128  0.729503
5    10.0  7220.269390  812.889487  0.165811  0.713166  0.758363
6    12.0  7064.616077  855.443246  0.156068  0.590321  0.795472
7    13.0  6974.102007  854.593486  0.149641  0.469665  0.837913
8    15.0  6852.420218  839.157211  0.150544  0.422360  0.866241
9    16.0  6783.764085  757.667468  0.153296  0.403710  0.883033
10   18.0  6726.493847  779.591445  0.145353  0.409172  0.892754
11   20.0  6709.269578  775.873140  0.143392  0.393956  0.900611
12   21.0  6695.142820  747.116716  0.145275  0.406046  0.900245
13   23.0  6678.823450  759.830593  0.141763  0.403610  0.907847
14   24.0  6658.098486  736.602625  0.143901  0.398350  0.906919
15   26.0  6654.897490  731.950979  0.143521  0.407303  0.908703
16   27.0  6648.157119  733.164553  0.144977  0.418492  0.908772
17   29.0  6633.127861  732.229375  0.143942  0.409899  0.909997
18   31.0  6630.206011  724.668285  0.144306  0.409192  0.910533
19   32.0  6629.009721  725.177807  0.143791  0.414884  0.910391
20   34.0  6623.783994  724.469967  0.144650  0.423242  0.910646
21   35.0  6621.338191  720.092530  0.145189  0.423962  0.910243
22   37.0  6618.364782  716.257123  0.145629  0.421602  0.910875
23   39.0  6614.408628  720.884771  0.144375  0.417234  0.912044
24   40.0  6613.866982  720.972085  0.144102  0.417128  0.911742
25   42.0  6611.728714  719.998119  0.144228  0.413519  0.912153
26   43.0  6610.845401  714.863610  0.145244  0.417659  0.911679
27   45.0  6609.833379  717.654080  0.145411  0.420003  0.911920
Now val counter at: 2
Latent 0.14541050755396123   0.14423470126419533
BCE 0.42000291308736415 0.41596029404056106
lr: 3.815204244769462e-06
tracking changes
Validation stop evaluation
47182 45
    epoch          rec         kld    latent       bce       acc
0     2.0  8519.846784  486.950292  0.706972  1.301049  0.638330
1     4.0  8509.220315  480.125626  0.579421  1.188842  0.656396
2     5.0  8394.272073  480.982103  0.432624  1.060885  0.679654
3     7.0  8179.332729  542.256919  0.290344  0.932122  0.705573
4     8.0  7774.970493  661.463462  0.195859  0.827128  0.729503
5    10.0  7220.269390  812.889487  0.165811  0.713166  0.758363
6    12.0  7064.616077  855.443246  0.156068  0.590321  0.795472
7    13.0  6974.102007  854.593486  0.149641  0.469665  0.837913
8    15.0  6852.420218  839.157211  0.150544  0.422360  0.866241
9    16.0  6783.764085  757.667468  0.153296  0.403710  0.883033
10   18.0  6726.493847  779.591445  0.145353  0.409172  0.892754
11   20.0  6709.269578  775.873140  0.143392  0.393956  0.900611
12   21.0  6695.142820  747.116716  0.145275  0.406046  0.900245
13   23.0  6678.823450  759.830593  0.141763  0.403610  0.907847
14   24.0  6658.098486  736.602625  0.143901  0.398350  0.906919
15   26.0  6654.897490  731.950979  0.143521  0.407303  0.908703
16   27.0  6648.157119  733.164553  0.144977  0.418492  0.908772
17   29.0  6633.127861  732.229375  0.143942  0.409899  0.909997
18   31.0  6630.206011  724.668285  0.144306  0.409192  0.910533
19   32.0  6629.009721  725.177807  0.143791  0.414884  0.910391
20   34.0  6623.783994  724.469967  0.144650  0.423242  0.910646
21   35.0  6621.338191  720.092530  0.145189  0.423962  0.910243
22   37.0  6618.364782  716.257123  0.145629  0.421602  0.910875
23   39.0  6614.408628  720.884771  0.144375  0.417234  0.912044
24   40.0  6613.866982  720.972085  0.144102  0.417128  0.911742
25   42.0  6611.728714  719.998119  0.144228  0.413519  0.912153
26   43.0  6610.845401  714.863610  0.145244  0.417659  0.911679
27   45.0  6609.833379  717.654080  0.145411  0.420003  0.911920
28   46.0  6608.285930  717.268459  0.145714  0.422691  0.911854
Now val counter at: 3
Latent 0.14571444781088247   0.14452447736166357
BCE 0.4226909032682093 0.41610175896143203
lr: 3.4336838202925156e-06
lr: 3.090315438263264e-06
tracking changes
Validation stop evaluation
48809 47
    epoch          rec         kld    latent       bce       acc
0     2.0  8519.846784  486.950292  0.706972  1.301049  0.638330
1     4.0  8509.220315  480.125626  0.579421  1.188842  0.656396
2     5.0  8394.272073  480.982103  0.432624  1.060885  0.679654
3     7.0  8179.332729  542.256919  0.290344  0.932122  0.705573
4     8.0  7774.970493  661.463462  0.195859  0.827128  0.729503
5    10.0  7220.269390  812.889487  0.165811  0.713166  0.758363
6    12.0  7064.616077  855.443246  0.156068  0.590321  0.795472
7    13.0  6974.102007  854.593486  0.149641  0.469665  0.837913
8    15.0  6852.420218  839.157211  0.150544  0.422360  0.866241
9    16.0  6783.764085  757.667468  0.153296  0.403710  0.883033
10   18.0  6726.493847  779.591445  0.145353  0.409172  0.892754
11   20.0  6709.269578  775.873140  0.143392  0.393956  0.900611
12   21.0  6695.142820  747.116716  0.145275  0.406046  0.900245
13   23.0  6678.823450  759.830593  0.141763  0.403610  0.907847
14   24.0  6658.098486  736.602625  0.143901  0.398350  0.906919
15   26.0  6654.897490  731.950979  0.143521  0.407303  0.908703
16   27.0  6648.157119  733.164553  0.144977  0.418492  0.908772
17   29.0  6633.127861  732.229375  0.143942  0.409899  0.909997
18   31.0  6630.206011  724.668285  0.144306  0.409192  0.910533
19   32.0  6629.009721  725.177807  0.143791  0.414884  0.910391
20   34.0  6623.783994  724.469967  0.144650  0.423242  0.910646
21   35.0  6621.338191  720.092530  0.145189  0.423962  0.910243
22   37.0  6618.364782  716.257123  0.145629  0.421602  0.910875
23   39.0  6614.408628  720.884771  0.144375  0.417234  0.912044
24   40.0  6613.866982  720.972085  0.144102  0.417128  0.911742
25   42.0  6611.728714  719.998119  0.144228  0.413519  0.912153
26   43.0  6610.845401  714.863610  0.145244  0.417659  0.911679
27   45.0  6609.833379  717.654080  0.145411  0.420003  0.911920
28   46.0  6608.285930  717.268459  0.145714  0.422691  0.911854
29   48.0  6608.520315  718.128462  0.144886  0.424039  0.911967
Now val counter at: 4
Latent 0.1448857835153254   0.1449608071265505
BCE 0.4240394997887495 0.4170601455580574
lr: 2.7812838944369375e-06
lr: 2.503155504993244e-06
tracking changes
Validation stop evaluation
50436 49
    epoch          rec         kld    latent       bce       acc
0     2.0  8519.846784  486.950292  0.706972  1.301049  0.638330
1     4.0  8509.220315  480.125626  0.579421  1.188842  0.656396
2     5.0  8394.272073  480.982103  0.432624  1.060885  0.679654
3     7.0  8179.332729  542.256919  0.290344  0.932122  0.705573
4     8.0  7774.970493  661.463462  0.195859  0.827128  0.729503
5    10.0  7220.269390  812.889487  0.165811  0.713166  0.758363
6    12.0  7064.616077  855.443246  0.156068  0.590321  0.795472
7    13.0  6974.102007  854.593486  0.149641  0.469665  0.837913
8    15.0  6852.420218  839.157211  0.150544  0.422360  0.866241
9    16.0  6783.764085  757.667468  0.153296  0.403710  0.883033
10   18.0  6726.493847  779.591445  0.145353  0.409172  0.892754
11   20.0  6709.269578  775.873140  0.143392  0.393956  0.900611
12   21.0  6695.142820  747.116716  0.145275  0.406046  0.900245
13   23.0  6678.823450  759.830593  0.141763  0.403610  0.907847
14   24.0  6658.098486  736.602625  0.143901  0.398350  0.906919
15   26.0  6654.897490  731.950979  0.143521  0.407303  0.908703
16   27.0  6648.157119  733.164553  0.144977  0.418492  0.908772
17   29.0  6633.127861  732.229375  0.143942  0.409899  0.909997
18   31.0  6630.206011  724.668285  0.144306  0.409192  0.910533
19   32.0  6629.009721  725.177807  0.143791  0.414884  0.910391
20   34.0  6623.783994  724.469967  0.144650  0.423242  0.910646
21   35.0  6621.338191  720.092530  0.145189  0.423962  0.910243
22   37.0  6618.364782  716.257123  0.145629  0.421602  0.910875
23   39.0  6614.408628  720.884771  0.144375  0.417234  0.912044
24   40.0  6613.866982  720.972085  0.144102  0.417128  0.911742
25   42.0  6611.728714  719.998119  0.144228  0.413519  0.912153
26   43.0  6610.845401  714.863610  0.145244  0.417659  0.911679
27   45.0  6609.833379  717.654080  0.145411  0.420003  0.911920
28   46.0  6608.285930  717.268459  0.145714  0.422691  0.911854
29   48.0  6608.520315  718.128462  0.144886  0.424039  0.911967
30   50.0  6606.645960  717.560408  0.146698  0.434786  0.910673
Now val counter at: 5
Latent 0.14669821647609152   0.14545630282018243
BCE 0.4347858616733939 0.4201175592698379
lr: 2.2528399544939195e-06
tracking changes
Validation stop evaluation
52063 50
    epoch          rec         kld    latent       bce       acc
0     2.0  8519.846784  486.950292  0.706972  1.301049  0.638330
1     4.0  8509.220315  480.125626  0.579421  1.188842  0.656396
2     5.0  8394.272073  480.982103  0.432624  1.060885  0.679654
3     7.0  8179.332729  542.256919  0.290344  0.932122  0.705573
4     8.0  7774.970493  661.463462  0.195859  0.827128  0.729503
5    10.0  7220.269390  812.889487  0.165811  0.713166  0.758363
6    12.0  7064.616077  855.443246  0.156068  0.590321  0.795472
7    13.0  6974.102007  854.593486  0.149641  0.469665  0.837913
8    15.0  6852.420218  839.157211  0.150544  0.422360  0.866241
9    16.0  6783.764085  757.667468  0.153296  0.403710  0.883033
10   18.0  6726.493847  779.591445  0.145353  0.409172  0.892754
11   20.0  6709.269578  775.873140  0.143392  0.393956  0.900611
12   21.0  6695.142820  747.116716  0.145275  0.406046  0.900245
13   23.0  6678.823450  759.830593  0.141763  0.403610  0.907847
14   24.0  6658.098486  736.602625  0.143901  0.398350  0.906919
15   26.0  6654.897490  731.950979  0.143521  0.407303  0.908703
16   27.0  6648.157119  733.164553  0.144977  0.418492  0.908772
17   29.0  6633.127861  732.229375  0.143942  0.409899  0.909997
18   31.0  6630.206011  724.668285  0.144306  0.409192  0.910533
19   32.0  6629.009721  725.177807  0.143791  0.414884  0.910391
20   34.0  6623.783994  724.469967  0.144650  0.423242  0.910646
21   35.0  6621.338191  720.092530  0.145189  0.423962  0.910243
22   37.0  6618.364782  716.257123  0.145629  0.421602  0.910875
23   39.0  6614.408628  720.884771  0.144375  0.417234  0.912044
24   40.0  6613.866982  720.972085  0.144102  0.417128  0.911742
25   42.0  6611.728714  719.998119  0.144228  0.413519  0.912153
26   43.0  6610.845401  714.863610  0.145244  0.417659  0.911679
27   45.0  6609.833379  717.654080  0.145411  0.420003  0.911920
28   46.0  6608.285930  717.268459  0.145714  0.422691  0.911854
29   48.0  6608.520315  718.128462  0.144886  0.424039  0.911967
30   50.0  6606.645960  717.560408  0.146698  0.434786  0.910673
31   51.0  6605.543155  719.244131  0.145402  0.428605  0.911476
Latent 0.1454020930620713   0.14533691296005638
BCE 0.42860478913880945 0.42224443871477435
lr: 2.0275559590445276e-06
lr: 1.824800363140075e-06
tracking changes
Validation stop evaluation
53690 52
    epoch          rec         kld    latent       bce       acc
0     2.0  8519.846784  486.950292  0.706972  1.301049  0.638330
1     4.0  8509.220315  480.125626  0.579421  1.188842  0.656396
2     5.0  8394.272073  480.982103  0.432624  1.060885  0.679654
3     7.0  8179.332729  542.256919  0.290344  0.932122  0.705573
4     8.0  7774.970493  661.463462  0.195859  0.827128  0.729503
5    10.0  7220.269390  812.889487  0.165811  0.713166  0.758363
6    12.0  7064.616077  855.443246  0.156068  0.590321  0.795472
7    13.0  6974.102007  854.593486  0.149641  0.469665  0.837913
8    15.0  6852.420218  839.157211  0.150544  0.422360  0.866241
9    16.0  6783.764085  757.667468  0.153296  0.403710  0.883033
10   18.0  6726.493847  779.591445  0.145353  0.409172  0.892754
11   20.0  6709.269578  775.873140  0.143392  0.393956  0.900611
12   21.0  6695.142820  747.116716  0.145275  0.406046  0.900245
13   23.0  6678.823450  759.830593  0.141763  0.403610  0.907847
14   24.0  6658.098486  736.602625  0.143901  0.398350  0.906919
15   26.0  6654.897490  731.950979  0.143521  0.407303  0.908703
16   27.0  6648.157119  733.164553  0.144977  0.418492  0.908772
17   29.0  6633.127861  732.229375  0.143942  0.409899  0.909997
18   31.0  6630.206011  724.668285  0.144306  0.409192  0.910533
19   32.0  6629.009721  725.177807  0.143791  0.414884  0.910391
20   34.0  6623.783994  724.469967  0.144650  0.423242  0.910646
21   35.0  6621.338191  720.092530  0.145189  0.423962  0.910243
22   37.0  6618.364782  716.257123  0.145629  0.421602  0.910875
23   39.0  6614.408628  720.884771  0.144375  0.417234  0.912044
24   40.0  6613.866982  720.972085  0.144102  0.417128  0.911742
25   42.0  6611.728714  719.998119  0.144228  0.413519  0.912153
26   43.0  6610.845401  714.863610  0.145244  0.417659  0.911679
27   45.0  6609.833379  717.654080  0.145411  0.420003  0.911920
28   46.0  6608.285930  717.268459  0.145714  0.422691  0.911854
29   48.0  6608.520315  718.128462  0.144886  0.424039  0.911967
30   50.0  6606.645960  717.560408  0.146698  0.434786  0.910673
31   51.0  6605.543155  719.244131  0.145402  0.428605  0.911476
32   53.0  6607.796702  717.076675  0.145196  0.426157  0.911932
Latent 0.1451962612629906   0.14576614926743314
BCE 0.42615650666923055 0.4271720882434509
[52:54377]  loss_total_vae=7715.099  loss_recon=6577.185  loss_kld=778.303  loss_prediction=21.932  loss_true_values=337.679  loss_total_vae_epoch=7705.444  
Saved model at epoch 53
lr: 1.6423203268260674e-06
tracking changes
Validation stop evaluation
55317 53
    epoch          rec         kld    latent       bce       acc
0     2.0  8519.846784  486.950292  0.706972  1.301049  0.638330
1     4.0  8509.220315  480.125626  0.579421  1.188842  0.656396
2     5.0  8394.272073  480.982103  0.432624  1.060885  0.679654
3     7.0  8179.332729  542.256919  0.290344  0.932122  0.705573
4     8.0  7774.970493  661.463462  0.195859  0.827128  0.729503
5    10.0  7220.269390  812.889487  0.165811  0.713166  0.758363
6    12.0  7064.616077  855.443246  0.156068  0.590321  0.795472
7    13.0  6974.102007  854.593486  0.149641  0.469665  0.837913
8    15.0  6852.420218  839.157211  0.150544  0.422360  0.866241
9    16.0  6783.764085  757.667468  0.153296  0.403710  0.883033
10   18.0  6726.493847  779.591445  0.145353  0.409172  0.892754
11   20.0  6709.269578  775.873140  0.143392  0.393956  0.900611
12   21.0  6695.142820  747.116716  0.145275  0.406046  0.900245
13   23.0  6678.823450  759.830593  0.141763  0.403610  0.907847
14   24.0  6658.098486  736.602625  0.143901  0.398350  0.906919
15   26.0  6654.897490  731.950979  0.143521  0.407303  0.908703
16   27.0  6648.157119  733.164553  0.144977  0.418492  0.908772
17   29.0  6633.127861  732.229375  0.143942  0.409899  0.909997
18   31.0  6630.206011  724.668285  0.144306  0.409192  0.910533
19   32.0  6629.009721  725.177807  0.143791  0.414884  0.910391
20   34.0  6623.783994  724.469967  0.144650  0.423242  0.910646
21   35.0  6621.338191  720.092530  0.145189  0.423962  0.910243
22   37.0  6618.364782  716.257123  0.145629  0.421602  0.910875
23   39.0  6614.408628  720.884771  0.144375  0.417234  0.912044
24   40.0  6613.866982  720.972085  0.144102  0.417128  0.911742
25   42.0  6611.728714  719.998119  0.144228  0.413519  0.912153
26   43.0  6610.845401  714.863610  0.145244  0.417659  0.911679
27   45.0  6609.833379  717.654080  0.145411  0.420003  0.911920
28   46.0  6608.285930  717.268459  0.145714  0.422691  0.911854
29   48.0  6608.520315  718.128462  0.144886  0.424039  0.911967
30   50.0  6606.645960  717.560408  0.146698  0.434786  0.910673
31   51.0  6605.543155  719.244131  0.145402  0.428605  0.911476
32   53.0  6607.796702  717.076675  0.145196  0.426157  0.911932
33   54.0  6605.520473  718.104517  0.144961  0.419712  0.912462
[53:55403]  loss_total_vae=7899.649  loss_recon=6764.827  loss_kld=787.931  loss_prediction=13.148  loss_true_values=333.743  loss_total_vae_epoch=7710.116  
Saved model at epoch 54
lr: 1.4780882941434607e-06
[54:56429]  loss_total_vae=7858.060  loss_recon=6727.023  loss_kld=774.287  loss_prediction=17.406  loss_true_values=339.343  loss_total_vae_epoch=7711.241  
Saved model at epoch 55
lr: 1.3302794647291146e-06
tracking changes
Validation stop evaluation
56944 55
    epoch          rec         kld    latent       bce       acc
0     2.0  8519.846784  486.950292  0.706972  1.301049  0.638330
1     4.0  8509.220315  480.125626  0.579421  1.188842  0.656396
2     5.0  8394.272073  480.982103  0.432624  1.060885  0.679654
3     7.0  8179.332729  542.256919  0.290344  0.932122  0.705573
4     8.0  7774.970493  661.463462  0.195859  0.827128  0.729503
5    10.0  7220.269390  812.889487  0.165811  0.713166  0.758363
6    12.0  7064.616077  855.443246  0.156068  0.590321  0.795472
7    13.0  6974.102007  854.593486  0.149641  0.469665  0.837913
8    15.0  6852.420218  839.157211  0.150544  0.422360  0.866241
9    16.0  6783.764085  757.667468  0.153296  0.403710  0.883033
10   18.0  6726.493847  779.591445  0.145353  0.409172  0.892754
11   20.0  6709.269578  775.873140  0.143392  0.393956  0.900611
12   21.0  6695.142820  747.116716  0.145275  0.406046  0.900245
13   23.0  6678.823450  759.830593  0.141763  0.403610  0.907847
14   24.0  6658.098486  736.602625  0.143901  0.398350  0.906919
15   26.0  6654.897490  731.950979  0.143521  0.407303  0.908703
16   27.0  6648.157119  733.164553  0.144977  0.418492  0.908772
17   29.0  6633.127861  732.229375  0.143942  0.409899  0.909997
18   31.0  6630.206011  724.668285  0.144306  0.409192  0.910533
19   32.0  6629.009721  725.177807  0.143791  0.414884  0.910391
20   34.0  6623.783994  724.469967  0.144650  0.423242  0.910646
21   35.0  6621.338191  720.092530  0.145189  0.423962  0.910243
22   37.0  6618.364782  716.257123  0.145629  0.421602  0.910875
23   39.0  6614.408628  720.884771  0.144375  0.417234  0.912044
24   40.0  6613.866982  720.972085  0.144102  0.417128  0.911742
25   42.0  6611.728714  719.998119  0.144228  0.413519  0.912153
26   43.0  6610.845401  714.863610  0.145244  0.417659  0.911679
27   45.0  6609.833379  717.654080  0.145411  0.420003  0.911920
28   46.0  6608.285930  717.268459  0.145714  0.422691  0.911854
29   48.0  6608.520315  718.128462  0.144886  0.424039  0.911967
30   50.0  6606.645960  717.560408  0.146698  0.434786  0.910673
31   51.0  6605.543155  719.244131  0.145402  0.428605  0.911476
32   53.0  6607.796702  717.076675  0.145196  0.426157  0.911932
33   54.0  6605.520473  718.104517  0.144961  0.419712  0.912462
34   56.0  6606.800285  717.123647  0.145087  0.423441  0.911874
Now val counter at: 1
Latent 0.14508714866105135   0.14576552360038444
BCE 0.42344103765681507 0.4298490524938113
[55:57455]  loss_total_vae=7713.549  loss_recon=6577.815  loss_kld=788.392  loss_prediction=12.879  loss_true_values=334.463  loss_total_vae_epoch=7710.150  
Saved model at epoch 56
lr: 1.1972515182562032e-06
[56:58481]  loss_total_vae=7768.746  loss_recon=6639.964  loss_kld=778.567  loss_prediction=12.859  loss_true_values=337.355  loss_total_vae_epoch=7714.332  
Saved model at epoch 57
lr: 1.0775263664305828e-06
tracking changes
Validation stop evaluation
58571 57
    epoch          rec         kld    latent       bce       acc
0     2.0  8519.846784  486.950292  0.706972  1.301049  0.638330
1     4.0  8509.220315  480.125626  0.579421  1.188842  0.656396
2     5.0  8394.272073  480.982103  0.432624  1.060885  0.679654
3     7.0  8179.332729  542.256919  0.290344  0.932122  0.705573
4     8.0  7774.970493  661.463462  0.195859  0.827128  0.729503
5    10.0  7220.269390  812.889487  0.165811  0.713166  0.758363
6    12.0  7064.616077  855.443246  0.156068  0.590321  0.795472
7    13.0  6974.102007  854.593486  0.149641  0.469665  0.837913
8    15.0  6852.420218  839.157211  0.150544  0.422360  0.866241
9    16.0  6783.764085  757.667468  0.153296  0.403710  0.883033
10   18.0  6726.493847  779.591445  0.145353  0.409172  0.892754
11   20.0  6709.269578  775.873140  0.143392  0.393956  0.900611
12   21.0  6695.142820  747.116716  0.145275  0.406046  0.900245
13   23.0  6678.823450  759.830593  0.141763  0.403610  0.907847
14   24.0  6658.098486  736.602625  0.143901  0.398350  0.906919
15   26.0  6654.897490  731.950979  0.143521  0.407303  0.908703
16   27.0  6648.157119  733.164553  0.144977  0.418492  0.908772
17   29.0  6633.127861  732.229375  0.143942  0.409899  0.909997
18   31.0  6630.206011  724.668285  0.144306  0.409192  0.910533
19   32.0  6629.009721  725.177807  0.143791  0.414884  0.910391
20   34.0  6623.783994  724.469967  0.144650  0.423242  0.910646
21   35.0  6621.338191  720.092530  0.145189  0.423962  0.910243
22   37.0  6618.364782  716.257123  0.145629  0.421602  0.910875
23   39.0  6614.408628  720.884771  0.144375  0.417234  0.912044
24   40.0  6613.866982  720.972085  0.144102  0.417128  0.911742
25   42.0  6611.728714  719.998119  0.144228  0.413519  0.912153
26   43.0  6610.845401  714.863610  0.145244  0.417659  0.911679
27   45.0  6609.833379  717.654080  0.145411  0.420003  0.911920
28   46.0  6608.285930  717.268459  0.145714  0.422691  0.911854
29   48.0  6608.520315  718.128462  0.144886  0.424039  0.911967
30   50.0  6606.645960  717.560408  0.146698  0.434786  0.910673
31   51.0  6605.543155  719.244131  0.145402  0.428605  0.911476
32   53.0  6607.796702  717.076675  0.145196  0.426157  0.911932
33   54.0  6605.520473  718.104517  0.144961  0.419712  0.912462
34   56.0  6606.800285  717.123647  0.145087  0.423441  0.911874
35   58.0  6606.350000  716.316207  0.145315  0.424620  0.912095
Now val counter at: 1
Latent 0.1453145048240336   0.14518639657313262
BCE 0.42461984695457833 0.4248245025311059
lr: 9.697737297875246e-07
tracking changes
Validation stop evaluation
60198 58
    epoch          rec         kld    latent       bce       acc
0     2.0  8519.846784  486.950292  0.706972  1.301049  0.638330
1     4.0  8509.220315  480.125626  0.579421  1.188842  0.656396
2     5.0  8394.272073  480.982103  0.432624  1.060885  0.679654
3     7.0  8179.332729  542.256919  0.290344  0.932122  0.705573
4     8.0  7774.970493  661.463462  0.195859  0.827128  0.729503
5    10.0  7220.269390  812.889487  0.165811  0.713166  0.758363
6    12.0  7064.616077  855.443246  0.156068  0.590321  0.795472
7    13.0  6974.102007  854.593486  0.149641  0.469665  0.837913
8    15.0  6852.420218  839.157211  0.150544  0.422360  0.866241
9    16.0  6783.764085  757.667468  0.153296  0.403710  0.883033
10   18.0  6726.493847  779.591445  0.145353  0.409172  0.892754
11   20.0  6709.269578  775.873140  0.143392  0.393956  0.900611
12   21.0  6695.142820  747.116716  0.145275  0.406046  0.900245
13   23.0  6678.823450  759.830593  0.141763  0.403610  0.907847
14   24.0  6658.098486  736.602625  0.143901  0.398350  0.906919
15   26.0  6654.897490  731.950979  0.143521  0.407303  0.908703
16   27.0  6648.157119  733.164553  0.144977  0.418492  0.908772
17   29.0  6633.127861  732.229375  0.143942  0.409899  0.909997
18   31.0  6630.206011  724.668285  0.144306  0.409192  0.910533
19   32.0  6629.009721  725.177807  0.143791  0.414884  0.910391
20   34.0  6623.783994  724.469967  0.144650  0.423242  0.910646
21   35.0  6621.338191  720.092530  0.145189  0.423962  0.910243
22   37.0  6618.364782  716.257123  0.145629  0.421602  0.910875
23   39.0  6614.408628  720.884771  0.144375  0.417234  0.912044
24   40.0  6613.866982  720.972085  0.144102  0.417128  0.911742
25   42.0  6611.728714  719.998119  0.144228  0.413519  0.912153
26   43.0  6610.845401  714.863610  0.145244  0.417659  0.911679
27   45.0  6609.833379  717.654080  0.145411  0.420003  0.911920
28   46.0  6608.285930  717.268459  0.145714  0.422691  0.911854
29   48.0  6608.520315  718.128462  0.144886  0.424039  0.911967
30   50.0  6606.645960  717.560408  0.146698  0.434786  0.910673
31   51.0  6605.543155  719.244131  0.145402  0.428605  0.911476
32   53.0  6607.796702  717.076675  0.145196  0.426157  0.911932
33   54.0  6605.520473  718.104517  0.144961  0.419712  0.912462
34   56.0  6606.800285  717.123647  0.145087  0.423441  0.911874
35   58.0  6606.350000  716.316207  0.145315  0.424620  0.912095
36   59.0  6606.823465  714.788160  0.145205  0.424141  0.912009
Latent 0.14520505434129297   0.14508141510612596
BCE 0.42414133335516707 0.4231032520371077
lr: 8.727963568087721e-07
lr: 7.855167211278949e-07
tracking changes
Validation stop evaluation
61825 60
    epoch          rec         kld    latent       bce       acc
0     2.0  8519.846784  486.950292  0.706972  1.301049  0.638330
1     4.0  8509.220315  480.125626  0.579421  1.188842  0.656396
2     5.0  8394.272073  480.982103  0.432624  1.060885  0.679654
3     7.0  8179.332729  542.256919  0.290344  0.932122  0.705573
4     8.0  7774.970493  661.463462  0.195859  0.827128  0.729503
5    10.0  7220.269390  812.889487  0.165811  0.713166  0.758363
6    12.0  7064.616077  855.443246  0.156068  0.590321  0.795472
7    13.0  6974.102007  854.593486  0.149641  0.469665  0.837913
8    15.0  6852.420218  839.157211  0.150544  0.422360  0.866241
9    16.0  6783.764085  757.667468  0.153296  0.403710  0.883033
10   18.0  6726.493847  779.591445  0.145353  0.409172  0.892754
11   20.0  6709.269578  775.873140  0.143392  0.393956  0.900611
12   21.0  6695.142820  747.116716  0.145275  0.406046  0.900245
13   23.0  6678.823450  759.830593  0.141763  0.403610  0.907847
14   24.0  6658.098486  736.602625  0.143901  0.398350  0.906919
15   26.0  6654.897490  731.950979  0.143521  0.407303  0.908703
16   27.0  6648.157119  733.164553  0.144977  0.418492  0.908772
17   29.0  6633.127861  732.229375  0.143942  0.409899  0.909997
18   31.0  6630.206011  724.668285  0.144306  0.409192  0.910533
19   32.0  6629.009721  725.177807  0.143791  0.414884  0.910391
20   34.0  6623.783994  724.469967  0.144650  0.423242  0.910646
21   35.0  6621.338191  720.092530  0.145189  0.423962  0.910243
22   37.0  6618.364782  716.257123  0.145629  0.421602  0.910875
23   39.0  6614.408628  720.884771  0.144375  0.417234  0.912044
24   40.0  6613.866982  720.972085  0.144102  0.417128  0.911742
25   42.0  6611.728714  719.998119  0.144228  0.413519  0.912153
26   43.0  6610.845401  714.863610  0.145244  0.417659  0.911679
27   45.0  6609.833379  717.654080  0.145411  0.420003  0.911920
28   46.0  6608.285930  717.268459  0.145714  0.422691  0.911854
29   48.0  6608.520315  718.128462  0.144886  0.424039  0.911967
30   50.0  6606.645960  717.560408  0.146698  0.434786  0.910673
31   51.0  6605.543155  719.244131  0.145402  0.428605  0.911476
32   53.0  6607.796702  717.076675  0.145196  0.426157  0.911932
33   54.0  6605.520473  718.104517  0.144961  0.419712  0.912462
34   56.0  6606.800285  717.123647  0.145087  0.423441  0.911874
35   58.0  6606.350000  716.316207  0.145315  0.424620  0.912095
36   59.0  6606.823465  714.788160  0.145205  0.424141  0.912009
37   61.0  6607.729583  712.401594  0.145643  0.421282  0.912244
Now val counter at: 2
Latent 0.1456431702263956   0.14512082962647366
BCE 0.42128164363585835 0.4225910321322237
lr: 7.069650490151055e-07
tracking changes
Validation stop evaluation
63452 61
    epoch          rec         kld    latent       bce       acc
0     2.0  8519.846784  486.950292  0.706972  1.301049  0.638330
1     4.0  8509.220315  480.125626  0.579421  1.188842  0.656396
2     5.0  8394.272073  480.982103  0.432624  1.060885  0.679654
3     7.0  8179.332729  542.256919  0.290344  0.932122  0.705573
4     8.0  7774.970493  661.463462  0.195859  0.827128  0.729503
5    10.0  7220.269390  812.889487  0.165811  0.713166  0.758363
6    12.0  7064.616077  855.443246  0.156068  0.590321  0.795472
7    13.0  6974.102007  854.593486  0.149641  0.469665  0.837913
8    15.0  6852.420218  839.157211  0.150544  0.422360  0.866241
9    16.0  6783.764085  757.667468  0.153296  0.403710  0.883033
10   18.0  6726.493847  779.591445  0.145353  0.409172  0.892754
11   20.0  6709.269578  775.873140  0.143392  0.393956  0.900611
12   21.0  6695.142820  747.116716  0.145275  0.406046  0.900245
13   23.0  6678.823450  759.830593  0.141763  0.403610  0.907847
14   24.0  6658.098486  736.602625  0.143901  0.398350  0.906919
15   26.0  6654.897490  731.950979  0.143521  0.407303  0.908703
16   27.0  6648.157119  733.164553  0.144977  0.418492  0.908772
17   29.0  6633.127861  732.229375  0.143942  0.409899  0.909997
18   31.0  6630.206011  724.668285  0.144306  0.409192  0.910533
19   32.0  6629.009721  725.177807  0.143791  0.414884  0.910391
20   34.0  6623.783994  724.469967  0.144650  0.423242  0.910646
21   35.0  6621.338191  720.092530  0.145189  0.423962  0.910243
22   37.0  6618.364782  716.257123  0.145629  0.421602  0.910875
23   39.0  6614.408628  720.884771  0.144375  0.417234  0.912044
24   40.0  6613.866982  720.972085  0.144102  0.417128  0.911742
25   42.0  6611.728714  719.998119  0.144228  0.413519  0.912153
26   43.0  6610.845401  714.863610  0.145244  0.417659  0.911679
27   45.0  6609.833379  717.654080  0.145411  0.420003  0.911920
28   46.0  6608.285930  717.268459  0.145714  0.422691  0.911854
29   48.0  6608.520315  718.128462  0.144886  0.424039  0.911967
30   50.0  6606.645960  717.560408  0.146698  0.434786  0.910673
31   51.0  6605.543155  719.244131  0.145402  0.428605  0.911476
32   53.0  6607.796702  717.076675  0.145196  0.426157  0.911932
33   54.0  6605.520473  718.104517  0.144961  0.419712  0.912462
34   56.0  6606.800285  717.123647  0.145087  0.423441  0.911874
35   58.0  6606.350000  716.316207  0.145315  0.424620  0.912095
36   59.0  6606.823465  714.788160  0.145205  0.424141  0.912009
37   61.0  6607.729583  712.401594  0.145643  0.421282  0.912244
38   62.0  6606.318135  716.500074  0.145936  0.427046  0.911931
Now val counter at: 3
Latent 0.14593637268233106   0.14520223594212597
BCE 0.42704596352286456 0.42406740598885345
lr: 6.362685441135949e-07
lr: 5.726416897022355e-07
tracking changes
Validation stop evaluation
65079 63
    epoch          rec         kld    latent       bce       acc
0     2.0  8519.846784  486.950292  0.706972  1.301049  0.638330
1     4.0  8509.220315  480.125626  0.579421  1.188842  0.656396
2     5.0  8394.272073  480.982103  0.432624  1.060885  0.679654
3     7.0  8179.332729  542.256919  0.290344  0.932122  0.705573
4     8.0  7774.970493  661.463462  0.195859  0.827128  0.729503
5    10.0  7220.269390  812.889487  0.165811  0.713166  0.758363
6    12.0  7064.616077  855.443246  0.156068  0.590321  0.795472
7    13.0  6974.102007  854.593486  0.149641  0.469665  0.837913
8    15.0  6852.420218  839.157211  0.150544  0.422360  0.866241
9    16.0  6783.764085  757.667468  0.153296  0.403710  0.883033
10   18.0  6726.493847  779.591445  0.145353  0.409172  0.892754
11   20.0  6709.269578  775.873140  0.143392  0.393956  0.900611
12   21.0  6695.142820  747.116716  0.145275  0.406046  0.900245
13   23.0  6678.823450  759.830593  0.141763  0.403610  0.907847
14   24.0  6658.098486  736.602625  0.143901  0.398350  0.906919
15   26.0  6654.897490  731.950979  0.143521  0.407303  0.908703
16   27.0  6648.157119  733.164553  0.144977  0.418492  0.908772
17   29.0  6633.127861  732.229375  0.143942  0.409899  0.909997
18   31.0  6630.206011  724.668285  0.144306  0.409192  0.910533
19   32.0  6629.009721  725.177807  0.143791  0.414884  0.910391
20   34.0  6623.783994  724.469967  0.144650  0.423242  0.910646
21   35.0  6621.338191  720.092530  0.145189  0.423962  0.910243
22   37.0  6618.364782  716.257123  0.145629  0.421602  0.910875
23   39.0  6614.408628  720.884771  0.144375  0.417234  0.912044
24   40.0  6613.866982  720.972085  0.144102  0.417128  0.911742
25   42.0  6611.728714  719.998119  0.144228  0.413519  0.912153
26   43.0  6610.845401  714.863610  0.145244  0.417659  0.911679
27   45.0  6609.833379  717.654080  0.145411  0.420003  0.911920
28   46.0  6608.285930  717.268459  0.145714  0.422691  0.911854
29   48.0  6608.520315  718.128462  0.144886  0.424039  0.911967
30   50.0  6606.645960  717.560408  0.146698  0.434786  0.910673
31   51.0  6605.543155  719.244131  0.145402  0.428605  0.911476
32   53.0  6607.796702  717.076675  0.145196  0.426157  0.911932
33   54.0  6605.520473  718.104517  0.144961  0.419712  0.912462
34   56.0  6606.800285  717.123647  0.145087  0.423441  0.911874
35   58.0  6606.350000  716.316207  0.145315  0.424620  0.912095
36   59.0  6606.823465  714.788160  0.145205  0.424141  0.912009
37   61.0  6607.729583  712.401594  0.145643  0.421282  0.912244
38   62.0  6606.318135  716.500074  0.145936  0.427046  0.911931
39   64.0  6606.135615  713.687004  0.145089  0.422664  0.912273
Latent 0.14508913614885594   0.1453875764639074
BCE 0.4226641684043698 0.42334760798186793
[63:65663]  loss_total_vae=7417.909  loss_recon=6278.415  loss_kld=771.493  loss_prediction=26.433  loss_true_values=341.568  loss_total_vae_epoch=7709.199  
Saved model at epoch 64
lr: 5.15377520732012e-07
[64:66689]  loss_total_vae=7657.569  loss_recon=6525.317  loss_kld=779.970  loss_prediction=22.000  loss_true_values=330.281  loss_total_vae_epoch=7705.204  
Saved model at epoch 65
lr: 4.638397686588108e-07
tracking changes
Validation stop evaluation
66706 65
    epoch          rec         kld    latent       bce       acc
0     2.0  8519.846784  486.950292  0.706972  1.301049  0.638330
1     4.0  8509.220315  480.125626  0.579421  1.188842  0.656396
2     5.0  8394.272073  480.982103  0.432624  1.060885  0.679654
3     7.0  8179.332729  542.256919  0.290344  0.932122  0.705573
4     8.0  7774.970493  661.463462  0.195859  0.827128  0.729503
5    10.0  7220.269390  812.889487  0.165811  0.713166  0.758363
6    12.0  7064.616077  855.443246  0.156068  0.590321  0.795472
7    13.0  6974.102007  854.593486  0.149641  0.469665  0.837913
8    15.0  6852.420218  839.157211  0.150544  0.422360  0.866241
9    16.0  6783.764085  757.667468  0.153296  0.403710  0.883033
10   18.0  6726.493847  779.591445  0.145353  0.409172  0.892754
11   20.0  6709.269578  775.873140  0.143392  0.393956  0.900611
12   21.0  6695.142820  747.116716  0.145275  0.406046  0.900245
13   23.0  6678.823450  759.830593  0.141763  0.403610  0.907847
14   24.0  6658.098486  736.602625  0.143901  0.398350  0.906919
15   26.0  6654.897490  731.950979  0.143521  0.407303  0.908703
16   27.0  6648.157119  733.164553  0.144977  0.418492  0.908772
17   29.0  6633.127861  732.229375  0.143942  0.409899  0.909997
18   31.0  6630.206011  724.668285  0.144306  0.409192  0.910533
19   32.0  6629.009721  725.177807  0.143791  0.414884  0.910391
20   34.0  6623.783994  724.469967  0.144650  0.423242  0.910646
21   35.0  6621.338191  720.092530  0.145189  0.423962  0.910243
22   37.0  6618.364782  716.257123  0.145629  0.421602  0.910875
23   39.0  6614.408628  720.884771  0.144375  0.417234  0.912044
24   40.0  6613.866982  720.972085  0.144102  0.417128  0.911742
25   42.0  6611.728714  719.998119  0.144228  0.413519  0.912153
26   43.0  6610.845401  714.863610  0.145244  0.417659  0.911679
27   45.0  6609.833379  717.654080  0.145411  0.420003  0.911920
28   46.0  6608.285930  717.268459  0.145714  0.422691  0.911854
29   48.0  6608.520315  718.128462  0.144886  0.424039  0.911967
30   50.0  6606.645960  717.560408  0.146698  0.434786  0.910673
31   51.0  6605.543155  719.244131  0.145402  0.428605  0.911476
32   53.0  6607.796702  717.076675  0.145196  0.426157  0.911932
33   54.0  6605.520473  718.104517  0.144961  0.419712  0.912462
34   56.0  6606.800285  717.123647  0.145087  0.423441  0.911874
35   58.0  6606.350000  716.316207  0.145315  0.424620  0.912095
36   59.0  6606.823465  714.788160  0.145205  0.424141  0.912009
37   61.0  6607.729583  712.401594  0.145643  0.421282  0.912244
38   62.0  6606.318135  716.500074  0.145936  0.427046  0.911931
39   64.0  6606.135615  713.687004  0.145089  0.422664  0.912273
40   66.0  6606.223420  715.407618  0.145293  0.426007  0.912229
Now val counter at: 1
Latent 0.14529304703076681   0.14559486575000655
BCE 0.426006607771889 0.42415631350463
lr: 4.1745579179292974e-07
tracking changes
Validation stop evaluation
68333 66
    epoch          rec         kld    latent       bce       acc
0     2.0  8519.846784  486.950292  0.706972  1.301049  0.638330
1     4.0  8509.220315  480.125626  0.579421  1.188842  0.656396
2     5.0  8394.272073  480.982103  0.432624  1.060885  0.679654
3     7.0  8179.332729  542.256919  0.290344  0.932122  0.705573
4     8.0  7774.970493  661.463462  0.195859  0.827128  0.729503
5    10.0  7220.269390  812.889487  0.165811  0.713166  0.758363
6    12.0  7064.616077  855.443246  0.156068  0.590321  0.795472
7    13.0  6974.102007  854.593486  0.149641  0.469665  0.837913
8    15.0  6852.420218  839.157211  0.150544  0.422360  0.866241
9    16.0  6783.764085  757.667468  0.153296  0.403710  0.883033
10   18.0  6726.493847  779.591445  0.145353  0.409172  0.892754
11   20.0  6709.269578  775.873140  0.143392  0.393956  0.900611
12   21.0  6695.142820  747.116716  0.145275  0.406046  0.900245
13   23.0  6678.823450  759.830593  0.141763  0.403610  0.907847
14   24.0  6658.098486  736.602625  0.143901  0.398350  0.906919
15   26.0  6654.897490  731.950979  0.143521  0.407303  0.908703
16   27.0  6648.157119  733.164553  0.144977  0.418492  0.908772
17   29.0  6633.127861  732.229375  0.143942  0.409899  0.909997
18   31.0  6630.206011  724.668285  0.144306  0.409192  0.910533
19   32.0  6629.009721  725.177807  0.143791  0.414884  0.910391
20   34.0  6623.783994  724.469967  0.144650  0.423242  0.910646
21   35.0  6621.338191  720.092530  0.145189  0.423962  0.910243
22   37.0  6618.364782  716.257123  0.145629  0.421602  0.910875
23   39.0  6614.408628  720.884771  0.144375  0.417234  0.912044
24   40.0  6613.866982  720.972085  0.144102  0.417128  0.911742
25   42.0  6611.728714  719.998119  0.144228  0.413519  0.912153
26   43.0  6610.845401  714.863610  0.145244  0.417659  0.911679
27   45.0  6609.833379  717.654080  0.145411  0.420003  0.911920
28   46.0  6608.285930  717.268459  0.145714  0.422691  0.911854
29   48.0  6608.520315  718.128462  0.144886  0.424039  0.911967
30   50.0  6606.645960  717.560408  0.146698  0.434786  0.910673
31   51.0  6605.543155  719.244131  0.145402  0.428605  0.911476
32   53.0  6607.796702  717.076675  0.145196  0.426157  0.911932
33   54.0  6605.520473  718.104517  0.144961  0.419712  0.912462
34   56.0  6606.800285  717.123647  0.145087  0.423441  0.911874
35   58.0  6606.350000  716.316207  0.145315  0.424620  0.912095
36   59.0  6606.823465  714.788160  0.145205  0.424141  0.912009
37   61.0  6607.729583  712.401594  0.145643  0.421282  0.912244
38   62.0  6606.318135  716.500074  0.145936  0.427046  0.911931
39   64.0  6606.135615  713.687004  0.145089  0.422664  0.912273
40   66.0  6606.223420  715.407618  0.145293  0.426007  0.912229
41   67.0  6604.974710  716.841991  0.145780  0.428774  0.911904
Now val counter at: 2
Latent 0.14578020136530806   0.14555622635252755
BCE 0.42877361396463903 0.42366392518769763
lr: 3.7571021261363677e-07
lr: 3.3813919135227313e-07
tracking changes
Validation stop evaluation
69960 68
    epoch          rec         kld    latent       bce       acc
0     2.0  8519.846784  486.950292  0.706972  1.301049  0.638330
1     4.0  8509.220315  480.125626  0.579421  1.188842  0.656396
2     5.0  8394.272073  480.982103  0.432624  1.060885  0.679654
3     7.0  8179.332729  542.256919  0.290344  0.932122  0.705573
4     8.0  7774.970493  661.463462  0.195859  0.827128  0.729503
5    10.0  7220.269390  812.889487  0.165811  0.713166  0.758363
6    12.0  7064.616077  855.443246  0.156068  0.590321  0.795472
7    13.0  6974.102007  854.593486  0.149641  0.469665  0.837913
8    15.0  6852.420218  839.157211  0.150544  0.422360  0.866241
9    16.0  6783.764085  757.667468  0.153296  0.403710  0.883033
10   18.0  6726.493847  779.591445  0.145353  0.409172  0.892754
11   20.0  6709.269578  775.873140  0.143392  0.393956  0.900611
12   21.0  6695.142820  747.116716  0.145275  0.406046  0.900245
13   23.0  6678.823450  759.830593  0.141763  0.403610  0.907847
14   24.0  6658.098486  736.602625  0.143901  0.398350  0.906919
15   26.0  6654.897490  731.950979  0.143521  0.407303  0.908703
16   27.0  6648.157119  733.164553  0.144977  0.418492  0.908772
17   29.0  6633.127861  732.229375  0.143942  0.409899  0.909997
18   31.0  6630.206011  724.668285  0.144306  0.409192  0.910533
19   32.0  6629.009721  725.177807  0.143791  0.414884  0.910391
20   34.0  6623.783994  724.469967  0.144650  0.423242  0.910646
21   35.0  6621.338191  720.092530  0.145189  0.423962  0.910243
22   37.0  6618.364782  716.257123  0.145629  0.421602  0.910875
23   39.0  6614.408628  720.884771  0.144375  0.417234  0.912044
24   40.0  6613.866982  720.972085  0.144102  0.417128  0.911742
25   42.0  6611.728714  719.998119  0.144228  0.413519  0.912153
26   43.0  6610.845401  714.863610  0.145244  0.417659  0.911679
27   45.0  6609.833379  717.654080  0.145411  0.420003  0.911920
28   46.0  6608.285930  717.268459  0.145714  0.422691  0.911854
29   48.0  6608.520315  718.128462  0.144886  0.424039  0.911967
30   50.0  6606.645960  717.560408  0.146698  0.434786  0.910673
31   51.0  6605.543155  719.244131  0.145402  0.428605  0.911476
32   53.0  6607.796702  717.076675  0.145196  0.426157  0.911932
33   54.0  6605.520473  718.104517  0.144961  0.419712  0.912462
34   56.0  6606.800285  717.123647  0.145087  0.423441  0.911874
35   58.0  6606.350000  716.316207  0.145315  0.424620  0.912095
36   59.0  6606.823465  714.788160  0.145205  0.424141  0.912009
37   61.0  6607.729583  712.401594  0.145643  0.421282  0.912244
38   62.0  6606.318135  716.500074  0.145936  0.427046  0.911931
39   64.0  6606.135615  713.687004  0.145089  0.422664  0.912273
40   66.0  6606.223420  715.407618  0.145293  0.426007  0.912229
41   67.0  6604.974710  716.841991  0.145780  0.428774  0.911904
42   69.0  6604.022978  715.283307  0.145288  0.424806  0.912289
Latent 0.14528755352991382   0.14543951862065127
BCE 0.42480622171386473 0.42523891323304114
[68:70793]  loss_total_vae=7797.948  loss_recon=6656.851  loss_kld=774.610  loss_prediction=19.413  loss_true_values=347.074  loss_total_vae_epoch=7706.481  
Saved model at epoch 69
lr: 3.043252722170458e-07
tracking changes
Validation stop evaluation
71587 69
    epoch          rec         kld    latent       bce       acc
0     2.0  8519.846784  486.950292  0.706972  1.301049  0.638330
1     4.0  8509.220315  480.125626  0.579421  1.188842  0.656396
2     5.0  8394.272073  480.982103  0.432624  1.060885  0.679654
3     7.0  8179.332729  542.256919  0.290344  0.932122  0.705573
4     8.0  7774.970493  661.463462  0.195859  0.827128  0.729503
5    10.0  7220.269390  812.889487  0.165811  0.713166  0.758363
6    12.0  7064.616077  855.443246  0.156068  0.590321  0.795472
7    13.0  6974.102007  854.593486  0.149641  0.469665  0.837913
8    15.0  6852.420218  839.157211  0.150544  0.422360  0.866241
9    16.0  6783.764085  757.667468  0.153296  0.403710  0.883033
10   18.0  6726.493847  779.591445  0.145353  0.409172  0.892754
11   20.0  6709.269578  775.873140  0.143392  0.393956  0.900611
12   21.0  6695.142820  747.116716  0.145275  0.406046  0.900245
13   23.0  6678.823450  759.830593  0.141763  0.403610  0.907847
14   24.0  6658.098486  736.602625  0.143901  0.398350  0.906919
15   26.0  6654.897490  731.950979  0.143521  0.407303  0.908703
16   27.0  6648.157119  733.164553  0.144977  0.418492  0.908772
17   29.0  6633.127861  732.229375  0.143942  0.409899  0.909997
18   31.0  6630.206011  724.668285  0.144306  0.409192  0.910533
19   32.0  6629.009721  725.177807  0.143791  0.414884  0.910391
20   34.0  6623.783994  724.469967  0.144650  0.423242  0.910646
21   35.0  6621.338191  720.092530  0.145189  0.423962  0.910243
22   37.0  6618.364782  716.257123  0.145629  0.421602  0.910875
23   39.0  6614.408628  720.884771  0.144375  0.417234  0.912044
24   40.0  6613.866982  720.972085  0.144102  0.417128  0.911742
25   42.0  6611.728714  719.998119  0.144228  0.413519  0.912153
26   43.0  6610.845401  714.863610  0.145244  0.417659  0.911679
27   45.0  6609.833379  717.654080  0.145411  0.420003  0.911920
28   46.0  6608.285930  717.268459  0.145714  0.422691  0.911854
29   48.0  6608.520315  718.128462  0.144886  0.424039  0.911967
30   50.0  6606.645960  717.560408  0.146698  0.434786  0.910673
31   51.0  6605.543155  719.244131  0.145402  0.428605  0.911476
32   53.0  6607.796702  717.076675  0.145196  0.426157  0.911932
33   54.0  6605.520473  718.104517  0.144961  0.419712  0.912462
34   56.0  6606.800285  717.123647  0.145087  0.423441  0.911874
35   58.0  6606.350000  716.316207  0.145315  0.424620  0.912095
36   59.0  6606.823465  714.788160  0.145205  0.424141  0.912009
37   61.0  6607.729583  712.401594  0.145643  0.421282  0.912244
38   62.0  6606.318135  716.500074  0.145936  0.427046  0.911931
39   64.0  6606.135615  713.687004  0.145089  0.422664  0.912273
40   66.0  6606.223420  715.407618  0.145293  0.426007  0.912229
41   67.0  6604.974710  716.841991  0.145780  0.428774  0.911904
42   69.0  6604.022978  715.283307  0.145288  0.424806  0.912289
43   70.0  6603.641148  714.948166  0.145934  0.425266  0.911663
Now val counter at: 1
Latent 0.14593405567291307   0.14538746151497692
BCE 0.425265770375244 0.4258147967136326
lr: 2.7389274499534124e-07
