0
Pre-Processing CelebA
labels (202599, 32)
All classes percentages: [0.04671790087808923, 0.20471966791543889, 0.15843612258698217, 0.05444251945962221, 0.1816395934826924, 0.05528161540777595, 0.011248821563778696, 0.0946105360835937, 0.08755225840206517, 0.1053509642199616]
Initialized CBM_Join model
## Initializing Train indexes
::path chosen -> logs/celebA__CBM_Join__2022_05/03-12-32/train_runs
Losses: {'total_vae': tensor(2.3585, device='cuda:0', grad_fn=<AddBackward0>), 'total': 0, 'prediction': tensor(2.3585, device='cuda:0', grad_fn=<MulBackward0>), 'true_values': tensor(-1)}
Losses: {'total_vae': tensor(2.3181, device='cuda:0', grad_fn=<AddBackward0>), 'total': 0, 'prediction': tensor(2.3181, device='cuda:0', grad_fn=<MulBackward0>), 'true_values': tensor(-1)}
Losses: {'total_vae': tensor(2.2845, device='cuda:0', grad_fn=<AddBackward0>), 'total': 0, 'prediction': tensor(2.2845, device='cuda:0', grad_fn=<MulBackward0>), 'true_values': tensor(-1)}
Losses: {'total_vae': tensor(2.2507, device='cuda:0', grad_fn=<AddBackward0>), 'total': 0, 'prediction': tensor(2.2507, device='cuda:0', grad_fn=<MulBackward0>), 'true_values': tensor(-1)}
[0:1619]  loss_total_vae=2.215  loss_total=0.000  loss_prediction=2.215  loss_true_values=-1.000  loss_total_vae_epoch=2.302  
Done testing
Saved test_metrics
Losses: {'total_vae': tensor(2.2168, device='cuda:0', grad_fn=<AddBackward0>), 'total': 0, 'prediction': tensor(2.2168, device='cuda:0', grad_fn=<MulBackward0>), 'true_values': tensor(-1)}
Losses: {'total_vae': tensor(2.1471, device='cuda:0', grad_fn=<AddBackward0>), 'total': 0, 'prediction': tensor(2.1471, device='cuda:0', grad_fn=<MulBackward0>), 'true_values': tensor(-1)}
Losses: {'total_vae': tensor(2.0909, device='cuda:0', grad_fn=<AddBackward0>), 'total': 0, 'prediction': tensor(2.0909, device='cuda:0', grad_fn=<MulBackward0>), 'true_values': tensor(-1)}
Losses: {'total_vae': tensor(2.0441, device='cuda:0', grad_fn=<AddBackward0>), 'total': 0, 'prediction': tensor(2.0441, device='cuda:0', grad_fn=<MulBackward0>), 'true_values': tensor(-1)}
[1:3239]  loss_total_vae=2.006  loss_total=0.000  loss_prediction=2.006  loss_true_values=-1.000  loss_total_vae_epoch=2.098  
Done testing
Done testing
Saved test_metrics
Losses: {'total_vae': tensor(2.0611, device='cuda:0', grad_fn=<AddBackward0>), 'total': 0, 'prediction': tensor(2.0611, device='cuda:0', grad_fn=<MulBackward0>), 'true_values': tensor(-1)}
Losses: {'total_vae': tensor(1.7971, device='cuda:0', grad_fn=<AddBackward0>), 'total': 0, 'prediction': tensor(1.7971, device='cuda:0', grad_fn=<MulBackward0>), 'true_values': tensor(-1)}
Losses: {'total_vae': tensor(1.9093, device='cuda:0', grad_fn=<AddBackward0>), 'total': 0, 'prediction': tensor(1.9093, device='cuda:0', grad_fn=<MulBackward0>), 'true_values': tensor(-1)}
Losses: {'total_vae': tensor(1.7143, device='cuda:0', grad_fn=<AddBackward0>), 'total': 0, 'prediction': tensor(1.7143, device='cuda:0', grad_fn=<MulBackward0>), 'true_values': tensor(-1)}
[2:4859]  loss_total_vae=1.694  loss_total=0.000  loss_prediction=1.694  loss_true_values=-1.000  loss_total_vae_epoch=1.850  
Done testing
Done testing
Saved test_metrics
Losses: {'total_vae': tensor(1.6155, device='cuda:0', grad_fn=<AddBackward0>), 'total': 0, 'prediction': tensor(1.6155, device='cuda:0', grad_fn=<MulBackward0>), 'true_values': tensor(-1)}
Losses: {'total_vae': tensor(1.6848, device='cuda:0', grad_fn=<AddBackward0>), 'total': 0, 'prediction': tensor(1.6848, device='cuda:0', grad_fn=<MulBackward0>), 'true_values': tensor(-1)}
Losses: {'total_vae': tensor(1.5400, device='cuda:0', grad_fn=<AddBackward0>), 'total': 0, 'prediction': tensor(1.5400, device='cuda:0', grad_fn=<MulBackward0>), 'true_values': tensor(-1)}
Losses: {'total_vae': tensor(1.4804, device='cuda:0', grad_fn=<AddBackward0>), 'total': 0, 'prediction': tensor(1.4804, device='cuda:0', grad_fn=<MulBackward0>), 'true_values': tensor(-1)}
[3:6479]  loss_total_vae=1.451  loss_total=0.000  loss_prediction=1.451  loss_true_values=-1.000  loss_total_vae_epoch=1.588  
Done testing
Done testing
Saved test_metrics
Losses: {'total_vae': tensor(1.5619, device='cuda:0', grad_fn=<AddBackward0>), 'total': 0, 'prediction': tensor(1.5619, device='cuda:0', grad_fn=<MulBackward0>), 'true_values': tensor(-1)}
Losses: {'total_vae': tensor(1.4807, device='cuda:0', grad_fn=<AddBackward0>), 'total': 0, 'prediction': tensor(1.4807, device='cuda:0', grad_fn=<MulBackward0>), 'true_values': tensor(-1)}
Losses: {'total_vae': tensor(1.3698, device='cuda:0', grad_fn=<AddBackward0>), 'total': 0, 'prediction': tensor(1.3698, device='cuda:0', grad_fn=<MulBackward0>), 'true_values': tensor(-1)}
Losses: {'total_vae': tensor(1.3015, device='cuda:0', grad_fn=<AddBackward0>), 'total': 0, 'prediction': tensor(1.3015, device='cuda:0', grad_fn=<MulBackward0>), 'true_values': tensor(-1)}
[4:8099]  loss_total_vae=1.275  loss_total=0.000  loss_prediction=1.275  loss_true_values=-1.000  loss_total_vae_epoch=1.385  
Done testing
Done testing
Saved test_metrics
Losses: {'total_vae': tensor(1.2922, device='cuda:0', grad_fn=<AddBackward0>), 'total': 0, 'prediction': tensor(1.2922, device='cuda:0', grad_fn=<MulBackward0>), 'true_values': tensor(-1)}
Losses: {'total_vae': tensor(1.1622, device='cuda:0', grad_fn=<AddBackward0>), 'total': 0, 'prediction': tensor(1.1622, device='cuda:0', grad_fn=<MulBackward0>), 'true_values': tensor(-1)}
Losses: {'total_vae': tensor(1.2024, device='cuda:0', grad_fn=<AddBackward0>), 'total': 0, 'prediction': tensor(1.2024, device='cuda:0', grad_fn=<MulBackward0>), 'true_values': tensor(-1)}
Losses: {'total_vae': tensor(1.2671, device='cuda:0', grad_fn=<AddBackward0>), 'total': 0, 'prediction': tensor(1.2671, device='cuda:0', grad_fn=<MulBackward0>), 'true_values': tensor(-1)}
[5:9719]  loss_total_vae=1.126  loss_total=0.000  loss_prediction=1.126  loss_true_values=-1.000  loss_total_vae_epoch=1.234  
Done testing
Done testing
Saved test_metrics
Losses: {'total_vae': tensor(1.2688, device='cuda:0', grad_fn=<AddBackward0>), 'total': 0, 'prediction': tensor(1.2688, device='cuda:0', grad_fn=<MulBackward0>), 'true_values': tensor(-1)}
Losses: {'total_vae': tensor(1.1480, device='cuda:0', grad_fn=<AddBackward0>), 'total': 0, 'prediction': tensor(1.1480, device='cuda:0', grad_fn=<MulBackward0>), 'true_values': tensor(-1)}
Losses: {'total_vae': tensor(0.9916, device='cuda:0', grad_fn=<AddBackward0>), 'total': 0, 'prediction': tensor(0.9916, device='cuda:0', grad_fn=<MulBackward0>), 'true_values': tensor(-1)}
Losses: {'total_vae': tensor(0.9478, device='cuda:0', grad_fn=<AddBackward0>), 'total': 0, 'prediction': tensor(0.9478, device='cuda:0', grad_fn=<MulBackward0>), 'true_values': tensor(-1)}
[6:11339]  loss_total_vae=1.026  loss_total=0.000  loss_prediction=1.026  loss_true_values=-1.000  loss_total_vae_epoch=1.113  
Done testing
Done testing
Saved test_metrics
Losses: {'total_vae': tensor(1.0989, device='cuda:0', grad_fn=<AddBackward0>), 'total': 0, 'prediction': tensor(1.0989, device='cuda:0', grad_fn=<MulBackward0>), 'true_values': tensor(-1)}
Losses: {'total_vae': tensor(0.9943, device='cuda:0', grad_fn=<AddBackward0>), 'total': 0, 'prediction': tensor(0.9943, device='cuda:0', grad_fn=<MulBackward0>), 'true_values': tensor(-1)}
Losses: {'total_vae': tensor(0.9929, device='cuda:0', grad_fn=<AddBackward0>), 'total': 0, 'prediction': tensor(0.9929, device='cuda:0', grad_fn=<MulBackward0>), 'true_values': tensor(-1)}
Losses: {'total_vae': tensor(0.9877, device='cuda:0', grad_fn=<AddBackward0>), 'total': 0, 'prediction': tensor(0.9877, device='cuda:0', grad_fn=<MulBackward0>), 'true_values': tensor(-1)}
[7:12959]  loss_total_vae=0.908  loss_total=0.000  loss_prediction=0.908  loss_true_values=-1.000  loss_total_vae_epoch=1.009  
Done testing
Done testing
Saved test_metrics
Losses: {'total_vae': tensor(0.9451, device='cuda:0', grad_fn=<AddBackward0>), 'total': 0, 'prediction': tensor(0.9451, device='cuda:0', grad_fn=<MulBackward0>), 'true_values': tensor(-1)}
Losses: {'total_vae': tensor(0.9025, device='cuda:0', grad_fn=<AddBackward0>), 'total': 0, 'prediction': tensor(0.9025, device='cuda:0', grad_fn=<MulBackward0>), 'true_values': tensor(-1)}
Losses: {'total_vae': tensor(0.9382, device='cuda:0', grad_fn=<AddBackward0>), 'total': 0, 'prediction': tensor(0.9382, device='cuda:0', grad_fn=<MulBackward0>), 'true_values': tensor(-1)}
Losses: {'total_vae': tensor(1.0308, device='cuda:0', grad_fn=<AddBackward0>), 'total': 0, 'prediction': tensor(1.0308, device='cuda:0', grad_fn=<MulBackward0>), 'true_values': tensor(-1)}
[8:14579]  loss_total_vae=0.867  loss_total=0.000  loss_prediction=0.867  loss_true_values=-1.000  loss_total_vae_epoch=0.933  
Done testing
Done testing
Saved test_metrics
Losses: {'total_vae': tensor(0.6846, device='cuda:0', grad_fn=<AddBackward0>), 'total': 0, 'prediction': tensor(0.6846, device='cuda:0', grad_fn=<MulBackward0>), 'true_values': tensor(-1)}
Losses: {'total_vae': tensor(0.7347, device='cuda:0', grad_fn=<AddBackward0>), 'total': 0, 'prediction': tensor(0.7347, device='cuda:0', grad_fn=<MulBackward0>), 'true_values': tensor(-1)}
Losses: {'total_vae': tensor(0.8214, device='cuda:0', grad_fn=<AddBackward0>), 'total': 0, 'prediction': tensor(0.8214, device='cuda:0', grad_fn=<MulBackward0>), 'true_values': tensor(-1)}
Losses: {'total_vae': tensor(0.8882, device='cuda:0', grad_fn=<AddBackward0>), 'total': 0, 'prediction': tensor(0.8882, device='cuda:0', grad_fn=<MulBackward0>), 'true_values': tensor(-1)}
[9:16199]  loss_total_vae=0.850  loss_total=0.000  loss_prediction=0.850  loss_true_values=-1.000  loss_total_vae_epoch=0.904  
Done testing
Done testing
Saved test_metrics
Losses: {'total_vae': tensor(0.9568, device='cuda:0', grad_fn=<AddBackward0>), 'total': 0, 'prediction': tensor(0.9568, device='cuda:0', grad_fn=<MulBackward0>), 'true_values': tensor(-1)}
Losses: {'total_vae': tensor(0.6049, device='cuda:0', grad_fn=<AddBackward0>), 'total': 0, 'prediction': tensor(0.6049, device='cuda:0', grad_fn=<MulBackward0>), 'true_values': tensor(-1)}
Losses: {'total_vae': tensor(0.7405, device='cuda:0', grad_fn=<AddBackward0>), 'total': 0, 'prediction': tensor(0.7405, device='cuda:0', grad_fn=<MulBackward0>), 'true_values': tensor(-1)}
Losses: {'total_vae': tensor(0.8287, device='cuda:0', grad_fn=<AddBackward0>), 'total': 0, 'prediction': tensor(0.8287, device='cuda:0', grad_fn=<MulBackward0>), 'true_values': tensor(-1)}
[10:17819]  loss_total_vae=0.664  loss_total=0.000  loss_prediction=0.664  loss_true_values=-1.000  loss_total_vae_epoch=0.758  
Done testing
Done testing
Saved test_metrics
Losses: {'total_vae': tensor(0.6011, device='cuda:0', grad_fn=<AddBackward0>), 'total': 0, 'prediction': tensor(0.6011, device='cuda:0', grad_fn=<MulBackward0>), 'true_values': tensor(-1)}
Losses: {'total_vae': tensor(0.7077, device='cuda:0', grad_fn=<AddBackward0>), 'total': 0, 'prediction': tensor(0.7077, device='cuda:0', grad_fn=<MulBackward0>), 'true_values': tensor(-1)}
Losses: {'total_vae': tensor(0.4984, device='cuda:0', grad_fn=<AddBackward0>), 'total': 0, 'prediction': tensor(0.4984, device='cuda:0', grad_fn=<MulBackward0>), 'true_values': tensor(-1)}
Losses: {'total_vae': tensor(0.5677, device='cuda:0', grad_fn=<AddBackward0>), 'total': 0, 'prediction': tensor(0.5677, device='cuda:0', grad_fn=<MulBackward0>), 'true_values': tensor(-1)}
[11:19439]  loss_total_vae=0.644  loss_total=0.000  loss_prediction=0.644  loss_true_values=-1.000  loss_total_vae_epoch=0.570  
Done testing
Done testing
Saved test_metrics
Losses: {'total_vae': tensor(0.3805, device='cuda:0', grad_fn=<AddBackward0>), 'total': 0, 'prediction': tensor(0.3805, device='cuda:0', grad_fn=<MulBackward0>), 'true_values': tensor(-1)}
Losses: {'total_vae': tensor(0.3381, device='cuda:0', grad_fn=<AddBackward0>), 'total': 0, 'prediction': tensor(0.3381, device='cuda:0', grad_fn=<MulBackward0>), 'true_values': tensor(-1)}
Losses: {'total_vae': tensor(0.2920, device='cuda:0', grad_fn=<AddBackward0>), 'total': 0, 'prediction': tensor(0.2920, device='cuda:0', grad_fn=<MulBackward0>), 'true_values': tensor(-1)}
Losses: {'total_vae': tensor(0.4583, device='cuda:0', grad_fn=<AddBackward0>), 'total': 0, 'prediction': tensor(0.4583, device='cuda:0', grad_fn=<MulBackward0>), 'true_values': tensor(-1)}
[12:21059]  loss_total_vae=0.440  loss_total=0.000  loss_prediction=0.440  loss_true_values=-1.000  loss_total_vae_epoch=0.367  
Done testing
Now val counter at: 1
Latent 1.6229676692792685   1.6718932333165661
BCE 1.2598498410517627 1.0373890950734859
Done testing
Saved test_metrics
Losses: {'total_vae': tensor(0.2540, device='cuda:0', grad_fn=<AddBackward0>), 'total': 0, 'prediction': tensor(0.2540, device='cuda:0', grad_fn=<MulBackward0>), 'true_values': tensor(-1)}
Losses: {'total_vae': tensor(0.2455, device='cuda:0', grad_fn=<AddBackward0>), 'total': 0, 'prediction': tensor(0.2455, device='cuda:0', grad_fn=<MulBackward0>), 'true_values': tensor(-1)}
Losses: {'total_vae': tensor(0.1796, device='cuda:0', grad_fn=<AddBackward0>), 'total': 0, 'prediction': tensor(0.1796, device='cuda:0', grad_fn=<MulBackward0>), 'true_values': tensor(-1)}
Losses: {'total_vae': tensor(0.2251, device='cuda:0', grad_fn=<AddBackward0>), 'total': 0, 'prediction': tensor(0.2251, device='cuda:0', grad_fn=<MulBackward0>), 'true_values': tensor(-1)}
Done testing
Now val counter at: 2
Latent 1.6872323975704684   1.7053818765646553
BCE 1.3940084998560425 1.071432663662599
Done testing
Saved test_metrics
Losses: {'total_vae': tensor(0.1077, device='cuda:0', grad_fn=<AddBackward0>), 'total': 0, 'prediction': tensor(0.1077, device='cuda:0', grad_fn=<MulBackward0>), 'true_values': tensor(-1)}
Losses: {'total_vae': tensor(0.0738, device='cuda:0', grad_fn=<AddBackward0>), 'total': 0, 'prediction': tensor(0.0738, device='cuda:0', grad_fn=<MulBackward0>), 'true_values': tensor(-1)}
Losses: {'total_vae': tensor(0.1152, device='cuda:0', grad_fn=<AddBackward0>), 'total': 0, 'prediction': tensor(0.1152, device='cuda:0', grad_fn=<MulBackward0>), 'true_values': tensor(-1)}
Losses: {'total_vae': tensor(0.1198, device='cuda:0', grad_fn=<AddBackward0>), 'total': 0, 'prediction': tensor(0.1198, device='cuda:0', grad_fn=<MulBackward0>), 'true_values': tensor(-1)}
Done testing
Now val counter at: 3
Latent 1.745343804949581   1.6495884908701328
BCE 1.5354871307269182 1.143225894312654
Done testing
Saved test_metrics
Losses: {'total_vae': tensor(0.1276, device='cuda:0', grad_fn=<AddBackward0>), 'total': 0, 'prediction': tensor(0.1276, device='cuda:0', grad_fn=<MulBackward0>), 'true_values': tensor(-1)}
Losses: {'total_vae': tensor(0.0598, device='cuda:0', grad_fn=<AddBackward0>), 'total': 0, 'prediction': tensor(0.0598, device='cuda:0', grad_fn=<MulBackward0>), 'true_values': tensor(-1)}
Losses: {'total_vae': tensor(0.1050, device='cuda:0', grad_fn=<AddBackward0>), 'total': 0, 'prediction': tensor(0.1050, device='cuda:0', grad_fn=<MulBackward0>), 'true_values': tensor(-1)}
Losses: {'total_vae': tensor(0.1113, device='cuda:0', grad_fn=<AddBackward0>), 'total': 0, 'prediction': tensor(0.1113, device='cuda:0', grad_fn=<MulBackward0>), 'true_values': tensor(-1)}
Done testing
Now val counter at: 4
Latent 1.7854220660606233   1.6589037949102547
BCE 1.6601287161949838 1.2602569555292036
Done testing
Saved test_metrics
Losses: {'total_vae': tensor(0.0660, device='cuda:0', grad_fn=<AddBackward0>), 'total': 0, 'prediction': tensor(0.0660, device='cuda:0', grad_fn=<MulBackward0>), 'true_values': tensor(-1)}
Losses: {'total_vae': tensor(0.0253, device='cuda:0', grad_fn=<AddBackward0>), 'total': 0, 'prediction': tensor(0.0253, device='cuda:0', grad_fn=<MulBackward0>), 'true_values': tensor(-1)}
Losses: {'total_vae': tensor(0.0299, device='cuda:0', grad_fn=<AddBackward0>), 'total': 0, 'prediction': tensor(0.0299, device='cuda:0', grad_fn=<MulBackward0>), 'true_values': tensor(-1)}
Losses: {'total_vae': tensor(0.0658, device='cuda:0', grad_fn=<AddBackward0>), 'total': 0, 'prediction': tensor(0.0658, device='cuda:0', grad_fn=<MulBackward0>), 'true_values': tensor(-1)}
Done testing
Now val counter at: 5
Latent 1.7636139658418033   1.6851812905997727
BCE 1.7604166475853118 1.396448490544908
Done testing
Saved test_metrics
Losses: {'total_vae': tensor(0.0307, device='cuda:0', grad_fn=<AddBackward0>), 'total': 0, 'prediction': tensor(0.0307, device='cuda:0', grad_fn=<MulBackward0>), 'true_values': tensor(-1)}
Losses: {'total_vae': tensor(0.0137, device='cuda:0', grad_fn=<AddBackward0>), 'total': 0, 'prediction': tensor(0.0137, device='cuda:0', grad_fn=<MulBackward0>), 'true_values': tensor(-1)}
Losses: {'total_vae': tensor(0.0353, device='cuda:0', grad_fn=<AddBackward0>), 'total': 0, 'prediction': tensor(0.0353, device='cuda:0', grad_fn=<MulBackward0>), 'true_values': tensor(-1)}
Losses: {'total_vae': tensor(0.0225, device='cuda:0', grad_fn=<AddBackward0>), 'total': 0, 'prediction': tensor(0.0225, device='cuda:0', grad_fn=<MulBackward0>), 'true_values': tensor(-1)}
Done testing
Now val counter at: 6
Latent 1.8366278274224537   1.7393327561935576
BCE 1.8610968814037814 1.5298747822593148
Done testing
Saved test_metrics
Losses: {'total_vae': tensor(0.0175, device='cuda:0', grad_fn=<AddBackward0>), 'total': 0, 'prediction': tensor(0.0175, device='cuda:0', grad_fn=<MulBackward0>), 'true_values': tensor(-1)}
Losses: {'total_vae': tensor(0.0233, device='cuda:0', grad_fn=<AddBackward0>), 'total': 0, 'prediction': tensor(0.0233, device='cuda:0', grad_fn=<MulBackward0>), 'true_values': tensor(-1)}
Losses: {'total_vae': tensor(0.0088, device='cuda:0', grad_fn=<AddBackward0>), 'total': 0, 'prediction': tensor(0.0088, device='cuda:0', grad_fn=<MulBackward0>), 'true_values': tensor(-1)}
Losses: {'total_vae': tensor(0.0270, device='cuda:0', grad_fn=<AddBackward0>), 'total': 0, 'prediction': tensor(0.0270, device='cuda:0', grad_fn=<MulBackward0>), 'true_values': tensor(-1)}
Done testing
Now val counter at: 7
Latent 1.8234778571837018   1.764793278950669
BCE 1.9183271604009193 1.6520108315024047
Done testing
Saved test_metrics
Losses: {'total_vae': tensor(0.0536, device='cuda:0', grad_fn=<AddBackward0>), 'total': 0, 'prediction': tensor(0.0536, device='cuda:0', grad_fn=<MulBackward0>), 'true_values': tensor(-1)}
Losses: {'total_vae': tensor(0.0162, device='cuda:0', grad_fn=<AddBackward0>), 'total': 0, 'prediction': tensor(0.0162, device='cuda:0', grad_fn=<MulBackward0>), 'true_values': tensor(-1)}
Losses: {'total_vae': tensor(0.0256, device='cuda:0', grad_fn=<AddBackward0>), 'total': 0, 'prediction': tensor(0.0256, device='cuda:0', grad_fn=<MulBackward0>), 'true_values': tensor(-1)}
Losses: {'total_vae': tensor(0.0488, device='cuda:0', grad_fn=<AddBackward0>), 'total': 0, 'prediction': tensor(0.0488, device='cuda:0', grad_fn=<MulBackward0>), 'true_values': tensor(-1)}
Done testing
Now val counter at: 8
Latent 1.8405880904433751   1.7952212864416268
BCE 1.9557297389105994 1.7605474150613591
Done testing
Saved test_metrics
Losses: {'total_vae': tensor(0.0132, device='cuda:0', grad_fn=<AddBackward0>), 'total': 0, 'prediction': tensor(0.0132, device='cuda:0', grad_fn=<MulBackward0>), 'true_values': tensor(-1)}
Losses: {'total_vae': tensor(0.0199, device='cuda:0', grad_fn=<AddBackward0>), 'total': 0, 'prediction': tensor(0.0199, device='cuda:0', grad_fn=<MulBackward0>), 'true_values': tensor(-1)}
Losses: {'total_vae': tensor(0.0029, device='cuda:0', grad_fn=<AddBackward0>), 'total': 0, 'prediction': tensor(0.0029, device='cuda:0', grad_fn=<MulBackward0>), 'true_values': tensor(-1)}
Losses: {'total_vae': tensor(0.0255, device='cuda:0', grad_fn=<AddBackward0>), 'total': 0, 'prediction': tensor(0.0255, device='cuda:0', grad_fn=<MulBackward0>), 'true_values': tensor(-1)}
Done testing
Now val counter at: 9
Latent 1.832996710102157   1.8079065501493197
BCE 2.036000908601402 1.8466135631300042
Done testing
Saved test_metrics
Losses: {'total_vae': tensor(0.0075, device='cuda:0', grad_fn=<AddBackward0>), 'total': 0, 'prediction': tensor(0.0075, device='cuda:0', grad_fn=<MulBackward0>), 'true_values': tensor(-1)}
Losses: {'total_vae': tensor(0.0037, device='cuda:0', grad_fn=<AddBackward0>), 'total': 0, 'prediction': tensor(0.0037, device='cuda:0', grad_fn=<MulBackward0>), 'true_values': tensor(-1)}
Losses: {'total_vae': tensor(0.0139, device='cuda:0', grad_fn=<AddBackward0>), 'total': 0, 'prediction': tensor(0.0139, device='cuda:0', grad_fn=<MulBackward0>), 'true_values': tensor(-1)}
Losses: {'total_vae': tensor(0.0287, device='cuda:0', grad_fn=<AddBackward0>), 'total': 0, 'prediction': tensor(0.0287, device='cuda:0', grad_fn=<MulBackward0>), 'true_values': tensor(-1)}
Done testing
Now val counter at: 10
Latent 1.9036943859393054   1.8335645916831769
BCE 2.0639177011971426 1.9117179269051
Done testing
Saved test_metrics
Losses: {'total_vae': tensor(0.0153, device='cuda:0', grad_fn=<AddBackward0>), 'total': 0, 'prediction': tensor(0.0153, device='cuda:0', grad_fn=<MulBackward0>), 'true_values': tensor(-1)}
Losses: {'total_vae': tensor(0.0198, device='cuda:0', grad_fn=<AddBackward0>), 'total': 0, 'prediction': tensor(0.0198, device='cuda:0', grad_fn=<MulBackward0>), 'true_values': tensor(-1)}
Losses: {'total_vae': tensor(0.0031, device='cuda:0', grad_fn=<AddBackward0>), 'total': 0, 'prediction': tensor(0.0031, device='cuda:0', grad_fn=<MulBackward0>), 'true_values': tensor(-1)}
Losses: {'total_vae': tensor(0.0049, device='cuda:0', grad_fn=<AddBackward0>), 'total': 0, 'prediction': tensor(0.0049, device='cuda:0', grad_fn=<MulBackward0>), 'true_values': tensor(-1)}
Done testing
Now val counter at: 11
Latent 1.8410717219409376   1.8323542192430782
BCE 2.096776029261032 1.9700192693043068
Validation stop
Done testing
Saved test_metrics
