0
Pre-Processing CelebA
labels (127817, 10)
All classes percentages: [0.24165017172989509, 0.2910723925612399, 0.21396214900991262, 0.2533152866989524]
Initialized CBM_Join model
## Initializing Train indexes
::path chosen -> logs/celebA__CBM_Join/cbm_10_lat_10/train_runs
lr: 1e-07
Losses: {'total_vae': tensor(3.0902, device='cuda:0', grad_fn=<AddBackward0>), 'total': 0, 'prediction': tensor(1.4064, device='cuda:0', grad_fn=<MulBackward0>), 'true_values': tensor(1.6838, device='cuda:0', grad_fn=<MulBackward0>)}
Losses: {'total_vae': tensor(3.2795, device='cuda:0', grad_fn=<AddBackward0>), 'total': 0, 'prediction': tensor(1.3761, device='cuda:0', grad_fn=<MulBackward0>), 'true_values': tensor(1.9034, device='cuda:0', grad_fn=<MulBackward0>)}
Losses: {'total_vae': tensor(3.0696, device='cuda:0', grad_fn=<AddBackward0>), 'total': 0, 'prediction': tensor(1.3970, device='cuda:0', grad_fn=<MulBackward0>), 'true_values': tensor(1.6726, device='cuda:0', grad_fn=<MulBackward0>)}
[0:1025]  loss_total_vae=3.020  loss_total=0.000  loss_prediction=1.371  loss_true_values=1.648  loss_total_vae_epoch=3.084  
samples_images_dict
dict_keys(['rand0', 'rand1', 'rand2', 'rand3', 'rand4', 'rand5', 'rand6', 'rand7', 'rand8', 'rand9', 'random'])
lr: 1e-06
Losses: {'total_vae': tensor(2.9662, device='cuda:0', grad_fn=<AddBackward0>), 'total': 0, 'prediction': tensor(1.3858, device='cuda:0', grad_fn=<MulBackward0>), 'true_values': tensor(1.5803, device='cuda:0', grad_fn=<MulBackward0>)}
Losses: {'total_vae': tensor(2.7749, device='cuda:0', grad_fn=<AddBackward0>), 'total': 0, 'prediction': tensor(1.3133, device='cuda:0', grad_fn=<MulBackward0>), 'true_values': tensor(1.4616, device='cuda:0', grad_fn=<MulBackward0>)}
Done testing
Done testing
Saved test_metrics
Losses: {'total_vae': tensor(2.4717, device='cuda:0', grad_fn=<AddBackward0>), 'total': 0, 'prediction': tensor(1.3068, device='cuda:0', grad_fn=<MulBackward0>), 'true_values': tensor(1.1649, device='cuda:0', grad_fn=<MulBackward0>)}
[1:2051]  loss_total_vae=2.545  loss_total=0.000  loss_prediction=1.313  loss_true_values=1.231  loss_total_vae_epoch=2.724  
samples_images_dict
dict_keys(['rand0', 'rand1', 'rand2', 'rand3', 'rand4', 'rand5', 'rand6', 'rand7', 'rand8', 'rand9', 'random'])
lr: 1e-05
Losses: {'total_vae': tensor(2.4520, device='cuda:0', grad_fn=<AddBackward0>), 'total': 0, 'prediction': tensor(1.2821, device='cuda:0', grad_fn=<MulBackward0>), 'true_values': tensor(1.1699, device='cuda:0', grad_fn=<MulBackward0>)}
Losses: {'total_vae': tensor(1.7792, device='cuda:0', grad_fn=<AddBackward0>), 'total': 0, 'prediction': tensor(1.2573, device='cuda:0', grad_fn=<MulBackward0>), 'true_values': tensor(0.5219, device='cuda:0', grad_fn=<MulBackward0>)}
Losses: {'total_vae': tensor(1.8488, device='cuda:0', grad_fn=<AddBackward0>), 'total': 0, 'prediction': tensor(1.2610, device='cuda:0', grad_fn=<MulBackward0>), 'true_values': tensor(0.5878, device='cuda:0', grad_fn=<MulBackward0>)}
[2:3077]  loss_total_vae=1.626  loss_total=0.000  loss_prediction=1.252  loss_true_values=0.374  loss_total_vae_epoch=1.966  
samples_images_dict
dict_keys(['rand0', 'rand1', 'rand2', 'rand3', 'rand4', 'rand5', 'rand6', 'rand7', 'rand8', 'rand9', 'random'])
lr: 0.0001
Losses: {'total_vae': tensor(1.6595, device='cuda:0', grad_fn=<AddBackward0>), 'total': 0, 'prediction': tensor(1.2456, device='cuda:0', grad_fn=<MulBackward0>), 'true_values': tensor(0.4139, device='cuda:0', grad_fn=<MulBackward0>)}
Done testing
Done testing
Saved test_metrics
Losses: {'total_vae': tensor(1.3908, device='cuda:0', grad_fn=<AddBackward0>), 'total': 0, 'prediction': tensor(1.1064, device='cuda:0', grad_fn=<MulBackward0>), 'true_values': tensor(0.2843, device='cuda:0', grad_fn=<MulBackward0>)}
Losses: {'total_vae': tensor(1.2920, device='cuda:0', grad_fn=<AddBackward0>), 'total': 0, 'prediction': tensor(0.9370, device='cuda:0', grad_fn=<MulBackward0>), 'true_values': tensor(0.3550, device='cuda:0', grad_fn=<MulBackward0>)}
[3:4103]  loss_total_vae=1.223  loss_total=0.000  loss_prediction=1.026  loss_true_values=0.197  loss_total_vae_epoch=1.511  
samples_images_dict
dict_keys(['rand0', 'rand1', 'rand2', 'rand3', 'rand4', 'rand5', 'rand6', 'rand7', 'rand8', 'rand9', 'random'])
lr: 0.001
Losses: {'total_vae': tensor(1.5126, device='cuda:0', grad_fn=<AddBackward0>), 'total': 0, 'prediction': tensor(0.9956, device='cuda:0', grad_fn=<MulBackward0>), 'true_values': tensor(0.5171, device='cuda:0', grad_fn=<MulBackward0>)}
Losses: {'total_vae': tensor(1.6709, device='cuda:0', grad_fn=<AddBackward0>), 'total': 0, 'prediction': tensor(0.9701, device='cuda:0', grad_fn=<MulBackward0>), 'true_values': tensor(0.7008, device='cuda:0', grad_fn=<MulBackward0>)}
Done testing
Done testing
Saved test_metrics
Losses: {'total_vae': tensor(1.2586, device='cuda:0', grad_fn=<AddBackward0>), 'total': 0, 'prediction': tensor(0.7304, device='cuda:0', grad_fn=<MulBackward0>), 'true_values': tensor(0.5283, device='cuda:0', grad_fn=<MulBackward0>)}
[4:5129]  loss_total_vae=1.085  loss_total=0.000  loss_prediction=0.711  loss_true_values=0.374  loss_total_vae_epoch=1.570  
samples_images_dict
dict_keys(['rand0', 'rand1', 'rand2', 'rand3', 'rand4', 'rand5', 'rand6', 'rand7', 'rand8', 'rand9', 'random'])
lr: 0.0007
Losses: {'total_vae': tensor(1.3010, device='cuda:0', grad_fn=<AddBackward0>), 'total': 0, 'prediction': tensor(0.7836, device='cuda:0', grad_fn=<MulBackward0>), 'true_values': tensor(0.5175, device='cuda:0', grad_fn=<MulBackward0>)}
Losses: {'total_vae': tensor(1.2061, device='cuda:0', grad_fn=<AddBackward0>), 'total': 0, 'prediction': tensor(0.8006, device='cuda:0', grad_fn=<MulBackward0>), 'true_values': tensor(0.4055, device='cuda:0', grad_fn=<MulBackward0>)}
Losses: {'total_vae': tensor(1.3157, device='cuda:0', grad_fn=<AddBackward0>), 'total': 0, 'prediction': tensor(0.5615, device='cuda:0', grad_fn=<MulBackward0>), 'true_values': tensor(0.7542, device='cuda:0', grad_fn=<MulBackward0>)}
[5:6155]  loss_total_vae=0.961  loss_total=0.000  loss_prediction=0.631  loss_true_values=0.330  loss_total_vae_epoch=1.114  
samples_images_dict
dict_keys(['rand0', 'rand1', 'rand2', 'rand3', 'rand4', 'rand5', 'rand6', 'rand7', 'rand8', 'rand9', 'random'])
lr: 0.00049
Losses: {'total_vae': tensor(0.8837, device='cuda:0', grad_fn=<AddBackward0>), 'total': 0, 'prediction': tensor(0.6616, device='cuda:0', grad_fn=<MulBackward0>), 'true_values': tensor(0.2221, device='cuda:0', grad_fn=<MulBackward0>)}
Done testing
Done testing
Saved test_metrics
Losses: {'total_vae': tensor(0.9246, device='cuda:0', grad_fn=<AddBackward0>), 'total': 0, 'prediction': tensor(0.5351, device='cuda:0', grad_fn=<MulBackward0>), 'true_values': tensor(0.3895, device='cuda:0', grad_fn=<MulBackward0>)}
Losses: {'total_vae': tensor(0.7663, device='cuda:0', grad_fn=<AddBackward0>), 'total': 0, 'prediction': tensor(0.5268, device='cuda:0', grad_fn=<MulBackward0>), 'true_values': tensor(0.2394, device='cuda:0', grad_fn=<MulBackward0>)}
[6:7181]  loss_total_vae=1.046  loss_total=0.000  loss_prediction=0.496  loss_true_values=0.550  loss_total_vae_epoch=0.881  
samples_images_dict
dict_keys(['rand0', 'rand1', 'rand2', 'rand3', 'rand4', 'rand5', 'rand6', 'rand7', 'rand8', 'rand9', 'random'])
lr: 0.000343
Losses: {'total_vae': tensor(0.7257, device='cuda:0', grad_fn=<AddBackward0>), 'total': 0, 'prediction': tensor(0.5040, device='cuda:0', grad_fn=<MulBackward0>), 'true_values': tensor(0.2218, device='cuda:0', grad_fn=<MulBackward0>)}
Losses: {'total_vae': tensor(0.5387, device='cuda:0', grad_fn=<AddBackward0>), 'total': 0, 'prediction': tensor(0.2484, device='cuda:0', grad_fn=<MulBackward0>), 'true_values': tensor(0.2904, device='cuda:0', grad_fn=<MulBackward0>)}
Done testing
Done testing
Saved test_metrics
Losses: {'total_vae': tensor(0.7522, device='cuda:0', grad_fn=<AddBackward0>), 'total': 0, 'prediction': tensor(0.5083, device='cuda:0', grad_fn=<MulBackward0>), 'true_values': tensor(0.2439, device='cuda:0', grad_fn=<MulBackward0>)}
[7:8207]  loss_total_vae=0.885  loss_total=0.000  loss_prediction=0.507  loss_true_values=0.378  loss_total_vae_epoch=0.771  
samples_images_dict
dict_keys(['rand0', 'rand1', 'rand2', 'rand3', 'rand4', 'rand5', 'rand6', 'rand7', 'rand8', 'rand9', 'random'])
lr: 0.00024009999999999998
Losses: {'total_vae': tensor(0.7855, device='cuda:0', grad_fn=<AddBackward0>), 'total': 0, 'prediction': tensor(0.4974, device='cuda:0', grad_fn=<MulBackward0>), 'true_values': tensor(0.2881, device='cuda:0', grad_fn=<MulBackward0>)}
Losses: {'total_vae': tensor(0.8710, device='cuda:0', grad_fn=<AddBackward0>), 'total': 0, 'prediction': tensor(0.4688, device='cuda:0', grad_fn=<MulBackward0>), 'true_values': tensor(0.4021, device='cuda:0', grad_fn=<MulBackward0>)}
Losses: {'total_vae': tensor(0.5027, device='cuda:0', grad_fn=<AddBackward0>), 'total': 0, 'prediction': tensor(0.4212, device='cuda:0', grad_fn=<MulBackward0>), 'true_values': tensor(0.0815, device='cuda:0', grad_fn=<MulBackward0>)}
[8:9233]  loss_total_vae=0.751  loss_total=0.000  loss_prediction=0.505  loss_true_values=0.247  loss_total_vae_epoch=0.691  
samples_images_dict
dict_keys(['rand0', 'rand1', 'rand2', 'rand3', 'rand4', 'rand5', 'rand6', 'rand7', 'rand8', 'rand9', 'random'])
lr: 0.00016806999999999998
Losses: {'total_vae': tensor(0.6696, device='cuda:0', grad_fn=<AddBackward0>), 'total': 0, 'prediction': tensor(0.4432, device='cuda:0', grad_fn=<MulBackward0>), 'true_values': tensor(0.2264, device='cuda:0', grad_fn=<MulBackward0>)}
Done testing
Done testing
Saved test_metrics
Losses: {'total_vae': tensor(0.7277, device='cuda:0', grad_fn=<AddBackward0>), 'total': 0, 'prediction': tensor(0.4005, device='cuda:0', grad_fn=<MulBackward0>), 'true_values': tensor(0.3272, device='cuda:0', grad_fn=<MulBackward0>)}
Losses: {'total_vae': tensor(0.6576, device='cuda:0', grad_fn=<AddBackward0>), 'total': 0, 'prediction': tensor(0.4217, device='cuda:0', grad_fn=<MulBackward0>), 'true_values': tensor(0.2359, device='cuda:0', grad_fn=<MulBackward0>)}
[9:10259]  loss_total_vae=0.618  loss_total=0.000  loss_prediction=0.390  loss_true_values=0.228  loss_total_vae_epoch=0.637  
samples_images_dict
dict_keys(['rand0', 'rand1', 'rand2', 'rand3', 'rand4', 'rand5', 'rand6', 'rand7', 'rand8', 'rand9', 'random'])
lr: 0.00011764899999999998
Losses: {'total_vae': tensor(0.8045, device='cuda:0', grad_fn=<AddBackward0>), 'total': 0, 'prediction': tensor(0.5538, device='cuda:0', grad_fn=<MulBackward0>), 'true_values': tensor(0.2507, device='cuda:0', grad_fn=<MulBackward0>)}
Losses: {'total_vae': tensor(0.5313, device='cuda:0', grad_fn=<AddBackward0>), 'total': 0, 'prediction': tensor(0.3212, device='cuda:0', grad_fn=<MulBackward0>), 'true_values': tensor(0.2101, device='cuda:0', grad_fn=<MulBackward0>)}
Losses: {'total_vae': tensor(0.4406, device='cuda:0', grad_fn=<AddBackward0>), 'total': 0, 'prediction': tensor(0.3100, device='cuda:0', grad_fn=<MulBackward0>), 'true_values': tensor(0.1306, device='cuda:0', grad_fn=<MulBackward0>)}
[10:11285]  loss_total_vae=0.633  loss_total=0.000  loss_prediction=0.370  loss_true_values=0.264  loss_total_vae_epoch=0.586  
samples_images_dict
dict_keys(['rand0', 'rand1', 'rand2', 'rand3', 'rand4', 'rand5', 'rand6', 'rand7', 'rand8', 'rand9', 'random'])
lr: 8.235429999999999e-05
Losses: {'total_vae': tensor(0.8043, device='cuda:0', grad_fn=<AddBackward0>), 'total': 0, 'prediction': tensor(0.4104, device='cuda:0', grad_fn=<MulBackward0>), 'true_values': tensor(0.3939, device='cuda:0', grad_fn=<MulBackward0>)}
Done testing
Done testing
Saved test_metrics
Losses: {'total_vae': tensor(0.3693, device='cuda:0', grad_fn=<AddBackward0>), 'total': 0, 'prediction': tensor(0.2689, device='cuda:0', grad_fn=<MulBackward0>), 'true_values': tensor(0.1004, device='cuda:0', grad_fn=<MulBackward0>)}
Losses: {'total_vae': tensor(0.3410, device='cuda:0', grad_fn=<AddBackward0>), 'total': 0, 'prediction': tensor(0.2762, device='cuda:0', grad_fn=<MulBackward0>), 'true_values': tensor(0.0647, device='cuda:0', grad_fn=<MulBackward0>)}
[11:12311]  loss_total_vae=0.479  loss_total=0.000  loss_prediction=0.292  loss_true_values=0.187  loss_total_vae_epoch=0.553  
samples_images_dict
dict_keys(['rand0', 'rand1', 'rand2', 'rand3', 'rand4', 'rand5', 'rand6', 'rand7', 'rand8', 'rand9', 'random'])
lr: 5.764800999999999e-05
Losses: {'total_vae': tensor(0.5402, device='cuda:0', grad_fn=<AddBackward0>), 'total': 0, 'prediction': tensor(0.3786, device='cuda:0', grad_fn=<MulBackward0>), 'true_values': tensor(0.1617, device='cuda:0', grad_fn=<MulBackward0>)}
Losses: {'total_vae': tensor(0.4173, device='cuda:0', grad_fn=<AddBackward0>), 'total': 0, 'prediction': tensor(0.2449, device='cuda:0', grad_fn=<MulBackward0>), 'true_values': tensor(0.1724, device='cuda:0', grad_fn=<MulBackward0>)}
Done testing
Done testing
Saved test_metrics
Losses: {'total_vae': tensor(0.5039, device='cuda:0', grad_fn=<AddBackward0>), 'total': 0, 'prediction': tensor(0.3487, device='cuda:0', grad_fn=<MulBackward0>), 'true_values': tensor(0.1553, device='cuda:0', grad_fn=<MulBackward0>)}
[12:13337]  loss_total_vae=0.667  loss_total=0.000  loss_prediction=0.442  loss_true_values=0.226  loss_total_vae_epoch=0.515  
samples_images_dict
dict_keys(['rand0', 'rand1', 'rand2', 'rand3', 'rand4', 'rand5', 'rand6', 'rand7', 'rand8', 'rand9', 'random'])
lr: 4.035360699999999e-05
Losses: {'total_vae': tensor(0.4462, device='cuda:0', grad_fn=<AddBackward0>), 'total': 0, 'prediction': tensor(0.3685, device='cuda:0', grad_fn=<MulBackward0>), 'true_values': tensor(0.0777, device='cuda:0', grad_fn=<MulBackward0>)}
Losses: {'total_vae': tensor(0.3556, device='cuda:0', grad_fn=<AddBackward0>), 'total': 0, 'prediction': tensor(0.2239, device='cuda:0', grad_fn=<MulBackward0>), 'true_values': tensor(0.1317, device='cuda:0', grad_fn=<MulBackward0>)}
Losses: {'total_vae': tensor(0.6371, device='cuda:0', grad_fn=<AddBackward0>), 'total': 0, 'prediction': tensor(0.2483, device='cuda:0', grad_fn=<MulBackward0>), 'true_values': tensor(0.3888, device='cuda:0', grad_fn=<MulBackward0>)}
[13:14363]  loss_total_vae=0.422  loss_total=0.000  loss_prediction=0.299  loss_true_values=0.123  loss_total_vae_epoch=0.487  
samples_images_dict
dict_keys(['rand0', 'rand1', 'rand2', 'rand3', 'rand4', 'rand5', 'rand6', 'rand7', 'rand8', 'rand9', 'random'])
lr: 2.8247524899999994e-05
Losses: {'total_vae': tensor(0.9426, device='cuda:0', grad_fn=<AddBackward0>), 'total': 0, 'prediction': tensor(0.4487, device='cuda:0', grad_fn=<MulBackward0>), 'true_values': tensor(0.4939, device='cuda:0', grad_fn=<MulBackward0>)}
Done testing
Done testing
Saved test_metrics
Losses: {'total_vae': tensor(0.3397, device='cuda:0', grad_fn=<AddBackward0>), 'total': 0, 'prediction': tensor(0.2260, device='cuda:0', grad_fn=<MulBackward0>), 'true_values': tensor(0.1136, device='cuda:0', grad_fn=<MulBackward0>)}
Losses: {'total_vae': tensor(0.3294, device='cuda:0', grad_fn=<AddBackward0>), 'total': 0, 'prediction': tensor(0.2046, device='cuda:0', grad_fn=<MulBackward0>), 'true_values': tensor(0.1248, device='cuda:0', grad_fn=<MulBackward0>)}
[14:15389]  loss_total_vae=0.305  loss_total=0.000  loss_prediction=0.273  loss_true_values=0.033  loss_total_vae_epoch=0.467  
samples_images_dict
dict_keys(['rand0', 'rand1', 'rand2', 'rand3', 'rand4', 'rand5', 'rand6', 'rand7', 'rand8', 'rand9', 'random'])
lr: 1.9773267429999995e-05
Losses: {'total_vae': tensor(0.3748, device='cuda:0', grad_fn=<AddBackward0>), 'total': 0, 'prediction': tensor(0.2473, device='cuda:0', grad_fn=<MulBackward0>), 'true_values': tensor(0.1275, device='cuda:0', grad_fn=<MulBackward0>)}
Losses: {'total_vae': tensor(0.4027, device='cuda:0', grad_fn=<AddBackward0>), 'total': 0, 'prediction': tensor(0.3189, device='cuda:0', grad_fn=<MulBackward0>), 'true_values': tensor(0.0837, device='cuda:0', grad_fn=<MulBackward0>)}
Done testing
Done testing
Saved test_metrics
Losses: {'total_vae': tensor(0.4329, device='cuda:0', grad_fn=<AddBackward0>), 'total': 0, 'prediction': tensor(0.3220, device='cuda:0', grad_fn=<MulBackward0>), 'true_values': tensor(0.1109, device='cuda:0', grad_fn=<MulBackward0>)}
[15:16415]  loss_total_vae=0.454  loss_total=0.000  loss_prediction=0.315  loss_true_values=0.138  loss_total_vae_epoch=0.458  
samples_images_dict
dict_keys(['rand0', 'rand1', 'rand2', 'rand3', 'rand4', 'rand5', 'rand6', 'rand7', 'rand8', 'rand9', 'random'])
lr: 1.3841287200999995e-05
Losses: {'total_vae': tensor(0.5702, device='cuda:0', grad_fn=<AddBackward0>), 'total': 0, 'prediction': tensor(0.3826, device='cuda:0', grad_fn=<MulBackward0>), 'true_values': tensor(0.1875, device='cuda:0', grad_fn=<MulBackward0>)}
Losses: {'total_vae': tensor(0.6927, device='cuda:0', grad_fn=<AddBackward0>), 'total': 0, 'prediction': tensor(0.3707, device='cuda:0', grad_fn=<MulBackward0>), 'true_values': tensor(0.3219, device='cuda:0', grad_fn=<MulBackward0>)}
Losses: {'total_vae': tensor(0.3331, device='cuda:0', grad_fn=<AddBackward0>), 'total': 0, 'prediction': tensor(0.2663, device='cuda:0', grad_fn=<MulBackward0>), 'true_values': tensor(0.0668, device='cuda:0', grad_fn=<MulBackward0>)}
[16:17441]  loss_total_vae=0.592  loss_total=0.000  loss_prediction=0.433  loss_true_values=0.159  loss_total_vae_epoch=0.443  
samples_images_dict
dict_keys(['rand0', 'rand1', 'rand2', 'rand3', 'rand4', 'rand5', 'rand6', 'rand7', 'rand8', 'rand9', 'random'])
lr: 9.688901040699997e-06
Losses: {'total_vae': tensor(0.2919, device='cuda:0', grad_fn=<AddBackward0>), 'total': 0, 'prediction': tensor(0.2133, device='cuda:0', grad_fn=<MulBackward0>), 'true_values': tensor(0.0786, device='cuda:0', grad_fn=<MulBackward0>)}
Done testing
Now val counter at: 1
Latent 0.1428338344988784   0.14678903083571895
BCE 0.40973542242999966 0.4112063086210551
Done testing
Saved test_metrics
Losses: {'total_vae': tensor(0.5128, device='cuda:0', grad_fn=<AddBackward0>), 'total': 0, 'prediction': tensor(0.3139, device='cuda:0', grad_fn=<MulBackward0>), 'true_values': tensor(0.1988, device='cuda:0', grad_fn=<MulBackward0>)}
Losses: {'total_vae': tensor(0.5370, device='cuda:0', grad_fn=<AddBackward0>), 'total': 0, 'prediction': tensor(0.3579, device='cuda:0', grad_fn=<MulBackward0>), 'true_values': tensor(0.1792, device='cuda:0', grad_fn=<MulBackward0>)}
[17:18467]  loss_total_vae=0.538  loss_total=0.000  loss_prediction=0.411  loss_true_values=0.127  loss_total_vae_epoch=0.431  
samples_images_dict
dict_keys(['rand0', 'rand1', 'rand2', 'rand3', 'rand4', 'rand5', 'rand6', 'rand7', 'rand8', 'rand9', 'random'])
lr: 6.782230728489997e-06
Losses: {'total_vae': tensor(0.5285, device='cuda:0', grad_fn=<AddBackward0>), 'total': 0, 'prediction': tensor(0.3488, device='cuda:0', grad_fn=<MulBackward0>), 'true_values': tensor(0.1797, device='cuda:0', grad_fn=<MulBackward0>)}
Losses: {'total_vae': tensor(0.4304, device='cuda:0', grad_fn=<AddBackward0>), 'total': 0, 'prediction': tensor(0.2589, device='cuda:0', grad_fn=<MulBackward0>), 'true_values': tensor(0.1715, device='cuda:0', grad_fn=<MulBackward0>)}
Done testing
Done testing
Saved test_metrics
Losses: {'total_vae': tensor(0.4116, device='cuda:0', grad_fn=<AddBackward0>), 'total': 0, 'prediction': tensor(0.3122, device='cuda:0', grad_fn=<MulBackward0>), 'true_values': tensor(0.0994, device='cuda:0', grad_fn=<MulBackward0>)}
[18:19493]  loss_total_vae=0.434  loss_total=0.000  loss_prediction=0.328  loss_true_values=0.107  loss_total_vae_epoch=0.424  
samples_images_dict
dict_keys(['rand0', 'rand1', 'rand2', 'rand3', 'rand4', 'rand5', 'rand6', 'rand7', 'rand8', 'rand9', 'random'])
lr: 4.747561509942998e-06
Losses: {'total_vae': tensor(0.3589, device='cuda:0', grad_fn=<AddBackward0>), 'total': 0, 'prediction': tensor(0.2545, device='cuda:0', grad_fn=<MulBackward0>), 'true_values': tensor(0.1044, device='cuda:0', grad_fn=<MulBackward0>)}
Losses: {'total_vae': tensor(0.3124, device='cuda:0', grad_fn=<AddBackward0>), 'total': 0, 'prediction': tensor(0.2216, device='cuda:0', grad_fn=<MulBackward0>), 'true_values': tensor(0.0908, device='cuda:0', grad_fn=<MulBackward0>)}
Losses: {'total_vae': tensor(0.2959, device='cuda:0', grad_fn=<AddBackward0>), 'total': 0, 'prediction': tensor(0.2379, device='cuda:0', grad_fn=<MulBackward0>), 'true_values': tensor(0.0580, device='cuda:0', grad_fn=<MulBackward0>)}
[19:20519]  loss_total_vae=0.429  loss_total=0.000  loss_prediction=0.301  loss_true_values=0.128  loss_total_vae_epoch=0.418  
samples_images_dict
dict_keys(['rand0', 'rand1', 'rand2', 'rand3', 'rand4', 'rand5', 'rand6', 'rand7', 'rand8', 'rand9', 'random'])
lr: 3.323293056960098e-06
Losses: {'total_vae': tensor(0.4435, device='cuda:0', grad_fn=<AddBackward0>), 'total': 0, 'prediction': tensor(0.3314, device='cuda:0', grad_fn=<MulBackward0>), 'true_values': tensor(0.1121, device='cuda:0', grad_fn=<MulBackward0>)}
Losses: {'total_vae': tensor(0.4260, device='cuda:0', grad_fn=<AddBackward0>), 'total': 0, 'prediction': tensor(0.3191, device='cuda:0', grad_fn=<MulBackward0>), 'true_values': tensor(0.1070, device='cuda:0', grad_fn=<MulBackward0>)}
Done testing
Done testing
Saved test_metrics
Losses: {'total_vae': tensor(0.3895, device='cuda:0', grad_fn=<AddBackward0>), 'total': 0, 'prediction': tensor(0.3053, device='cuda:0', grad_fn=<MulBackward0>), 'true_values': tensor(0.0842, device='cuda:0', grad_fn=<MulBackward0>)}
[20:21545]  loss_total_vae=0.524  loss_total=0.000  loss_prediction=0.340  loss_true_values=0.184  loss_total_vae_epoch=0.413  
samples_images_dict
dict_keys(['rand0', 'rand1', 'rand2', 'rand3', 'rand4', 'rand5', 'rand6', 'rand7', 'rand8', 'rand9', 'random'])
lr: 2.3263051398720685e-06
Losses: {'total_vae': tensor(0.5329, device='cuda:0', grad_fn=<AddBackward0>), 'total': 0, 'prediction': tensor(0.3857, device='cuda:0', grad_fn=<MulBackward0>), 'true_values': tensor(0.1472, device='cuda:0', grad_fn=<MulBackward0>)}
Losses: {'total_vae': tensor(0.4092, device='cuda:0', grad_fn=<AddBackward0>), 'total': 0, 'prediction': tensor(0.3117, device='cuda:0', grad_fn=<MulBackward0>), 'true_values': tensor(0.0974, device='cuda:0', grad_fn=<MulBackward0>)}
Losses: {'total_vae': tensor(0.4229, device='cuda:0', grad_fn=<AddBackward0>), 'total': 0, 'prediction': tensor(0.2753, device='cuda:0', grad_fn=<MulBackward0>), 'true_values': tensor(0.1477, device='cuda:0', grad_fn=<MulBackward0>)}
[21:22571]  loss_total_vae=0.283  loss_total=0.000  loss_prediction=0.221  loss_true_values=0.062  loss_total_vae_epoch=0.415  
samples_images_dict
dict_keys(['rand0', 'rand1', 'rand2', 'rand3', 'rand4', 'rand5', 'rand6', 'rand7', 'rand8', 'rand9', 'random'])
lr: 1.6284135979104478e-06
Losses: {'total_vae': tensor(0.4119, device='cuda:0', grad_fn=<AddBackward0>), 'total': 0, 'prediction': tensor(0.2503, device='cuda:0', grad_fn=<MulBackward0>), 'true_values': tensor(0.1616, device='cuda:0', grad_fn=<MulBackward0>)}
Done testing
Now val counter at: 1
Latent 0.1421348484672182   0.14266805768739887
BCE 0.40059701734926645 0.40567622267133824
Done testing
Saved test_metrics
Losses: {'total_vae': tensor(0.4600, device='cuda:0', grad_fn=<AddBackward0>), 'total': 0, 'prediction': tensor(0.3036, device='cuda:0', grad_fn=<MulBackward0>), 'true_values': tensor(0.1564, device='cuda:0', grad_fn=<MulBackward0>)}
Losses: {'total_vae': tensor(0.3987, device='cuda:0', grad_fn=<AddBackward0>), 'total': 0, 'prediction': tensor(0.3147, device='cuda:0', grad_fn=<MulBackward0>), 'true_values': tensor(0.0840, device='cuda:0', grad_fn=<MulBackward0>)}
[22:23597]  loss_total_vae=0.333  loss_total=0.000  loss_prediction=0.246  loss_true_values=0.087  loss_total_vae_epoch=0.413  
samples_images_dict
dict_keys(['rand0', 'rand1', 'rand2', 'rand3', 'rand4', 'rand5', 'rand6', 'rand7', 'rand8', 'rand9', 'random'])
lr: 1.1398895185373134e-06
Losses: {'total_vae': tensor(0.2640, device='cuda:0', grad_fn=<AddBackward0>), 'total': 0, 'prediction': tensor(0.1899, device='cuda:0', grad_fn=<MulBackward0>), 'true_values': tensor(0.0741, device='cuda:0', grad_fn=<MulBackward0>)}
Losses: {'total_vae': tensor(0.3181, device='cuda:0', grad_fn=<AddBackward0>), 'total': 0, 'prediction': tensor(0.2653, device='cuda:0', grad_fn=<MulBackward0>), 'true_values': tensor(0.0528, device='cuda:0', grad_fn=<MulBackward0>)}
Done testing
Now val counter at: 1
Latent 0.14150874692250073   0.14212096294736473
BCE 0.40523100299079245 0.4029775649955279
Done testing
Saved test_metrics
Losses: {'total_vae': tensor(0.8143, device='cuda:0', grad_fn=<AddBackward0>), 'total': 0, 'prediction': tensor(0.4527, device='cuda:0', grad_fn=<MulBackward0>), 'true_values': tensor(0.3616, device='cuda:0', grad_fn=<MulBackward0>)}
lr: 7.979226629761193e-07
Losses: {'total_vae': tensor(0.3795, device='cuda:0', grad_fn=<AddBackward0>), 'total': 0, 'prediction': tensor(0.2759, device='cuda:0', grad_fn=<MulBackward0>), 'true_values': tensor(0.1035, device='cuda:0', grad_fn=<MulBackward0>)}
Losses: {'total_vae': tensor(0.2998, device='cuda:0', grad_fn=<AddBackward0>), 'total': 0, 'prediction': tensor(0.2168, device='cuda:0', grad_fn=<MulBackward0>), 'true_values': tensor(0.0830, device='cuda:0', grad_fn=<MulBackward0>)}
Losses: {'total_vae': tensor(0.3603, device='cuda:0', grad_fn=<AddBackward0>), 'total': 0, 'prediction': tensor(0.2591, device='cuda:0', grad_fn=<MulBackward0>), 'true_values': tensor(0.1012, device='cuda:0', grad_fn=<MulBackward0>)}
lr: 5.585458640832835e-07
Losses: {'total_vae': tensor(0.6673, device='cuda:0', grad_fn=<AddBackward0>), 'total': 0, 'prediction': tensor(0.4193, device='cuda:0', grad_fn=<MulBackward0>), 'true_values': tensor(0.2480, device='cuda:0', grad_fn=<MulBackward0>)}
Done testing
Latent 0.14084376170625532   0.14188796760347802
BCE 0.39936920818759175 0.3999314299686168
Done testing
Saved test_metrics
Losses: {'total_vae': tensor(0.3503, device='cuda:0', grad_fn=<AddBackward0>), 'total': 0, 'prediction': tensor(0.2348, device='cuda:0', grad_fn=<MulBackward0>), 'true_values': tensor(0.1155, device='cuda:0', grad_fn=<MulBackward0>)}
Losses: {'total_vae': tensor(0.5168, device='cuda:0', grad_fn=<AddBackward0>), 'total': 0, 'prediction': tensor(0.3297, device='cuda:0', grad_fn=<MulBackward0>), 'true_values': tensor(0.1871, device='cuda:0', grad_fn=<MulBackward0>)}
[25:26675]  loss_total_vae=0.528  loss_total=0.000  loss_prediction=0.358  loss_true_values=0.170  loss_total_vae_epoch=0.410  
samples_images_dict
dict_keys(['rand0', 'rand1', 'rand2', 'rand3', 'rand4', 'rand5', 'rand6', 'rand7', 'rand8', 'rand9', 'random'])
lr: 3.9098210485829847e-07
Losses: {'total_vae': tensor(0.4403, device='cuda:0', grad_fn=<AddBackward0>), 'total': 0, 'prediction': tensor(0.3682, device='cuda:0', grad_fn=<MulBackward0>), 'true_values': tensor(0.0721, device='cuda:0', grad_fn=<MulBackward0>)}
Losses: {'total_vae': tensor(0.3369, device='cuda:0', grad_fn=<AddBackward0>), 'total': 0, 'prediction': tensor(0.2015, device='cuda:0', grad_fn=<MulBackward0>), 'true_values': tensor(0.1354, device='cuda:0', grad_fn=<MulBackward0>)}
Done testing
Now val counter at: 1
Latent 0.14118610207385163   0.14162600424070024
BCE 0.39883298602530626 0.40081406661326974
Done testing
Saved test_metrics
Losses: {'total_vae': tensor(0.4204, device='cuda:0', grad_fn=<AddBackward0>), 'total': 0, 'prediction': tensor(0.3628, device='cuda:0', grad_fn=<MulBackward0>), 'true_values': tensor(0.0576, device='cuda:0', grad_fn=<MulBackward0>)}
[26:27701]  loss_total_vae=0.477  loss_total=0.000  loss_prediction=0.367  loss_true_values=0.111  loss_total_vae_epoch=0.406  
samples_images_dict
dict_keys(['rand0', 'rand1', 'rand2', 'rand3', 'rand4', 'rand5', 'rand6', 'rand7', 'rand8', 'rand9', 'random'])
lr: 2.465652913520801e-07
Losses: {'total_vae': tensor(0.3834, device='cuda:0', grad_fn=<AddBackward0>), 'total': 0, 'prediction': tensor(0.2743, device='cuda:0', grad_fn=<MulBackward0>), 'true_values': tensor(0.1090, device='cuda:0', grad_fn=<MulBackward0>)}
Losses: {'total_vae': tensor(0.3555, device='cuda:0', grad_fn=<AddBackward0>), 'total': 0, 'prediction': tensor(0.2331, device='cuda:0', grad_fn=<MulBackward0>), 'true_values': tensor(0.1224, device='cuda:0', grad_fn=<MulBackward0>)}
Losses: {'total_vae': tensor(0.5343, device='cuda:0', grad_fn=<AddBackward0>), 'total': 0, 'prediction': tensor(0.3106, device='cuda:0', grad_fn=<MulBackward0>), 'true_values': tensor(0.2236, device='cuda:0', grad_fn=<MulBackward0>)}
[27:28727]  loss_total_vae=0.408  loss_total=0.000  loss_prediction=0.322  loss_true_values=0.086  loss_total_vae_epoch=0.405  
samples_images_dict
dict_keys(['rand0', 'rand1', 'rand2', 'rand3', 'rand4', 'rand5', 'rand6', 'rand7', 'rand8', 'rand9', 'random'])
lr: 1.7259570394645603e-07
Losses: {'total_vae': tensor(0.2856, device='cuda:0', grad_fn=<AddBackward0>), 'total': 0, 'prediction': tensor(0.1889, device='cuda:0', grad_fn=<MulBackward0>), 'true_values': tensor(0.0967, device='cuda:0', grad_fn=<MulBackward0>)}
Done testing
Done testing
Saved test_metrics
Losses: {'total_vae': tensor(0.3267, device='cuda:0', grad_fn=<AddBackward0>), 'total': 0, 'prediction': tensor(0.2251, device='cuda:0', grad_fn=<MulBackward0>), 'true_values': tensor(0.1016, device='cuda:0', grad_fn=<MulBackward0>)}
Losses: {'total_vae': tensor(0.3712, device='cuda:0', grad_fn=<AddBackward0>), 'total': 0, 'prediction': tensor(0.2728, device='cuda:0', grad_fn=<MulBackward0>), 'true_values': tensor(0.0983, device='cuda:0', grad_fn=<MulBackward0>)}
[28:29753]  loss_total_vae=0.355  loss_total=0.000  loss_prediction=0.210  loss_true_values=0.145  loss_total_vae_epoch=0.410  
samples_images_dict
dict_keys(['rand0', 'rand1', 'rand2', 'rand3', 'rand4', 'rand5', 'rand6', 'rand7', 'rand8', 'rand9', 'random'])
lr: 1.2081699276251922e-07
Losses: {'total_vae': tensor(0.4600, device='cuda:0', grad_fn=<AddBackward0>), 'total': 0, 'prediction': tensor(0.3329, device='cuda:0', grad_fn=<MulBackward0>), 'true_values': tensor(0.1271, device='cuda:0', grad_fn=<MulBackward0>)}
Losses: {'total_vae': tensor(0.4643, device='cuda:0', grad_fn=<AddBackward0>), 'total': 0, 'prediction': tensor(0.3435, device='cuda:0', grad_fn=<MulBackward0>), 'true_values': tensor(0.1208, device='cuda:0', grad_fn=<MulBackward0>)}
Losses: {'total_vae': tensor(0.3224, device='cuda:0', grad_fn=<AddBackward0>), 'total': 0, 'prediction': tensor(0.2340, device='cuda:0', grad_fn=<MulBackward0>), 'true_values': tensor(0.0883, device='cuda:0', grad_fn=<MulBackward0>)}
[29:30779]  loss_total_vae=0.283  loss_total=0.000  loss_prediction=0.258  loss_true_values=0.025  loss_total_vae_epoch=0.406  
samples_images_dict
dict_keys(['rand0', 'rand1', 'rand2', 'rand3', 'rand4', 'rand5', 'rand6', 'rand7', 'rand8', 'rand9', 'random'])
Done testing
Now val counter at: 1
Latent 0.14113690165000234   0.14117953690086923
BCE 0.40001991342722887 0.40114439906789684
Done testing
Saved test_metrics
lr: 8.457189493376344e-08
Losses: {'total_vae': tensor(0.4213, device='cuda:0', grad_fn=<AddBackward0>), 'total': 0, 'prediction': tensor(0.3327, device='cuda:0', grad_fn=<MulBackward0>), 'true_values': tensor(0.0886, device='cuda:0', grad_fn=<MulBackward0>)}
Losses: {'total_vae': tensor(0.5499, device='cuda:0', grad_fn=<AddBackward0>), 'total': 0, 'prediction': tensor(0.4124, device='cuda:0', grad_fn=<MulBackward0>), 'true_values': tensor(0.1375, device='cuda:0', grad_fn=<MulBackward0>)}
Losses: {'total_vae': tensor(0.4389, device='cuda:0', grad_fn=<AddBackward0>), 'total': 0, 'prediction': tensor(0.3286, device='cuda:0', grad_fn=<MulBackward0>), 'true_values': tensor(0.1102, device='cuda:0', grad_fn=<MulBackward0>)}
[30:31805]  loss_total_vae=0.421  loss_total=0.000  loss_prediction=0.335  loss_true_values=0.086  loss_total_vae_epoch=0.402  
samples_images_dict
dict_keys(['rand0', 'rand1', 'rand2', 'rand3', 'rand4', 'rand5', 'rand6', 'rand7', 'rand8', 'rand9', 'random'])
