name=slurm_script
Done testing
Pre-Processing CelebA
labels (30000, 32)
All classes percentages: [0.2936666666666667, 0.2319, 0.12203333333333333, 0.18716666666666668, 0.16523333333333334, 0.0, 0.0, 0.0, 0.0, 0.0, 0.0, 0.0, 0.0, 0.0, 0.0, 0.0, 0.0, 0.0, 0.0, 0.0, 0.0, 0.0, 0.0, 0.0, 0.0, 0.0, 0.0, 0.0, 0.0, 0.0, 0.0, 0.0]
Initialized GrayVAE_Join model
## Initializing Train indexes
->path chosen:: logs/celebA__GrayVAE_Join__2022_04/26-09-36/train_runs
Losses: {'total_vae': tensor(15938.7324, device='cuda:0', grad_fn=<AddBackward0>), 'recon': tensor(8573.9541, device='cuda:0', grad_fn=<MulBackward0>), 'kld': tensor(0.6669, device='cuda:0', grad_fn=<MulBackward0>), 'prediction': tensor(1660.0967, device='cuda:0', grad_fn=<MulBackward0>), 'true_values': tensor(5704.0151, device='cuda:0', grad_fn=<MulBackward0>)}
tracking changes
Done testing
[0:239]  loss_total_vae=13307.459  loss_recon=7813.750  loss_kld=408.424  loss_prediction=1529.564  loss_true_values=3555.720  loss_total_vae_epoch=13915.301  
Losses: {'total_vae': tensor(13259.5586, device='cuda:0', grad_fn=<AddBackward0>), 'recon': tensor(7792.5415, device='cuda:0', grad_fn=<MulBackward0>), 'kld': tensor(404.4088, device='cuda:0', grad_fn=<MulBackward0>), 'prediction': tensor(1597.3984, device='cuda:0', grad_fn=<MulBackward0>), 'true_values': tensor(3465.2102, device='cuda:0', grad_fn=<MulBackward0>)}
Done testing
Saved test_metrics
tracking changes
Done testing
[1:479]  loss_total_vae=12569.209  loss_recon=7166.836  loss_kld=514.741  loss_prediction=1557.630  loss_true_values=3330.002  loss_total_vae_epoch=12932.939  
Losses: {'total_vae': tensor(12473.0059, device='cuda:0', grad_fn=<AddBackward0>), 'recon': tensor(7164.8862, device='cuda:0', grad_fn=<MulBackward0>), 'kld': tensor(504.2464, device='cuda:0', grad_fn=<MulBackward0>), 'prediction': tensor(1517.7993, device='cuda:0', grad_fn=<MulBackward0>), 'true_values': tensor(3286.0747, device='cuda:0', grad_fn=<MulBackward0>)}
Done testing
Saved test_metrics
[2:719]  loss_total_vae=12263.746  loss_recon=7003.793  loss_kld=548.648  loss_prediction=1463.026  loss_true_values=3248.279  loss_total_vae_epoch=12449.622  
Losses: {'total_vae': tensor(12458.1074, device='cuda:0', grad_fn=<AddBackward0>), 'recon': tensor(7114.8799, device='cuda:0', grad_fn=<MulBackward0>), 'kld': tensor(548.1410, device='cuda:0', grad_fn=<MulBackward0>), 'prediction': tensor(1437.7063, device='cuda:0', grad_fn=<MulBackward0>), 'true_values': tensor(3357.3794, device='cuda:0', grad_fn=<MulBackward0>)}
Done testing
Saved test_metrics
tracking changes
Done testing
[3:959]  loss_total_vae=12232.549  loss_recon=7084.826  loss_kld=616.620  loss_prediction=1490.310  loss_true_values=3040.793  loss_total_vae_epoch=12258.065  
Losses: {'total_vae': tensor(12290.0752, device='cuda:0', grad_fn=<AddBackward0>), 'recon': tensor(7033.2461, device='cuda:0', grad_fn=<MulBackward0>), 'kld': tensor(614.7795, device='cuda:0', grad_fn=<MulBackward0>), 'prediction': tensor(1436.5723, device='cuda:0', grad_fn=<MulBackward0>), 'true_values': tensor(3205.4778, device='cuda:0', grad_fn=<MulBackward0>)}
Done testing
Saved test_metrics
tracking changes
Done testing
[4:1199]  loss_total_vae=12029.434  loss_recon=7000.630  loss_kld=641.535  loss_prediction=1322.731  loss_true_values=3064.537  loss_total_vae_epoch=12079.650  
Losses: {'total_vae': tensor(12096.0439, device='cuda:0', grad_fn=<AddBackward0>), 'recon': tensor(7031.9688, device='cuda:0', grad_fn=<MulBackward0>), 'kld': tensor(581.3658, device='cuda:0', grad_fn=<MulBackward0>), 'prediction': tensor(1322.4972, device='cuda:0', grad_fn=<MulBackward0>), 'true_values': tensor(3160.2117, device='cuda:0', grad_fn=<MulBackward0>)}
Done testing
Saved test_metrics
[8:2159]  loss_total_vae=10438.393  loss_recon=6806.112  loss_kld=904.047  loss_prediction=509.848  loss_true_values=2218.385  loss_total_vae_epoch=10403.360  
Losses: {'total_vae': tensor(10162.1797, device='cuda:0', grad_fn=<AddBackward0>), 'recon': tensor(6703.2231, device='cuda:0', grad_fn=<MulBackward0>), 'kld': tensor(922.9186, device='cuda:0', grad_fn=<MulBackward0>), 'prediction': tensor(347.4657, device='cuda:0', grad_fn=<MulBackward0>), 'true_values': tensor(2188.5728, device='cuda:0', grad_fn=<MulBackward0>)}
tracking changes
Done testing
Saved test_metrics
[5:1439]  loss_total_vae=11663.122  loss_recon=6938.327  loss_kld=698.151  loss_prediction=1096.837  loss_true_values=2929.807  loss_total_vae_epoch=11886.489  
Losses: {'total_vae': tensor(11928.3135, device='cuda:0', grad_fn=<AddBackward0>), 'recon': tensor(7067.5322, device='cuda:0', grad_fn=<MulBackward0>), 'kld': tensor(681.1979, device='cuda:0', grad_fn=<MulBackward0>), 'prediction': tensor(1169.9006, device='cuda:0', grad_fn=<MulBackward0>), 'true_values': tensor(3009.6829, device='cuda:0', grad_fn=<MulBackward0>)}
Done testing
Saved test_metrics
tracking changes
Done testing
[6:1679]  loss_total_vae=11801.004  loss_recon=7115.631  loss_kld=696.085  loss_prediction=1116.863  loss_true_values=2872.426  loss_total_vae_epoch=11730.486  
Losses: {'total_vae': tensor(11711.9854, device='cuda:0', grad_fn=<AddBackward0>), 'recon': tensor(6978.4150, device='cuda:0', grad_fn=<MulBackward0>), 'kld': tensor(711.7956, device='cuda:0', grad_fn=<MulBackward0>), 'prediction': tensor(1060.6383, device='cuda:0', grad_fn=<MulBackward0>), 'true_values': tensor(2961.1370, device='cuda:0', grad_fn=<MulBackward0>)}
Done testing
Saved test_metrics
tracking changes
Done testing
[7:1919]  loss_total_vae=11328.167  loss_recon=6759.520  loss_kld=631.031  loss_prediction=1014.700  loss_true_values=2922.915  loss_total_vae_epoch=11613.560  
Losses: {'total_vae': tensor(11639.0820, device='cuda:0', grad_fn=<AddBackward0>), 'recon': tensor(6986.7715, device='cuda:0', grad_fn=<MulBackward0>), 'kld': tensor(698.6965, device='cuda:0', grad_fn=<MulBackward0>), 'prediction': tensor(1098.9734, device='cuda:0', grad_fn=<MulBackward0>), 'true_values': tensor(2854.6411, device='cuda:0', grad_fn=<MulBackward0>)}
Done testing
Saved test_metrics
[8:2159]  loss_total_vae=11607.986  loss_recon=6984.266  loss_kld=685.413  loss_prediction=1047.971  loss_true_values=2890.336  loss_total_vae_epoch=11535.040  
Losses: {'total_vae': tensor(11157.7178, device='cuda:0', grad_fn=<AddBackward0>), 'recon': tensor(6717.7988, device='cuda:0', grad_fn=<MulBackward0>), 'kld': tensor(695.9653, device='cuda:0', grad_fn=<MulBackward0>), 'prediction': tensor(936.6281, device='cuda:0', grad_fn=<MulBackward0>), 'true_values': tensor(2807.3252, device='cuda:0', grad_fn=<MulBackward0>)}
Done testing
Saved test_metrics
tracking changes
Done testing
Done testing
[9:2399]  loss_total_vae=11509.268  loss_recon=6965.135  loss_kld=694.657  loss_prediction=978.904  loss_true_values=2870.573  loss_total_vae_epoch=11479.693  
Losses: {'total_vae': tensor(11472.4609, device='cuda:0', grad_fn=<AddBackward0>), 'recon': tensor(6851.7061, device='cuda:0', grad_fn=<MulBackward0>), 'kld': tensor(728.6348, device='cuda:0', grad_fn=<MulBackward0>), 'prediction': tensor(1048.9152, device='cuda:0', grad_fn=<MulBackward0>), 'true_values': tensor(2843.2046, device='cuda:0', grad_fn=<MulBackward0>)}
Done testing
Saved test_metrics
tracking changes
Done testing
[10:2639]  loss_total_vae=11457.770  loss_recon=6945.378  loss_kld=722.067  loss_prediction=947.320  loss_true_values=2843.004  loss_total_vae_epoch=11428.308  
Losses: {'total_vae': tensor(11360.8438, device='cuda:0', grad_fn=<AddBackward0>), 'recon': tensor(6912.6284, device='cuda:0', grad_fn=<MulBackward0>), 'kld': tensor(699.3543, device='cuda:0', grad_fn=<MulBackward0>), 'prediction': tensor(996.9764, device='cuda:0', grad_fn=<MulBackward0>), 'true_values': tensor(2751.8848, device='cuda:0', grad_fn=<MulBackward0>)}
Done testing
Saved test_metrics
[11:2879]  loss_total_vae=11524.513  loss_recon=7016.106  loss_kld=683.933  loss_prediction=1034.631  loss_true_values=2789.843  loss_total_vae_epoch=11383.104  
Losses: {'total_vae': tensor(11292.1025, device='cuda:0', grad_fn=<AddBackward0>), 'recon': tensor(6865.5342, device='cuda:0', grad_fn=<MulBackward0>), 'kld': tensor(721.6104, device='cuda:0', grad_fn=<MulBackward0>), 'prediction': tensor(1004.9759, device='cuda:0', grad_fn=<MulBackward0>), 'true_values': tensor(2699.9824, device='cuda:0', grad_fn=<MulBackward0>)}
Done testing
Saved test_metrics
tracking changes
Done testing
[12:3119]  loss_total_vae=11232.010  loss_recon=6843.400  loss_kld=713.781  loss_prediction=981.296  loss_true_values=2693.532  loss_total_vae_epoch=11338.290  
Losses: {'total_vae': tensor(11465.6309, device='cuda:0', grad_fn=<AddBackward0>), 'recon': tensor(6874.0073, device='cuda:0', grad_fn=<MulBackward0>), 'kld': tensor(697.7645, device='cuda:0', grad_fn=<MulBackward0>), 'prediction': tensor(1081.3679, device='cuda:0', grad_fn=<MulBackward0>), 'true_values': tensor(2812.4912, device='cuda:0', grad_fn=<MulBackward0>)}
Done testing
Saved test_metrics
[13:3359]  loss_total_vae=11290.164  loss_recon=6894.166  loss_kld=723.564  loss_prediction=945.439  loss_true_values=2726.996  loss_total_vae_epoch=11302.259  
Losses: {'total_vae': tensor(11295.5059, device='cuda:0', grad_fn=<AddBackward0>), 'recon': tensor(6812.7329, device='cuda:0', grad_fn=<MulBackward0>), 'kld': tensor(730.3596, device='cuda:0', grad_fn=<MulBackward0>), 'prediction': tensor(960.5905, device='cuda:0', grad_fn=<MulBackward0>), 'true_values': tensor(2791.8228, device='cuda:0', grad_fn=<MulBackward0>)}
tracking changes
Done testing
Done testing
Saved test_metrics
[14:3599]  loss_total_vae=11514.377  loss_recon=6941.445  loss_kld=725.226  loss_prediction=995.132  loss_true_values=2852.574  loss_total_vae_epoch=11269.115  
Done testing
Saved test_metrics
[9:2399]  loss_total_vae=10215.729  loss_recon=6767.037  loss_kld=937.740  loss_prediction=369.157  loss_true_values=2141.795  loss_total_vae_epoch=10263.793  
Losses: {'total_vae': tensor(11229.7012, device='cuda:0', grad_fn=<AddBackward0>), 'recon': tensor(6825.1206, device='cuda:0', grad_fn=<MulBackward0>), 'kld': tensor(731.5414, device='cuda:0', grad_fn=<MulBackward0>), 'prediction': tensor(948.1940, device='cuda:0', grad_fn=<MulBackward0>), 'true_values': tensor(2724.8447, device='cuda:0', grad_fn=<MulBackward0>)}
Losses: {'total_vae': tensor(10084.1846, device='cuda:0', grad_fn=<AddBackward0>), 'recon': tensor(6779.9385, device='cuda:0', grad_fn=<MulBackward0>), 'kld': tensor(942.0719, device='cuda:0', grad_fn=<MulBackward0>), 'prediction': tensor(328.2501, device='cuda:0', grad_fn=<MulBackward0>), 'true_values': tensor(2033.9241, device='cuda:0', grad_fn=<MulBackward0>)}
tracking changes
Done testing
Saved test_metrics
tracking changes
Done testing
tracking changes
Done testing
tracking changes
Done testing
tracking changes
Done testing
tracking changes
Done testing
tracking changes
Done testing
tracking changes
Done testing
tracking changes
Done testing
tracking changes
Done testing
tracking changes
Done testing
tracking changes
Done testing
tracking changes
Done testing
tracking changes
Done testing
tracking changes
Done testing
tracking changes
Done testing
Validation stop
tracking changes
Done testing
Validation stop
tracking changes
Done testing
Validation stop
tracking changes
Done testing
Validation stop
tracking changes
Done testing
Validation stop
tracking changes
Done testing
Done testing
Validation stop
tracking changes
Done testing
Validation stop
tracking changes
Done testing
Validation stop
tracking changes
Done testing
Validation stop
tracking changes
Done testing
Validation stop
tracking changes
Done testing
Validation stop
tracking changes
Done testing
Validation stop
tracking changes
Done testing
Validation stop
tracking changes
Done testing
Validation stop
tracking changes
Done testing
Validation stop
tracking changes
Done testing
Validation stop
tracking changes
Done testing
Validation stop
tracking changes
Done testing
Validation stop
tracking changes
Done testing
Validation stop
tracking changes
Done testing
Validation stop
tracking changes
Done testing
Validation stop
tracking changes
Done testing
Validation stop
tracking changes
Done testing
Validation stop
tracking changes
Done testing
Validation stop
tracking changes
Done testing
Validation stop
tracking changes
Done testing
Validation stop
tracking changes
Done testing
Validation stop
tracking changes
Done testing
Validation stop
tracking changes
Done testing
Validation stop
tracking changes
Done testing
Validation stop
tracking changes
Done testing
Saved test_metrics
[10:2639]  loss_total_vae=10108.089  loss_recon=6789.815  loss_kld=935.292  loss_prediction=337.263  loss_true_values=2045.720  loss_total_vae_epoch=10146.435  
Losses: {'total_vae': tensor(10255.0566, device='cuda:0', grad_fn=<AddBackward0>), 'recon': tensor(6991.1587, device='cuda:0', grad_fn=<MulBackward0>), 'kld': tensor(944.2264, device='cuda:0', grad_fn=<MulBackward0>), 'prediction': tensor(275.0615, device='cuda:0', grad_fn=<MulBackward0>), 'true_values': tensor(2044.6089, device='cuda:0', grad_fn=<MulBackward0>)}
tracking changes
Done testing
Validation stop
tracking changes
Done testing
Validation stop
tracking changes
Done testing
Validation stop
tracking changes
Done testing
Validation stop
tracking changes
Done testing
Validation stop
tracking changes
Done testing
Validation stop
tracking changes
Done testing
Validation stop
tracking changes
Done testing
Validation stop
tracking changes
Done testing
Validation stop
tracking changes
Done testing
Validation stop
tracking changes
Done testing
Validation stop
tracking changes
Done testing
Validation stop
tracking changes
