0
Pre-Processing CelebA
labels (202599, 32)
All classes percentages: [0.04671790087808923, 0.20471966791543889, 0.15843612258698217, 0.05444251945962221, 0.1816395934826924, 0.05528161540777595, 0.011248821563778696, 0.0946105360835937, 0.08755225840206517, 0.1053509642199616]
Initialized GrayVAE_Join model
## Initializing Train indexes
->path chosen:: logs/celebA__GrayVAE_Join__2022_05/03-11-57
lr: 1e-07
Losses: {'total_vae': tensor(16474.5371, device='cuda:0', grad_fn=<AddBackward0>), 'recon': tensor(8495.6572, device='cuda:0', grad_fn=<MulBackward0>), 'kld': tensor(54.6701, device='cuda:0', grad_fn=<MulBackward0>), 'prediction': tensor(2399.0449, device='cuda:0', grad_fn=<MulBackward0>), 'true_values': tensor(5525.1650, device='cuda:0', grad_fn=<MulBackward0>)}
Losses: {'total_vae': tensor(17851.6543, device='cuda:0', grad_fn=<AddBackward0>), 'recon': tensor(8498.2939, device='cuda:0', grad_fn=<MulBackward0>), 'kld': tensor(56.3149, device='cuda:0', grad_fn=<MulBackward0>), 'prediction': tensor(2374.9529, device='cuda:0', grad_fn=<MulBackward0>), 'true_values': tensor(6922.0923, device='cuda:0', grad_fn=<MulBackward0>)}
Losses: {'total_vae': tensor(10975.3730, device='cuda:0', grad_fn=<AddBackward0>), 'recon': tensor(8497.9102, device='cuda:0', grad_fn=<MulBackward0>), 'kld': tensor(53.6797, device='cuda:0', grad_fn=<MulBackward0>), 'prediction': tensor(2423.7837, device='cuda:0', grad_fn=<MulBackward0>), 'true_values': tensor(-1)}
Losses: {'total_vae': tensor(16678.5625, device='cuda:0', grad_fn=<AddBackward0>), 'recon': tensor(8488.3623, device='cuda:0', grad_fn=<MulBackward0>), 'kld': tensor(53.9748, device='cuda:0', grad_fn=<MulBackward0>), 'prediction': tensor(2364.4009, device='cuda:0', grad_fn=<MulBackward0>), 'true_values': tensor(5771.8237, device='cuda:0', grad_fn=<MulBackward0>)}
[0:1619]  loss_total_vae=10934.641  loss_recon=8489.426  loss_kld=54.635  loss_prediction=2390.579  loss_true_values=-1.000  loss_total_vae_epoch=15094.344  
tracking changes
Saved model at epoch 1
lr: 1.6378937069540646e-07
Losses: {'total_vae': tensor(10993.8926, device='cuda:0', grad_fn=<AddBackward0>), 'recon': tensor(8497.1816, device='cuda:0', grad_fn=<MulBackward0>), 'kld': tensor(54.8405, device='cuda:0', grad_fn=<MulBackward0>), 'prediction': tensor(2441.8701, device='cuda:0', grad_fn=<MulBackward0>), 'true_values': tensor(-1)}
Losses: {'total_vae': tensor(18015.5527, device='cuda:0', grad_fn=<AddBackward0>), 'recon': tensor(8485.7949, device='cuda:0', grad_fn=<MulBackward0>), 'kld': tensor(53.1059, device='cuda:0', grad_fn=<MulBackward0>), 'prediction': tensor(2321.5959, device='cuda:0', grad_fn=<MulBackward0>), 'true_values': tensor(7155.0571, device='cuda:0', grad_fn=<MulBackward0>)}
Losses: {'total_vae': tensor(10940.3828, device='cuda:0', grad_fn=<AddBackward0>), 'recon': tensor(8491.0869, device='cuda:0', grad_fn=<MulBackward0>), 'kld': tensor(55.9697, device='cuda:0', grad_fn=<MulBackward0>), 'prediction': tensor(2393.3259, device='cuda:0', grad_fn=<MulBackward0>), 'true_values': tensor(-1)}
Losses: {'total_vae': tensor(20179.2812, device='cuda:0', grad_fn=<AddBackward0>), 'recon': tensor(8486.4277, device='cuda:0', grad_fn=<MulBackward0>), 'kld': tensor(48.4022, device='cuda:0', grad_fn=<MulBackward0>), 'prediction': tensor(2382.0220, device='cuda:0', grad_fn=<MulBackward0>), 'true_values': tensor(9262.4297, device='cuda:0', grad_fn=<MulBackward0>)}
[1:3239]  loss_total_vae=17732.797  loss_recon=8495.575  loss_kld=54.679  loss_prediction=2331.672  loss_true_values=6850.869  loss_total_vae_epoch=14974.148  
tracking changes
Saved model at epoch 2
lr: 2.6826957952797275e-07
Losses: {'total_vae': tensor(10895.7754, device='cuda:0', grad_fn=<AddBackward0>), 'recon': tensor(8493.8545, device='cuda:0', grad_fn=<MulBackward0>), 'kld': tensor(54.7134, device='cuda:0', grad_fn=<MulBackward0>), 'prediction': tensor(2347.2075, device='cuda:0', grad_fn=<MulBackward0>), 'true_values': tensor(-1)}
Losses: {'total_vae': tensor(10847.3516, device='cuda:0', grad_fn=<AddBackward0>), 'recon': tensor(8485.9990, device='cuda:0', grad_fn=<MulBackward0>), 'kld': tensor(49.0983, device='cuda:0', grad_fn=<MulBackward0>), 'prediction': tensor(2312.2534, device='cuda:0', grad_fn=<MulBackward0>), 'true_values': tensor(-1)}
Losses: {'total_vae': tensor(18290.9492, device='cuda:0', grad_fn=<AddBackward0>), 'recon': tensor(8485.0166, device='cuda:0', grad_fn=<MulBackward0>), 'kld': tensor(53.4770, device='cuda:0', grad_fn=<MulBackward0>), 'prediction': tensor(2316.8103, device='cuda:0', grad_fn=<MulBackward0>), 'true_values': tensor(7435.6460, device='cuda:0', grad_fn=<MulBackward0>)}
Losses: {'total_vae': tensor(18131.8633, device='cuda:0', grad_fn=<AddBackward0>), 'recon': tensor(8472.3359, device='cuda:0', grad_fn=<MulBackward0>), 'kld': tensor(52.6030, device='cuda:0', grad_fn=<MulBackward0>), 'prediction': tensor(2341.6895, device='cuda:0', grad_fn=<MulBackward0>), 'true_values': tensor(7265.2349, device='cuda:0', grad_fn=<MulBackward0>)}
[2:4859]  loss_total_vae=17084.961  loss_recon=8474.829  loss_kld=50.484  loss_prediction=2322.997  loss_true_values=6236.650  loss_total_vae_epoch=14775.146  
tracking changes
Saved model at epoch 3
lr: 4.393970560760786e-07
Losses: {'total_vae': tensor(16747.8516, device='cuda:0', grad_fn=<AddBackward0>), 'recon': tensor(8473.9590, device='cuda:0', grad_fn=<MulBackward0>), 'kld': tensor(50.9462, device='cuda:0', grad_fn=<MulBackward0>), 'prediction': tensor(2293.9309, device='cuda:0', grad_fn=<MulBackward0>), 'true_values': tensor(5929.0151, device='cuda:0', grad_fn=<MulBackward0>)}
Losses: {'total_vae': tensor(16818.1602, device='cuda:0', grad_fn=<AddBackward0>), 'recon': tensor(8450.4512, device='cuda:0', grad_fn=<MulBackward0>), 'kld': tensor(51.1136, device='cuda:0', grad_fn=<MulBackward0>), 'prediction': tensor(2275.4316, device='cuda:0', grad_fn=<MulBackward0>), 'true_values': tensor(6041.1631, device='cuda:0', grad_fn=<MulBackward0>)}
Losses: {'total_vae': tensor(10785.8711, device='cuda:0', grad_fn=<AddBackward0>), 'recon': tensor(8420.2500, device='cuda:0', grad_fn=<MulBackward0>), 'kld': tensor(48.2905, device='cuda:0', grad_fn=<MulBackward0>), 'prediction': tensor(2317.3313, device='cuda:0', grad_fn=<MulBackward0>), 'true_values': tensor(-1)}
Losses: {'total_vae': tensor(16464.6992, device='cuda:0', grad_fn=<AddBackward0>), 'recon': tensor(8384.3281, device='cuda:0', grad_fn=<MulBackward0>), 'kld': tensor(49.3312, device='cuda:0', grad_fn=<MulBackward0>), 'prediction': tensor(2284.8848, device='cuda:0', grad_fn=<MulBackward0>), 'true_values': tensor(5746.1543, device='cuda:0', grad_fn=<MulBackward0>)}
[3:6479]  loss_total_vae=10724.914  loss_recon=8400.088  loss_kld=49.023  loss_prediction=2275.803  loss_true_values=-1.000  loss_total_vae_epoch=14542.180  
tracking changes
Saved model at epoch 4
lr: 7.196856730011514e-07
Losses: {'total_vae': tensor(16826.3594, device='cuda:0', grad_fn=<AddBackward0>), 'recon': tensor(8403.9883, device='cuda:0', grad_fn=<MulBackward0>), 'kld': tensor(48.1177, device='cuda:0', grad_fn=<MulBackward0>), 'prediction': tensor(2272.8748, device='cuda:0', grad_fn=<MulBackward0>), 'true_values': tensor(6101.3770, device='cuda:0', grad_fn=<MulBackward0>)}
Losses: {'total_vae': tensor(10600.6631, device='cuda:0', grad_fn=<AddBackward0>), 'recon': tensor(8341.0977, device='cuda:0', grad_fn=<MulBackward0>), 'kld': tensor(48.2500, device='cuda:0', grad_fn=<MulBackward0>), 'prediction': tensor(2211.3152, device='cuda:0', grad_fn=<MulBackward0>), 'true_values': tensor(-1)}
Losses: {'total_vae': tensor(16099.2949, device='cuda:0', grad_fn=<AddBackward0>), 'recon': tensor(8346.9326, device='cuda:0', grad_fn=<MulBackward0>), 'kld': tensor(47.6367, device='cuda:0', grad_fn=<MulBackward0>), 'prediction': tensor(2178.0408, device='cuda:0', grad_fn=<MulBackward0>), 'true_values': tensor(5526.6841, device='cuda:0', grad_fn=<MulBackward0>)}
Losses: {'total_vae': tensor(15747.1387, device='cuda:0', grad_fn=<AddBackward0>), 'recon': tensor(8281.6270, device='cuda:0', grad_fn=<MulBackward0>), 'kld': tensor(49.0549, device='cuda:0', grad_fn=<MulBackward0>), 'prediction': tensor(2217.5164, device='cuda:0', grad_fn=<MulBackward0>), 'true_values': tensor(5198.9404, device='cuda:0', grad_fn=<MulBackward0>)}
[4:8099]  loss_total_vae=14714.075  loss_recon=8363.876  loss_kld=48.667  loss_prediction=2278.676  loss_true_values=4022.856  loss_total_vae_epoch=14131.095  
tracking changes
Saved model at epoch 5
lr: 1.1787686347935866e-06
Losses: {'total_vae': tensor(10586.1426, device='cuda:0', grad_fn=<AddBackward0>), 'recon': tensor(8304.0449, device='cuda:0', grad_fn=<MulBackward0>), 'kld': tensor(48.5937, device='cuda:0', grad_fn=<MulBackward0>), 'prediction': tensor(2233.5042, device='cuda:0', grad_fn=<MulBackward0>), 'true_values': tensor(-1)}
Losses: {'total_vae': tensor(10437.9316, device='cuda:0', grad_fn=<AddBackward0>), 'recon': tensor(8180.9663, device='cuda:0', grad_fn=<MulBackward0>), 'kld': tensor(51.4705, device='cuda:0', grad_fn=<MulBackward0>), 'prediction': tensor(2205.4956, device='cuda:0', grad_fn=<MulBackward0>), 'true_values': tensor(-1)}
Losses: {'total_vae': tensor(15053.1191, device='cuda:0', grad_fn=<AddBackward0>), 'recon': tensor(8197.8857, device='cuda:0', grad_fn=<MulBackward0>), 'kld': tensor(54.1181, device='cuda:0', grad_fn=<MulBackward0>), 'prediction': tensor(2239.1118, device='cuda:0', grad_fn=<MulBackward0>), 'true_values': tensor(4562.0034, device='cuda:0', grad_fn=<MulBackward0>)}
Losses: {'total_vae': tensor(14733.0977, device='cuda:0', grad_fn=<AddBackward0>), 'recon': tensor(8028.4292, device='cuda:0', grad_fn=<MulBackward0>), 'kld': tensor(55.1433, device='cuda:0', grad_fn=<MulBackward0>), 'prediction': tensor(2115.3286, device='cuda:0', grad_fn=<MulBackward0>), 'true_values': tensor(4534.1978, device='cuda:0', grad_fn=<MulBackward0>)}
[5:9719]  loss_total_vae=10307.240  loss_recon=8193.747  loss_kld=53.913  loss_prediction=2059.580  loss_true_values=-1.000  loss_total_vae_epoch=13606.522  
tracking changes
Saved model at epoch 6
lr: 1.9306977288832498e-06
Losses: {'total_vae': tensor(14897.8535, device='cuda:0', grad_fn=<AddBackward0>), 'recon': tensor(8165.5483, device='cuda:0', grad_fn=<MulBackward0>), 'kld': tensor(55.2648, device='cuda:0', grad_fn=<MulBackward0>), 'prediction': tensor(2157.7808, device='cuda:0', grad_fn=<MulBackward0>), 'true_values': tensor(4519.2598, device='cuda:0', grad_fn=<MulBackward0>)}
Losses: {'total_vae': tensor(13603.0586, device='cuda:0', grad_fn=<AddBackward0>), 'recon': tensor(8126.6680, device='cuda:0', grad_fn=<MulBackward0>), 'kld': tensor(60.6276, device='cuda:0', grad_fn=<MulBackward0>), 'prediction': tensor(2158.8403, device='cuda:0', grad_fn=<MulBackward0>), 'true_values': tensor(3256.9233, device='cuda:0', grad_fn=<MulBackward0>)}
Losses: {'total_vae': tensor(14724.3770, device='cuda:0', grad_fn=<AddBackward0>), 'recon': tensor(7956.9697, device='cuda:0', grad_fn=<MulBackward0>), 'kld': tensor(66.1081, device='cuda:0', grad_fn=<MulBackward0>), 'prediction': tensor(2146.6431, device='cuda:0', grad_fn=<MulBackward0>), 'true_values': tensor(4554.6567, device='cuda:0', grad_fn=<MulBackward0>)}
Losses: {'total_vae': tensor(9960.3750, device='cuda:0', grad_fn=<AddBackward0>), 'recon': tensor(7823.4009, device='cuda:0', grad_fn=<MulBackward0>), 'kld': tensor(67.7044, device='cuda:0', grad_fn=<MulBackward0>), 'prediction': tensor(2069.2700, device='cuda:0', grad_fn=<MulBackward0>), 'true_values': tensor(-1)}
[6:11339]  loss_total_vae=9915.248  loss_recon=7777.546  loss_kld=70.345  loss_prediction=2067.357  loss_true_values=-1.000  loss_total_vae_epoch=12839.672  
tracking changes
Saved model at epoch 7
lr: 3.162277660168379e-06
Losses: {'total_vae': tensor(13703.1699, device='cuda:0', grad_fn=<AddBackward0>), 'recon': tensor(7870.3809, device='cuda:0', grad_fn=<MulBackward0>), 'kld': tensor(73.6918, device='cuda:0', grad_fn=<MulBackward0>), 'prediction': tensor(2048.9866, device='cuda:0', grad_fn=<MulBackward0>), 'true_values': tensor(3710.1099, device='cuda:0', grad_fn=<MulBackward0>)}
Losses: {'total_vae': tensor(9712.1904, device='cuda:0', grad_fn=<AddBackward0>), 'recon': tensor(7579.3550, device='cuda:0', grad_fn=<MulBackward0>), 'kld': tensor(78.9973, device='cuda:0', grad_fn=<MulBackward0>), 'prediction': tensor(2053.8381, device='cuda:0', grad_fn=<MulBackward0>), 'true_values': tensor(-1)}
Losses: {'total_vae': tensor(11601.5986, device='cuda:0', grad_fn=<AddBackward0>), 'recon': tensor(7659.7007, device='cuda:0', grad_fn=<MulBackward0>), 'kld': tensor(88.8465, device='cuda:0', grad_fn=<MulBackward0>), 'prediction': tensor(2066.8936, device='cuda:0', grad_fn=<MulBackward0>), 'true_values': tensor(1786.1570, device='cuda:0', grad_fn=<MulBackward0>)}
Losses: {'total_vae': tensor(12561.7588, device='cuda:0', grad_fn=<AddBackward0>), 'recon': tensor(7444.0303, device='cuda:0', grad_fn=<MulBackward0>), 'kld': tensor(94.1171, device='cuda:0', grad_fn=<MulBackward0>), 'prediction': tensor(1943.4923, device='cuda:0', grad_fn=<MulBackward0>), 'true_values': tensor(3080.1194, device='cuda:0', grad_fn=<MulBackward0>)}
[7:12959]  loss_total_vae=12610.230  loss_recon=7539.465  loss_kld=98.715  loss_prediction=1975.036  loss_true_values=2997.015  loss_total_vae_epoch=12035.248  
tracking changes
Saved model at epoch 8
lr: 5.179474679231212e-06
Losses: {'total_vae': tensor(12162.9160, device='cuda:0', grad_fn=<AddBackward0>), 'recon': tensor(7578.8706, device='cuda:0', grad_fn=<MulBackward0>), 'kld': tensor(102.6405, device='cuda:0', grad_fn=<MulBackward0>), 'prediction': tensor(1867.8169, device='cuda:0', grad_fn=<MulBackward0>), 'true_values': tensor(2613.5884, device='cuda:0', grad_fn=<MulBackward0>)}
Losses: {'total_vae': tensor(12766.1543, device='cuda:0', grad_fn=<AddBackward0>), 'recon': tensor(7331.9692, device='cuda:0', grad_fn=<MulBackward0>), 'kld': tensor(109.9939, device='cuda:0', grad_fn=<MulBackward0>), 'prediction': tensor(1968.8815, device='cuda:0', grad_fn=<MulBackward0>), 'true_values': tensor(3355.3091, device='cuda:0', grad_fn=<MulBackward0>)}
Losses: {'total_vae': tensor(12019.2715, device='cuda:0', grad_fn=<AddBackward0>), 'recon': tensor(7238.4888, device='cuda:0', grad_fn=<MulBackward0>), 'kld': tensor(120.3323, device='cuda:0', grad_fn=<MulBackward0>), 'prediction': tensor(1928.4178, device='cuda:0', grad_fn=<MulBackward0>), 'true_values': tensor(2732.0317, device='cuda:0', grad_fn=<MulBackward0>)}
Losses: {'total_vae': tensor(9362.4893, device='cuda:0', grad_fn=<AddBackward0>), 'recon': tensor(7276.2949, device='cuda:0', grad_fn=<MulBackward0>), 'kld': tensor(134.0749, device='cuda:0', grad_fn=<MulBackward0>), 'prediction': tensor(1952.1194, device='cuda:0', grad_fn=<MulBackward0>), 'true_values': tensor(-1)}
[8:14579]  loss_total_vae=11317.559  loss_recon=7025.940  loss_kld=135.500  loss_prediction=1923.965  loss_true_values=2232.153  loss_total_vae_epoch=11119.117  
tracking changes
Saved model at epoch 9
lr: 8.483428982440726e-06
Losses: {'total_vae': tensor(9180.3789, device='cuda:0', grad_fn=<AddBackward0>), 'recon': tensor(7188.6875, device='cuda:0', grad_fn=<MulBackward0>), 'kld': tensor(137.9828, device='cuda:0', grad_fn=<MulBackward0>), 'prediction': tensor(1853.7081, device='cuda:0', grad_fn=<MulBackward0>), 'true_values': tensor(-1)}
Losses: {'total_vae': tensor(11358.6191, device='cuda:0', grad_fn=<AddBackward0>), 'recon': tensor(7264.8911, device='cuda:0', grad_fn=<MulBackward0>), 'kld': tensor(152.9015, device='cuda:0', grad_fn=<MulBackward0>), 'prediction': tensor(1742.4410, device='cuda:0', grad_fn=<MulBackward0>), 'true_values': tensor(2198.3855, device='cuda:0', grad_fn=<MulBackward0>)}
Losses: {'total_vae': tensor(11262.4092, device='cuda:0', grad_fn=<AddBackward0>), 'recon': tensor(7184.1699, device='cuda:0', grad_fn=<MulBackward0>), 'kld': tensor(166.7549, device='cuda:0', grad_fn=<MulBackward0>), 'prediction': tensor(1653.1158, device='cuda:0', grad_fn=<MulBackward0>), 'true_values': tensor(2258.3679, device='cuda:0', grad_fn=<MulBackward0>)}
Losses: {'total_vae': tensor(10768.9717, device='cuda:0', grad_fn=<AddBackward0>), 'recon': tensor(7010.1196, device='cuda:0', grad_fn=<MulBackward0>), 'kld': tensor(183.1301, device='cuda:0', grad_fn=<MulBackward0>), 'prediction': tensor(1621.5740, device='cuda:0', grad_fn=<MulBackward0>), 'true_values': tensor(1954.1486, device='cuda:0', grad_fn=<MulBackward0>)}
[9:16199]  loss_total_vae=8737.444  loss_recon=6886.355  loss_kld=191.135  loss_prediction=1659.954  loss_true_values=-1.000  loss_total_vae_epoch=10367.255  
tracking changes
Saved model at epoch 10
lr: 1.3894954943731361e-05
Losses: {'total_vae': tensor(8834.3555, device='cuda:0', grad_fn=<AddBackward0>), 'recon': tensor(6958.0996, device='cuda:0', grad_fn=<MulBackward0>), 'kld': tensor(177.1641, device='cuda:0', grad_fn=<MulBackward0>), 'prediction': tensor(1699.0917, device='cuda:0', grad_fn=<MulBackward0>), 'true_values': tensor(-1)}
Losses: {'total_vae': tensor(10082.3242, device='cuda:0', grad_fn=<AddBackward0>), 'recon': tensor(6915.8794, device='cuda:0', grad_fn=<MulBackward0>), 'kld': tensor(191.1801, device='cuda:0', grad_fn=<MulBackward0>), 'prediction': tensor(1545.2946, device='cuda:0', grad_fn=<MulBackward0>), 'true_values': tensor(1429.9694, device='cuda:0', grad_fn=<MulBackward0>)}
Losses: {'total_vae': tensor(8642.2197, device='cuda:0', grad_fn=<AddBackward0>), 'recon': tensor(6934.6123, device='cuda:0', grad_fn=<MulBackward0>), 'kld': tensor(206.2321, device='cuda:0', grad_fn=<MulBackward0>), 'prediction': tensor(1501.3759, device='cuda:0', grad_fn=<MulBackward0>), 'true_values': tensor(-1)}
Losses: {'total_vae': tensor(10419.2090, device='cuda:0', grad_fn=<AddBackward0>), 'recon': tensor(6807.6885, device='cuda:0', grad_fn=<MulBackward0>), 'kld': tensor(224.4296, device='cuda:0', grad_fn=<MulBackward0>), 'prediction': tensor(1461.4727, device='cuda:0', grad_fn=<MulBackward0>), 'true_values': tensor(1925.6178, device='cuda:0', grad_fn=<MulBackward0>)}
[10:17819]  loss_total_vae=8684.236  loss_recon=6990.884  loss_kld=227.473  loss_prediction=1465.879  loss_true_values=-1.000  loss_total_vae_epoch=9811.763  
tracking changes
Saved model at epoch 11
lr: 2.275845926074791e-05
Losses: {'total_vae': tensor(9729.2959, device='cuda:0', grad_fn=<AddBackward0>), 'recon': tensor(6920.5093, device='cuda:0', grad_fn=<MulBackward0>), 'kld': tensor(220.7324, device='cuda:0', grad_fn=<MulBackward0>), 'prediction': tensor(1541.0555, device='cuda:0', grad_fn=<MulBackward0>), 'true_values': tensor(1046.9989, device='cuda:0', grad_fn=<MulBackward0>)}
Losses: {'total_vae': tensor(9928.9414, device='cuda:0', grad_fn=<AddBackward0>), 'recon': tensor(6878.3022, device='cuda:0', grad_fn=<MulBackward0>), 'kld': tensor(241.9038, device='cuda:0', grad_fn=<MulBackward0>), 'prediction': tensor(1248.7937, device='cuda:0', grad_fn=<MulBackward0>), 'true_values': tensor(1559.9410, device='cuda:0', grad_fn=<MulBackward0>)}
Losses: {'total_vae': tensor(9844.8779, device='cuda:0', grad_fn=<AddBackward0>), 'recon': tensor(7007.0942, device='cuda:0', grad_fn=<MulBackward0>), 'kld': tensor(231.8161, device='cuda:0', grad_fn=<MulBackward0>), 'prediction': tensor(1254.0601, device='cuda:0', grad_fn=<MulBackward0>), 'true_values': tensor(1351.9069, device='cuda:0', grad_fn=<MulBackward0>)}
Losses: {'total_vae': tensor(8581.4326, device='cuda:0', grad_fn=<AddBackward0>), 'recon': tensor(6893.8462, device='cuda:0', grad_fn=<MulBackward0>), 'kld': tensor(257.4152, device='cuda:0', grad_fn=<MulBackward0>), 'prediction': tensor(1430.1710, device='cuda:0', grad_fn=<MulBackward0>), 'true_values': tensor(-1)}
[11:19439]  loss_total_vae=8441.729  loss_recon=6832.946  loss_kld=256.451  loss_prediction=1352.332  loss_true_values=-1.000  loss_total_vae_epoch=9254.963  
tracking changes
Saved model at epoch 12
lr: 3.727593720314938e-05
Losses: {'total_vae': tensor(8882.1387, device='cuda:0', grad_fn=<AddBackward0>), 'recon': tensor(6791.9536, device='cuda:0', grad_fn=<MulBackward0>), 'kld': tensor(253.3981, device='cuda:0', grad_fn=<MulBackward0>), 'prediction': tensor(1256.3978, device='cuda:0', grad_fn=<MulBackward0>), 'true_values': tensor(580.3900, device='cuda:0', grad_fn=<MulBackward0>)}
Losses: {'total_vae': tensor(8454.3701, device='cuda:0', grad_fn=<AddBackward0>), 'recon': tensor(6902.6768, device='cuda:0', grad_fn=<MulBackward0>), 'kld': tensor(252.4096, device='cuda:0', grad_fn=<MulBackward0>), 'prediction': tensor(1299.2833, device='cuda:0', grad_fn=<MulBackward0>), 'true_values': tensor(-1)}
Losses: {'total_vae': tensor(8143.7920, device='cuda:0', grad_fn=<AddBackward0>), 'recon': tensor(6647.6919, device='cuda:0', grad_fn=<MulBackward0>), 'kld': tensor(263.1148, device='cuda:0', grad_fn=<MulBackward0>), 'prediction': tensor(1232.9854, device='cuda:0', grad_fn=<MulBackward0>), 'true_values': tensor(-1)}
Losses: {'total_vae': tensor(8228.2559, device='cuda:0', grad_fn=<AddBackward0>), 'recon': tensor(6725.3159, device='cuda:0', grad_fn=<MulBackward0>), 'kld': tensor(285.3144, device='cuda:0', grad_fn=<MulBackward0>), 'prediction': tensor(1217.6259, device='cuda:0', grad_fn=<MulBackward0>), 'true_values': tensor(-1)}
[12:21059]  loss_total_vae=8336.760  loss_recon=6689.894  loss_kld=279.267  loss_prediction=1367.600  loss_true_values=-1.000  loss_total_vae_epoch=8895.336  
tracking changes
Saved model at epoch 13
lr: 6.105402296585326e-05
Losses: {'total_vae': tensor(9466.0166, device='cuda:0', grad_fn=<AddBackward0>), 'recon': tensor(6915.5840, device='cuda:0', grad_fn=<MulBackward0>), 'kld': tensor(273.1587, device='cuda:0', grad_fn=<MulBackward0>), 'prediction': tensor(1224.6859, device='cuda:0', grad_fn=<MulBackward0>), 'true_values': tensor(1052.5881, device='cuda:0', grad_fn=<MulBackward0>)}
Losses: {'total_vae': tensor(8997.1143, device='cuda:0', grad_fn=<AddBackward0>), 'recon': tensor(6842.3755, device='cuda:0', grad_fn=<MulBackward0>), 'kld': tensor(281.3466, device='cuda:0', grad_fn=<MulBackward0>), 'prediction': tensor(1081.5895, device='cuda:0', grad_fn=<MulBackward0>), 'true_values': tensor(791.8026, device='cuda:0', grad_fn=<MulBackward0>)}
Losses: {'total_vae': tensor(8869.9316, device='cuda:0', grad_fn=<AddBackward0>), 'recon': tensor(6763.9878, device='cuda:0', grad_fn=<MulBackward0>), 'kld': tensor(292.9071, device='cuda:0', grad_fn=<MulBackward0>), 'prediction': tensor(1022.4314, device='cuda:0', grad_fn=<MulBackward0>), 'true_values': tensor(790.6058, device='cuda:0', grad_fn=<MulBackward0>)}
Losses: {'total_vae': tensor(9711.0166, device='cuda:0', grad_fn=<AddBackward0>), 'recon': tensor(6895.3931, device='cuda:0', grad_fn=<MulBackward0>), 'kld': tensor(293.0615, device='cuda:0', grad_fn=<MulBackward0>), 'prediction': tensor(1115.7017, device='cuda:0', grad_fn=<MulBackward0>), 'true_values': tensor(1406.8606, device='cuda:0', grad_fn=<MulBackward0>)}
[13:22679]  loss_total_vae=9259.262  loss_recon=6666.996  loss_kld=299.642  loss_prediction=1244.433  loss_true_values=1048.191  loss_total_vae_epoch=8804.086  
tracking changes
Saved model at epoch 14
lr: 0.0001
Losses: {'total_vae': tensor(8930.7588, device='cuda:0', grad_fn=<AddBackward0>), 'recon': tensor(6958.4180, device='cuda:0', grad_fn=<MulBackward0>), 'kld': tensor(308.3264, device='cuda:0', grad_fn=<MulBackward0>), 'prediction': tensor(1113.1130, device='cuda:0', grad_fn=<MulBackward0>), 'true_values': tensor(550.9014, device='cuda:0', grad_fn=<MulBackward0>)}
Losses: {'total_vae': tensor(8802.4268, device='cuda:0', grad_fn=<AddBackward0>), 'recon': tensor(6793.4136, device='cuda:0', grad_fn=<MulBackward0>), 'kld': tensor(303.2366, device='cuda:0', grad_fn=<MulBackward0>), 'prediction': tensor(1062.2018, device='cuda:0', grad_fn=<MulBackward0>), 'true_values': tensor(643.5746, device='cuda:0', grad_fn=<MulBackward0>)}
Losses: {'total_vae': tensor(9498.7754, device='cuda:0', grad_fn=<AddBackward0>), 'recon': tensor(6587.9209, device='cuda:0', grad_fn=<MulBackward0>), 'kld': tensor(302.1921, device='cuda:0', grad_fn=<MulBackward0>), 'prediction': tensor(1031.7463, device='cuda:0', grad_fn=<MulBackward0>), 'true_values': tensor(1576.9156, device='cuda:0', grad_fn=<MulBackward0>)}
Losses: {'total_vae': tensor(8062.4717, device='cuda:0', grad_fn=<AddBackward0>), 'recon': tensor(6626.5146, device='cuda:0', grad_fn=<MulBackward0>), 'kld': tensor(292.5187, device='cuda:0', grad_fn=<MulBackward0>), 'prediction': tensor(1143.4386, device='cuda:0', grad_fn=<MulBackward0>), 'true_values': tensor(-1)}
[14:24299]  loss_total_vae=9809.938  loss_recon=6678.165  loss_kld=298.612  loss_prediction=1090.366  loss_true_values=1742.795  loss_total_vae_epoch=8932.187  
tracking changes
Saved model at epoch 15
lr: 9e-05
Losses: {'total_vae': tensor(8281.7812, device='cuda:0', grad_fn=<AddBackward0>), 'recon': tensor(6821.5288, device='cuda:0', grad_fn=<MulBackward0>), 'kld': tensor(295.9821, device='cuda:0', grad_fn=<MulBackward0>), 'prediction': tensor(1164.2703, device='cuda:0', grad_fn=<MulBackward0>), 'true_values': tensor(-1)}
Losses: {'total_vae': tensor(8107.4609, device='cuda:0', grad_fn=<AddBackward0>), 'recon': tensor(6763.8062, device='cuda:0', grad_fn=<MulBackward0>), 'kld': tensor(288.1582, device='cuda:0', grad_fn=<MulBackward0>), 'prediction': tensor(1055.4967, device='cuda:0', grad_fn=<MulBackward0>), 'true_values': tensor(-1)}
Losses: {'total_vae': tensor(8595.2520, device='cuda:0', grad_fn=<AddBackward0>), 'recon': tensor(6661.2612, device='cuda:0', grad_fn=<MulBackward0>), 'kld': tensor(286.5470, device='cuda:0', grad_fn=<MulBackward0>), 'prediction': tensor(1106.4031, device='cuda:0', grad_fn=<MulBackward0>), 'true_values': tensor(541.0406, device='cuda:0', grad_fn=<MulBackward0>)}
Losses: {'total_vae': tensor(7980.0459, device='cuda:0', grad_fn=<AddBackward0>), 'recon': tensor(6603.3950, device='cuda:0', grad_fn=<MulBackward0>), 'kld': tensor(288.9600, device='cuda:0', grad_fn=<MulBackward0>), 'prediction': tensor(1087.6907, device='cuda:0', grad_fn=<MulBackward0>), 'true_values': tensor(-1)}
[15:25919]  loss_total_vae=8554.620  loss_recon=6685.881  loss_kld=293.151  loss_prediction=1034.901  loss_true_values=540.688  loss_total_vae_epoch=8383.672  
tracking changes
Validation stop evaluation
25919 15
    epoch          rec         kld    latent       bce       acc
0     1.0  8493.469338   53.577607  0.922332  2.376728  0.819531
1     2.0  8490.177107   51.799809  0.897218  2.355184  0.819949
2     3.0  8472.455427   50.701407  0.874861  2.326459  0.820524
3     4.0  8393.431952   48.471992  0.834744  2.281185  0.821511
4     5.0  8300.157562   49.371218  0.777986  2.223591  0.822927
5     6.0  8137.761761   56.080068  0.701887  2.151619  0.824918
6     7.0  7839.087141   71.293556  0.610535  2.070956  0.827476
7     8.0  7509.500102   98.458383  0.510002  1.966994  0.831157
8     9.0  7175.993883  138.466394  0.428691  1.838548  0.836329
9    10.0  7026.601798  177.973834  0.378886  1.656503  0.844615
10   11.0  6939.193472  220.259974  0.348613  1.456581  0.856001
11   12.0  6850.164270  252.336598  0.344332  1.297632  0.867349
12   13.0  6775.785863  273.781686  0.354514  1.194207  0.876075
13   14.0  6727.058119  299.202567  0.367301  1.154972  0.881831
14   15.0  6682.482980  284.932657  0.364173  1.132751  0.884625
15   16.0  6630.991658  286.213671  0.375681  1.086584  0.888789
Now val counter at: 1
Latent 0.37568119256803306   0.3553822523493184
BCE 1.0865844526503345 1.2156037144338336
lr: 8.1e-05
Losses: {'total_vae': tensor(9082.9277, device='cuda:0', grad_fn=<AddBackward0>), 'recon': tensor(6681.6851, device='cuda:0', grad_fn=<MulBackward0>), 'kld': tensor(299.2584, device='cuda:0', grad_fn=<MulBackward0>), 'prediction': tensor(1005.9473, device='cuda:0', grad_fn=<MulBackward0>), 'true_values': tensor(1096.0370, device='cuda:0', grad_fn=<MulBackward0>)}
Losses: {'total_vae': tensor(7563.0981, device='cuda:0', grad_fn=<AddBackward0>), 'recon': tensor(6434.1475, device='cuda:0', grad_fn=<MulBackward0>), 'kld': tensor(268.2001, device='cuda:0', grad_fn=<MulBackward0>), 'prediction': tensor(860.7504, device='cuda:0', grad_fn=<MulBackward0>), 'true_values': tensor(-1)}
Losses: {'total_vae': tensor(8069.4492, device='cuda:0', grad_fn=<AddBackward0>), 'recon': tensor(6737.3013, device='cuda:0', grad_fn=<MulBackward0>), 'kld': tensor(273.1914, device='cuda:0', grad_fn=<MulBackward0>), 'prediction': tensor(920.0390, device='cuda:0', grad_fn=<MulBackward0>), 'true_values': tensor(138.9173, device='cuda:0', grad_fn=<MulBackward0>)}
Losses: {'total_vae': tensor(7864.8726, device='cuda:0', grad_fn=<AddBackward0>), 'recon': tensor(6525.6318, device='cuda:0', grad_fn=<MulBackward0>), 'kld': tensor(283.2031, device='cuda:0', grad_fn=<MulBackward0>), 'prediction': tensor(1056.0375, device='cuda:0', grad_fn=<MulBackward0>), 'true_values': tensor(-1)}
tracking changes
Validation stop evaluation
27539 16
    epoch          rec         kld    latent       bce       acc
0     1.0  8493.469338   53.577607  0.922332  2.376728  0.819531
1     2.0  8490.177107   51.799809  0.897218  2.355184  0.819949
2     3.0  8472.455427   50.701407  0.874861  2.326459  0.820524
3     4.0  8393.431952   48.471992  0.834744  2.281185  0.821511
4     5.0  8300.157562   49.371218  0.777986  2.223591  0.822927
5     6.0  8137.761761   56.080068  0.701887  2.151619  0.824918
6     7.0  7839.087141   71.293556  0.610535  2.070956  0.827476
7     8.0  7509.500102   98.458383  0.510002  1.966994  0.831157
8     9.0  7175.993883  138.466394  0.428691  1.838548  0.836329
9    10.0  7026.601798  177.973834  0.378886  1.656503  0.844615
10   11.0  6939.193472  220.259974  0.348613  1.456581  0.856001
11   12.0  6850.164270  252.336598  0.344332  1.297632  0.867349
12   13.0  6775.785863  273.781686  0.354514  1.194207  0.876075
13   14.0  6727.058119  299.202567  0.367301  1.154972  0.881831
14   15.0  6682.482980  284.932657  0.364173  1.132751  0.884625
15   16.0  6630.991658  286.213671  0.375681  1.086584  0.888789
16   17.0  6559.891194  281.061844  0.363823  1.058728  0.892717
Latent 0.3638225995963163   0.3619960870089704
BCE 1.0587278648768321 1.1606432484714897
lr: 7.290000000000001e-05
Losses: {'total_vae': tensor(7949.2217, device='cuda:0', grad_fn=<AddBackward0>), 'recon': tensor(6496.9229, device='cuda:0', grad_fn=<MulBackward0>), 'kld': tensor(281.1457, device='cuda:0', grad_fn=<MulBackward0>), 'prediction': tensor(881.1122, device='cuda:0', grad_fn=<MulBackward0>), 'true_values': tensor(290.0410, device='cuda:0', grad_fn=<MulBackward0>)}
Losses: {'total_vae': tensor(7897.4888, device='cuda:0', grad_fn=<AddBackward0>), 'recon': tensor(6632.4922, device='cuda:0', grad_fn=<MulBackward0>), 'kld': tensor(249.5002, device='cuda:0', grad_fn=<MulBackward0>), 'prediction': tensor(935.7485, device='cuda:0', grad_fn=<MulBackward0>), 'true_values': tensor(79.7483, device='cuda:0', grad_fn=<MulBackward0>)}
Losses: {'total_vae': tensor(8008.7788, device='cuda:0', grad_fn=<AddBackward0>), 'recon': tensor(6639.9849, device='cuda:0', grad_fn=<MulBackward0>), 'kld': tensor(247.1188, device='cuda:0', grad_fn=<MulBackward0>), 'prediction': tensor(923.9659, device='cuda:0', grad_fn=<MulBackward0>), 'true_values': tensor(197.7097, device='cuda:0', grad_fn=<MulBackward0>)}
Losses: {'total_vae': tensor(7752.8027, device='cuda:0', grad_fn=<AddBackward0>), 'recon': tensor(6537.1685, device='cuda:0', grad_fn=<MulBackward0>), 'kld': tensor(266.2940, device='cuda:0', grad_fn=<MulBackward0>), 'prediction': tensor(811.5223, device='cuda:0', grad_fn=<MulBackward0>), 'true_values': tensor(137.8178, device='cuda:0', grad_fn=<MulBackward0>)}
tracking changes
Validation stop evaluation
29159 17
    epoch          rec         kld    latent       bce       acc
0     1.0  8493.469338   53.577607  0.922332  2.376728  0.819531
1     2.0  8490.177107   51.799809  0.897218  2.355184  0.819949
2     3.0  8472.455427   50.701407  0.874861  2.326459  0.820524
3     4.0  8393.431952   48.471992  0.834744  2.281185  0.821511
4     5.0  8300.157562   49.371218  0.777986  2.223591  0.822927
5     6.0  8137.761761   56.080068  0.701887  2.151619  0.824918
6     7.0  7839.087141   71.293556  0.610535  2.070956  0.827476
7     8.0  7509.500102   98.458383  0.510002  1.966994  0.831157
8     9.0  7175.993883  138.466394  0.428691  1.838548  0.836329
9    10.0  7026.601798  177.973834  0.378886  1.656503  0.844615
10   11.0  6939.193472  220.259974  0.348613  1.456581  0.856001
11   12.0  6850.164270  252.336598  0.344332  1.297632  0.867349
12   13.0  6775.785863  273.781686  0.354514  1.194207  0.876075
13   14.0  6727.058119  299.202567  0.367301  1.154972  0.881831
14   15.0  6682.482980  284.932657  0.364173  1.132751  0.884625
15   16.0  6630.991658  286.213671  0.375681  1.086584  0.888789
16   17.0  6559.891194  281.061844  0.363823  1.058728  0.892717
17   18.0  6524.592144  261.081228  0.376441  1.076898  0.893546
Now val counter at: 2
Latent 0.37644128088313755   0.36905186020895203
BCE 1.0768980696649835 1.124768982921103
lr: 6.561000000000002e-05
Losses: {'total_vae': tensor(7684.2783, device='cuda:0', grad_fn=<AddBackward0>), 'recon': tensor(6587.0518, device='cuda:0', grad_fn=<MulBackward0>), 'kld': tensor(261.0793, device='cuda:0', grad_fn=<MulBackward0>), 'prediction': tensor(836.1476, device='cuda:0', grad_fn=<MulBackward0>), 'true_values': tensor(-1)}
Losses: {'total_vae': tensor(7621.5337, device='cuda:0', grad_fn=<AddBackward0>), 'recon': tensor(6561.1899, device='cuda:0', grad_fn=<MulBackward0>), 'kld': tensor(229.4429, device='cuda:0', grad_fn=<MulBackward0>), 'prediction': tensor(720.7397, device='cuda:0', grad_fn=<MulBackward0>), 'true_values': tensor(110.1609, device='cuda:0', grad_fn=<MulBackward0>)}
Losses: {'total_vae': tensor(7686.2251, device='cuda:0', grad_fn=<AddBackward0>), 'recon': tensor(6591.0449, device='cuda:0', grad_fn=<MulBackward0>), 'kld': tensor(234.7931, device='cuda:0', grad_fn=<MulBackward0>), 'prediction': tensor(860.3872, device='cuda:0', grad_fn=<MulBackward0>), 'true_values': tensor(-1)}
Losses: {'total_vae': tensor(7701.6831, device='cuda:0', grad_fn=<AddBackward0>), 'recon': tensor(6408.4497, device='cuda:0', grad_fn=<MulBackward0>), 'kld': tensor(220.7963, device='cuda:0', grad_fn=<MulBackward0>), 'prediction': tensor(958.2710, device='cuda:0', grad_fn=<MulBackward0>), 'true_values': tensor(114.1659, device='cuda:0', grad_fn=<MulBackward0>)}
tracking changes
Validation stop evaluation
30779 18
    epoch          rec         kld    latent       bce       acc
0     1.0  8493.469338   53.577607  0.922332  2.376728  0.819531
1     2.0  8490.177107   51.799809  0.897218  2.355184  0.819949
2     3.0  8472.455427   50.701407  0.874861  2.326459  0.820524
3     4.0  8393.431952   48.471992  0.834744  2.281185  0.821511
4     5.0  8300.157562   49.371218  0.777986  2.223591  0.822927
5     6.0  8137.761761   56.080068  0.701887  2.151619  0.824918
6     7.0  7839.087141   71.293556  0.610535  2.070956  0.827476
7     8.0  7509.500102   98.458383  0.510002  1.966994  0.831157
8     9.0  7175.993883  138.466394  0.428691  1.838548  0.836329
9    10.0  7026.601798  177.973834  0.378886  1.656503  0.844615
10   11.0  6939.193472  220.259974  0.348613  1.456581  0.856001
11   12.0  6850.164270  252.336598  0.344332  1.297632  0.867349
12   13.0  6775.785863  273.781686  0.354514  1.194207  0.876075
13   14.0  6727.058119  299.202567  0.367301  1.154972  0.881831
14   15.0  6682.482980  284.932657  0.364173  1.132751  0.884625
15   16.0  6630.991658  286.213671  0.375681  1.086584  0.888789
16   17.0  6559.891194  281.061844  0.363823  1.058728  0.892717
17   18.0  6524.592144  261.081228  0.376441  1.076898  0.893546
18   19.0  6508.350535  228.904546  0.401455  1.074362  0.896186
Now val counter at: 3
Latent 0.40145543129137246   0.36789234843191143
BCE 1.0743618746205132 1.092687625007661
lr: 5.904900000000002e-05
Losses: {'total_vae': tensor(7352.8823, device='cuda:0', grad_fn=<AddBackward0>), 'recon': tensor(6493.1973, device='cuda:0', grad_fn=<MulBackward0>), 'kld': tensor(235.0805, device='cuda:0', grad_fn=<MulBackward0>), 'prediction': tensor(624.6047, device='cuda:0', grad_fn=<MulBackward0>), 'true_values': tensor(-1)}
Losses: {'total_vae': tensor(7521.9702, device='cuda:0', grad_fn=<AddBackward0>), 'recon': tensor(6599.5449, device='cuda:0', grad_fn=<MulBackward0>), 'kld': tensor(218.5433, device='cuda:0', grad_fn=<MulBackward0>), 'prediction': tensor(614.2673, device='cuda:0', grad_fn=<MulBackward0>), 'true_values': tensor(89.6150, device='cuda:0', grad_fn=<MulBackward0>)}
Losses: {'total_vae': tensor(7506.6709, device='cuda:0', grad_fn=<AddBackward0>), 'recon': tensor(6618.0425, device='cuda:0', grad_fn=<MulBackward0>), 'kld': tensor(220.2461, device='cuda:0', grad_fn=<MulBackward0>), 'prediction': tensor(639.9312, device='cuda:0', grad_fn=<MulBackward0>), 'true_values': tensor(28.4513, device='cuda:0', grad_fn=<MulBackward0>)}
Losses: {'total_vae': tensor(7386.6094, device='cuda:0', grad_fn=<AddBackward0>), 'recon': tensor(6473.3950, device='cuda:0', grad_fn=<MulBackward0>), 'kld': tensor(208.6871, device='cuda:0', grad_fn=<MulBackward0>), 'prediction': tensor(704.5276, device='cuda:0', grad_fn=<MulBackward0>), 'true_values': tensor(-1)}
tracking changes
Validation stop evaluation
32399 19
    epoch          rec         kld    latent       bce       acc
0     1.0  8493.469338   53.577607  0.922332  2.376728  0.819531
1     2.0  8490.177107   51.799809  0.897218  2.355184  0.819949
2     3.0  8472.455427   50.701407  0.874861  2.326459  0.820524
3     4.0  8393.431952   48.471992  0.834744  2.281185  0.821511
4     5.0  8300.157562   49.371218  0.777986  2.223591  0.822927
5     6.0  8137.761761   56.080068  0.701887  2.151619  0.824918
6     7.0  7839.087141   71.293556  0.610535  2.070956  0.827476
7     8.0  7509.500102   98.458383  0.510002  1.966994  0.831157
8     9.0  7175.993883  138.466394  0.428691  1.838548  0.836329
9    10.0  7026.601798  177.973834  0.378886  1.656503  0.844615
10   11.0  6939.193472  220.259974  0.348613  1.456581  0.856001
11   12.0  6850.164270  252.336598  0.344332  1.297632  0.867349
12   13.0  6775.785863  273.781686  0.354514  1.194207  0.876075
13   14.0  6727.058119  299.202567  0.367301  1.154972  0.881831
14   15.0  6682.482980  284.932657  0.364173  1.132751  0.884625
15   16.0  6630.991658  286.213671  0.375681  1.086584  0.888789
16   17.0  6559.891194  281.061844  0.363823  1.058728  0.892717
17   18.0  6524.592144  261.081228  0.376441  1.076898  0.893546
18   19.0  6508.350535  228.904546  0.401455  1.074362  0.896186
19   20.0  6493.094474  211.529841  0.426425  1.111454  0.900075
Now val counter at: 4
Latent 0.4264248612493572   0.37198169101582895
BCE 1.1114542245274723 1.0740701290640502
lr: 5.314410000000002e-05
Losses: {'total_vae': tensor(7230.0747, device='cuda:0', grad_fn=<AddBackward0>), 'recon': tensor(6502.5718, device='cuda:0', grad_fn=<MulBackward0>), 'kld': tensor(228.4909, device='cuda:0', grad_fn=<MulBackward0>), 'prediction': tensor(499.0120, device='cuda:0', grad_fn=<MulBackward0>), 'true_values': tensor(-1)}
Losses: {'total_vae': tensor(7009.4634, device='cuda:0', grad_fn=<AddBackward0>), 'recon': tensor(6356.9385, device='cuda:0', grad_fn=<MulBackward0>), 'kld': tensor(210.7879, device='cuda:0', grad_fn=<MulBackward0>), 'prediction': tensor(441.7368, device='cuda:0', grad_fn=<MulBackward0>), 'true_values': tensor(-1)}
Losses: {'total_vae': tensor(7133.6323, device='cuda:0', grad_fn=<AddBackward0>), 'recon': tensor(6581.7485, device='cuda:0', grad_fn=<MulBackward0>), 'kld': tensor(197.0733, device='cuda:0', grad_fn=<MulBackward0>), 'prediction': tensor(354.8107, device='cuda:0', grad_fn=<MulBackward0>), 'true_values': tensor(-1)}
Losses: {'total_vae': tensor(7161.1646, device='cuda:0', grad_fn=<AddBackward0>), 'recon': tensor(6405.0972, device='cuda:0', grad_fn=<MulBackward0>), 'kld': tensor(206.9565, device='cuda:0', grad_fn=<MulBackward0>), 'prediction': tensor(494.2973, device='cuda:0', grad_fn=<MulBackward0>), 'true_values': tensor(54.8132, device='cuda:0', grad_fn=<MulBackward0>)}
tracking changes
Validation stop evaluation
34019 20
    epoch          rec         kld    latent       bce       acc
0     1.0  8493.469338   53.577607  0.922332  2.376728  0.819531
1     2.0  8490.177107   51.799809  0.897218  2.355184  0.819949
2     3.0  8472.455427   50.701407  0.874861  2.326459  0.820524
3     4.0  8393.431952   48.471992  0.834744  2.281185  0.821511
4     5.0  8300.157562   49.371218  0.777986  2.223591  0.822927
5     6.0  8137.761761   56.080068  0.701887  2.151619  0.824918
6     7.0  7839.087141   71.293556  0.610535  2.070956  0.827476
7     8.0  7509.500102   98.458383  0.510002  1.966994  0.831157
8     9.0  7175.993883  138.466394  0.428691  1.838548  0.836329
9    10.0  7026.601798  177.973834  0.378886  1.656503  0.844615
10   11.0  6939.193472  220.259974  0.348613  1.456581  0.856001
11   12.0  6850.164270  252.336598  0.344332  1.297632  0.867349
12   13.0  6775.785863  273.781686  0.354514  1.194207  0.876075
13   14.0  6727.058119  299.202567  0.367301  1.154972  0.881831
14   15.0  6682.482980  284.932657  0.364173  1.132751  0.884625
15   16.0  6630.991658  286.213671  0.375681  1.086584  0.888789
16   17.0  6559.891194  281.061844  0.363823  1.058728  0.892717
17   18.0  6524.592144  261.081228  0.376441  1.076898  0.893546
18   19.0  6508.350535  228.904546  0.401455  1.074362  0.896186
19   20.0  6493.094474  211.529841  0.426425  1.111454  0.900075
20   21.0  6477.448447  191.104797  0.486844  1.180615  0.900531
Now val counter at: 5
Latent 0.4868435487888827   0.3805731039236088
BCE 1.1806145044836667 1.069995936387443
lr: 4.782969000000002e-05
Losses: {'total_vae': tensor(7194.6753, device='cuda:0', grad_fn=<AddBackward0>), 'recon': tensor(6576.8726, device='cuda:0', grad_fn=<MulBackward0>), 'kld': tensor(200.1506, device='cuda:0', grad_fn=<MulBackward0>), 'prediction': tensor(372.5285, device='cuda:0', grad_fn=<MulBackward0>), 'true_values': tensor(45.1239, device='cuda:0', grad_fn=<MulBackward0>)}
Losses: {'total_vae': tensor(7064.7485, device='cuda:0', grad_fn=<AddBackward0>), 'recon': tensor(6506.5884, device='cuda:0', grad_fn=<MulBackward0>), 'kld': tensor(187.3864, device='cuda:0', grad_fn=<MulBackward0>), 'prediction': tensor(274.6193, device='cuda:0', grad_fn=<MulBackward0>), 'true_values': tensor(96.1546, device='cuda:0', grad_fn=<MulBackward0>)}
Losses: {'total_vae': tensor(6897.6025, device='cuda:0', grad_fn=<AddBackward0>), 'recon': tensor(6413.5112, device='cuda:0', grad_fn=<MulBackward0>), 'kld': tensor(194.0500, device='cuda:0', grad_fn=<MulBackward0>), 'prediction': tensor(290.0416, device='cuda:0', grad_fn=<MulBackward0>), 'true_values': tensor(-1)}
Losses: {'total_vae': tensor(6881.7539, device='cuda:0', grad_fn=<AddBackward0>), 'recon': tensor(6354.6675, device='cuda:0', grad_fn=<MulBackward0>), 'kld': tensor(180.3096, device='cuda:0', grad_fn=<MulBackward0>), 'prediction': tensor(306.1543, device='cuda:0', grad_fn=<MulBackward0>), 'true_values': tensor(40.6226, device='cuda:0', grad_fn=<MulBackward0>)}
tracking changes
Validation stop evaluation
35639 21
    epoch          rec         kld    latent       bce       acc
0     1.0  8493.469338   53.577607  0.922332  2.376728  0.819531
1     2.0  8490.177107   51.799809  0.897218  2.355184  0.819949
2     3.0  8472.455427   50.701407  0.874861  2.326459  0.820524
3     4.0  8393.431952   48.471992  0.834744  2.281185  0.821511
4     5.0  8300.157562   49.371218  0.777986  2.223591  0.822927
5     6.0  8137.761761   56.080068  0.701887  2.151619  0.824918
6     7.0  7839.087141   71.293556  0.610535  2.070956  0.827476
7     8.0  7509.500102   98.458383  0.510002  1.966994  0.831157
8     9.0  7175.993883  138.466394  0.428691  1.838548  0.836329
9    10.0  7026.601798  177.973834  0.378886  1.656503  0.844615
10   11.0  6939.193472  220.259974  0.348613  1.456581  0.856001
11   12.0  6850.164270  252.336598  0.344332  1.297632  0.867349
12   13.0  6775.785863  273.781686  0.354514  1.194207  0.876075
13   14.0  6727.058119  299.202567  0.367301  1.154972  0.881831
14   15.0  6682.482980  284.932657  0.364173  1.132751  0.884625
15   16.0  6630.991658  286.213671  0.375681  1.086584  0.888789
16   17.0  6559.891194  281.061844  0.363823  1.058728  0.892717
17   18.0  6524.592144  261.081228  0.376441  1.076898  0.893546
18   19.0  6508.350535  228.904546  0.401455  1.074362  0.896186
19   20.0  6493.094474  211.529841  0.426425  1.111454  0.900075
20   21.0  6477.448447  191.104797  0.486844  1.180615  0.900531
21   22.0  6466.411117  190.113841  0.511311  1.246710  0.904307
Now val counter at: 6
Latent 0.5113111715210547   0.4014405244746224
BCE 1.2467101768101796 1.0875713896043229
lr: 4.304672100000002e-05
Losses: {'total_vae': tensor(6914.4692, device='cuda:0', grad_fn=<AddBackward0>), 'recon': tensor(6494.1562, device='cuda:0', grad_fn=<MulBackward0>), 'kld': tensor(203.5518, device='cuda:0', grad_fn=<MulBackward0>), 'prediction': tensor(199.4217, device='cuda:0', grad_fn=<MulBackward0>), 'true_values': tensor(17.3392, device='cuda:0', grad_fn=<MulBackward0>)}
Losses: {'total_vae': tensor(6815.7603, device='cuda:0', grad_fn=<AddBackward0>), 'recon': tensor(6416.6318, device='cuda:0', grad_fn=<MulBackward0>), 'kld': tensor(196.7446, device='cuda:0', grad_fn=<MulBackward0>), 'prediction': tensor(176.1964, device='cuda:0', grad_fn=<MulBackward0>), 'true_values': tensor(26.1876, device='cuda:0', grad_fn=<MulBackward0>)}
Losses: {'total_vae': tensor(6877.4556, device='cuda:0', grad_fn=<AddBackward0>), 'recon': tensor(6530.6235, device='cuda:0', grad_fn=<MulBackward0>), 'kld': tensor(181.2073, device='cuda:0', grad_fn=<MulBackward0>), 'prediction': tensor(165.6243, device='cuda:0', grad_fn=<MulBackward0>), 'true_values': tensor(-1)}
Losses: {'total_vae': tensor(7010.2188, device='cuda:0', grad_fn=<AddBackward0>), 'recon': tensor(6517.0791, device='cuda:0', grad_fn=<MulBackward0>), 'kld': tensor(195.2359, device='cuda:0', grad_fn=<MulBackward0>), 'prediction': tensor(214.4174, device='cuda:0', grad_fn=<MulBackward0>), 'true_values': tensor(83.4864, device='cuda:0', grad_fn=<MulBackward0>)}
tracking changes
Validation stop evaluation
37259 22
    epoch          rec         kld    latent       bce       acc
0     1.0  8493.469338   53.577607  0.922332  2.376728  0.819531
1     2.0  8490.177107   51.799809  0.897218  2.355184  0.819949
2     3.0  8472.455427   50.701407  0.874861  2.326459  0.820524
3     4.0  8393.431952   48.471992  0.834744  2.281185  0.821511
4     5.0  8300.157562   49.371218  0.777986  2.223591  0.822927
5     6.0  8137.761761   56.080068  0.701887  2.151619  0.824918
6     7.0  7839.087141   71.293556  0.610535  2.070956  0.827476
7     8.0  7509.500102   98.458383  0.510002  1.966994  0.831157
8     9.0  7175.993883  138.466394  0.428691  1.838548  0.836329
9    10.0  7026.601798  177.973834  0.378886  1.656503  0.844615
10   11.0  6939.193472  220.259974  0.348613  1.456581  0.856001
11   12.0  6850.164270  252.336598  0.344332  1.297632  0.867349
12   13.0  6775.785863  273.781686  0.354514  1.194207  0.876075
13   14.0  6727.058119  299.202567  0.367301  1.154972  0.881831
14   15.0  6682.482980  284.932657  0.364173  1.132751  0.884625
15   16.0  6630.991658  286.213671  0.375681  1.086584  0.888789
16   17.0  6559.891194  281.061844  0.363823  1.058728  0.892717
17   18.0  6524.592144  261.081228  0.376441  1.076898  0.893546
18   19.0  6508.350535  228.904546  0.401455  1.074362  0.896186
19   20.0  6493.094474  211.529841  0.426425  1.111454  0.900075
20   21.0  6477.448447  191.104797  0.486844  1.180615  0.900531
21   22.0  6466.411117  190.113841  0.511311  1.246710  0.904307
22   23.0  6469.244257  178.845332  0.534297  1.309870  0.904820
Now val counter at: 7
Latent 0.5342974001818365   0.4382412804432041
BCE 1.3098696567634545 1.1221435345438842
lr: 3.874204890000002e-05
Losses: {'total_vae': tensor(6811.5317, device='cuda:0', grad_fn=<AddBackward0>), 'recon': tensor(6467.2231, device='cuda:0', grad_fn=<MulBackward0>), 'kld': tensor(195.0269, device='cuda:0', grad_fn=<MulBackward0>), 'prediction': tensor(116.1110, device='cuda:0', grad_fn=<MulBackward0>), 'true_values': tensor(33.1710, device='cuda:0', grad_fn=<MulBackward0>)}
Losses: {'total_vae': tensor(7075.0098, device='cuda:0', grad_fn=<AddBackward0>), 'recon': tensor(6726.9038, device='cuda:0', grad_fn=<MulBackward0>), 'kld': tensor(181.2128, device='cuda:0', grad_fn=<MulBackward0>), 'prediction': tensor(156.8840, device='cuda:0', grad_fn=<MulBackward0>), 'true_values': tensor(10.0095, device='cuda:0', grad_fn=<MulBackward0>)}
Losses: {'total_vae': tensor(6806.8633, device='cuda:0', grad_fn=<AddBackward0>), 'recon': tensor(6483.0581, device='cuda:0', grad_fn=<MulBackward0>), 'kld': tensor(174.9339, device='cuda:0', grad_fn=<MulBackward0>), 'prediction': tensor(148.8710, device='cuda:0', grad_fn=<MulBackward0>), 'true_values': tensor(-1)}
Losses: {'total_vae': tensor(6791.4189, device='cuda:0', grad_fn=<AddBackward0>), 'recon': tensor(6428.4375, device='cuda:0', grad_fn=<MulBackward0>), 'kld': tensor(174.9632, device='cuda:0', grad_fn=<MulBackward0>), 'prediction': tensor(127.8633, device='cuda:0', grad_fn=<MulBackward0>), 'true_values': tensor(60.1546, device='cuda:0', grad_fn=<MulBackward0>)}
tracking changes
Validation stop evaluation
38879 23
    epoch          rec         kld    latent       bce       acc
0     1.0  8493.469338   53.577607  0.922332  2.376728  0.819531
1     2.0  8490.177107   51.799809  0.897218  2.355184  0.819949
2     3.0  8472.455427   50.701407  0.874861  2.326459  0.820524
3     4.0  8393.431952   48.471992  0.834744  2.281185  0.821511
4     5.0  8300.157562   49.371218  0.777986  2.223591  0.822927
5     6.0  8137.761761   56.080068  0.701887  2.151619  0.824918
6     7.0  7839.087141   71.293556  0.610535  2.070956  0.827476
7     8.0  7509.500102   98.458383  0.510002  1.966994  0.831157
8     9.0  7175.993883  138.466394  0.428691  1.838548  0.836329
9    10.0  7026.601798  177.973834  0.378886  1.656503  0.844615
10   11.0  6939.193472  220.259974  0.348613  1.456581  0.856001
11   12.0  6850.164270  252.336598  0.344332  1.297632  0.867349
12   13.0  6775.785863  273.781686  0.354514  1.194207  0.876075
13   14.0  6727.058119  299.202567  0.367301  1.154972  0.881831
14   15.0  6682.482980  284.932657  0.364173  1.132751  0.884625
15   16.0  6630.991658  286.213671  0.375681  1.086584  0.888789
16   17.0  6559.891194  281.061844  0.363823  1.058728  0.892717
17   18.0  6524.592144  261.081228  0.376441  1.076898  0.893546
18   19.0  6508.350535  228.904546  0.401455  1.074362  0.896186
19   20.0  6493.094474  211.529841  0.426425  1.111454  0.900075
20   21.0  6477.448447  191.104797  0.486844  1.180615  0.900531
21   22.0  6466.411117  190.113841  0.511311  1.246710  0.904307
22   23.0  6469.244257  178.845332  0.534297  1.309870  0.904820
23   24.0  6438.810059  172.716372  0.567436  1.374915  0.904534
Now val counter at: 8
Latent 0.5674358385034127   0.47485986051976486
BCE 1.3749149152548006 1.1795929686071063
lr: 3.4867844010000016e-05
Losses: {'total_vae': tensor(6800.7549, device='cuda:0', grad_fn=<AddBackward0>), 'recon': tensor(6551.0513, device='cuda:0', grad_fn=<MulBackward0>), 'kld': tensor(181.0185, device='cuda:0', grad_fn=<MulBackward0>), 'prediction': tensor(53.8843, device='cuda:0', grad_fn=<MulBackward0>), 'true_values': tensor(14.8008, device='cuda:0', grad_fn=<MulBackward0>)}
Losses: {'total_vae': tensor(6465.8926, device='cuda:0', grad_fn=<AddBackward0>), 'recon': tensor(6204.4937, device='cuda:0', grad_fn=<MulBackward0>), 'kld': tensor(172.3563, device='cuda:0', grad_fn=<MulBackward0>), 'prediction': tensor(56.0276, device='cuda:0', grad_fn=<MulBackward0>), 'true_values': tensor(33.0152, device='cuda:0', grad_fn=<MulBackward0>)}
Losses: {'total_vae': tensor(6637.6934, device='cuda:0', grad_fn=<AddBackward0>), 'recon': tensor(6404.6655, device='cuda:0', grad_fn=<MulBackward0>), 'kld': tensor(168.4267, device='cuda:0', grad_fn=<MulBackward0>), 'prediction': tensor(64.6013, device='cuda:0', grad_fn=<MulBackward0>), 'true_values': tensor(-1)}
Losses: {'total_vae': tensor(6798.5488, device='cuda:0', grad_fn=<AddBackward0>), 'recon': tensor(6559.4160, device='cuda:0', grad_fn=<MulBackward0>), 'kld': tensor(171.2555, device='cuda:0', grad_fn=<MulBackward0>), 'prediction': tensor(67.8774, device='cuda:0', grad_fn=<MulBackward0>), 'true_values': tensor(-1)}
tracking changes
Validation stop evaluation
40499 24
    epoch          rec         kld    latent       bce       acc
0     1.0  8493.469338   53.577607  0.922332  2.376728  0.819531
1     2.0  8490.177107   51.799809  0.897218  2.355184  0.819949
2     3.0  8472.455427   50.701407  0.874861  2.326459  0.820524
3     4.0  8393.431952   48.471992  0.834744  2.281185  0.821511
4     5.0  8300.157562   49.371218  0.777986  2.223591  0.822927
5     6.0  8137.761761   56.080068  0.701887  2.151619  0.824918
6     7.0  7839.087141   71.293556  0.610535  2.070956  0.827476
7     8.0  7509.500102   98.458383  0.510002  1.966994  0.831157
8     9.0  7175.993883  138.466394  0.428691  1.838548  0.836329
9    10.0  7026.601798  177.973834  0.378886  1.656503  0.844615
10   11.0  6939.193472  220.259974  0.348613  1.456581  0.856001
11   12.0  6850.164270  252.336598  0.344332  1.297632  0.867349
12   13.0  6775.785863  273.781686  0.354514  1.194207  0.876075
13   14.0  6727.058119  299.202567  0.367301  1.154972  0.881831
14   15.0  6682.482980  284.932657  0.364173  1.132751  0.884625
15   16.0  6630.991658  286.213671  0.375681  1.086584  0.888789
16   17.0  6559.891194  281.061844  0.363823  1.058728  0.892717
17   18.0  6524.592144  261.081228  0.376441  1.076898  0.893546
18   19.0  6508.350535  228.904546  0.401455  1.074362  0.896186
19   20.0  6493.094474  211.529841  0.426425  1.111454  0.900075
20   21.0  6477.448447  191.104797  0.486844  1.180615  0.900531
21   22.0  6466.411117  190.113841  0.511311  1.246710  0.904307
22   23.0  6469.244257  178.845332  0.534297  1.309870  0.904820
23   24.0  6438.810059  172.716372  0.567436  1.374915  0.904534
24   25.0  6430.656207  165.399579  0.583969  1.443539  0.904202
Now val counter at: 9
Latent 0.5839687175679915   0.510817373497258
BCE 1.4435389859251457 1.2457314460191002
lr: 3.138105960900002e-05
Losses: {'total_vae': tensor(6551.2085, device='cuda:0', grad_fn=<AddBackward0>), 'recon': tensor(6336.9243, device='cuda:0', grad_fn=<MulBackward0>), 'kld': tensor(165.0857, device='cuda:0', grad_fn=<MulBackward0>), 'prediction': tensor(49.1990, device='cuda:0', grad_fn=<MulBackward0>), 'true_values': tensor(-1)}
Losses: {'total_vae': tensor(6460.4468, device='cuda:0', grad_fn=<AddBackward0>), 'recon': tensor(6226.2007, device='cuda:0', grad_fn=<MulBackward0>), 'kld': tensor(161.6856, device='cuda:0', grad_fn=<MulBackward0>), 'prediction': tensor(45.6227, device='cuda:0', grad_fn=<MulBackward0>), 'true_values': tensor(26.9381, device='cuda:0', grad_fn=<MulBackward0>)}
Losses: {'total_vae': tensor(6757.7012, device='cuda:0', grad_fn=<AddBackward0>), 'recon': tensor(6524.5703, device='cuda:0', grad_fn=<MulBackward0>), 'kld': tensor(155.5288, device='cuda:0', grad_fn=<MulBackward0>), 'prediction': tensor(52.9508, device='cuda:0', grad_fn=<MulBackward0>), 'true_values': tensor(24.6516, device='cuda:0', grad_fn=<MulBackward0>)}
Losses: {'total_vae': tensor(6715.8960, device='cuda:0', grad_fn=<AddBackward0>), 'recon': tensor(6477.8350, device='cuda:0', grad_fn=<MulBackward0>), 'kld': tensor(161.4713, device='cuda:0', grad_fn=<MulBackward0>), 'prediction': tensor(47.0448, device='cuda:0', grad_fn=<MulBackward0>), 'true_values': tensor(29.5448, device='cuda:0', grad_fn=<MulBackward0>)}
tracking changes
Validation stop evaluation
42119 25
    epoch          rec         kld    latent       bce       acc
0     1.0  8493.469338   53.577607  0.922332  2.376728  0.819531
1     2.0  8490.177107   51.799809  0.897218  2.355184  0.819949
2     3.0  8472.455427   50.701407  0.874861  2.326459  0.820524
3     4.0  8393.431952   48.471992  0.834744  2.281185  0.821511
4     5.0  8300.157562   49.371218  0.777986  2.223591  0.822927
5     6.0  8137.761761   56.080068  0.701887  2.151619  0.824918
6     7.0  7839.087141   71.293556  0.610535  2.070956  0.827476
7     8.0  7509.500102   98.458383  0.510002  1.966994  0.831157
8     9.0  7175.993883  138.466394  0.428691  1.838548  0.836329
9    10.0  7026.601798  177.973834  0.378886  1.656503  0.844615
10   11.0  6939.193472  220.259974  0.348613  1.456581  0.856001
11   12.0  6850.164270  252.336598  0.344332  1.297632  0.867349
12   13.0  6775.785863  273.781686  0.354514  1.194207  0.876075
13   14.0  6727.058119  299.202567  0.367301  1.154972  0.881831
14   15.0  6682.482980  284.932657  0.364173  1.132751  0.884625
15   16.0  6630.991658  286.213671  0.375681  1.086584  0.888789
16   17.0  6559.891194  281.061844  0.363823  1.058728  0.892717
17   18.0  6524.592144  261.081228  0.376441  1.076898  0.893546
18   19.0  6508.350535  228.904546  0.401455  1.074362  0.896186
19   20.0  6493.094474  211.529841  0.426425  1.111454  0.900075
20   21.0  6477.448447  191.104797  0.486844  1.180615  0.900531
21   22.0  6466.411117  190.113841  0.511311  1.246710  0.904307
22   23.0  6469.244257  178.845332  0.534297  1.309870  0.904820
23   24.0  6438.810059  172.716372  0.567436  1.374915  0.904534
24   25.0  6430.656207  165.399579  0.583969  1.443539  0.904202
25   26.0  6421.822438  157.738741  0.592998  1.466196  0.905178
Now val counter at: 10
Latent 0.5929981057006534   0.537681470068768
BCE 1.4661964850850624 1.3104982496094781
lr: 2.8242953648100018e-05
Losses: {'total_vae': tensor(6599.7666, device='cuda:0', grad_fn=<AddBackward0>), 'recon': tensor(6374.8325, device='cuda:0', grad_fn=<MulBackward0>), 'kld': tensor(173.7116, device='cuda:0', grad_fn=<MulBackward0>), 'prediction': tensor(34.7635, device='cuda:0', grad_fn=<MulBackward0>), 'true_values': tensor(16.4590, device='cuda:0', grad_fn=<MulBackward0>)}
Losses: {'total_vae': tensor(6557.9624, device='cuda:0', grad_fn=<AddBackward0>), 'recon': tensor(6368.6084, device='cuda:0', grad_fn=<MulBackward0>), 'kld': tensor(155.2907, device='cuda:0', grad_fn=<MulBackward0>), 'prediction': tensor(34.0634, device='cuda:0', grad_fn=<MulBackward0>), 'true_values': tensor(-1)}
Losses: {'total_vae': tensor(6535.1724, device='cuda:0', grad_fn=<AddBackward0>), 'recon': tensor(6309.1074, device='cuda:0', grad_fn=<MulBackward0>), 'kld': tensor(175.5446, device='cuda:0', grad_fn=<MulBackward0>), 'prediction': tensor(32.0612, device='cuda:0', grad_fn=<MulBackward0>), 'true_values': tensor(18.4594, device='cuda:0', grad_fn=<MulBackward0>)}
Losses: {'total_vae': tensor(6619.4727, device='cuda:0', grad_fn=<AddBackward0>), 'recon': tensor(6374.2056, device='cuda:0', grad_fn=<MulBackward0>), 'kld': tensor(178.7105, device='cuda:0', grad_fn=<MulBackward0>), 'prediction': tensor(39.4435, device='cuda:0', grad_fn=<MulBackward0>), 'true_values': tensor(27.1133, device='cuda:0', grad_fn=<MulBackward0>)}
tracking changes
Validation stop evaluation
43739 26
    epoch          rec         kld    latent       bce       acc
0     1.0  8493.469338   53.577607  0.922332  2.376728  0.819531
1     2.0  8490.177107   51.799809  0.897218  2.355184  0.819949
2     3.0  8472.455427   50.701407  0.874861  2.326459  0.820524
3     4.0  8393.431952   48.471992  0.834744  2.281185  0.821511
4     5.0  8300.157562   49.371218  0.777986  2.223591  0.822927
5     6.0  8137.761761   56.080068  0.701887  2.151619  0.824918
6     7.0  7839.087141   71.293556  0.610535  2.070956  0.827476
7     8.0  7509.500102   98.458383  0.510002  1.966994  0.831157
8     9.0  7175.993883  138.466394  0.428691  1.838548  0.836329
9    10.0  7026.601798  177.973834  0.378886  1.656503  0.844615
10   11.0  6939.193472  220.259974  0.348613  1.456581  0.856001
11   12.0  6850.164270  252.336598  0.344332  1.297632  0.867349
12   13.0  6775.785863  273.781686  0.354514  1.194207  0.876075
13   14.0  6727.058119  299.202567  0.367301  1.154972  0.881831
14   15.0  6682.482980  284.932657  0.364173  1.132751  0.884625
15   16.0  6630.991658  286.213671  0.375681  1.086584  0.888789
16   17.0  6559.891194  281.061844  0.363823  1.058728  0.892717
17   18.0  6524.592144  261.081228  0.376441  1.076898  0.893546
18   19.0  6508.350535  228.904546  0.401455  1.074362  0.896186
19   20.0  6493.094474  211.529841  0.426425  1.111454  0.900075
20   21.0  6477.448447  191.104797  0.486844  1.180615  0.900531
21   22.0  6466.411117  190.113841  0.511311  1.246710  0.904307
22   23.0  6469.244257  178.845332  0.534297  1.309870  0.904820
23   24.0  6438.810059  172.716372  0.567436  1.374915  0.904534
24   25.0  6430.656207  165.399579  0.583969  1.443539  0.904202
25   26.0  6421.822438  157.738741  0.592998  1.466196  0.905178
26   27.0  6413.162584  149.250061  0.617567  1.505786  0.905968
Now val counter at: 11
Latent 0.6175665135430818   0.5619006520844135
BCE 1.5057855570080256 1.3761078526478003
Validation stop
