0
Pre-Processing CelebA
labels (202599, 32)
All classes percentages: [0.04671790087808923, 0.20471966791543889, 0.15843612258698217, 0.05444251945962221, 0.1816395934826924, 0.05528161540777595, 0.011248821563778696, 0.0946105360835937, 0.08755225840206517, 0.1053509642199616]
Initialized GrayVAE_Join model
## Initializing Train indexes
->path chosen:: logs/celebA__GrayVAE_Join__2022_05/03-12-18
lr: 1e-07
Losses: {'total_vae': tensor(10949.3721, device='cuda:0', grad_fn=<AddBackward0>), 'recon': tensor(8495.6572, device='cuda:0', grad_fn=<MulBackward0>), 'kld': tensor(54.6701, device='cuda:0', grad_fn=<MulBackward0>), 'prediction': tensor(2399.0449, device='cuda:0', grad_fn=<MulBackward0>), 'true_values': tensor(-1)}
Losses: {'total_vae': tensor(10882.1143, device='cuda:0', grad_fn=<AddBackward0>), 'recon': tensor(8498.2930, device='cuda:0', grad_fn=<MulBackward0>), 'kld': tensor(56.0671, device='cuda:0', grad_fn=<MulBackward0>), 'prediction': tensor(2327.7539, device='cuda:0', grad_fn=<MulBackward0>), 'true_values': tensor(-1)}
Losses: {'total_vae': tensor(10887.8828, device='cuda:0', grad_fn=<AddBackward0>), 'recon': tensor(8497.9102, device='cuda:0', grad_fn=<MulBackward0>), 'kld': tensor(53.9431, device='cuda:0', grad_fn=<MulBackward0>), 'prediction': tensor(2336.0298, device='cuda:0', grad_fn=<MulBackward0>), 'true_values': tensor(-1)}
Losses: {'total_vae': tensor(10778.8057, device='cuda:0', grad_fn=<AddBackward0>), 'recon': tensor(8488.3613, device='cuda:0', grad_fn=<MulBackward0>), 'kld': tensor(54.8484, device='cuda:0', grad_fn=<MulBackward0>), 'prediction': tensor(2235.5959, device='cuda:0', grad_fn=<MulBackward0>), 'true_values': tensor(-1)}
[0:1619]  loss_total_vae=10815.697  loss_recon=8489.425  loss_kld=55.677  loss_prediction=2270.594  loss_true_values=-1.000  loss_total_vae_epoch=10866.726  
tracking changes
Saved model at epoch 1
lr: 1.6378937069540646e-07
Losses: {'total_vae': tensor(10869.3223, device='cuda:0', grad_fn=<AddBackward0>), 'recon': tensor(8497.1777, device='cuda:0', grad_fn=<MulBackward0>), 'kld': tensor(56.3769, device='cuda:0', grad_fn=<MulBackward0>), 'prediction': tensor(2315.7673, device='cuda:0', grad_fn=<MulBackward0>), 'true_values': tensor(-1)}
Losses: {'total_vae': tensor(10688.1123, device='cuda:0', grad_fn=<AddBackward0>), 'recon': tensor(8485.7832, device='cuda:0', grad_fn=<MulBackward0>), 'kld': tensor(55.8386, device='cuda:0', grad_fn=<MulBackward0>), 'prediction': tensor(2146.4900, device='cuda:0', grad_fn=<MulBackward0>), 'true_values': tensor(-1)}
Losses: {'total_vae': tensor(10720.1855, device='cuda:0', grad_fn=<AddBackward0>), 'recon': tensor(8491.0615, device='cuda:0', grad_fn=<MulBackward0>), 'kld': tensor(60.9141, device='cuda:0', grad_fn=<MulBackward0>), 'prediction': tensor(2168.2095, device='cuda:0', grad_fn=<MulBackward0>), 'true_values': tensor(-1)}
Losses: {'total_vae': tensor(10640.3271, device='cuda:0', grad_fn=<AddBackward0>), 'recon': tensor(8486.3506, device='cuda:0', grad_fn=<MulBackward0>), 'kld': tensor(56.3814, device='cuda:0', grad_fn=<MulBackward0>), 'prediction': tensor(2097.5950, device='cuda:0', grad_fn=<MulBackward0>), 'true_values': tensor(-1)}
[1:3239]  loss_total_vae=10647.481  loss_recon=8495.516  loss_kld=60.578  loss_prediction=2091.388  loss_true_values=-1.000  loss_total_vae_epoch=10708.351  
tracking changes
Saved model at epoch 2
lr: 2.6826957952797275e-07
Losses: {'total_vae': tensor(10609.5566, device='cuda:0', grad_fn=<AddBackward0>), 'recon': tensor(8493.7734, device='cuda:0', grad_fn=<MulBackward0>), 'kld': tensor(61.7515, device='cuda:0', grad_fn=<MulBackward0>), 'prediction': tensor(2054.0312, device='cuda:0', grad_fn=<MulBackward0>), 'true_values': tensor(-1)}
Losses: {'total_vae': tensor(10524.7500, device='cuda:0', grad_fn=<AddBackward0>), 'recon': tensor(8485.7490, device='cuda:0', grad_fn=<MulBackward0>), 'kld': tensor(62.6398, device='cuda:0', grad_fn=<MulBackward0>), 'prediction': tensor(1976.3611, device='cuda:0', grad_fn=<MulBackward0>), 'true_values': tensor(-1)}
Losses: {'total_vae': tensor(10440.2217, device='cuda:0', grad_fn=<AddBackward0>), 'recon': tensor(8484.0342, device='cuda:0', grad_fn=<MulBackward0>), 'kld': tensor(67.6686, device='cuda:0', grad_fn=<MulBackward0>), 'prediction': tensor(1888.5183, device='cuda:0', grad_fn=<MulBackward0>), 'true_values': tensor(-1)}
Losses: {'total_vae': tensor(10467.8555, device='cuda:0', grad_fn=<AddBackward0>), 'recon': tensor(8470.0146, device='cuda:0', grad_fn=<MulBackward0>), 'kld': tensor(68.6712, device='cuda:0', grad_fn=<MulBackward0>), 'prediction': tensor(1929.1703, device='cuda:0', grad_fn=<MulBackward0>), 'true_values': tensor(-1)}
[2:4859]  loss_total_vae=10520.335  loss_recon=8471.856  loss_kld=65.548  loss_prediction=1982.930  loss_true_values=-1.000  loss_total_vae_epoch=10533.972  
tracking changes
Saved model at epoch 3
lr: 4.393970560760786e-07
Losses: {'total_vae': tensor(10415.0586, device='cuda:0', grad_fn=<AddBackward0>), 'recon': tensor(8472.1445, device='cuda:0', grad_fn=<MulBackward0>), 'kld': tensor(64.3930, device='cuda:0', grad_fn=<MulBackward0>), 'prediction': tensor(1878.5215, device='cuda:0', grad_fn=<MulBackward0>), 'true_values': tensor(-1)}
Losses: {'total_vae': tensor(10278.6465, device='cuda:0', grad_fn=<AddBackward0>), 'recon': tensor(8444.3232, device='cuda:0', grad_fn=<MulBackward0>), 'kld': tensor(75.2331, device='cuda:0', grad_fn=<MulBackward0>), 'prediction': tensor(1759.0897, device='cuda:0', grad_fn=<MulBackward0>), 'true_values': tensor(-1)}
Losses: {'total_vae': tensor(10221.7939, device='cuda:0', grad_fn=<AddBackward0>), 'recon': tensor(8411.1025, device='cuda:0', grad_fn=<MulBackward0>), 'kld': tensor(76.8318, device='cuda:0', grad_fn=<MulBackward0>), 'prediction': tensor(1733.8596, device='cuda:0', grad_fn=<MulBackward0>), 'true_values': tensor(-1)}
Losses: {'total_vae': tensor(10121.7471, device='cuda:0', grad_fn=<AddBackward0>), 'recon': tensor(8369.0322, device='cuda:0', grad_fn=<MulBackward0>), 'kld': tensor(80.9956, device='cuda:0', grad_fn=<MulBackward0>), 'prediction': tensor(1671.7186, device='cuda:0', grad_fn=<MulBackward0>), 'true_values': tensor(-1)}
[3:6479]  loss_total_vae=10120.562  loss_recon=8380.963  loss_kld=85.448  loss_prediction=1654.152  loss_true_values=-1.000  loss_total_vae_epoch=10302.201  
tracking changes
Saved model at epoch 4
lr: 7.196856730011514e-07
Losses: {'total_vae': tensor(10223.1416, device='cuda:0', grad_fn=<AddBackward0>), 'recon': tensor(8390.0674, device='cuda:0', grad_fn=<MulBackward0>), 'kld': tensor(82.6423, device='cuda:0', grad_fn=<MulBackward0>), 'prediction': tensor(1750.4318, device='cuda:0', grad_fn=<MulBackward0>), 'true_values': tensor(-1)}
Losses: {'total_vae': tensor(10033.7344, device='cuda:0', grad_fn=<AddBackward0>), 'recon': tensor(8284.1650, device='cuda:0', grad_fn=<MulBackward0>), 'kld': tensor(93.2847, device='cuda:0', grad_fn=<MulBackward0>), 'prediction': tensor(1656.2850, device='cuda:0', grad_fn=<MulBackward0>), 'true_values': tensor(-1)}
Losses: {'total_vae': tensor(9801.4766, device='cuda:0', grad_fn=<AddBackward0>), 'recon': tensor(8220.2705, device='cuda:0', grad_fn=<MulBackward0>), 'kld': tensor(108.1497, device='cuda:0', grad_fn=<MulBackward0>), 'prediction': tensor(1473.0566, device='cuda:0', grad_fn=<MulBackward0>), 'true_values': tensor(-1)}
Losses: {'total_vae': tensor(9832.7588, device='cuda:0', grad_fn=<AddBackward0>), 'recon': tensor(8063.3799, device='cuda:0', grad_fn=<MulBackward0>), 'kld': tensor(107.2051, device='cuda:0', grad_fn=<MulBackward0>), 'prediction': tensor(1662.1738, device='cuda:0', grad_fn=<MulBackward0>), 'true_values': tensor(-1)}
[4:8099]  loss_total_vae=9986.486  loss_recon=8205.833  loss_kld=110.487  loss_prediction=1670.166  loss_true_values=-1.000  loss_total_vae_epoch=10000.812  
tracking changes
Saved model at epoch 5
lr: 1.1787686347935866e-06
Losses: {'total_vae': tensor(9795.6777, device='cuda:0', grad_fn=<AddBackward0>), 'recon': tensor(8100.1548, device='cuda:0', grad_fn=<MulBackward0>), 'kld': tensor(110.9673, device='cuda:0', grad_fn=<MulBackward0>), 'prediction': tensor(1584.5552, device='cuda:0', grad_fn=<MulBackward0>), 'true_values': tensor(-1)}
Losses: {'total_vae': tensor(9550.4424, device='cuda:0', grad_fn=<AddBackward0>), 'recon': tensor(7906.3384, device='cuda:0', grad_fn=<MulBackward0>), 'kld': tensor(121.6336, device='cuda:0', grad_fn=<MulBackward0>), 'prediction': tensor(1522.4706, device='cuda:0', grad_fn=<MulBackward0>), 'true_values': tensor(-1)}
Losses: {'total_vae': tensor(9572.5645, device='cuda:0', grad_fn=<AddBackward0>), 'recon': tensor(7927.8828, device='cuda:0', grad_fn=<MulBackward0>), 'kld': tensor(124.7576, device='cuda:0', grad_fn=<MulBackward0>), 'prediction': tensor(1519.9242, device='cuda:0', grad_fn=<MulBackward0>), 'true_values': tensor(-1)}
Losses: {'total_vae': tensor(9265.2129, device='cuda:0', grad_fn=<AddBackward0>), 'recon': tensor(7758.9946, device='cuda:0', grad_fn=<MulBackward0>), 'kld': tensor(121.3777, device='cuda:0', grad_fn=<MulBackward0>), 'prediction': tensor(1384.8408, device='cuda:0', grad_fn=<MulBackward0>), 'true_values': tensor(-1)}
[5:9719]  loss_total_vae=9506.062  loss_recon=7948.686  loss_kld=123.955  loss_prediction=1433.422  loss_true_values=-1.000  loss_total_vae_epoch=9624.690  
tracking changes
Saved model at epoch 6
lr: 1.9306977288832498e-06
Losses: {'total_vae': tensor(9517.3662, device='cuda:0', grad_fn=<AddBackward0>), 'recon': tensor(7923.2280, device='cuda:0', grad_fn=<MulBackward0>), 'kld': tensor(123.8254, device='cuda:0', grad_fn=<MulBackward0>), 'prediction': tensor(1470.3129, device='cuda:0', grad_fn=<MulBackward0>), 'true_values': tensor(-1)}
Losses: {'total_vae': tensor(9638.2910, device='cuda:0', grad_fn=<AddBackward0>), 'recon': tensor(7974.8047, device='cuda:0', grad_fn=<MulBackward0>), 'kld': tensor(134.5307, device='cuda:0', grad_fn=<MulBackward0>), 'prediction': tensor(1528.9552, device='cuda:0', grad_fn=<MulBackward0>), 'true_values': tensor(-1)}
Losses: {'total_vae': tensor(9450.5645, device='cuda:0', grad_fn=<AddBackward0>), 'recon': tensor(7821.9478, device='cuda:0', grad_fn=<MulBackward0>), 'kld': tensor(130.4806, device='cuda:0', grad_fn=<MulBackward0>), 'prediction': tensor(1498.1360, device='cuda:0', grad_fn=<MulBackward0>), 'true_values': tensor(-1)}
Losses: {'total_vae': tensor(9235.3623, device='cuda:0', grad_fn=<AddBackward0>), 'recon': tensor(7683.5859, device='cuda:0', grad_fn=<MulBackward0>), 'kld': tensor(138.3043, device='cuda:0', grad_fn=<MulBackward0>), 'prediction': tensor(1413.4723, device='cuda:0', grad_fn=<MulBackward0>), 'true_values': tensor(-1)}
[6:11339]  loss_total_vae=9137.724  loss_recon=7633.236  loss_kld=138.651  loss_prediction=1365.837  loss_true_values=-1.000  loss_total_vae_epoch=9340.103  
tracking changes
Saved model at epoch 7
lr: 3.162277660168379e-06
Losses: {'total_vae': tensor(9172.5498, device='cuda:0', grad_fn=<AddBackward0>), 'recon': tensor(7695.6641, device='cuda:0', grad_fn=<MulBackward0>), 'kld': tensor(141.8344, device='cuda:0', grad_fn=<MulBackward0>), 'prediction': tensor(1335.0509, device='cuda:0', grad_fn=<MulBackward0>), 'true_values': tensor(-1)}
Losses: {'total_vae': tensor(8953.1182, device='cuda:0', grad_fn=<AddBackward0>), 'recon': tensor(7363.3223, device='cuda:0', grad_fn=<MulBackward0>), 'kld': tensor(148.5078, device='cuda:0', grad_fn=<MulBackward0>), 'prediction': tensor(1441.2881, device='cuda:0', grad_fn=<MulBackward0>), 'true_values': tensor(-1)}
Losses: {'total_vae': tensor(8964.3994, device='cuda:0', grad_fn=<AddBackward0>), 'recon': tensor(7394.4624, device='cuda:0', grad_fn=<MulBackward0>), 'kld': tensor(164.0941, device='cuda:0', grad_fn=<MulBackward0>), 'prediction': tensor(1405.8429, device='cuda:0', grad_fn=<MulBackward0>), 'true_values': tensor(-1)}
Losses: {'total_vae': tensor(8596.7725, device='cuda:0', grad_fn=<AddBackward0>), 'recon': tensor(7200.2529, device='cuda:0', grad_fn=<MulBackward0>), 'kld': tensor(161.2631, device='cuda:0', grad_fn=<MulBackward0>), 'prediction': tensor(1235.2561, device='cuda:0', grad_fn=<MulBackward0>), 'true_values': tensor(-1)}
[7:12959]  loss_total_vae=8761.122  loss_recon=7300.542  loss_kld=166.275  loss_prediction=1294.305  loss_true_values=-1.000  loss_total_vae_epoch=8941.069  
tracking changes
Saved model at epoch 8
lr: 5.179474679231212e-06
Losses: {'total_vae': tensor(8650.9688, device='cuda:0', grad_fn=<AddBackward0>), 'recon': tensor(7363.0659, device='cuda:0', grad_fn=<MulBackward0>), 'kld': tensor(166.2919, device='cuda:0', grad_fn=<MulBackward0>), 'prediction': tensor(1121.6104, device='cuda:0', grad_fn=<MulBackward0>), 'true_values': tensor(-1)}
Losses: {'total_vae': tensor(8738.0742, device='cuda:0', grad_fn=<AddBackward0>), 'recon': tensor(7100.8726, device='cuda:0', grad_fn=<MulBackward0>), 'kld': tensor(167.7908, device='cuda:0', grad_fn=<MulBackward0>), 'prediction': tensor(1469.4105, device='cuda:0', grad_fn=<MulBackward0>), 'true_values': tensor(-1)}
Losses: {'total_vae': tensor(8414.8096, device='cuda:0', grad_fn=<AddBackward0>), 'recon': tensor(6998.8574, device='cuda:0', grad_fn=<MulBackward0>), 'kld': tensor(172.2621, device='cuda:0', grad_fn=<MulBackward0>), 'prediction': tensor(1243.6901, device='cuda:0', grad_fn=<MulBackward0>), 'true_values': tensor(-1)}
Losses: {'total_vae': tensor(8576.2871, device='cuda:0', grad_fn=<AddBackward0>), 'recon': tensor(7074.0273, device='cuda:0', grad_fn=<MulBackward0>), 'kld': tensor(187.8511, device='cuda:0', grad_fn=<MulBackward0>), 'prediction': tensor(1314.4091, device='cuda:0', grad_fn=<MulBackward0>), 'true_values': tensor(-1)}
[8:14579]  loss_total_vae=8250.342  loss_recon=6824.648  loss_kld=183.583  loss_prediction=1242.110  loss_true_values=-1.000  loss_total_vae_epoch=8520.068  
tracking changes
Saved model at epoch 9
lr: 8.483428982440726e-06
Losses: {'total_vae': tensor(8306.2549, device='cuda:0', grad_fn=<AddBackward0>), 'recon': tensor(6979.1396, device='cuda:0', grad_fn=<MulBackward0>), 'kld': tensor(187.0213, device='cuda:0', grad_fn=<MulBackward0>), 'prediction': tensor(1140.0935, device='cuda:0', grad_fn=<MulBackward0>), 'true_values': tensor(-1)}
Losses: {'total_vae': tensor(8401.0518, device='cuda:0', grad_fn=<AddBackward0>), 'recon': tensor(7068.2554, device='cuda:0', grad_fn=<MulBackward0>), 'kld': tensor(184.5164, device='cuda:0', grad_fn=<MulBackward0>), 'prediction': tensor(1148.2799, device='cuda:0', grad_fn=<MulBackward0>), 'true_values': tensor(-1)}
Losses: {'total_vae': tensor(8182.4023, device='cuda:0', grad_fn=<AddBackward0>), 'recon': tensor(6970.8198, device='cuda:0', grad_fn=<MulBackward0>), 'kld': tensor(181.2404, device='cuda:0', grad_fn=<MulBackward0>), 'prediction': tensor(1030.3420, device='cuda:0', grad_fn=<MulBackward0>), 'true_values': tensor(-1)}
Losses: {'total_vae': tensor(8135.2998, device='cuda:0', grad_fn=<AddBackward0>), 'recon': tensor(6837.6304, device='cuda:0', grad_fn=<MulBackward0>), 'kld': tensor(187.7350, device='cuda:0', grad_fn=<MulBackward0>), 'prediction': tensor(1109.9346, device='cuda:0', grad_fn=<MulBackward0>), 'true_values': tensor(-1)}
[9:16199]  loss_total_vae=7959.641  loss_recon=6691.871  loss_kld=195.062  loss_prediction=1072.708  loss_true_values=-1.000  loss_total_vae_epoch=8242.372  
tracking changes
Saved model at epoch 10
lr: 1.3894954943731361e-05
Losses: {'total_vae': tensor(8141.5859, device='cuda:0', grad_fn=<AddBackward0>), 'recon': tensor(6765.4937, device='cuda:0', grad_fn=<MulBackward0>), 'kld': tensor(180.0856, device='cuda:0', grad_fn=<MulBackward0>), 'prediction': tensor(1196.0066, device='cuda:0', grad_fn=<MulBackward0>), 'true_values': tensor(-1)}
Losses: {'total_vae': tensor(8046.9248, device='cuda:0', grad_fn=<AddBackward0>), 'recon': tensor(6713.8213, device='cuda:0', grad_fn=<MulBackward0>), 'kld': tensor(186.1588, device='cuda:0', grad_fn=<MulBackward0>), 'prediction': tensor(1146.9451, device='cuda:0', grad_fn=<MulBackward0>), 'true_values': tensor(-1)}
Losses: {'total_vae': tensor(7943.2227, device='cuda:0', grad_fn=<AddBackward0>), 'recon': tensor(6720.8481, device='cuda:0', grad_fn=<MulBackward0>), 'kld': tensor(182.0232, device='cuda:0', grad_fn=<MulBackward0>), 'prediction': tensor(1040.3510, device='cuda:0', grad_fn=<MulBackward0>), 'true_values': tensor(-1)}
Losses: {'total_vae': tensor(7789.5356, device='cuda:0', grad_fn=<AddBackward0>), 'recon': tensor(6620.2598, device='cuda:0', grad_fn=<MulBackward0>), 'kld': tensor(184.8014, device='cuda:0', grad_fn=<MulBackward0>), 'prediction': tensor(984.4745, device='cuda:0', grad_fn=<MulBackward0>), 'true_values': tensor(-1)}
[10:17819]  loss_total_vae=7982.196  loss_recon=6756.936  loss_kld=180.223  loss_prediction=1045.038  loss_true_values=-1.000  loss_total_vae_epoch=8056.764  
tracking changes
Saved model at epoch 11
lr: 2.275845926074791e-05
Losses: {'total_vae': tensor(7900.6602, device='cuda:0', grad_fn=<AddBackward0>), 'recon': tensor(6721.0278, device='cuda:0', grad_fn=<MulBackward0>), 'kld': tensor(192.1298, device='cuda:0', grad_fn=<MulBackward0>), 'prediction': tensor(987.5023, device='cuda:0', grad_fn=<MulBackward0>), 'true_values': tensor(-1)}
Losses: {'total_vae': tensor(7825.6782, device='cuda:0', grad_fn=<AddBackward0>), 'recon': tensor(6697.0513, device='cuda:0', grad_fn=<MulBackward0>), 'kld': tensor(181.0864, device='cuda:0', grad_fn=<MulBackward0>), 'prediction': tensor(947.5406, device='cuda:0', grad_fn=<MulBackward0>), 'true_values': tensor(-1)}
Losses: {'total_vae': tensor(8037.8779, device='cuda:0', grad_fn=<AddBackward0>), 'recon': tensor(6833.0757, device='cuda:0', grad_fn=<MulBackward0>), 'kld': tensor(171.1165, device='cuda:0', grad_fn=<MulBackward0>), 'prediction': tensor(1033.6853, device='cuda:0', grad_fn=<MulBackward0>), 'true_values': tensor(-1)}
Losses: {'total_vae': tensor(7994.4482, device='cuda:0', grad_fn=<AddBackward0>), 'recon': tensor(6725.5610, device='cuda:0', grad_fn=<MulBackward0>), 'kld': tensor(175.5940, device='cuda:0', grad_fn=<MulBackward0>), 'prediction': tensor(1093.2931, device='cuda:0', grad_fn=<MulBackward0>), 'true_values': tensor(-1)}
[11:19439]  loss_total_vae=7856.058  loss_recon=6654.512  loss_kld=182.456  loss_prediction=1019.090  loss_true_values=-1.000  loss_total_vae_epoch=7894.209  
tracking changes
Saved model at epoch 12
lr: 3.727593720314938e-05
Losses: {'total_vae': tensor(7590.5078, device='cuda:0', grad_fn=<AddBackward0>), 'recon': tensor(6594.2534, device='cuda:0', grad_fn=<MulBackward0>), 'kld': tensor(179.9130, device='cuda:0', grad_fn=<MulBackward0>), 'prediction': tensor(816.3416, device='cuda:0', grad_fn=<MulBackward0>), 'true_values': tensor(-1)}
Losses: {'total_vae': tensor(7854.7134, device='cuda:0', grad_fn=<AddBackward0>), 'recon': tensor(6747.3594, device='cuda:0', grad_fn=<MulBackward0>), 'kld': tensor(169.3816, device='cuda:0', grad_fn=<MulBackward0>), 'prediction': tensor(937.9722, device='cuda:0', grad_fn=<MulBackward0>), 'true_values': tensor(-1)}
Losses: {'total_vae': tensor(7648.8560, device='cuda:0', grad_fn=<AddBackward0>), 'recon': tensor(6476.3257, device='cuda:0', grad_fn=<MulBackward0>), 'kld': tensor(164.8824, device='cuda:0', grad_fn=<MulBackward0>), 'prediction': tensor(1007.6481, device='cuda:0', grad_fn=<MulBackward0>), 'true_values': tensor(-1)}
Losses: {'total_vae': tensor(7604.5132, device='cuda:0', grad_fn=<AddBackward0>), 'recon': tensor(6573.3706, device='cuda:0', grad_fn=<MulBackward0>), 'kld': tensor(166.6075, device='cuda:0', grad_fn=<MulBackward0>), 'prediction': tensor(864.5352, device='cuda:0', grad_fn=<MulBackward0>), 'true_values': tensor(-1)}
[12:21059]  loss_total_vae=7898.382  loss_recon=6544.887  loss_kld=165.785  loss_prediction=1187.710  loss_true_values=-1.000  loss_total_vae_epoch=7749.539  
tracking changes
Saved model at epoch 13
lr: 6.105402296585326e-05
Losses: {'total_vae': tensor(7813.6084, device='cuda:0', grad_fn=<AddBackward0>), 'recon': tensor(6748.1621, device='cuda:0', grad_fn=<MulBackward0>), 'kld': tensor(167.0781, device='cuda:0', grad_fn=<MulBackward0>), 'prediction': tensor(898.3680, device='cuda:0', grad_fn=<MulBackward0>), 'true_values': tensor(-1)}
Losses: {'total_vae': tensor(7671.8823, device='cuda:0', grad_fn=<AddBackward0>), 'recon': tensor(6684.3086, device='cuda:0', grad_fn=<MulBackward0>), 'kld': tensor(162.1897, device='cuda:0', grad_fn=<MulBackward0>), 'prediction': tensor(825.3839, device='cuda:0', grad_fn=<MulBackward0>), 'true_values': tensor(-1)}
Losses: {'total_vae': tensor(7514.9639, device='cuda:0', grad_fn=<AddBackward0>), 'recon': tensor(6615.1631, device='cuda:0', grad_fn=<MulBackward0>), 'kld': tensor(169.7602, device='cuda:0', grad_fn=<MulBackward0>), 'prediction': tensor(730.0403, device='cuda:0', grad_fn=<MulBackward0>), 'true_values': tensor(-1)}
Losses: {'total_vae': tensor(7807.4790, device='cuda:0', grad_fn=<AddBackward0>), 'recon': tensor(6744.6338, device='cuda:0', grad_fn=<MulBackward0>), 'kld': tensor(154.6937, device='cuda:0', grad_fn=<MulBackward0>), 'prediction': tensor(908.1514, device='cuda:0', grad_fn=<MulBackward0>), 'true_values': tensor(-1)}
[13:22679]  loss_total_vae=7620.518  loss_recon=6509.324  loss_kld=150.074  loss_prediction=961.119  loss_true_values=-1.000  loss_total_vae_epoch=7633.498  
tracking changes
Saved model at epoch 14
lr: 0.0001
Losses: {'total_vae': tensor(7761.2837, device='cuda:0', grad_fn=<AddBackward0>), 'recon': tensor(6804.2861, device='cuda:0', grad_fn=<MulBackward0>), 'kld': tensor(160.7760, device='cuda:0', grad_fn=<MulBackward0>), 'prediction': tensor(796.2219, device='cuda:0', grad_fn=<MulBackward0>), 'true_values': tensor(-1)}
Losses: {'total_vae': tensor(7743.0532, device='cuda:0', grad_fn=<AddBackward0>), 'recon': tensor(6653.0918, device='cuda:0', grad_fn=<MulBackward0>), 'kld': tensor(160.3399, device='cuda:0', grad_fn=<MulBackward0>), 'prediction': tensor(929.6215, device='cuda:0', grad_fn=<MulBackward0>), 'true_values': tensor(-1)}
Losses: {'total_vae': tensor(7259.1685, device='cuda:0', grad_fn=<AddBackward0>), 'recon': tensor(6404.8193, device='cuda:0', grad_fn=<MulBackward0>), 'kld': tensor(156.2861, device='cuda:0', grad_fn=<MulBackward0>), 'prediction': tensor(698.0629, device='cuda:0', grad_fn=<MulBackward0>), 'true_values': tensor(-1)}
Losses: {'total_vae': tensor(7544.9839, device='cuda:0', grad_fn=<AddBackward0>), 'recon': tensor(6503.3848, device='cuda:0', grad_fn=<MulBackward0>), 'kld': tensor(147.4295, device='cuda:0', grad_fn=<MulBackward0>), 'prediction': tensor(894.1696, device='cuda:0', grad_fn=<MulBackward0>), 'true_values': tensor(-1)}
[14:24299]  loss_total_vae=7403.571  loss_recon=6529.938  loss_kld=151.069  loss_prediction=722.564  loss_true_values=-1.000  loss_total_vae_epoch=7548.822  
tracking changes
Saved model at epoch 15
lr: 9e-05
Losses: {'total_vae': tensor(7507.3872, device='cuda:0', grad_fn=<AddBackward0>), 'recon': tensor(6681.5288, device='cuda:0', grad_fn=<MulBackward0>), 'kld': tensor(149.2465, device='cuda:0', grad_fn=<MulBackward0>), 'prediction': tensor(676.6116, device='cuda:0', grad_fn=<MulBackward0>), 'true_values': tensor(-1)}
Losses: {'total_vae': tensor(7369.7051, device='cuda:0', grad_fn=<AddBackward0>), 'recon': tensor(6649.2480, device='cuda:0', grad_fn=<MulBackward0>), 'kld': tensor(153.2738, device='cuda:0', grad_fn=<MulBackward0>), 'prediction': tensor(567.1830, device='cuda:0', grad_fn=<MulBackward0>), 'true_values': tensor(-1)}
Losses: {'total_vae': tensor(7423.3345, device='cuda:0', grad_fn=<AddBackward0>), 'recon': tensor(6557.1865, device='cuda:0', grad_fn=<MulBackward0>), 'kld': tensor(152.6010, device='cuda:0', grad_fn=<MulBackward0>), 'prediction': tensor(713.5469, device='cuda:0', grad_fn=<MulBackward0>), 'true_values': tensor(-1)}
Losses: {'total_vae': tensor(7265.0845, device='cuda:0', grad_fn=<AddBackward0>), 'recon': tensor(6487.1567, device='cuda:0', grad_fn=<MulBackward0>), 'kld': tensor(151.1526, device='cuda:0', grad_fn=<MulBackward0>), 'prediction': tensor(626.7751, device='cuda:0', grad_fn=<MulBackward0>), 'true_values': tensor(-1)}
[15:25919]  loss_total_vae=7347.934  loss_recon=6567.221  loss_kld=152.581  loss_prediction=628.133  loss_true_values=-1.000  loss_total_vae_epoch=7328.876  
tracking changes
Validation stop evaluation
25919 15
    epoch          rec         kld    latent       bce       acc
0     1.0  8493.466259   54.765533  0.944823  2.246699  0.822497
1     2.0  8490.095582   59.010295  0.964565  2.084464  0.827222
2     3.0  8470.103759   68.194764  0.998171  1.909148  0.833499
3     4.0  8372.635863   82.642143  1.036186  1.732340  0.841232
4     5.0  8093.656030  111.197622  1.107969  1.603871  0.847643
5     6.0  7889.938651  126.649286  1.132914  1.485503  0.854279
6     7.0  7660.149248  139.834129  1.141421  1.382196  0.861436
7     8.0  7280.162256  160.758158  1.173159  1.296689  0.867734
8     9.0  6969.304443  179.458469  1.179130  1.229764  0.872534
9    10.0  6829.125377  185.605495  1.159375  1.161214  0.878624
10   11.0  6740.408481  181.965386  1.140076  1.106616  0.884427
11   12.0  6673.261952  177.827022  1.117453  1.063824  0.890419
12   13.0  6612.322834  168.921265  1.078015  1.051431  0.894161
13   14.0  6569.078846  155.138792  1.040219  1.062158  0.896003
14   15.0  6527.175173  146.083360  0.998023  1.064544  0.897991
15   16.0  6502.296417  149.152174  1.016593  1.139574  0.898907
Now val counter at: 1
Latent 1.0165931960143666   1.0785624119314818
BCE 1.139574368401329 1.0591374815690637
lr: 8.1e-05
Losses: {'total_vae': tensor(7220.9629, device='cuda:0', grad_fn=<AddBackward0>), 'recon': tensor(6571.1460, device='cuda:0', grad_fn=<MulBackward0>), 'kld': tensor(149.5940, device='cuda:0', grad_fn=<MulBackward0>), 'prediction': tensor(500.2231, device='cuda:0', grad_fn=<MulBackward0>), 'true_values': tensor(-1)}
Losses: {'total_vae': tensor(6854.8003, device='cuda:0', grad_fn=<AddBackward0>), 'recon': tensor(6350.4521, device='cuda:0', grad_fn=<MulBackward0>), 'kld': tensor(157.7982, device='cuda:0', grad_fn=<MulBackward0>), 'prediction': tensor(346.5500, device='cuda:0', grad_fn=<MulBackward0>), 'true_values': tensor(-1)}
Losses: {'total_vae': tensor(7282.5464, device='cuda:0', grad_fn=<AddBackward0>), 'recon': tensor(6641.8911, device='cuda:0', grad_fn=<MulBackward0>), 'kld': tensor(156.3724, device='cuda:0', grad_fn=<MulBackward0>), 'prediction': tensor(484.2827, device='cuda:0', grad_fn=<MulBackward0>), 'true_values': tensor(-1)}
Losses: {'total_vae': tensor(7213.7012, device='cuda:0', grad_fn=<AddBackward0>), 'recon': tensor(6438.5562, device='cuda:0', grad_fn=<MulBackward0>), 'kld': tensor(155.4200, device='cuda:0', grad_fn=<MulBackward0>), 'prediction': tensor(619.7252, device='cuda:0', grad_fn=<MulBackward0>), 'true_values': tensor(-1)}
tracking changes
Validation stop evaluation
27539 16
    epoch          rec         kld    latent       bce       acc
0     1.0  8493.466259   54.765533  0.944823  2.246699  0.822497
1     2.0  8490.095582   59.010295  0.964565  2.084464  0.827222
2     3.0  8470.103759   68.194764  0.998171  1.909148  0.833499
3     4.0  8372.635863   82.642143  1.036186  1.732340  0.841232
4     5.0  8093.656030  111.197622  1.107969  1.603871  0.847643
5     6.0  7889.938651  126.649286  1.132914  1.485503  0.854279
6     7.0  7660.149248  139.834129  1.141421  1.382196  0.861436
7     8.0  7280.162256  160.758158  1.173159  1.296689  0.867734
8     9.0  6969.304443  179.458469  1.179130  1.229764  0.872534
9    10.0  6829.125377  185.605495  1.159375  1.161214  0.878624
10   11.0  6740.408481  181.965386  1.140076  1.106616  0.884427
11   12.0  6673.261952  177.827022  1.117453  1.063824  0.890419
12   13.0  6612.322834  168.921265  1.078015  1.051431  0.894161
13   14.0  6569.078846  155.138792  1.040219  1.062158  0.896003
14   15.0  6527.175173  146.083360  0.998023  1.064544  0.897991
15   16.0  6502.296417  149.152174  1.016593  1.139574  0.898907
16   17.0  6479.848648  147.614753  0.994023  1.207218  0.902629
Now val counter at: 2
Latent 0.9940227506184341   1.0387524902427157
BCE 1.2072183516356025 1.0593775298335764
lr: 7.290000000000001e-05
Losses: {'total_vae': tensor(6888.8823, device='cuda:0', grad_fn=<AddBackward0>), 'recon': tensor(6421.6543, device='cuda:0', grad_fn=<MulBackward0>), 'kld': tensor(154.9561, device='cuda:0', grad_fn=<MulBackward0>), 'prediction': tensor(312.2719, device='cuda:0', grad_fn=<MulBackward0>), 'true_values': tensor(-1)}
Losses: {'total_vae': tensor(6935.9404, device='cuda:0', grad_fn=<AddBackward0>), 'recon': tensor(6545.9941, device='cuda:0', grad_fn=<MulBackward0>), 'kld': tensor(154.4446, device='cuda:0', grad_fn=<MulBackward0>), 'prediction': tensor(235.5018, device='cuda:0', grad_fn=<MulBackward0>), 'true_values': tensor(-1)}
Losses: {'total_vae': tensor(7007.1650, device='cuda:0', grad_fn=<AddBackward0>), 'recon': tensor(6569.9238, device='cuda:0', grad_fn=<MulBackward0>), 'kld': tensor(155.0782, device='cuda:0', grad_fn=<MulBackward0>), 'prediction': tensor(282.1632, device='cuda:0', grad_fn=<MulBackward0>), 'true_values': tensor(-1)}
Losses: {'total_vae': tensor(6885.2959, device='cuda:0', grad_fn=<AddBackward0>), 'recon': tensor(6439.4282, device='cuda:0', grad_fn=<MulBackward0>), 'kld': tensor(156.3764, device='cuda:0', grad_fn=<MulBackward0>), 'prediction': tensor(289.4911, device='cuda:0', grad_fn=<MulBackward0>), 'true_values': tensor(-1)}
tracking changes
Validation stop evaluation
29159 17
    epoch          rec         kld    latent       bce       acc
0     1.0  8493.466259   54.765533  0.944823  2.246699  0.822497
1     2.0  8490.095582   59.010295  0.964565  2.084464  0.827222
2     3.0  8470.103759   68.194764  0.998171  1.909148  0.833499
3     4.0  8372.635863   82.642143  1.036186  1.732340  0.841232
4     5.0  8093.656030  111.197622  1.107969  1.603871  0.847643
5     6.0  7889.938651  126.649286  1.132914  1.485503  0.854279
6     7.0  7660.149248  139.834129  1.141421  1.382196  0.861436
7     8.0  7280.162256  160.758158  1.173159  1.296689  0.867734
8     9.0  6969.304443  179.458469  1.179130  1.229764  0.872534
9    10.0  6829.125377  185.605495  1.159375  1.161214  0.878624
10   11.0  6740.408481  181.965386  1.140076  1.106616  0.884427
11   12.0  6673.261952  177.827022  1.117453  1.063824  0.890419
12   13.0  6612.322834  168.921265  1.078015  1.051431  0.894161
13   14.0  6569.078846  155.138792  1.040219  1.062158  0.896003
14   15.0  6527.175173  146.083360  0.998023  1.064544  0.897991
15   16.0  6502.296417  149.152174  1.016593  1.139574  0.898907
16   17.0  6479.848648  147.614753  0.994023  1.207218  0.902629
17   18.0  6446.686238  151.965834  0.992938  1.329605  0.905640
Now val counter at: 3
Latent 0.9929381449623863   1.0182785172470332
BCE 1.3296045873424795 1.0887586479336515
lr: 6.561000000000002e-05
Losses: {'total_vae': tensor(6843.0625, device='cuda:0', grad_fn=<AddBackward0>), 'recon': tensor(6524.4937, device='cuda:0', grad_fn=<MulBackward0>), 'kld': tensor(153.3213, device='cuda:0', grad_fn=<MulBackward0>), 'prediction': tensor(165.2474, device='cuda:0', grad_fn=<MulBackward0>), 'true_values': tensor(-1)}
Losses: {'total_vae': tensor(6764.9575, device='cuda:0', grad_fn=<AddBackward0>), 'recon': tensor(6494.4160, device='cuda:0', grad_fn=<MulBackward0>), 'kld': tensor(161.4995, device='cuda:0', grad_fn=<MulBackward0>), 'prediction': tensor(109.0421, device='cuda:0', grad_fn=<MulBackward0>), 'true_values': tensor(-1)}
Losses: {'total_vae': tensor(6830.7681, device='cuda:0', grad_fn=<AddBackward0>), 'recon': tensor(6513.2876, device='cuda:0', grad_fn=<MulBackward0>), 'kld': tensor(153.1553, device='cuda:0', grad_fn=<MulBackward0>), 'prediction': tensor(164.3252, device='cuda:0', grad_fn=<MulBackward0>), 'true_values': tensor(-1)}
Losses: {'total_vae': tensor(6761.3677, device='cuda:0', grad_fn=<AddBackward0>), 'recon': tensor(6344.2021, device='cuda:0', grad_fn=<MulBackward0>), 'kld': tensor(149.5991, device='cuda:0', grad_fn=<MulBackward0>), 'prediction': tensor(267.5663, device='cuda:0', grad_fn=<MulBackward0>), 'true_values': tensor(-1)}
tracking changes
Validation stop evaluation
30779 18
    epoch          rec         kld    latent       bce       acc
0     1.0  8493.466259   54.765533  0.944823  2.246699  0.822497
1     2.0  8490.095582   59.010295  0.964565  2.084464  0.827222
2     3.0  8470.103759   68.194764  0.998171  1.909148  0.833499
3     4.0  8372.635863   82.642143  1.036186  1.732340  0.841232
4     5.0  8093.656030  111.197622  1.107969  1.603871  0.847643
5     6.0  7889.938651  126.649286  1.132914  1.485503  0.854279
6     7.0  7660.149248  139.834129  1.141421  1.382196  0.861436
7     8.0  7280.162256  160.758158  1.173159  1.296689  0.867734
8     9.0  6969.304443  179.458469  1.179130  1.229764  0.872534
9    10.0  6829.125377  185.605495  1.159375  1.161214  0.878624
10   11.0  6740.408481  181.965386  1.140076  1.106616  0.884427
11   12.0  6673.261952  177.827022  1.117453  1.063824  0.890419
12   13.0  6612.322834  168.921265  1.078015  1.051431  0.894161
13   14.0  6569.078846  155.138792  1.040219  1.062158  0.896003
14   15.0  6527.175173  146.083360  0.998023  1.064544  0.897991
15   16.0  6502.296417  149.152174  1.016593  1.139574  0.898907
16   17.0  6479.848648  147.614753  0.994023  1.207218  0.902629
17   18.0  6446.686238  151.965834  0.992938  1.329605  0.905640
18   19.0  6431.810012  147.676363  0.976482  1.454957  0.905472
Now val counter at: 4
Latent 0.976481561613555   1.0028797629052657
BCE 1.4549574822482496 1.1371122598648071
lr: 5.904900000000002e-05
Losses: {'total_vae': tensor(6653.7075, device='cuda:0', grad_fn=<AddBackward0>), 'recon': tensor(6408.9551, device='cuda:0', grad_fn=<MulBackward0>), 'kld': tensor(154.2997, device='cuda:0', grad_fn=<MulBackward0>), 'prediction': tensor(90.4526, device='cuda:0', grad_fn=<MulBackward0>), 'true_values': tensor(-1)}
Losses: {'total_vae': tensor(6717.3076, device='cuda:0', grad_fn=<AddBackward0>), 'recon': tensor(6510.7612, device='cuda:0', grad_fn=<MulBackward0>), 'kld': tensor(150.8673, device='cuda:0', grad_fn=<MulBackward0>), 'prediction': tensor(55.6793, device='cuda:0', grad_fn=<MulBackward0>), 'true_values': tensor(-1)}
Losses: {'total_vae': tensor(6762.2949, device='cuda:0', grad_fn=<AddBackward0>), 'recon': tensor(6533.5811, device='cuda:0', grad_fn=<MulBackward0>), 'kld': tensor(152.4058, device='cuda:0', grad_fn=<MulBackward0>), 'prediction': tensor(76.3081, device='cuda:0', grad_fn=<MulBackward0>), 'true_values': tensor(-1)}
Losses: {'total_vae': tensor(6649.3418, device='cuda:0', grad_fn=<AddBackward0>), 'recon': tensor(6393.7793, device='cuda:0', grad_fn=<MulBackward0>), 'kld': tensor(147.2940, device='cuda:0', grad_fn=<MulBackward0>), 'prediction': tensor(108.2688, device='cuda:0', grad_fn=<MulBackward0>), 'true_values': tensor(-1)}
tracking changes
Validation stop evaluation
32399 19
    epoch          rec         kld    latent       bce       acc
0     1.0  8493.466259   54.765533  0.944823  2.246699  0.822497
1     2.0  8490.095582   59.010295  0.964565  2.084464  0.827222
2     3.0  8470.103759   68.194764  0.998171  1.909148  0.833499
3     4.0  8372.635863   82.642143  1.036186  1.732340  0.841232
4     5.0  8093.656030  111.197622  1.107969  1.603871  0.847643
5     6.0  7889.938651  126.649286  1.132914  1.485503  0.854279
6     7.0  7660.149248  139.834129  1.141421  1.382196  0.861436
7     8.0  7280.162256  160.758158  1.173159  1.296689  0.867734
8     9.0  6969.304443  179.458469  1.179130  1.229764  0.872534
9    10.0  6829.125377  185.605495  1.159375  1.161214  0.878624
10   11.0  6740.408481  181.965386  1.140076  1.106616  0.884427
11   12.0  6673.261952  177.827022  1.117453  1.063824  0.890419
12   13.0  6612.322834  168.921265  1.078015  1.051431  0.894161
13   14.0  6569.078846  155.138792  1.040219  1.062158  0.896003
14   15.0  6527.175173  146.083360  0.998023  1.064544  0.897991
15   16.0  6502.296417  149.152174  1.016593  1.139574  0.898907
16   17.0  6479.848648  147.614753  0.994023  1.207218  0.902629
17   18.0  6446.686238  151.965834  0.992938  1.329605  0.905640
18   19.0  6431.810012  147.676363  0.976482  1.454957  0.905472
19   20.0  6413.017126  142.084275  0.969440  1.512462  0.905731
Now val counter at: 5
Latent 0.9694404941384155   1.0011846971983955
BCE 1.5124624825940274 1.2254657691264705
lr: 5.314410000000002e-05
Losses: {'total_vae': tensor(6642.0054, device='cuda:0', grad_fn=<AddBackward0>), 'recon': tensor(6422.0088, device='cuda:0', grad_fn=<MulBackward0>), 'kld': tensor(151.4121, device='cuda:0', grad_fn=<MulBackward0>), 'prediction': tensor(68.5844, device='cuda:0', grad_fn=<MulBackward0>), 'true_values': tensor(-1)}
Losses: {'total_vae': tensor(6479.8228, device='cuda:0', grad_fn=<AddBackward0>), 'recon': tensor(6271.1748, device='cuda:0', grad_fn=<MulBackward0>), 'kld': tensor(149.0371, device='cuda:0', grad_fn=<MulBackward0>), 'prediction': tensor(59.6106, device='cuda:0', grad_fn=<MulBackward0>), 'true_values': tensor(-1)}
Losses: {'total_vae': tensor(6698.8135, device='cuda:0', grad_fn=<AddBackward0>), 'recon': tensor(6512.9238, device='cuda:0', grad_fn=<MulBackward0>), 'kld': tensor(144.8371, device='cuda:0', grad_fn=<MulBackward0>), 'prediction': tensor(41.0530, device='cuda:0', grad_fn=<MulBackward0>), 'true_values': tensor(-1)}
Losses: {'total_vae': tensor(6561.9141, device='cuda:0', grad_fn=<AddBackward0>), 'recon': tensor(6331.0225, device='cuda:0', grad_fn=<MulBackward0>), 'kld': tensor(144.6964, device='cuda:0', grad_fn=<MulBackward0>), 'prediction': tensor(86.1953, device='cuda:0', grad_fn=<MulBackward0>), 'true_values': tensor(-1)}
tracking changes
Validation stop evaluation
34019 20
    epoch          rec         kld    latent       bce       acc
0     1.0  8493.466259   54.765533  0.944823  2.246699  0.822497
1     2.0  8490.095582   59.010295  0.964565  2.084464  0.827222
2     3.0  8470.103759   68.194764  0.998171  1.909148  0.833499
3     4.0  8372.635863   82.642143  1.036186  1.732340  0.841232
4     5.0  8093.656030  111.197622  1.107969  1.603871  0.847643
5     6.0  7889.938651  126.649286  1.132914  1.485503  0.854279
6     7.0  7660.149248  139.834129  1.141421  1.382196  0.861436
7     8.0  7280.162256  160.758158  1.173159  1.296689  0.867734
8     9.0  6969.304443  179.458469  1.179130  1.229764  0.872534
9    10.0  6829.125377  185.605495  1.159375  1.161214  0.878624
10   11.0  6740.408481  181.965386  1.140076  1.106616  0.884427
11   12.0  6673.261952  177.827022  1.117453  1.063824  0.890419
12   13.0  6612.322834  168.921265  1.078015  1.051431  0.894161
13   14.0  6569.078846  155.138792  1.040219  1.062158  0.896003
14   15.0  6527.175173  146.083360  0.998023  1.064544  0.897991
15   16.0  6502.296417  149.152174  1.016593  1.139574  0.898907
16   17.0  6479.848648  147.614753  0.994023  1.207218  0.902629
17   18.0  6446.686238  151.965834  0.992938  1.329605  0.905640
18   19.0  6431.810012  147.676363  0.976482  1.454957  0.905472
19   20.0  6413.017126  142.084275  0.969440  1.512462  0.905731
20   21.0  6402.703091  137.252408  0.950147  1.562759  0.908378
Now val counter at: 6
Latent 0.9501467857620504   0.9878141523981251
BCE 1.5627592902372378 1.3305934737421106
lr: 4.782969000000002e-05
Losses: {'total_vae': tensor(6744.3979, device='cuda:0', grad_fn=<AddBackward0>), 'recon': tensor(6509.1084, device='cuda:0', grad_fn=<MulBackward0>), 'kld': tensor(147.1726, device='cuda:0', grad_fn=<MulBackward0>), 'prediction': tensor(88.1166, device='cuda:0', grad_fn=<MulBackward0>), 'true_values': tensor(-1)}
Losses: {'total_vae': tensor(6641.9224, device='cuda:0', grad_fn=<AddBackward0>), 'recon': tensor(6416.9272, device='cuda:0', grad_fn=<MulBackward0>), 'kld': tensor(143.1878, device='cuda:0', grad_fn=<MulBackward0>), 'prediction': tensor(81.8072, device='cuda:0', grad_fn=<MulBackward0>), 'true_values': tensor(-1)}
Losses: {'total_vae': tensor(6506.1162, device='cuda:0', grad_fn=<AddBackward0>), 'recon': tensor(6339.3286, device='cuda:0', grad_fn=<MulBackward0>), 'kld': tensor(138.0249, device='cuda:0', grad_fn=<MulBackward0>), 'prediction': tensor(28.7629, device='cuda:0', grad_fn=<MulBackward0>), 'true_values': tensor(-1)}
Losses: {'total_vae': tensor(6485.8604, device='cuda:0', grad_fn=<AddBackward0>), 'recon': tensor(6287.8579, device='cuda:0', grad_fn=<MulBackward0>), 'kld': tensor(138.4242, device='cuda:0', grad_fn=<MulBackward0>), 'prediction': tensor(59.5782, device='cuda:0', grad_fn=<MulBackward0>), 'true_values': tensor(-1)}
tracking changes
Validation stop evaluation
35639 21
    epoch          rec         kld    latent       bce       acc
0     1.0  8493.466259   54.765533  0.944823  2.246699  0.822497
1     2.0  8490.095582   59.010295  0.964565  2.084464  0.827222
2     3.0  8470.103759   68.194764  0.998171  1.909148  0.833499
3     4.0  8372.635863   82.642143  1.036186  1.732340  0.841232
4     5.0  8093.656030  111.197622  1.107969  1.603871  0.847643
5     6.0  7889.938651  126.649286  1.132914  1.485503  0.854279
6     7.0  7660.149248  139.834129  1.141421  1.382196  0.861436
7     8.0  7280.162256  160.758158  1.173159  1.296689  0.867734
8     9.0  6969.304443  179.458469  1.179130  1.229764  0.872534
9    10.0  6829.125377  185.605495  1.159375  1.161214  0.878624
10   11.0  6740.408481  181.965386  1.140076  1.106616  0.884427
11   12.0  6673.261952  177.827022  1.117453  1.063824  0.890419
12   13.0  6612.322834  168.921265  1.078015  1.051431  0.894161
13   14.0  6569.078846  155.138792  1.040219  1.062158  0.896003
14   15.0  6527.175173  146.083360  0.998023  1.064544  0.897991
15   16.0  6502.296417  149.152174  1.016593  1.139574  0.898907
16   17.0  6479.848648  147.614753  0.994023  1.207218  0.902629
17   18.0  6446.686238  151.965834  0.992938  1.329605  0.905640
18   19.0  6431.810012  147.676363  0.976482  1.454957  0.905472
19   20.0  6413.017126  142.084275  0.969440  1.512462  0.905731
20   21.0  6402.703091  137.252408  0.950147  1.562759  0.908378
21   22.0  6400.454876  135.381341  0.943487  1.600538  0.908902
Now val counter at: 7
Latent 0.9434869315954718   0.9796200669047855
BCE 1.6005378513052912 1.4323415173949188
lr: 4.304672100000002e-05
Losses: {'total_vae': tensor(6617.6396, device='cuda:0', grad_fn=<AddBackward0>), 'recon': tensor(6419.6611, device='cuda:0', grad_fn=<MulBackward0>), 'kld': tensor(139.7191, device='cuda:0', grad_fn=<MulBackward0>), 'prediction': tensor(58.2592, device='cuda:0', grad_fn=<MulBackward0>), 'true_values': tensor(-1)}
Losses: {'total_vae': tensor(6500.5581, device='cuda:0', grad_fn=<AddBackward0>), 'recon': tensor(6331.7988, device='cuda:0', grad_fn=<MulBackward0>), 'kld': tensor(138.4260, device='cuda:0', grad_fn=<MulBackward0>), 'prediction': tensor(30.3335, device='cuda:0', grad_fn=<MulBackward0>), 'true_values': tensor(-1)}
Losses: {'total_vae': tensor(6621.0410, device='cuda:0', grad_fn=<AddBackward0>), 'recon': tensor(6459.7798, device='cuda:0', grad_fn=<MulBackward0>), 'kld': tensor(138.5717, device='cuda:0', grad_fn=<MulBackward0>), 'prediction': tensor(22.6894, device='cuda:0', grad_fn=<MulBackward0>), 'true_values': tensor(-1)}
Losses: {'total_vae': tensor(6611.0093, device='cuda:0', grad_fn=<AddBackward0>), 'recon': tensor(6430.3398, device='cuda:0', grad_fn=<MulBackward0>), 'kld': tensor(134.9152, device='cuda:0', grad_fn=<MulBackward0>), 'prediction': tensor(45.7543, device='cuda:0', grad_fn=<MulBackward0>), 'true_values': tensor(-1)}
tracking changes
Validation stop evaluation
37259 22
    epoch          rec         kld    latent       bce       acc
0     1.0  8493.466259   54.765533  0.944823  2.246699  0.822497
1     2.0  8490.095582   59.010295  0.964565  2.084464  0.827222
2     3.0  8470.103759   68.194764  0.998171  1.909148  0.833499
3     4.0  8372.635863   82.642143  1.036186  1.732340  0.841232
4     5.0  8093.656030  111.197622  1.107969  1.603871  0.847643
5     6.0  7889.938651  126.649286  1.132914  1.485503  0.854279
6     7.0  7660.149248  139.834129  1.141421  1.382196  0.861436
7     8.0  7280.162256  160.758158  1.173159  1.296689  0.867734
8     9.0  6969.304443  179.458469  1.179130  1.229764  0.872534
9    10.0  6829.125377  185.605495  1.159375  1.161214  0.878624
10   11.0  6740.408481  181.965386  1.140076  1.106616  0.884427
11   12.0  6673.261952  177.827022  1.117453  1.063824  0.890419
12   13.0  6612.322834  168.921265  1.078015  1.051431  0.894161
13   14.0  6569.078846  155.138792  1.040219  1.062158  0.896003
14   15.0  6527.175173  146.083360  0.998023  1.064544  0.897991
15   16.0  6502.296417  149.152174  1.016593  1.139574  0.898907
16   17.0  6479.848648  147.614753  0.994023  1.207218  0.902629
17   18.0  6446.686238  151.965834  0.992938  1.329605  0.905640
18   19.0  6431.810012  147.676363  0.976482  1.454957  0.905472
19   20.0  6413.017126  142.084275  0.969440  1.512462  0.905731
20   21.0  6402.703091  137.252408  0.950147  1.562759  0.908378
21   22.0  6400.454876  135.381341  0.943487  1.600538  0.908902
22   23.0  6386.494694  128.748260  0.930898  1.619893  0.908323
Now val counter at: 8
Latent 0.9308980033539309   0.9653562805046736
BCE 1.619893424581773 1.5100597516931715
lr: 3.874204890000002e-05
Losses: {'total_vae': tensor(6556.8726, device='cuda:0', grad_fn=<AddBackward0>), 'recon': tensor(6384.5737, device='cuda:0', grad_fn=<MulBackward0>), 'kld': tensor(141.1193, device='cuda:0', grad_fn=<MulBackward0>), 'prediction': tensor(31.1797, device='cuda:0', grad_fn=<MulBackward0>), 'true_values': tensor(-1)}
Losses: {'total_vae': tensor(6867.1641, device='cuda:0', grad_fn=<AddBackward0>), 'recon': tensor(6658.5386, device='cuda:0', grad_fn=<MulBackward0>), 'kld': tensor(133.7722, device='cuda:0', grad_fn=<MulBackward0>), 'prediction': tensor(74.8536, device='cuda:0', grad_fn=<MulBackward0>), 'true_values': tensor(-1)}
Losses: {'total_vae': tensor(6572.2412, device='cuda:0', grad_fn=<AddBackward0>), 'recon': tensor(6404.8823, device='cuda:0', grad_fn=<MulBackward0>), 'kld': tensor(134.1118, device='cuda:0', grad_fn=<MulBackward0>), 'prediction': tensor(33.2473, device='cuda:0', grad_fn=<MulBackward0>), 'true_values': tensor(-1)}
Losses: {'total_vae': tensor(6515.5562, device='cuda:0', grad_fn=<AddBackward0>), 'recon': tensor(6360.4497, device='cuda:0', grad_fn=<MulBackward0>), 'kld': tensor(132.2748, device='cuda:0', grad_fn=<MulBackward0>), 'prediction': tensor(22.8316, device='cuda:0', grad_fn=<MulBackward0>), 'true_values': tensor(-1)}
tracking changes
Validation stop evaluation
38879 23
    epoch          rec         kld    latent       bce       acc
0     1.0  8493.466259   54.765533  0.944823  2.246699  0.822497
1     2.0  8490.095582   59.010295  0.964565  2.084464  0.827222
2     3.0  8470.103759   68.194764  0.998171  1.909148  0.833499
3     4.0  8372.635863   82.642143  1.036186  1.732340  0.841232
4     5.0  8093.656030  111.197622  1.107969  1.603871  0.847643
5     6.0  7889.938651  126.649286  1.132914  1.485503  0.854279
6     7.0  7660.149248  139.834129  1.141421  1.382196  0.861436
7     8.0  7280.162256  160.758158  1.173159  1.296689  0.867734
8     9.0  6969.304443  179.458469  1.179130  1.229764  0.872534
9    10.0  6829.125377  185.605495  1.159375  1.161214  0.878624
10   11.0  6740.408481  181.965386  1.140076  1.106616  0.884427
11   12.0  6673.261952  177.827022  1.117453  1.063824  0.890419
12   13.0  6612.322834  168.921265  1.078015  1.051431  0.894161
13   14.0  6569.078846  155.138792  1.040219  1.062158  0.896003
14   15.0  6527.175173  146.083360  0.998023  1.064544  0.897991
15   16.0  6502.296417  149.152174  1.016593  1.139574  0.898907
16   17.0  6479.848648  147.614753  0.994023  1.207218  0.902629
17   18.0  6446.686238  151.965834  0.992938  1.329605  0.905640
18   19.0  6431.810012  147.676363  0.976482  1.454957  0.905472
19   20.0  6413.017126  142.084275  0.969440  1.512462  0.905731
20   21.0  6402.703091  137.252408  0.950147  1.562759  0.908378
21   22.0  6400.454876  135.381341  0.943487  1.600538  0.908902
22   23.0  6386.494694  128.748260  0.930898  1.619893  0.908323
23   24.0  6368.539434  128.490098  0.926448  1.620744  0.910033
Now val counter at: 9
Latent 0.9264478568393405   0.954358070498646
BCE 1.620743737362399 1.5585865413788522
lr: 3.4867844010000016e-05
Losses: {'total_vae': tensor(6646.4526, device='cuda:0', grad_fn=<AddBackward0>), 'recon': tensor(6491.3462, device='cuda:0', grad_fn=<MulBackward0>), 'kld': tensor(133.1796, device='cuda:0', grad_fn=<MulBackward0>), 'prediction': tensor(21.9267, device='cuda:0', grad_fn=<MulBackward0>), 'true_values': tensor(-1)}
Losses: {'total_vae': tensor(6280.5864, device='cuda:0', grad_fn=<AddBackward0>), 'recon': tensor(6128.9937, device='cuda:0', grad_fn=<MulBackward0>), 'kld': tensor(125.4085, device='cuda:0', grad_fn=<MulBackward0>), 'prediction': tensor(26.1841, device='cuda:0', grad_fn=<MulBackward0>), 'true_values': tensor(-1)}
Losses: {'total_vae': tensor(6492.8765, device='cuda:0', grad_fn=<AddBackward0>), 'recon': tensor(6343.4624, device='cuda:0', grad_fn=<MulBackward0>), 'kld': tensor(128.7925, device='cuda:0', grad_fn=<MulBackward0>), 'prediction': tensor(20.6215, device='cuda:0', grad_fn=<MulBackward0>), 'true_values': tensor(-1)}
Losses: {'total_vae': tensor(6662.9893, device='cuda:0', grad_fn=<AddBackward0>), 'recon': tensor(6503.0225, device='cuda:0', grad_fn=<MulBackward0>), 'kld': tensor(133.8239, device='cuda:0', grad_fn=<MulBackward0>), 'prediction': tensor(26.1430, device='cuda:0', grad_fn=<MulBackward0>), 'true_values': tensor(-1)}
tracking changes
Validation stop evaluation
40499 24
    epoch          rec         kld    latent       bce       acc
0     1.0  8493.466259   54.765533  0.944823  2.246699  0.822497
1     2.0  8490.095582   59.010295  0.964565  2.084464  0.827222
2     3.0  8470.103759   68.194764  0.998171  1.909148  0.833499
3     4.0  8372.635863   82.642143  1.036186  1.732340  0.841232
4     5.0  8093.656030  111.197622  1.107969  1.603871  0.847643
5     6.0  7889.938651  126.649286  1.132914  1.485503  0.854279
6     7.0  7660.149248  139.834129  1.141421  1.382196  0.861436
7     8.0  7280.162256  160.758158  1.173159  1.296689  0.867734
8     9.0  6969.304443  179.458469  1.179130  1.229764  0.872534
9    10.0  6829.125377  185.605495  1.159375  1.161214  0.878624
10   11.0  6740.408481  181.965386  1.140076  1.106616  0.884427
11   12.0  6673.261952  177.827022  1.117453  1.063824  0.890419
12   13.0  6612.322834  168.921265  1.078015  1.051431  0.894161
13   14.0  6569.078846  155.138792  1.040219  1.062158  0.896003
14   15.0  6527.175173  146.083360  0.998023  1.064544  0.897991
15   16.0  6502.296417  149.152174  1.016593  1.139574  0.898907
16   17.0  6479.848648  147.614753  0.994023  1.207218  0.902629
17   18.0  6446.686238  151.965834  0.992938  1.329605  0.905640
18   19.0  6431.810012  147.676363  0.976482  1.454957  0.905472
19   20.0  6413.017126  142.084275  0.969440  1.512462  0.905731
20   21.0  6402.703091  137.252408  0.950147  1.562759  0.908378
21   22.0  6400.454876  135.381341  0.943487  1.600538  0.908902
22   23.0  6386.494694  128.748260  0.930898  1.619893  0.908323
23   24.0  6368.539434  128.490098  0.926448  1.620744  0.910033
24   25.0  6360.989455  124.287986  0.914075  1.656623  0.908608
Now val counter at: 10
Latent 0.9140745516460721   0.9415105735704844
BCE 1.6566234540821303 1.5943968553747674
lr: 3.138105960900002e-05
Losses: {'total_vae': tensor(6425.3677, device='cuda:0', grad_fn=<AddBackward0>), 'recon': tensor(6276.5913, device='cuda:0', grad_fn=<MulBackward0>), 'kld': tensor(129.4743, device='cuda:0', grad_fn=<MulBackward0>), 'prediction': tensor(19.3025, device='cuda:0', grad_fn=<MulBackward0>), 'true_values': tensor(-1)}
Losses: {'total_vae': tensor(6309.5049, device='cuda:0', grad_fn=<AddBackward0>), 'recon': tensor(6166.5986, device='cuda:0', grad_fn=<MulBackward0>), 'kld': tensor(128.3792, device='cuda:0', grad_fn=<MulBackward0>), 'prediction': tensor(14.5267, device='cuda:0', grad_fn=<MulBackward0>), 'true_values': tensor(-1)}
Losses: {'total_vae': tensor(6657.6738, device='cuda:0', grad_fn=<AddBackward0>), 'recon': tensor(6465.2197, device='cuda:0', grad_fn=<MulBackward0>), 'kld': tensor(125.8404, device='cuda:0', grad_fn=<MulBackward0>), 'prediction': tensor(66.6136, device='cuda:0', grad_fn=<MulBackward0>), 'true_values': tensor(-1)}
Losses: {'total_vae': tensor(6554.4902, device='cuda:0', grad_fn=<AddBackward0>), 'recon': tensor(6413.1313, device='cuda:0', grad_fn=<MulBackward0>), 'kld': tensor(128.3231, device='cuda:0', grad_fn=<MulBackward0>), 'prediction': tensor(13.0358, device='cuda:0', grad_fn=<MulBackward0>), 'true_values': tensor(-1)}
tracking changes
Validation stop evaluation
42119 25
    epoch          rec         kld    latent       bce       acc
0     1.0  8493.466259   54.765533  0.944823  2.246699  0.822497
1     2.0  8490.095582   59.010295  0.964565  2.084464  0.827222
2     3.0  8470.103759   68.194764  0.998171  1.909148  0.833499
3     4.0  8372.635863   82.642143  1.036186  1.732340  0.841232
4     5.0  8093.656030  111.197622  1.107969  1.603871  0.847643
5     6.0  7889.938651  126.649286  1.132914  1.485503  0.854279
6     7.0  7660.149248  139.834129  1.141421  1.382196  0.861436
7     8.0  7280.162256  160.758158  1.173159  1.296689  0.867734
8     9.0  6969.304443  179.458469  1.179130  1.229764  0.872534
9    10.0  6829.125377  185.605495  1.159375  1.161214  0.878624
10   11.0  6740.408481  181.965386  1.140076  1.106616  0.884427
11   12.0  6673.261952  177.827022  1.117453  1.063824  0.890419
12   13.0  6612.322834  168.921265  1.078015  1.051431  0.894161
13   14.0  6569.078846  155.138792  1.040219  1.062158  0.896003
14   15.0  6527.175173  146.083360  0.998023  1.064544  0.897991
15   16.0  6502.296417  149.152174  1.016593  1.139574  0.898907
16   17.0  6479.848648  147.614753  0.994023  1.207218  0.902629
17   18.0  6446.686238  151.965834  0.992938  1.329605  0.905640
18   19.0  6431.810012  147.676363  0.976482  1.454957  0.905472
19   20.0  6413.017126  142.084275  0.969440  1.512462  0.905731
20   21.0  6402.703091  137.252408  0.950147  1.562759  0.908378
21   22.0  6400.454876  135.381341  0.943487  1.600538  0.908902
22   23.0  6386.494694  128.748260  0.930898  1.619893  0.908323
23   24.0  6368.539434  128.490098  0.926448  1.620744  0.910033
24   25.0  6360.989455  124.287986  0.914075  1.656623  0.908608
25   26.0  6357.588199  122.012033  0.904030  1.650748  0.909019
Latent 0.9040302032291299   0.9336109305962478
BCE 1.6507478232430939 1.613725004416488
lr: 2.8242953648100018e-05
Losses: {'total_vae': tensor(6466.7456, device='cuda:0', grad_fn=<AddBackward0>), 'recon': tensor(6326.9351, device='cuda:0', grad_fn=<MulBackward0>), 'kld': tensor(128.4467, device='cuda:0', grad_fn=<MulBackward0>), 'prediction': tensor(11.3640, device='cuda:0', grad_fn=<MulBackward0>), 'true_values': tensor(-1)}
Losses: {'total_vae': tensor(6458.9775, device='cuda:0', grad_fn=<AddBackward0>), 'recon': tensor(6323.9736, device='cuda:0', grad_fn=<MulBackward0>), 'kld': tensor(124.9415, device='cuda:0', grad_fn=<MulBackward0>), 'prediction': tensor(10.0625, device='cuda:0', grad_fn=<MulBackward0>), 'true_values': tensor(-1)}
Losses: {'total_vae': tensor(6372.3027, device='cuda:0', grad_fn=<AddBackward0>), 'recon': tensor(6236.2285, device='cuda:0', grad_fn=<MulBackward0>), 'kld': tensor(125.1408, device='cuda:0', grad_fn=<MulBackward0>), 'prediction': tensor(10.9338, device='cuda:0', grad_fn=<MulBackward0>), 'true_values': tensor(-1)}
Losses: {'total_vae': tensor(6458.9409, device='cuda:0', grad_fn=<AddBackward0>), 'recon': tensor(6321.3047, device='cuda:0', grad_fn=<MulBackward0>), 'kld': tensor(125.5634, device='cuda:0', grad_fn=<MulBackward0>), 'prediction': tensor(12.0728, device='cuda:0', grad_fn=<MulBackward0>), 'true_values': tensor(-1)}
tracking changes
Validation stop evaluation
43739 26
    epoch          rec         kld    latent       bce       acc
0     1.0  8493.466259   54.765533  0.944823  2.246699  0.822497
1     2.0  8490.095582   59.010295  0.964565  2.084464  0.827222
2     3.0  8470.103759   68.194764  0.998171  1.909148  0.833499
3     4.0  8372.635863   82.642143  1.036186  1.732340  0.841232
4     5.0  8093.656030  111.197622  1.107969  1.603871  0.847643
5     6.0  7889.938651  126.649286  1.132914  1.485503  0.854279
6     7.0  7660.149248  139.834129  1.141421  1.382196  0.861436
7     8.0  7280.162256  160.758158  1.173159  1.296689  0.867734
8     9.0  6969.304443  179.458469  1.179130  1.229764  0.872534
9    10.0  6829.125377  185.605495  1.159375  1.161214  0.878624
10   11.0  6740.408481  181.965386  1.140076  1.106616  0.884427
11   12.0  6673.261952  177.827022  1.117453  1.063824  0.890419
12   13.0  6612.322834  168.921265  1.078015  1.051431  0.894161
13   14.0  6569.078846  155.138792  1.040219  1.062158  0.896003
14   15.0  6527.175173  146.083360  0.998023  1.064544  0.897991
15   16.0  6502.296417  149.152174  1.016593  1.139574  0.898907
16   17.0  6479.848648  147.614753  0.994023  1.207218  0.902629
17   18.0  6446.686238  151.965834  0.992938  1.329605  0.905640
18   19.0  6431.810012  147.676363  0.976482  1.454957  0.905472
19   20.0  6413.017126  142.084275  0.969440  1.512462  0.905731
20   21.0  6402.703091  137.252408  0.950147  1.562759  0.908378
21   22.0  6400.454876  135.381341  0.943487  1.600538  0.908902
22   23.0  6386.494694  128.748260  0.930898  1.619893  0.908323
23   24.0  6368.539434  128.490098  0.926448  1.620744  0.910033
24   25.0  6360.989455  124.287986  0.914075  1.656623  0.908608
25   26.0  6357.588199  122.012033  0.904030  1.650748  0.909019
26   27.0  6350.925272  120.743466  0.900733  1.656889  0.908999
Now val counter at: 11
Latent 0.9007326574018686   0.9238068039464479
BCE 1.6568889136951748 1.632420205342101
Validation stop
