0
Pre-Processing CelebA
labels (127817, 10)
All classes percentages: [0.24165017172989509, 0.2910723925612399, 0.21396214900991262, 0.2533152866989524]
Initialized CBM_Join model
## Initializing Train indexes
::path chosen -> logs/celebA__CBM_Join/only_10_latents/100-latents/train_runs
Losses: {'total_vae': tensor(2.8915, device='cuda:0', grad_fn=<AddBackward0>), 'total': 0, 'prediction': tensor(1.4600, device='cuda:0', grad_fn=<MulBackward0>), 'true_values': tensor(1.4315, device='cuda:0', grad_fn=<MulBackward0>)}
Losses: {'total_vae': tensor(2.6764, device='cuda:0', grad_fn=<AddBackward0>), 'total': 0, 'prediction': tensor(1.3157, device='cuda:0', grad_fn=<MulBackward0>), 'true_values': tensor(1.3608, device='cuda:0', grad_fn=<MulBackward0>)}
Losses: {'total_vae': tensor(2.4118, device='cuda:0', grad_fn=<AddBackward0>), 'total': 0, 'prediction': tensor(1.2046, device='cuda:0', grad_fn=<MulBackward0>), 'true_values': tensor(1.2072, device='cuda:0', grad_fn=<MulBackward0>)}
[0:1025]  loss_total_vae=2.486  loss_total=0.000  loss_prediction=1.231  loss_true_values=1.255  loss_total_vae_epoch=2.656  
Losses: {'total_vae': tensor(2.5213, device='cuda:0', grad_fn=<AddBackward0>), 'total': 0, 'prediction': tensor(1.2511, device='cuda:0', grad_fn=<MulBackward0>), 'true_values': tensor(1.2702, device='cuda:0', grad_fn=<MulBackward0>)}
Losses: {'total_vae': tensor(2.2782, device='cuda:0', grad_fn=<AddBackward0>), 'total': 0, 'prediction': tensor(1.1382, device='cuda:0', grad_fn=<MulBackward0>), 'true_values': tensor(1.1400, device='cuda:0', grad_fn=<MulBackward0>)}
Done testing
Done testing
Saved test_metrics
Losses: {'total_vae': tensor(2.0663, device='cuda:0', grad_fn=<AddBackward0>), 'total': 0, 'prediction': tensor(0.9580, device='cuda:0', grad_fn=<MulBackward0>), 'true_values': tensor(1.1083, device='cuda:0', grad_fn=<MulBackward0>)}
[1:2051]  loss_total_vae=2.106  loss_total=0.000  loss_prediction=1.053  loss_true_values=1.053  loss_total_vae_epoch=2.292  
Losses: {'total_vae': tensor(2.0094, device='cuda:0', grad_fn=<AddBackward0>), 'total': 0, 'prediction': tensor(0.9997, device='cuda:0', grad_fn=<MulBackward0>), 'true_values': tensor(1.0097, device='cuda:0', grad_fn=<MulBackward0>)}
Losses: {'total_vae': tensor(1.9372, device='cuda:0', grad_fn=<AddBackward0>), 'total': 0, 'prediction': tensor(0.9834, device='cuda:0', grad_fn=<MulBackward0>), 'true_values': tensor(0.9537, device='cuda:0', grad_fn=<MulBackward0>)}
Losses: {'total_vae': tensor(1.8504, device='cuda:0', grad_fn=<AddBackward0>), 'total': 0, 'prediction': tensor(0.9243, device='cuda:0', grad_fn=<MulBackward0>), 'true_values': tensor(0.9261, device='cuda:0', grad_fn=<MulBackward0>)}
[2:3077]  loss_total_vae=1.889  loss_total=0.000  loss_prediction=0.978  loss_true_values=0.911  loss_total_vae_epoch=1.947  
Losses: {'total_vae': tensor(1.8884, device='cuda:0', grad_fn=<AddBackward0>), 'total': 0, 'prediction': tensor(0.9767, device='cuda:0', grad_fn=<MulBackward0>), 'true_values': tensor(0.9117, device='cuda:0', grad_fn=<MulBackward0>)}
Done testing
Done testing
Saved test_metrics
Losses: {'total_vae': tensor(1.4374, device='cuda:0', grad_fn=<AddBackward0>), 'total': 0, 'prediction': tensor(0.6865, device='cuda:0', grad_fn=<MulBackward0>), 'true_values': tensor(0.7509, device='cuda:0', grad_fn=<MulBackward0>)}
Losses: {'total_vae': tensor(1.4423, device='cuda:0', grad_fn=<AddBackward0>), 'total': 0, 'prediction': tensor(0.7630, device='cuda:0', grad_fn=<MulBackward0>), 'true_values': tensor(0.6794, device='cuda:0', grad_fn=<MulBackward0>)}
[3:4103]  loss_total_vae=1.381  loss_total=0.000  loss_prediction=0.731  loss_true_values=0.650  loss_total_vae_epoch=1.579  
Losses: {'total_vae': tensor(1.3018, device='cuda:0', grad_fn=<AddBackward0>), 'total': 0, 'prediction': tensor(0.6866, device='cuda:0', grad_fn=<MulBackward0>), 'true_values': tensor(0.6152, device='cuda:0', grad_fn=<MulBackward0>)}
Losses: {'total_vae': tensor(1.2662, device='cuda:0', grad_fn=<AddBackward0>), 'total': 0, 'prediction': tensor(0.7037, device='cuda:0', grad_fn=<MulBackward0>), 'true_values': tensor(0.5624, device='cuda:0', grad_fn=<MulBackward0>)}
Done testing
Done testing
Saved test_metrics
Losses: {'total_vae': tensor(1.0668, device='cuda:0', grad_fn=<AddBackward0>), 'total': 0, 'prediction': tensor(0.6066, device='cuda:0', grad_fn=<MulBackward0>), 'true_values': tensor(0.4602, device='cuda:0', grad_fn=<MulBackward0>)}
[4:5129]  loss_total_vae=1.174  loss_total=0.000  loss_prediction=0.695  loss_true_values=0.479  loss_total_vae_epoch=1.201  
Losses: {'total_vae': tensor(1.0644, device='cuda:0', grad_fn=<AddBackward0>), 'total': 0, 'prediction': tensor(0.6053, device='cuda:0', grad_fn=<MulBackward0>), 'true_values': tensor(0.4591, device='cuda:0', grad_fn=<MulBackward0>)}
Losses: {'total_vae': tensor(0.9330, device='cuda:0', grad_fn=<AddBackward0>), 'total': 0, 'prediction': tensor(0.5598, device='cuda:0', grad_fn=<MulBackward0>), 'true_values': tensor(0.3732, device='cuda:0', grad_fn=<MulBackward0>)}
Losses: {'total_vae': tensor(0.8355, device='cuda:0', grad_fn=<AddBackward0>), 'total': 0, 'prediction': tensor(0.5244, device='cuda:0', grad_fn=<MulBackward0>), 'true_values': tensor(0.3111, device='cuda:0', grad_fn=<MulBackward0>)}
[5:6155]  loss_total_vae=0.732  loss_total=0.000  loss_prediction=0.437  loss_true_values=0.296  loss_total_vae_epoch=0.896  
Losses: {'total_vae': tensor(0.7547, device='cuda:0', grad_fn=<AddBackward0>), 'total': 0, 'prediction': tensor(0.4546, device='cuda:0', grad_fn=<MulBackward0>), 'true_values': tensor(0.3001, device='cuda:0', grad_fn=<MulBackward0>)}
Done testing
Done testing
Saved test_metrics
Losses: {'total_vae': tensor(0.6968, device='cuda:0', grad_fn=<AddBackward0>), 'total': 0, 'prediction': tensor(0.4540, device='cuda:0', grad_fn=<MulBackward0>), 'true_values': tensor(0.2429, device='cuda:0', grad_fn=<MulBackward0>)}
Losses: {'total_vae': tensor(0.5669, device='cuda:0', grad_fn=<AddBackward0>), 'total': 0, 'prediction': tensor(0.3625, device='cuda:0', grad_fn=<MulBackward0>), 'true_values': tensor(0.2044, device='cuda:0', grad_fn=<MulBackward0>)}
[6:7181]  loss_total_vae=0.679  loss_total=0.000  loss_prediction=0.405  loss_true_values=0.274  loss_total_vae_epoch=0.693  
Losses: {'total_vae': tensor(0.6145, device='cuda:0', grad_fn=<AddBackward0>), 'total': 0, 'prediction': tensor(0.3554, device='cuda:0', grad_fn=<MulBackward0>), 'true_values': tensor(0.2591, device='cuda:0', grad_fn=<MulBackward0>)}
Losses: {'total_vae': tensor(0.4626, device='cuda:0', grad_fn=<AddBackward0>), 'total': 0, 'prediction': tensor(0.2976, device='cuda:0', grad_fn=<MulBackward0>), 'true_values': tensor(0.1650, device='cuda:0', grad_fn=<MulBackward0>)}
Done testing
Done testing
Saved test_metrics
Losses: {'total_vae': tensor(0.4601, device='cuda:0', grad_fn=<AddBackward0>), 'total': 0, 'prediction': tensor(0.2938, device='cuda:0', grad_fn=<MulBackward0>), 'true_values': tensor(0.1663, device='cuda:0', grad_fn=<MulBackward0>)}
[7:8207]  loss_total_vae=0.536  loss_total=0.000  loss_prediction=0.322  loss_true_values=0.214  loss_total_vae_epoch=0.549  
Losses: {'total_vae': tensor(0.4666, device='cuda:0', grad_fn=<AddBackward0>), 'total': 0, 'prediction': tensor(0.2699, device='cuda:0', grad_fn=<MulBackward0>), 'true_values': tensor(0.1968, device='cuda:0', grad_fn=<MulBackward0>)}
Losses: {'total_vae': tensor(0.4530, device='cuda:0', grad_fn=<AddBackward0>), 'total': 0, 'prediction': tensor(0.2863, device='cuda:0', grad_fn=<MulBackward0>), 'true_values': tensor(0.1667, device='cuda:0', grad_fn=<MulBackward0>)}
Losses: {'total_vae': tensor(0.4067, device='cuda:0', grad_fn=<AddBackward0>), 'total': 0, 'prediction': tensor(0.2484, device='cuda:0', grad_fn=<MulBackward0>), 'true_values': tensor(0.1583, device='cuda:0', grad_fn=<MulBackward0>)}
[8:9233]  loss_total_vae=0.388  loss_total=0.000  loss_prediction=0.255  loss_true_values=0.132  loss_total_vae_epoch=0.465  
Losses: {'total_vae': tensor(0.3314, device='cuda:0', grad_fn=<AddBackward0>), 'total': 0, 'prediction': tensor(0.2132, device='cuda:0', grad_fn=<MulBackward0>), 'true_values': tensor(0.1182, device='cuda:0', grad_fn=<MulBackward0>)}
Done testing
Done testing
Saved test_metrics
Losses: {'total_vae': tensor(0.4336, device='cuda:0', grad_fn=<AddBackward0>), 'total': 0, 'prediction': tensor(0.2315, device='cuda:0', grad_fn=<MulBackward0>), 'true_values': tensor(0.2021, device='cuda:0', grad_fn=<MulBackward0>)}
Losses: {'total_vae': tensor(0.2344, device='cuda:0', grad_fn=<AddBackward0>), 'total': 0, 'prediction': tensor(0.1275, device='cuda:0', grad_fn=<MulBackward0>), 'true_values': tensor(0.1070, device='cuda:0', grad_fn=<MulBackward0>)}
[9:10259]  loss_total_vae=0.368  loss_total=0.000  loss_prediction=0.212  loss_true_values=0.156  loss_total_vae_epoch=0.448  
Losses: {'total_vae': tensor(0.3694, device='cuda:0', grad_fn=<AddBackward0>), 'total': 0, 'prediction': tensor(0.2118, device='cuda:0', grad_fn=<MulBackward0>), 'true_values': tensor(0.1575, device='cuda:0', grad_fn=<MulBackward0>)}
Losses: {'total_vae': tensor(0.3053, device='cuda:0', grad_fn=<AddBackward0>), 'total': 0, 'prediction': tensor(0.1946, device='cuda:0', grad_fn=<MulBackward0>), 'true_values': tensor(0.1108, device='cuda:0', grad_fn=<MulBackward0>)}
Losses: {'total_vae': tensor(0.3347, device='cuda:0', grad_fn=<AddBackward0>), 'total': 0, 'prediction': tensor(0.2071, device='cuda:0', grad_fn=<MulBackward0>), 'true_values': tensor(0.1277, device='cuda:0', grad_fn=<MulBackward0>)}
[10:11285]  loss_total_vae=0.260  loss_total=0.000  loss_prediction=0.126  loss_true_values=0.134  loss_total_vae_epoch=0.341  
Losses: {'total_vae': tensor(0.3187, device='cuda:0', grad_fn=<AddBackward0>), 'total': 0, 'prediction': tensor(0.1712, device='cuda:0', grad_fn=<MulBackward0>), 'true_values': tensor(0.1475, device='cuda:0', grad_fn=<MulBackward0>)}
Done testing
Done testing
Saved test_metrics
Losses: {'total_vae': tensor(0.2489, device='cuda:0', grad_fn=<AddBackward0>), 'total': 0, 'prediction': tensor(0.1454, device='cuda:0', grad_fn=<MulBackward0>), 'true_values': tensor(0.1036, device='cuda:0', grad_fn=<MulBackward0>)}
Losses: {'total_vae': tensor(0.2629, device='cuda:0', grad_fn=<AddBackward0>), 'total': 0, 'prediction': tensor(0.1404, device='cuda:0', grad_fn=<MulBackward0>), 'true_values': tensor(0.1225, device='cuda:0', grad_fn=<MulBackward0>)}
[11:12311]  loss_total_vae=0.366  loss_total=0.000  loss_prediction=0.238  loss_true_values=0.128  loss_total_vae_epoch=0.263  
Losses: {'total_vae': tensor(0.2145, device='cuda:0', grad_fn=<AddBackward0>), 'total': 0, 'prediction': tensor(0.1109, device='cuda:0', grad_fn=<MulBackward0>), 'true_values': tensor(0.1036, device='cuda:0', grad_fn=<MulBackward0>)}
Losses: {'total_vae': tensor(0.2153, device='cuda:0', grad_fn=<AddBackward0>), 'total': 0, 'prediction': tensor(0.0877, device='cuda:0', grad_fn=<MulBackward0>), 'true_values': tensor(0.1275, device='cuda:0', grad_fn=<MulBackward0>)}
Done testing
Now val counter at: 1
Latent 0.12021100254562812   0.13369262093289433
BCE 0.42672402139117077 0.41765743296159313
Done testing
Saved test_metrics
Losses: {'total_vae': tensor(0.2103, device='cuda:0', grad_fn=<AddBackward0>), 'total': 0, 'prediction': tensor(0.1174, device='cuda:0', grad_fn=<MulBackward0>), 'true_values': tensor(0.0929, device='cuda:0', grad_fn=<MulBackward0>)}
Losses: {'total_vae': tensor(0.1376, device='cuda:0', grad_fn=<AddBackward0>), 'total': 0, 'prediction': tensor(0.0699, device='cuda:0', grad_fn=<MulBackward0>), 'true_values': tensor(0.0678, device='cuda:0', grad_fn=<MulBackward0>)}
Losses: {'total_vae': tensor(0.1524, device='cuda:0', grad_fn=<AddBackward0>), 'total': 0, 'prediction': tensor(0.0528, device='cuda:0', grad_fn=<MulBackward0>), 'true_values': tensor(0.0996, device='cuda:0', grad_fn=<MulBackward0>)}
Losses: {'total_vae': tensor(0.1321, device='cuda:0', grad_fn=<AddBackward0>), 'total': 0, 'prediction': tensor(0.0631, device='cuda:0', grad_fn=<MulBackward0>), 'true_values': tensor(0.0690, device='cuda:0', grad_fn=<MulBackward0>)}
Losses: {'total_vae': tensor(0.1734, device='cuda:0', grad_fn=<AddBackward0>), 'total': 0, 'prediction': tensor(0.0853, device='cuda:0', grad_fn=<MulBackward0>), 'true_values': tensor(0.0881, device='cuda:0', grad_fn=<MulBackward0>)}
Done testing
Now val counter at: 2
Latent 0.12740470917244268   0.12384210793468042
BCE 0.47695838993157796 0.4022610681005287
Done testing
Saved test_metrics
Losses: {'total_vae': tensor(0.1063, device='cuda:0', grad_fn=<AddBackward0>), 'total': 0, 'prediction': tensor(0.0498, device='cuda:0', grad_fn=<MulBackward0>), 'true_values': tensor(0.0565, device='cuda:0', grad_fn=<MulBackward0>)}
Losses: {'total_vae': tensor(0.0907, device='cuda:0', grad_fn=<AddBackward0>), 'total': 0, 'prediction': tensor(0.0412, device='cuda:0', grad_fn=<MulBackward0>), 'true_values': tensor(0.0496, device='cuda:0', grad_fn=<MulBackward0>)}
Losses: {'total_vae': tensor(0.0715, device='cuda:0', grad_fn=<AddBackward0>), 'total': 0, 'prediction': tensor(0.0147, device='cuda:0', grad_fn=<MulBackward0>), 'true_values': tensor(0.0568, device='cuda:0', grad_fn=<MulBackward0>)}
Losses: {'total_vae': tensor(0.0699, device='cuda:0', grad_fn=<AddBackward0>), 'total': 0, 'prediction': tensor(0.0126, device='cuda:0', grad_fn=<MulBackward0>), 'true_values': tensor(0.0574, device='cuda:0', grad_fn=<MulBackward0>)}
Done testing
Now val counter at: 3
Latent 0.13369184199387465   0.12280686082555674
BCE 0.527961068279375 0.4134662977563656
Done testing
Saved test_metrics
Losses: {'total_vae': tensor(0.0620, device='cuda:0', grad_fn=<AddBackward0>), 'total': 0, 'prediction': tensor(0.0246, device='cuda:0', grad_fn=<MulBackward0>), 'true_values': tensor(0.0373, device='cuda:0', grad_fn=<MulBackward0>)}
Losses: {'total_vae': tensor(0.0329, device='cuda:0', grad_fn=<AddBackward0>), 'total': 0, 'prediction': tensor(0.0072, device='cuda:0', grad_fn=<MulBackward0>), 'true_values': tensor(0.0257, device='cuda:0', grad_fn=<MulBackward0>)}
Losses: {'total_vae': tensor(0.0300, device='cuda:0', grad_fn=<AddBackward0>), 'total': 0, 'prediction': tensor(0.0045, device='cuda:0', grad_fn=<MulBackward0>), 'true_values': tensor(0.0255, device='cuda:0', grad_fn=<MulBackward0>)}
Losses: {'total_vae': tensor(0.0714, device='cuda:0', grad_fn=<AddBackward0>), 'total': 0, 'prediction': tensor(0.0117, device='cuda:0', grad_fn=<MulBackward0>), 'true_values': tensor(0.0597, device='cuda:0', grad_fn=<MulBackward0>)}
Losses: {'total_vae': tensor(0.0784, device='cuda:0', grad_fn=<AddBackward0>), 'total': 0, 'prediction': tensor(0.0425, device='cuda:0', grad_fn=<MulBackward0>), 'true_values': tensor(0.0359, device='cuda:0', grad_fn=<MulBackward0>)}
Done testing
Now val counter at: 4
Latent 0.13968550213953343   0.12300320845955433
BCE 0.5733185489245547 0.43881239881360434
Done testing
Saved test_metrics
Losses: {'total_vae': tensor(0.0583, device='cuda:0', grad_fn=<AddBackward0>), 'total': 0, 'prediction': tensor(0.0153, device='cuda:0', grad_fn=<MulBackward0>), 'true_values': tensor(0.0429, device='cuda:0', grad_fn=<MulBackward0>)}
Losses: {'total_vae': tensor(0.0243, device='cuda:0', grad_fn=<AddBackward0>), 'total': 0, 'prediction': tensor(0.0045, device='cuda:0', grad_fn=<MulBackward0>), 'true_values': tensor(0.0198, device='cuda:0', grad_fn=<MulBackward0>)}
Losses: {'total_vae': tensor(0.0269, device='cuda:0', grad_fn=<AddBackward0>), 'total': 0, 'prediction': tensor(0.0044, device='cuda:0', grad_fn=<MulBackward0>), 'true_values': tensor(0.0225, device='cuda:0', grad_fn=<MulBackward0>)}
Losses: {'total_vae': tensor(0.0628, device='cuda:0', grad_fn=<AddBackward0>), 'total': 0, 'prediction': tensor(0.0243, device='cuda:0', grad_fn=<MulBackward0>), 'true_values': tensor(0.0385, device='cuda:0', grad_fn=<MulBackward0>)}
Done testing
Now val counter at: 5
Latent 0.14673344415377795   0.12710251790398183
BCE 0.6060218227709212 0.47721449320070786
Done testing
Saved test_metrics
Losses: {'total_vae': tensor(0.0281, device='cuda:0', grad_fn=<AddBackward0>), 'total': 0, 'prediction': tensor(0.0023, device='cuda:0', grad_fn=<MulBackward0>), 'true_values': tensor(0.0257, device='cuda:0', grad_fn=<MulBackward0>)}
Losses: {'total_vae': tensor(0.0577, device='cuda:0', grad_fn=<AddBackward0>), 'total': 0, 'prediction': tensor(0.0371, device='cuda:0', grad_fn=<MulBackward0>), 'true_values': tensor(0.0206, device='cuda:0', grad_fn=<MulBackward0>)}
Losses: {'total_vae': tensor(0.0175, device='cuda:0', grad_fn=<AddBackward0>), 'total': 0, 'prediction': tensor(0.0034, device='cuda:0', grad_fn=<MulBackward0>), 'true_values': tensor(0.0141, device='cuda:0', grad_fn=<MulBackward0>)}
Losses: {'total_vae': tensor(0.0481, device='cuda:0', grad_fn=<AddBackward0>), 'total': 0, 'prediction': tensor(0.0182, device='cuda:0', grad_fn=<MulBackward0>), 'true_values': tensor(0.0299, device='cuda:0', grad_fn=<MulBackward0>)}
Losses: {'total_vae': tensor(0.0143, device='cuda:0', grad_fn=<AddBackward0>), 'total': 0, 'prediction': tensor(0.0022, device='cuda:0', grad_fn=<MulBackward0>), 'true_values': tensor(0.0121, device='cuda:0', grad_fn=<MulBackward0>)}
Losses: {'total_vae': tensor(0.0189, device='cuda:0', grad_fn=<AddBackward0>), 'total': 0, 'prediction': tensor(0.0068, device='cuda:0', grad_fn=<MulBackward0>), 'true_values': tensor(0.0120, device='cuda:0', grad_fn=<MulBackward0>)}
Done testing
Now val counter at: 6
Latent 0.1496585820748554   0.13359401776861693
BCE 0.6016195240786405 0.5260793357118358
Done testing
Saved test_metrics
Losses: {'total_vae': tensor(0.0191, device='cuda:0', grad_fn=<AddBackward0>), 'total': 0, 'prediction': tensor(0.0015, device='cuda:0', grad_fn=<MulBackward0>), 'true_values': tensor(0.0176, device='cuda:0', grad_fn=<MulBackward0>)}
Losses: {'total_vae': tensor(0.0166, device='cuda:0', grad_fn=<AddBackward0>), 'total': 0, 'prediction': tensor(0.0027, device='cuda:0', grad_fn=<MulBackward0>), 'true_values': tensor(0.0140, device='cuda:0', grad_fn=<MulBackward0>)}
Losses: {'total_vae': tensor(0.0093, device='cuda:0', grad_fn=<AddBackward0>), 'total': 0, 'prediction': tensor(0.0006, device='cuda:0', grad_fn=<MulBackward0>), 'true_values': tensor(0.0086, device='cuda:0', grad_fn=<MulBackward0>)}
Losses: {'total_vae': tensor(0.0126, device='cuda:0', grad_fn=<AddBackward0>), 'total': 0, 'prediction': tensor(0.0020, device='cuda:0', grad_fn=<MulBackward0>), 'true_values': tensor(0.0107, device='cuda:0', grad_fn=<MulBackward0>)}
Losses: {'total_vae': tensor(0.0109, device='cuda:0', grad_fn=<AddBackward0>), 'total': 0, 'prediction': tensor(0.0015, device='cuda:0', grad_fn=<MulBackward0>), 'true_values': tensor(0.0094, device='cuda:0', grad_fn=<MulBackward0>)}
Done testing
Now val counter at: 7
Latent 0.15851517118574157   0.140036929429062
BCE 0.6521211526985091 0.569100479991617
Done testing
Saved test_metrics
Losses: {'total_vae': tensor(0.0077, device='cuda:0', grad_fn=<AddBackward0>), 'total': 0, 'prediction': tensor(0.0009, device='cuda:0', grad_fn=<MulBackward0>), 'true_values': tensor(0.0068, device='cuda:0', grad_fn=<MulBackward0>)}
Losses: {'total_vae': tensor(0.0065, device='cuda:0', grad_fn=<AddBackward0>), 'total': 0, 'prediction': tensor(0.0014, device='cuda:0', grad_fn=<MulBackward0>), 'true_values': tensor(0.0051, device='cuda:0', grad_fn=<MulBackward0>)}
Losses: {'total_vae': tensor(0.0072, device='cuda:0', grad_fn=<AddBackward0>), 'total': 0, 'prediction': tensor(0.0005, device='cuda:0', grad_fn=<MulBackward0>), 'true_values': tensor(0.0066, device='cuda:0', grad_fn=<MulBackward0>)}
Losses: {'total_vae': tensor(0.0153, device='cuda:0', grad_fn=<AddBackward0>), 'total': 0, 'prediction': tensor(0.0048, device='cuda:0', grad_fn=<MulBackward0>), 'true_values': tensor(0.0105, device='cuda:0', grad_fn=<MulBackward0>)}
Done testing
Now val counter at: 8
Latent 0.16630604857109427   0.14535917612272228
BCE 0.6833542722269772 0.5936532985913722
Done testing
Saved test_metrics
Losses: {'total_vae': tensor(0.0100, device='cuda:0', grad_fn=<AddBackward0>), 'total': 0, 'prediction': tensor(0.0021, device='cuda:0', grad_fn=<MulBackward0>), 'true_values': tensor(0.0079, device='cuda:0', grad_fn=<MulBackward0>)}
Losses: {'total_vae': tensor(0.0169, device='cuda:0', grad_fn=<AddBackward0>), 'total': 0, 'prediction': tensor(0.0052, device='cuda:0', grad_fn=<MulBackward0>), 'true_values': tensor(0.0117, device='cuda:0', grad_fn=<MulBackward0>)}
Losses: {'total_vae': tensor(0.0105, device='cuda:0', grad_fn=<AddBackward0>), 'total': 0, 'prediction': tensor(0.0010, device='cuda:0', grad_fn=<MulBackward0>), 'true_values': tensor(0.0095, device='cuda:0', grad_fn=<MulBackward0>)}
Losses: {'total_vae': tensor(0.0049, device='cuda:0', grad_fn=<AddBackward0>), 'total': 0, 'prediction': tensor(0.0005, device='cuda:0', grad_fn=<MulBackward0>), 'true_values': tensor(0.0044, device='cuda:0', grad_fn=<MulBackward0>)}
Losses: {'total_vae': tensor(0.0040, device='cuda:0', grad_fn=<AddBackward0>), 'total': 0, 'prediction': tensor(0.0004, device='cuda:0', grad_fn=<MulBackward0>), 'true_values': tensor(0.0036, device='cuda:0', grad_fn=<MulBackward0>)}
Done testing
Now val counter at: 9
Latent 0.16928870673102092   0.1516357324714583
BCE 0.6725998419087108 0.6199208331826903
Done testing
Saved test_metrics
Losses: {'total_vae': tensor(0.0144, device='cuda:0', grad_fn=<AddBackward0>), 'total': 0, 'prediction': tensor(0.0005, device='cuda:0', grad_fn=<MulBackward0>), 'true_values': tensor(0.0139, device='cuda:0', grad_fn=<MulBackward0>)}
Losses: {'total_vae': tensor(0.0028, device='cuda:0', grad_fn=<AddBackward0>), 'total': 0, 'prediction': tensor(0.0003, device='cuda:0', grad_fn=<MulBackward0>), 'true_values': tensor(0.0026, device='cuda:0', grad_fn=<MulBackward0>)}
Losses: {'total_vae': tensor(0.0061, device='cuda:0', grad_fn=<AddBackward0>), 'total': 0, 'prediction': tensor(0.0006, device='cuda:0', grad_fn=<MulBackward0>), 'true_values': tensor(0.0054, device='cuda:0', grad_fn=<MulBackward0>)}
Losses: {'total_vae': tensor(0.0072, device='cuda:0', grad_fn=<AddBackward0>), 'total': 0, 'prediction': tensor(0.0007, device='cuda:0', grad_fn=<MulBackward0>), 'true_values': tensor(0.0065, device='cuda:0', grad_fn=<MulBackward0>)}
Done testing
Now val counter at: 10
Latent 0.17242822905139224   0.15815993394389707
BCE 0.6783550351373548 0.6456983163347089
Done testing
Saved test_metrics
Losses: {'total_vae': tensor(0.0052, device='cuda:0', grad_fn=<AddBackward0>), 'total': 0, 'prediction': tensor(0.0011, device='cuda:0', grad_fn=<MulBackward0>), 'true_values': tensor(0.0041, device='cuda:0', grad_fn=<MulBackward0>)}
Losses: {'total_vae': tensor(0.0070, device='cuda:0', grad_fn=<AddBackward0>), 'total': 0, 'prediction': tensor(0.0007, device='cuda:0', grad_fn=<MulBackward0>), 'true_values': tensor(0.0063, device='cuda:0', grad_fn=<MulBackward0>)}
Losses: {'total_vae': tensor(0.0037, device='cuda:0', grad_fn=<AddBackward0>), 'total': 0, 'prediction': tensor(0.0003, device='cuda:0', grad_fn=<MulBackward0>), 'true_values': tensor(0.0034, device='cuda:0', grad_fn=<MulBackward0>)}
Losses: {'total_vae': tensor(0.0026, device='cuda:0', grad_fn=<AddBackward0>), 'total': 0, 'prediction': tensor(0.0002, device='cuda:0', grad_fn=<MulBackward0>), 'true_values': tensor(0.0024, device='cuda:0', grad_fn=<MulBackward0>)}
Losses: {'total_vae': tensor(0.0036, device='cuda:0', grad_fn=<AddBackward0>), 'total': 0, 'prediction': tensor(0.0004, device='cuda:0', grad_fn=<MulBackward0>), 'true_values': tensor(0.0031, device='cuda:0', grad_fn=<MulBackward0>)}
Done testing
Now val counter at: 11
Latent 0.17918436277688035   0.1647033088292856
BCE 0.6920773227040361 0.6693584222780657
---Validation stop---
Done testing
Saved test_metrics
Losses: {'total_vae': tensor(0.0025, device='cuda:0', grad_fn=<AddBackward0>), 'total': 0, 'prediction': tensor(0.0004, device='cuda:0', grad_fn=<MulBackward0>), 'true_values': tensor(0.0021, device='cuda:0', grad_fn=<MulBackward0>)}
Losses: {'total_vae': tensor(0.0023, device='cuda:0', grad_fn=<AddBackward0>), 'total': 0, 'prediction': tensor(0.0002, device='cuda:0', grad_fn=<MulBackward0>), 'true_values': tensor(0.0022, device='cuda:0', grad_fn=<MulBackward0>)}
