0
Pre-Processing CelebA
labels (202599, 32)
All classes percentages: [0.04671790087808923, 0.20471966791543889, 0.15843612258698217, 0.05444251945962221, 0.1816395934826924, 0.05528161540777595, 0.011248821563778696, 0.0946105360835937, 0.08755225840206517, 0.1053509642199616]
Initialized GrayVAE_Join model
## Initializing Train indexes
->path chosen:: logs/celebA__GrayVAE_Join__2022_05/03-11-34
lr: 1e-07
Losses: {'total_vae': tensor(17050.1074, device='cuda:0', grad_fn=<AddBackward0>), 'recon': tensor(8495.6572, device='cuda:0', grad_fn=<MulBackward0>), 'kld': tensor(54.6701, device='cuda:0', grad_fn=<MulBackward0>), 'prediction': tensor(2399.0449, device='cuda:0', grad_fn=<MulBackward0>), 'true_values': tensor(6100.7354, device='cuda:0', grad_fn=<MulBackward0>)}
Losses: {'total_vae': tensor(17492.1309, device='cuda:0', grad_fn=<AddBackward0>), 'recon': tensor(8498.2939, device='cuda:0', grad_fn=<MulBackward0>), 'kld': tensor(55.8715, device='cuda:0', grad_fn=<MulBackward0>), 'prediction': tensor(2373.5330, device='cuda:0', grad_fn=<MulBackward0>), 'true_values': tensor(6564.4331, device='cuda:0', grad_fn=<MulBackward0>)}
Losses: {'total_vae': tensor(17487.5391, device='cuda:0', grad_fn=<AddBackward0>), 'recon': tensor(8497.9102, device='cuda:0', grad_fn=<MulBackward0>), 'kld': tensor(53.2836, device='cuda:0', grad_fn=<MulBackward0>), 'prediction': tensor(2422.7317, device='cuda:0', grad_fn=<MulBackward0>), 'true_values': tensor(6513.6147, device='cuda:0', grad_fn=<MulBackward0>)}
Losses: {'total_vae': tensor(17018.8477, device='cuda:0', grad_fn=<AddBackward0>), 'recon': tensor(8488.3643, device='cuda:0', grad_fn=<MulBackward0>), 'kld': tensor(53.4999, device='cuda:0', grad_fn=<MulBackward0>), 'prediction': tensor(2363.8303, device='cuda:0', grad_fn=<MulBackward0>), 'true_values': tensor(6113.1528, device='cuda:0', grad_fn=<MulBackward0>)}
[0:1619]  loss_total_vae=16685.711  loss_recon=8489.428  loss_kld=53.879  loss_prediction=2390.085  loss_true_values=5752.319  loss_total_vae_epoch=17379.961  
tracking changes
Saved model at epoch 1
lr: 1.6378937069540646e-07
Losses: {'total_vae': tensor(17880.4688, device='cuda:0', grad_fn=<AddBackward0>), 'recon': tensor(8497.1836, device='cuda:0', grad_fn=<MulBackward0>), 'kld': tensor(54.2370, device='cuda:0', grad_fn=<MulBackward0>), 'prediction': tensor(2439.8359, device='cuda:0', grad_fn=<MulBackward0>), 'true_values': tensor(6889.2129, device='cuda:0', grad_fn=<MulBackward0>)}
Losses: {'total_vae': tensor(17373.9355, device='cuda:0', grad_fn=<AddBackward0>), 'recon': tensor(8485.7969, device='cuda:0', grad_fn=<MulBackward0>), 'kld': tensor(52.5198, device='cuda:0', grad_fn=<MulBackward0>), 'prediction': tensor(2321.3652, device='cuda:0', grad_fn=<MulBackward0>), 'true_values': tensor(6514.2539, device='cuda:0', grad_fn=<MulBackward0>)}
Losses: {'total_vae': tensor(16595.0684, device='cuda:0', grad_fn=<AddBackward0>), 'recon': tensor(8491.0947, device='cuda:0', grad_fn=<MulBackward0>), 'kld': tensor(55.2935, device='cuda:0', grad_fn=<MulBackward0>), 'prediction': tensor(2392.9680, device='cuda:0', grad_fn=<MulBackward0>), 'true_values': tensor(5655.7124, device='cuda:0', grad_fn=<MulBackward0>)}
Losses: {'total_vae': tensor(17763.9961, device='cuda:0', grad_fn=<AddBackward0>), 'recon': tensor(8486.4414, device='cuda:0', grad_fn=<MulBackward0>), 'kld': tensor(47.8250, device='cuda:0', grad_fn=<MulBackward0>), 'prediction': tensor(2383.5957, device='cuda:0', grad_fn=<MulBackward0>), 'true_values': tensor(6846.1338, device='cuda:0', grad_fn=<MulBackward0>)}
[1:3239]  loss_total_vae=16286.839  loss_recon=8495.595  loss_kld=53.632  loss_prediction=2333.460  loss_true_values=5404.151  loss_total_vae_epoch=17097.277  
tracking changes
Saved model at epoch 2
lr: 2.6826957952797275e-07
Losses: {'total_vae': tensor(17098.8086, device='cuda:0', grad_fn=<AddBackward0>), 'recon': tensor(8493.8662, device='cuda:0', grad_fn=<MulBackward0>), 'kld': tensor(53.9523, device='cuda:0', grad_fn=<MulBackward0>), 'prediction': tensor(2345.4216, device='cuda:0', grad_fn=<MulBackward0>), 'true_values': tensor(6205.5693, device='cuda:0', grad_fn=<MulBackward0>)}
Losses: {'total_vae': tensor(16560.0625, device='cuda:0', grad_fn=<AddBackward0>), 'recon': tensor(8486.0430, device='cuda:0', grad_fn=<MulBackward0>), 'kld': tensor(48.4291, device='cuda:0', grad_fn=<MulBackward0>), 'prediction': tensor(2315.3210, device='cuda:0', grad_fn=<MulBackward0>), 'true_values': tensor(5710.2686, device='cuda:0', grad_fn=<MulBackward0>)}
Losses: {'total_vae': tensor(16853.2852, device='cuda:0', grad_fn=<AddBackward0>), 'recon': tensor(8485.1270, device='cuda:0', grad_fn=<MulBackward0>), 'kld': tensor(52.3218, device='cuda:0', grad_fn=<MulBackward0>), 'prediction': tensor(2311.4539, device='cuda:0', grad_fn=<MulBackward0>), 'true_values': tensor(6004.3828, device='cuda:0', grad_fn=<MulBackward0>)}
Losses: {'total_vae': tensor(16477.8086, device='cuda:0', grad_fn=<AddBackward0>), 'recon': tensor(8472.6377, device='cuda:0', grad_fn=<MulBackward0>), 'kld': tensor(51.7785, device='cuda:0', grad_fn=<MulBackward0>), 'prediction': tensor(2339.4602, device='cuda:0', grad_fn=<MulBackward0>), 'true_values': tensor(5613.9331, device='cuda:0', grad_fn=<MulBackward0>)}
[2:4859]  loss_total_vae=16590.586  loss_recon=8475.148  loss_kld=49.546  loss_prediction=2321.028  loss_true_values=5744.864  loss_total_vae_epoch=16721.307  
tracking changes
Saved model at epoch 3
lr: 4.393970560760786e-07
Losses: {'total_vae': tensor(16383.9375, device='cuda:0', grad_fn=<AddBackward0>), 'recon': tensor(8474.1475, device='cuda:0', grad_fn=<MulBackward0>), 'kld': tensor(50.2643, device='cuda:0', grad_fn=<MulBackward0>), 'prediction': tensor(2289.1750, device='cuda:0', grad_fn=<MulBackward0>), 'true_values': tensor(5570.3501, device='cuda:0', grad_fn=<MulBackward0>)}
Losses: {'total_vae': tensor(16416.6953, device='cuda:0', grad_fn=<AddBackward0>), 'recon': tensor(8450.9287, device='cuda:0', grad_fn=<MulBackward0>), 'kld': tensor(50.2600, device='cuda:0', grad_fn=<MulBackward0>), 'prediction': tensor(2262.7964, device='cuda:0', grad_fn=<MulBackward0>), 'true_values': tensor(5652.7114, device='cuda:0', grad_fn=<MulBackward0>)}
Losses: {'total_vae': tensor(16475.1836, device='cuda:0', grad_fn=<AddBackward0>), 'recon': tensor(8420.8213, device='cuda:0', grad_fn=<MulBackward0>), 'kld': tensor(48.0160, device='cuda:0', grad_fn=<MulBackward0>), 'prediction': tensor(2310.1814, device='cuda:0', grad_fn=<MulBackward0>), 'true_values': tensor(5696.1650, device='cuda:0', grad_fn=<MulBackward0>)}
Losses: {'total_vae': tensor(15624.2646, device='cuda:0', grad_fn=<AddBackward0>), 'recon': tensor(8383.7178, device='cuda:0', grad_fn=<MulBackward0>), 'kld': tensor(49.2054, device='cuda:0', grad_fn=<MulBackward0>), 'prediction': tensor(2271.1255, device='cuda:0', grad_fn=<MulBackward0>), 'true_values': tensor(4920.2158, device='cuda:0', grad_fn=<MulBackward0>)}
[3:6479]  loss_total_vae=15471.717  loss_recon=8400.090  loss_kld=49.399  loss_prediction=2256.866  loss_true_values=4765.361  loss_total_vae_epoch=16125.653  
tracking changes
Saved model at epoch 4
lr: 7.196856730011514e-07
Losses: {'total_vae': tensor(16148.9648, device='cuda:0', grad_fn=<AddBackward0>), 'recon': tensor(8404.3965, device='cuda:0', grad_fn=<MulBackward0>), 'kld': tensor(48.6703, device='cuda:0', grad_fn=<MulBackward0>), 'prediction': tensor(2262.3225, device='cuda:0', grad_fn=<MulBackward0>), 'true_values': tensor(5433.5762, device='cuda:0', grad_fn=<MulBackward0>)}
Losses: {'total_vae': tensor(14777.8721, device='cuda:0', grad_fn=<AddBackward0>), 'recon': tensor(8339.5947, device='cuda:0', grad_fn=<MulBackward0>), 'kld': tensor(49.6872, device='cuda:0', grad_fn=<MulBackward0>), 'prediction': tensor(2191.9351, device='cuda:0', grad_fn=<MulBackward0>), 'true_values': tensor(4196.6553, device='cuda:0', grad_fn=<MulBackward0>)}
Losses: {'total_vae': tensor(15119.9727, device='cuda:0', grad_fn=<AddBackward0>), 'recon': tensor(8340.9082, device='cuda:0', grad_fn=<MulBackward0>), 'kld': tensor(51.3912, device='cuda:0', grad_fn=<MulBackward0>), 'prediction': tensor(2157.8142, device='cuda:0', grad_fn=<MulBackward0>), 'true_values': tensor(4569.8579, device='cuda:0', grad_fn=<MulBackward0>)}
Losses: {'total_vae': tensor(14784.6543, device='cuda:0', grad_fn=<AddBackward0>), 'recon': tensor(8268.2832, device='cuda:0', grad_fn=<MulBackward0>), 'kld': tensor(54.2372, device='cuda:0', grad_fn=<MulBackward0>), 'prediction': tensor(2186.1421, device='cuda:0', grad_fn=<MulBackward0>), 'true_values': tensor(4275.9927, device='cuda:0', grad_fn=<MulBackward0>)}
[4:8099]  loss_total_vae=14599.455  loss_recon=8355.053  loss_kld=54.215  loss_prediction=2259.265  loss_true_values=3930.923  loss_total_vae_epoch=15297.822  
tracking changes
Saved model at epoch 5
lr: 1.1787686347935866e-06
Losses: {'total_vae': tensor(14961.1152, device='cuda:0', grad_fn=<AddBackward0>), 'recon': tensor(8290.5771, device='cuda:0', grad_fn=<MulBackward0>), 'kld': tensor(54.3271, device='cuda:0', grad_fn=<MulBackward0>), 'prediction': tensor(2202.9470, device='cuda:0', grad_fn=<MulBackward0>), 'true_values': tensor(4413.2637, device='cuda:0', grad_fn=<MulBackward0>)}
Losses: {'total_vae': tensor(13916.6230, device='cuda:0', grad_fn=<AddBackward0>), 'recon': tensor(8146.7515, device='cuda:0', grad_fn=<MulBackward0>), 'kld': tensor(60.2482, device='cuda:0', grad_fn=<MulBackward0>), 'prediction': tensor(2149.6594, device='cuda:0', grad_fn=<MulBackward0>), 'true_values': tensor(3559.9634, device='cuda:0', grad_fn=<MulBackward0>)}
Losses: {'total_vae': tensor(14230.8896, device='cuda:0', grad_fn=<AddBackward0>), 'recon': tensor(8143.7925, device='cuda:0', grad_fn=<MulBackward0>), 'kld': tensor(67.1718, device='cuda:0', grad_fn=<MulBackward0>), 'prediction': tensor(2187.5537, device='cuda:0', grad_fn=<MulBackward0>), 'true_values': tensor(3832.3723, device='cuda:0', grad_fn=<MulBackward0>)}
Losses: {'total_vae': tensor(13627.9141, device='cuda:0', grad_fn=<AddBackward0>), 'recon': tensor(7930.9834, device='cuda:0', grad_fn=<MulBackward0>), 'kld': tensor(72.0336, device='cuda:0', grad_fn=<MulBackward0>), 'prediction': tensor(2054.1079, device='cuda:0', grad_fn=<MulBackward0>), 'true_values': tensor(3570.7893, device='cuda:0', grad_fn=<MulBackward0>)}
[5:9719]  loss_total_vae=13894.465  loss_recon=8103.043  loss_kld=73.365  loss_prediction=2012.479  loss_true_values=3705.578  loss_total_vae_epoch=14259.277  
tracking changes
Saved model at epoch 6
lr: 1.9306977288832498e-06
Losses: {'total_vae': tensor(13821.0625, device='cuda:0', grad_fn=<AddBackward0>), 'recon': tensor(8079.4336, device='cuda:0', grad_fn=<MulBackward0>), 'kld': tensor(74.0974, device='cuda:0', grad_fn=<MulBackward0>), 'prediction': tensor(2108.1360, device='cuda:0', grad_fn=<MulBackward0>), 'true_values': tensor(3559.3955, device='cuda:0', grad_fn=<MulBackward0>)}
Losses: {'total_vae': tensor(13478.8750, device='cuda:0', grad_fn=<AddBackward0>), 'recon': tensor(8049.6699, device='cuda:0', grad_fn=<MulBackward0>), 'kld': tensor(89.2506, device='cuda:0', grad_fn=<MulBackward0>), 'prediction': tensor(2087.0933, device='cuda:0', grad_fn=<MulBackward0>), 'true_values': tensor(3252.8618, device='cuda:0', grad_fn=<MulBackward0>)}
Losses: {'total_vae': tensor(13307.5215, device='cuda:0', grad_fn=<AddBackward0>), 'recon': tensor(7898.7354, device='cuda:0', grad_fn=<MulBackward0>), 'kld': tensor(100.4103, device='cuda:0', grad_fn=<MulBackward0>), 'prediction': tensor(2055.7869, device='cuda:0', grad_fn=<MulBackward0>), 'true_values': tensor(3252.5884, device='cuda:0', grad_fn=<MulBackward0>)}
Losses: {'total_vae': tensor(12851.0469, device='cuda:0', grad_fn=<AddBackward0>), 'recon': tensor(7772.3530, device='cuda:0', grad_fn=<MulBackward0>), 'kld': tensor(107.2189, device='cuda:0', grad_fn=<MulBackward0>), 'prediction': tensor(1978.8806, device='cuda:0', grad_fn=<MulBackward0>), 'true_values': tensor(2992.5945, device='cuda:0', grad_fn=<MulBackward0>)}
[6:11339]  loss_total_vae=12518.022  loss_recon=7726.607  loss_kld=112.878  loss_prediction=1971.113  loss_true_values=2707.424  loss_total_vae_epoch=13126.078  
tracking changes
Saved model at epoch 7
lr: 3.162277660168379e-06
Losses: {'total_vae': tensor(12731.6602, device='cuda:0', grad_fn=<AddBackward0>), 'recon': tensor(7818.9224, device='cuda:0', grad_fn=<MulBackward0>), 'kld': tensor(116.0443, device='cuda:0', grad_fn=<MulBackward0>), 'prediction': tensor(1953.0864, device='cuda:0', grad_fn=<MulBackward0>), 'true_values': tensor(2843.6074, device='cuda:0', grad_fn=<MulBackward0>)}
Losses: {'total_vae': tensor(12170.3896, device='cuda:0', grad_fn=<AddBackward0>), 'recon': tensor(7472.8311, device='cuda:0', grad_fn=<MulBackward0>), 'kld': tensor(132.4898, device='cuda:0', grad_fn=<MulBackward0>), 'prediction': tensor(1917.5480, device='cuda:0', grad_fn=<MulBackward0>), 'true_values': tensor(2647.5205, device='cuda:0', grad_fn=<MulBackward0>)}
Losses: {'total_vae': tensor(11689.6436, device='cuda:0', grad_fn=<AddBackward0>), 'recon': tensor(7488.5078, device='cuda:0', grad_fn=<MulBackward0>), 'kld': tensor(148.9924, device='cuda:0', grad_fn=<MulBackward0>), 'prediction': tensor(1930.8236, device='cuda:0', grad_fn=<MulBackward0>), 'true_values': tensor(2121.3206, device='cuda:0', grad_fn=<MulBackward0>)}
Losses: {'total_vae': tensor(11486.4785, device='cuda:0', grad_fn=<AddBackward0>), 'recon': tensor(7278.5718, device='cuda:0', grad_fn=<MulBackward0>), 'kld': tensor(165.3342, device='cuda:0', grad_fn=<MulBackward0>), 'prediction': tensor(1786.7073, device='cuda:0', grad_fn=<MulBackward0>), 'true_values': tensor(2255.8647, device='cuda:0', grad_fn=<MulBackward0>)}
[7:12959]  loss_total_vae=11627.052  loss_recon=7388.812  loss_kld=173.114  loss_prediction=1807.688  loss_true_values=2257.437  loss_total_vae_epoch=12087.847  
tracking changes
Saved model at epoch 8
lr: 5.179474679231212e-06
Losses: {'total_vae': tensor(11283.9580, device='cuda:0', grad_fn=<AddBackward0>), 'recon': tensor(7422.2710, device='cuda:0', grad_fn=<MulBackward0>), 'kld': tensor(180.5072, device='cuda:0', grad_fn=<MulBackward0>), 'prediction': tensor(1682.4069, device='cuda:0', grad_fn=<MulBackward0>), 'true_values': tensor(1998.7728, device='cuda:0', grad_fn=<MulBackward0>)}
Losses: {'total_vae': tensor(11210.7051, device='cuda:0', grad_fn=<AddBackward0>), 'recon': tensor(7199.8071, device='cuda:0', grad_fn=<MulBackward0>), 'kld': tensor(197.3796, device='cuda:0', grad_fn=<MulBackward0>), 'prediction': tensor(1802.1351, device='cuda:0', grad_fn=<MulBackward0>), 'true_values': tensor(2011.3843, device='cuda:0', grad_fn=<MulBackward0>)}
Losses: {'total_vae': tensor(11008.4814, device='cuda:0', grad_fn=<AddBackward0>), 'recon': tensor(7115.5884, device='cuda:0', grad_fn=<MulBackward0>), 'kld': tensor(217.4796, device='cuda:0', grad_fn=<MulBackward0>), 'prediction': tensor(1729.5782, device='cuda:0', grad_fn=<MulBackward0>), 'true_values': tensor(1945.8347, device='cuda:0', grad_fn=<MulBackward0>)}
Losses: {'total_vae': tensor(11267.1064, device='cuda:0', grad_fn=<AddBackward0>), 'recon': tensor(7165.4385, device='cuda:0', grad_fn=<MulBackward0>), 'kld': tensor(234.7051, device='cuda:0', grad_fn=<MulBackward0>), 'prediction': tensor(1734.6809, device='cuda:0', grad_fn=<MulBackward0>), 'true_values': tensor(2132.2822, device='cuda:0', grad_fn=<MulBackward0>)}
[8:14579]  loss_total_vae=11199.143  loss_recon=6928.300  loss_kld=233.693  loss_prediction=1681.126  loss_true_values=2356.022  loss_total_vae_epoch=11226.037  
tracking changes
Saved model at epoch 9
lr: 8.483428982440726e-06
Losses: {'total_vae': tensor(10450.5996, device='cuda:0', grad_fn=<AddBackward0>), 'recon': tensor(7094.9048, device='cuda:0', grad_fn=<MulBackward0>), 'kld': tensor(238.6210, device='cuda:0', grad_fn=<MulBackward0>), 'prediction': tensor(1624.0094, device='cuda:0', grad_fn=<MulBackward0>), 'true_values': tensor(1493.0641, device='cuda:0', grad_fn=<MulBackward0>)}
Losses: {'total_vae': tensor(10897.2383, device='cuda:0', grad_fn=<AddBackward0>), 'recon': tensor(7181.5479, device='cuda:0', grad_fn=<MulBackward0>), 'kld': tensor(257.4984, device='cuda:0', grad_fn=<MulBackward0>), 'prediction': tensor(1506.5754, device='cuda:0', grad_fn=<MulBackward0>), 'true_values': tensor(1951.6160, device='cuda:0', grad_fn=<MulBackward0>)}
Losses: {'total_vae': tensor(10531.7920, device='cuda:0', grad_fn=<AddBackward0>), 'recon': tensor(7106.3511, device='cuda:0', grad_fn=<MulBackward0>), 'kld': tensor(265.5123, device='cuda:0', grad_fn=<MulBackward0>), 'prediction': tensor(1415.1840, device='cuda:0', grad_fn=<MulBackward0>), 'true_values': tensor(1744.7450, device='cuda:0', grad_fn=<MulBackward0>)}
Losses: {'total_vae': tensor(10536.2031, device='cuda:0', grad_fn=<AddBackward0>), 'recon': tensor(6960.6753, device='cuda:0', grad_fn=<MulBackward0>), 'kld': tensor(284.1684, device='cuda:0', grad_fn=<MulBackward0>), 'prediction': tensor(1404.6266, device='cuda:0', grad_fn=<MulBackward0>), 'true_values': tensor(1886.7323, device='cuda:0', grad_fn=<MulBackward0>)}
[9:16199]  loss_total_vae=10316.470  loss_recon=6822.120  loss_kld=297.919  loss_prediction=1437.328  loss_true_values=1759.102  loss_total_vae_epoch=10659.319  
tracking changes
Saved model at epoch 10
lr: 1.3894954943731361e-05
Losses: {'total_vae': tensor(10507.3945, device='cuda:0', grad_fn=<AddBackward0>), 'recon': tensor(6895.9980, device='cuda:0', grad_fn=<MulBackward0>), 'kld': tensor(269.8288, device='cuda:0', grad_fn=<MulBackward0>), 'prediction': tensor(1500.9781, device='cuda:0', grad_fn=<MulBackward0>), 'true_values': tensor(1840.5900, device='cuda:0', grad_fn=<MulBackward0>)}
Losses: {'total_vae': tensor(10089.0596, device='cuda:0', grad_fn=<AddBackward0>), 'recon': tensor(6884.7588, device='cuda:0', grad_fn=<MulBackward0>), 'kld': tensor(294.3253, device='cuda:0', grad_fn=<MulBackward0>), 'prediction': tensor(1402.9709, device='cuda:0', grad_fn=<MulBackward0>), 'true_values': tensor(1507.0049, device='cuda:0', grad_fn=<MulBackward0>)}
Losses: {'total_vae': tensor(10435.8535, device='cuda:0', grad_fn=<AddBackward0>), 'recon': tensor(6867.8042, device='cuda:0', grad_fn=<MulBackward0>), 'kld': tensor(295.9938, device='cuda:0', grad_fn=<MulBackward0>), 'prediction': tensor(1308.7799, device='cuda:0', grad_fn=<MulBackward0>), 'true_values': tensor(1963.2758, device='cuda:0', grad_fn=<MulBackward0>)}
Losses: {'total_vae': tensor(9769.5244, device='cuda:0', grad_fn=<AddBackward0>), 'recon': tensor(6743.2480, device='cuda:0', grad_fn=<MulBackward0>), 'kld': tensor(310.3250, device='cuda:0', grad_fn=<MulBackward0>), 'prediction': tensor(1277.9192, device='cuda:0', grad_fn=<MulBackward0>), 'true_values': tensor(1438.0326, device='cuda:0', grad_fn=<MulBackward0>)}
[10:17819]  loss_total_vae=10030.560  loss_recon=6909.025  loss_kld=317.048  loss_prediction=1294.714  loss_true_values=1509.772  loss_total_vae_epoch=10215.742  
tracking changes
Saved model at epoch 11
lr: 2.275845926074791e-05
Losses: {'total_vae': tensor(9905.2480, device='cuda:0', grad_fn=<AddBackward0>), 'recon': tensor(6856.6226, device='cuda:0', grad_fn=<MulBackward0>), 'kld': tensor(314.2165, device='cuda:0', grad_fn=<MulBackward0>), 'prediction': tensor(1335.4132, device='cuda:0', grad_fn=<MulBackward0>), 'true_values': tensor(1398.9963, device='cuda:0', grad_fn=<MulBackward0>)}
Losses: {'total_vae': tensor(9772.8584, device='cuda:0', grad_fn=<AddBackward0>), 'recon': tensor(6804.8911, device='cuda:0', grad_fn=<MulBackward0>), 'kld': tensor(318.1826, device='cuda:0', grad_fn=<MulBackward0>), 'prediction': tensor(1155.2190, device='cuda:0', grad_fn=<MulBackward0>), 'true_values': tensor(1494.5658, device='cuda:0', grad_fn=<MulBackward0>)}
Losses: {'total_vae': tensor(9676.0957, device='cuda:0', grad_fn=<AddBackward0>), 'recon': tensor(6951.9224, device='cuda:0', grad_fn=<MulBackward0>), 'kld': tensor(298.1420, device='cuda:0', grad_fn=<MulBackward0>), 'prediction': tensor(1154.9620, device='cuda:0', grad_fn=<MulBackward0>), 'true_values': tensor(1271.0697, device='cuda:0', grad_fn=<MulBackward0>)}
Losses: {'total_vae': tensor(10017.1152, device='cuda:0', grad_fn=<AddBackward0>), 'recon': tensor(6834.9551, device='cuda:0', grad_fn=<MulBackward0>), 'kld': tensor(323.1976, device='cuda:0', grad_fn=<MulBackward0>), 'prediction': tensor(1294.4564, device='cuda:0', grad_fn=<MulBackward0>), 'true_values': tensor(1564.5063, device='cuda:0', grad_fn=<MulBackward0>)}
[11:19439]  loss_total_vae=9895.699  loss_recon=6787.894  loss_kld=330.150  loss_prediction=1216.146  loss_true_values=1561.510  loss_total_vae_epoch=9819.976  
tracking changes
Saved model at epoch 12
lr: 3.727593720314938e-05
Losses: {'total_vae': tensor(9165.1094, device='cuda:0', grad_fn=<AddBackward0>), 'recon': tensor(6731.1621, device='cuda:0', grad_fn=<MulBackward0>), 'kld': tensor(326.0396, device='cuda:0', grad_fn=<MulBackward0>), 'prediction': tensor(1103.4115, device='cuda:0', grad_fn=<MulBackward0>), 'true_values': tensor(1004.4956, device='cuda:0', grad_fn=<MulBackward0>)}
Losses: {'total_vae': tensor(9636.1221, device='cuda:0', grad_fn=<AddBackward0>), 'recon': tensor(6862.8101, device='cuda:0', grad_fn=<MulBackward0>), 'kld': tensor(311.7639, device='cuda:0', grad_fn=<MulBackward0>), 'prediction': tensor(1231.8459, device='cuda:0', grad_fn=<MulBackward0>), 'true_values': tensor(1229.7018, device='cuda:0', grad_fn=<MulBackward0>)}
Losses: {'total_vae': tensor(9646.8467, device='cuda:0', grad_fn=<AddBackward0>), 'recon': tensor(6615.7051, device='cuda:0', grad_fn=<MulBackward0>), 'kld': tensor(320.5729, device='cuda:0', grad_fn=<MulBackward0>), 'prediction': tensor(1160.0901, device='cuda:0', grad_fn=<MulBackward0>), 'true_values': tensor(1550.4788, device='cuda:0', grad_fn=<MulBackward0>)}
Losses: {'total_vae': tensor(9187.4004, device='cuda:0', grad_fn=<AddBackward0>), 'recon': tensor(6692.7080, device='cuda:0', grad_fn=<MulBackward0>), 'kld': tensor(331.4486, device='cuda:0', grad_fn=<MulBackward0>), 'prediction': tensor(1061.9912, device='cuda:0', grad_fn=<MulBackward0>), 'true_values': tensor(1101.2521, device='cuda:0', grad_fn=<MulBackward0>)}
[12:21059]  loss_total_vae=9877.905  loss_recon=6663.657  loss_kld=327.125  loss_prediction=1285.601  loss_true_values=1601.523  loss_total_vae_epoch=9483.556  
tracking changes
Saved model at epoch 13
lr: 6.105402296585326e-05
Losses: {'total_vae': tensor(9316.8945, device='cuda:0', grad_fn=<AddBackward0>), 'recon': tensor(6867.6738, device='cuda:0', grad_fn=<MulBackward0>), 'kld': tensor(327.3283, device='cuda:0', grad_fn=<MulBackward0>), 'prediction': tensor(1146.7699, device='cuda:0', grad_fn=<MulBackward0>), 'true_values': tensor(975.1231, device='cuda:0', grad_fn=<MulBackward0>)}
Losses: {'total_vae': tensor(9130.8496, device='cuda:0', grad_fn=<AddBackward0>), 'recon': tensor(6817.3105, device='cuda:0', grad_fn=<MulBackward0>), 'kld': tensor(329.1723, device='cuda:0', grad_fn=<MulBackward0>), 'prediction': tensor(993.6052, device='cuda:0', grad_fn=<MulBackward0>), 'true_values': tensor(990.7616, device='cuda:0', grad_fn=<MulBackward0>)}
Losses: {'total_vae': tensor(8907.2539, device='cuda:0', grad_fn=<AddBackward0>), 'recon': tensor(6737.2578, device='cuda:0', grad_fn=<MulBackward0>), 'kld': tensor(348.4675, device='cuda:0', grad_fn=<MulBackward0>), 'prediction': tensor(854.3723, device='cuda:0', grad_fn=<MulBackward0>), 'true_values': tensor(967.1563, device='cuda:0', grad_fn=<MulBackward0>)}
Losses: {'total_vae': tensor(9942.0430, device='cuda:0', grad_fn=<AddBackward0>), 'recon': tensor(6853.0645, device='cuda:0', grad_fn=<MulBackward0>), 'kld': tensor(321.2463, device='cuda:0', grad_fn=<MulBackward0>), 'prediction': tensor(1068.4911, device='cuda:0', grad_fn=<MulBackward0>), 'true_values': tensor(1699.2412, device='cuda:0', grad_fn=<MulBackward0>)}
[13:22679]  loss_total_vae=9563.913  loss_recon=6619.295  loss_kld=328.603  loss_prediction=1157.455  loss_true_values=1458.559  loss_total_vae_epoch=9263.868  
tracking changes
Saved model at epoch 14
lr: 0.0001
Losses: {'total_vae': tensor(9120.6709, device='cuda:0', grad_fn=<AddBackward0>), 'recon': tensor(6906.7871, device='cuda:0', grad_fn=<MulBackward0>), 'kld': tensor(342.1479, device='cuda:0', grad_fn=<MulBackward0>), 'prediction': tensor(985.8007, device='cuda:0', grad_fn=<MulBackward0>), 'true_values': tensor(885.9355, device='cuda:0', grad_fn=<MulBackward0>)}
Losses: {'total_vae': tensor(9268.8047, device='cuda:0', grad_fn=<AddBackward0>), 'recon': tensor(6760.8179, device='cuda:0', grad_fn=<MulBackward0>), 'kld': tensor(350.6642, device='cuda:0', grad_fn=<MulBackward0>), 'prediction': tensor(1044.8951, device='cuda:0', grad_fn=<MulBackward0>), 'true_values': tensor(1112.4281, device='cuda:0', grad_fn=<MulBackward0>)}
Losses: {'total_vae': tensor(8931.4414, device='cuda:0', grad_fn=<AddBackward0>), 'recon': tensor(6548.4785, device='cuda:0', grad_fn=<MulBackward0>), 'kld': tensor(336.9872, device='cuda:0', grad_fn=<MulBackward0>), 'prediction': tensor(878.6804, device='cuda:0', grad_fn=<MulBackward0>), 'true_values': tensor(1167.2952, device='cuda:0', grad_fn=<MulBackward0>)}
Losses: {'total_vae': tensor(9349.2695, device='cuda:0', grad_fn=<AddBackward0>), 'recon': tensor(6593.1987, device='cuda:0', grad_fn=<MulBackward0>), 'kld': tensor(332.5534, device='cuda:0', grad_fn=<MulBackward0>), 'prediction': tensor(1019.3956, device='cuda:0', grad_fn=<MulBackward0>), 'true_values': tensor(1404.1216, device='cuda:0', grad_fn=<MulBackward0>)}
[14:24299]  loss_total_vae=8910.480  loss_recon=6634.961  loss_kld=343.452  loss_prediction=938.575  loss_true_values=993.493  loss_total_vae_epoch=9155.996  
tracking changes
Saved model at epoch 15
lr: 9e-05
Losses: {'total_vae': tensor(8878.6221, device='cuda:0', grad_fn=<AddBackward0>), 'recon': tensor(6800.6968, device='cuda:0', grad_fn=<MulBackward0>), 'kld': tensor(331.8263, device='cuda:0', grad_fn=<MulBackward0>), 'prediction': tensor(978.9815, device='cuda:0', grad_fn=<MulBackward0>), 'true_values': tensor(767.1177, device='cuda:0', grad_fn=<MulBackward0>)}
Losses: {'total_vae': tensor(8641.0820, device='cuda:0', grad_fn=<AddBackward0>), 'recon': tensor(6758.3486, device='cuda:0', grad_fn=<MulBackward0>), 'kld': tensor(341.0812, device='cuda:0', grad_fn=<MulBackward0>), 'prediction': tensor(855.0980, device='cuda:0', grad_fn=<MulBackward0>), 'true_values': tensor(686.5540, device='cuda:0', grad_fn=<MulBackward0>)}
Losses: {'total_vae': tensor(8695.3154, device='cuda:0', grad_fn=<AddBackward0>), 'recon': tensor(6655.0771, device='cuda:0', grad_fn=<MulBackward0>), 'kld': tensor(345.1565, device='cuda:0', grad_fn=<MulBackward0>), 'prediction': tensor(949.2536, device='cuda:0', grad_fn=<MulBackward0>), 'true_values': tensor(745.8279, device='cuda:0', grad_fn=<MulBackward0>)}
Losses: {'total_vae': tensor(8722.0977, device='cuda:0', grad_fn=<AddBackward0>), 'recon': tensor(6587.7749, device='cuda:0', grad_fn=<MulBackward0>), 'kld': tensor(335.5370, device='cuda:0', grad_fn=<MulBackward0>), 'prediction': tensor(974.7070, device='cuda:0', grad_fn=<MulBackward0>), 'true_values': tensor(824.0791, device='cuda:0', grad_fn=<MulBackward0>)}
[15:25919]  loss_total_vae=8946.109  loss_recon=6665.478  loss_kld=346.391  loss_prediction=879.623  loss_true_values=1054.618  loss_total_vae_epoch=8647.015  
tracking changes
Validation stop evaluation
25919 15
    epoch          rec         kld    latent       bce       acc
0     1.0  8493.470461   53.035360  0.905955  2.375917  0.819546
1     2.0  8490.190464   51.062728  0.864364  2.356278  0.819930
2     3.0  8472.716151   49.859512  0.807273  2.321783  0.820631
3     4.0  8393.062401   49.058481  0.725508  2.266330  0.821860
4     5.0  8288.155835   54.781425  0.621869  2.191572  0.823733
5     6.0  8045.717952   75.538331  0.508491  2.090444  0.826679
6     7.0  7779.075808  113.125390  0.408506  1.963790  0.830921
7     8.0  7361.922163  172.371663  0.342034  1.800428  0.837397
8     9.0  7081.577593  237.446293  0.304847  1.623337  0.845655
9    10.0  6959.543765  282.530994  0.285553  1.448715  0.855497
10   11.0  6871.398125  306.133154  0.276094  1.307404  0.865285
11   12.0  6804.358277  326.700149  0.274707  1.195444  0.875248
12   13.0  6733.631055  333.479173  0.278584  1.115314  0.882522
13   14.0  6676.531185  329.948928  0.283040  1.081178  0.887353
14   15.0  6651.252308  335.485294  0.285374  1.057807  0.893386
15   16.0  6595.677751  347.194492  0.297547  1.062232  0.894779
Now val counter at: 1
Latent 0.2975467608706786   0.278776778713508
BCE 1.0622315932028363 1.130645353506894
lr: 8.1e-05
Losses: {'total_vae': tensor(8443.1406, device='cuda:0', grad_fn=<AddBackward0>), 'recon': tensor(6666.4321, device='cuda:0', grad_fn=<MulBackward0>), 'kld': tensor(358.0021, device='cuda:0', grad_fn=<MulBackward0>), 'prediction': tensor(761.7034, device='cuda:0', grad_fn=<MulBackward0>), 'true_values': tensor(657.0030, device='cuda:0', grad_fn=<MulBackward0>)}
Losses: {'total_vae': tensor(7917.6592, device='cuda:0', grad_fn=<AddBackward0>), 'recon': tensor(6436.8110, device='cuda:0', grad_fn=<MulBackward0>), 'kld': tensor(345.2509, device='cuda:0', grad_fn=<MulBackward0>), 'prediction': tensor(682.0095, device='cuda:0', grad_fn=<MulBackward0>), 'true_values': tensor(453.5878, device='cuda:0', grad_fn=<MulBackward0>)}
Losses: {'total_vae': tensor(8419.2510, device='cuda:0', grad_fn=<AddBackward0>), 'recon': tensor(6742.1519, device='cuda:0', grad_fn=<MulBackward0>), 'kld': tensor(346.9879, device='cuda:0', grad_fn=<MulBackward0>), 'prediction': tensor(769.3632, device='cuda:0', grad_fn=<MulBackward0>), 'true_values': tensor(560.7481, device='cuda:0', grad_fn=<MulBackward0>)}
Losses: {'total_vae': tensor(8390.8320, device='cuda:0', grad_fn=<AddBackward0>), 'recon': tensor(6532.0781, device='cuda:0', grad_fn=<MulBackward0>), 'kld': tensor(350.4397, device='cuda:0', grad_fn=<MulBackward0>), 'prediction': tensor(927.7033, device='cuda:0', grad_fn=<MulBackward0>), 'true_values': tensor(580.6110, device='cuda:0', grad_fn=<MulBackward0>)}
tracking changes
Validation stop evaluation
27539 16
    epoch          rec         kld    latent       bce       acc
0     1.0  8493.470461   53.035360  0.905955  2.375917  0.819546
1     2.0  8490.190464   51.062728  0.864364  2.356278  0.819930
2     3.0  8472.716151   49.859512  0.807273  2.321783  0.820631
3     4.0  8393.062401   49.058481  0.725508  2.266330  0.821860
4     5.0  8288.155835   54.781425  0.621869  2.191572  0.823733
5     6.0  8045.717952   75.538331  0.508491  2.090444  0.826679
6     7.0  7779.075808  113.125390  0.408506  1.963790  0.830921
7     8.0  7361.922163  172.371663  0.342034  1.800428  0.837397
8     9.0  7081.577593  237.446293  0.304847  1.623337  0.845655
9    10.0  6959.543765  282.530994  0.285553  1.448715  0.855497
10   11.0  6871.398125  306.133154  0.276094  1.307404  0.865285
11   12.0  6804.358277  326.700149  0.274707  1.195444  0.875248
12   13.0  6733.631055  333.479173  0.278584  1.115314  0.882522
13   14.0  6676.531185  329.948928  0.283040  1.081178  0.887353
14   15.0  6651.252308  335.485294  0.285374  1.057807  0.893386
15   16.0  6595.677751  347.194492  0.297547  1.062232  0.894779
16   17.0  6578.209307  348.568536  0.309783  1.077139  0.896373
Now val counter at: 2
Latent 0.30978274330644323   0.2823324436844379
BCE 1.077139328907032 1.0847663353181909
lr: 7.290000000000001e-05
Losses: {'total_vae': tensor(7912.4272, device='cuda:0', grad_fn=<AddBackward0>), 'recon': tensor(6511.5688, device='cuda:0', grad_fn=<MulBackward0>), 'kld': tensor(352.2012, device='cuda:0', grad_fn=<MulBackward0>), 'prediction': tensor(643.6842, device='cuda:0', grad_fn=<MulBackward0>), 'true_values': tensor(404.9731, device='cuda:0', grad_fn=<MulBackward0>)}
Losses: {'total_vae': tensor(7994.7227, device='cuda:0', grad_fn=<AddBackward0>), 'recon': tensor(6641.3037, device='cuda:0', grad_fn=<MulBackward0>), 'kld': tensor(339.1693, device='cuda:0', grad_fn=<MulBackward0>), 'prediction': tensor(696.9621, device='cuda:0', grad_fn=<MulBackward0>), 'true_values': tensor(317.2878, device='cuda:0', grad_fn=<MulBackward0>)}
Losses: {'total_vae': tensor(7925.2256, device='cuda:0', grad_fn=<AddBackward0>), 'recon': tensor(6650.7153, device='cuda:0', grad_fn=<MulBackward0>), 'kld': tensor(351.3403, device='cuda:0', grad_fn=<MulBackward0>), 'prediction': tensor(604.3004, device='cuda:0', grad_fn=<MulBackward0>), 'true_values': tensor(318.8694, device='cuda:0', grad_fn=<MulBackward0>)}
Losses: {'total_vae': tensor(8019.3389, device='cuda:0', grad_fn=<AddBackward0>), 'recon': tensor(6543.0200, device='cuda:0', grad_fn=<MulBackward0>), 'kld': tensor(361.3033, device='cuda:0', grad_fn=<MulBackward0>), 'prediction': tensor(617.8095, device='cuda:0', grad_fn=<MulBackward0>), 'true_values': tensor(497.2060, device='cuda:0', grad_fn=<MulBackward0>)}
tracking changes
Validation stop evaluation
29159 17
    epoch          rec         kld    latent       bce       acc
0     1.0  8493.470461   53.035360  0.905955  2.375917  0.819546
1     2.0  8490.190464   51.062728  0.864364  2.356278  0.819930
2     3.0  8472.716151   49.859512  0.807273  2.321783  0.820631
3     4.0  8393.062401   49.058481  0.725508  2.266330  0.821860
4     5.0  8288.155835   54.781425  0.621869  2.191572  0.823733
5     6.0  8045.717952   75.538331  0.508491  2.090444  0.826679
6     7.0  7779.075808  113.125390  0.408506  1.963790  0.830921
7     8.0  7361.922163  172.371663  0.342034  1.800428  0.837397
8     9.0  7081.577593  237.446293  0.304847  1.623337  0.845655
9    10.0  6959.543765  282.530994  0.285553  1.448715  0.855497
10   11.0  6871.398125  306.133154  0.276094  1.307404  0.865285
11   12.0  6804.358277  326.700149  0.274707  1.195444  0.875248
12   13.0  6733.631055  333.479173  0.278584  1.115314  0.882522
13   14.0  6676.531185  329.948928  0.283040  1.081178  0.887353
14   15.0  6651.252308  335.485294  0.285374  1.057807  0.893386
15   16.0  6595.677751  347.194492  0.297547  1.062232  0.894779
16   17.0  6578.209307  348.568536  0.309783  1.077139  0.896373
17   18.0  6540.825356  356.050286  0.315184  1.129537  0.900346
Now val counter at: 3
Latent 0.3151835533651975   0.2886534692233938
BCE 1.1295372613585821 1.067072222040038
lr: 6.561000000000002e-05
Losses: {'total_vae': tensor(7636.9048, device='cuda:0', grad_fn=<AddBackward0>), 'recon': tensor(6612.1553, device='cuda:0', grad_fn=<MulBackward0>), 'kld': tensor(365.1710, device='cuda:0', grad_fn=<MulBackward0>), 'prediction': tensor(476.7976, device='cuda:0', grad_fn=<MulBackward0>), 'true_values': tensor(182.7808, device='cuda:0', grad_fn=<MulBackward0>)}
Losses: {'total_vae': tensor(7604.9282, device='cuda:0', grad_fn=<AddBackward0>), 'recon': tensor(6590.5469, device='cuda:0', grad_fn=<MulBackward0>), 'kld': tensor(349.3699, device='cuda:0', grad_fn=<MulBackward0>), 'prediction': tensor(427.6075, device='cuda:0', grad_fn=<MulBackward0>), 'true_values': tensor(237.4036, device='cuda:0', grad_fn=<MulBackward0>)}
Losses: {'total_vae': tensor(7739.4683, device='cuda:0', grad_fn=<AddBackward0>), 'recon': tensor(6601.4385, device='cuda:0', grad_fn=<MulBackward0>), 'kld': tensor(351.4467, device='cuda:0', grad_fn=<MulBackward0>), 'prediction': tensor(563.7648, device='cuda:0', grad_fn=<MulBackward0>), 'true_values': tensor(222.8183, device='cuda:0', grad_fn=<MulBackward0>)}
Losses: {'total_vae': tensor(7627.1592, device='cuda:0', grad_fn=<AddBackward0>), 'recon': tensor(6424.0581, device='cuda:0', grad_fn=<MulBackward0>), 'kld': tensor(339.8982, device='cuda:0', grad_fn=<MulBackward0>), 'prediction': tensor(577.8408, device='cuda:0', grad_fn=<MulBackward0>), 'true_values': tensor(285.3618, device='cuda:0', grad_fn=<MulBackward0>)}
tracking changes
Validation stop evaluation
30779 18
    epoch          rec         kld    latent       bce       acc
0     1.0  8493.470461   53.035360  0.905955  2.375917  0.819546
1     2.0  8490.190464   51.062728  0.864364  2.356278  0.819930
2     3.0  8472.716151   49.859512  0.807273  2.321783  0.820631
3     4.0  8393.062401   49.058481  0.725508  2.266330  0.821860
4     5.0  8288.155835   54.781425  0.621869  2.191572  0.823733
5     6.0  8045.717952   75.538331  0.508491  2.090444  0.826679
6     7.0  7779.075808  113.125390  0.408506  1.963790  0.830921
7     8.0  7361.922163  172.371663  0.342034  1.800428  0.837397
8     9.0  7081.577593  237.446293  0.304847  1.623337  0.845655
9    10.0  6959.543765  282.530994  0.285553  1.448715  0.855497
10   11.0  6871.398125  306.133154  0.276094  1.307404  0.865285
11   12.0  6804.358277  326.700149  0.274707  1.195444  0.875248
12   13.0  6733.631055  333.479173  0.278584  1.115314  0.882522
13   14.0  6676.531185  329.948928  0.283040  1.081178  0.887353
14   15.0  6651.252308  335.485294  0.285374  1.057807  0.893386
15   16.0  6595.677751  347.194492  0.297547  1.062232  0.894779
16   17.0  6578.209307  348.568536  0.309783  1.077139  0.896373
17   18.0  6540.825356  356.050286  0.315184  1.129537  0.900346
18   19.0  6532.661213  344.813220  0.321485  1.169096  0.901850
Now val counter at: 4
Latent 0.32148498518042046   0.2975677003463109
BCE 1.1690956911828259 1.0657260784811706
lr: 5.904900000000002e-05
Losses: {'total_vae': tensor(7354.3125, device='cuda:0', grad_fn=<AddBackward0>), 'recon': tensor(6511.1284, device='cuda:0', grad_fn=<MulBackward0>), 'kld': tensor(366.5387, device='cuda:0', grad_fn=<MulBackward0>), 'prediction': tensor(316.9118, device='cuda:0', grad_fn=<MulBackward0>), 'true_values': tensor(159.7337, device='cuda:0', grad_fn=<MulBackward0>)}
Losses: {'total_vae': tensor(7336.5879, device='cuda:0', grad_fn=<AddBackward0>), 'recon': tensor(6612.0771, device='cuda:0', grad_fn=<MulBackward0>), 'kld': tensor(331.6068, device='cuda:0', grad_fn=<MulBackward0>), 'prediction': tensor(226.7374, device='cuda:0', grad_fn=<MulBackward0>), 'true_values': tensor(166.1664, device='cuda:0', grad_fn=<MulBackward0>)}
Losses: {'total_vae': tensor(7475.7891, device='cuda:0', grad_fn=<AddBackward0>), 'recon': tensor(6641.4111, device='cuda:0', grad_fn=<MulBackward0>), 'kld': tensor(356.9345, device='cuda:0', grad_fn=<MulBackward0>), 'prediction': tensor(322.5206, device='cuda:0', grad_fn=<MulBackward0>), 'true_values': tensor(154.9227, device='cuda:0', grad_fn=<MulBackward0>)}
Losses: {'total_vae': tensor(7307.2891, device='cuda:0', grad_fn=<AddBackward0>), 'recon': tensor(6487.7251, device='cuda:0', grad_fn=<MulBackward0>), 'kld': tensor(339.1759, device='cuda:0', grad_fn=<MulBackward0>), 'prediction': tensor(310.4234, device='cuda:0', grad_fn=<MulBackward0>), 'true_values': tensor(169.9646, device='cuda:0', grad_fn=<MulBackward0>)}
tracking changes
Validation stop evaluation
32399 19
    epoch          rec         kld    latent       bce       acc
0     1.0  8493.470461   53.035360  0.905955  2.375917  0.819546
1     2.0  8490.190464   51.062728  0.864364  2.356278  0.819930
2     3.0  8472.716151   49.859512  0.807273  2.321783  0.820631
3     4.0  8393.062401   49.058481  0.725508  2.266330  0.821860
4     5.0  8288.155835   54.781425  0.621869  2.191572  0.823733
5     6.0  8045.717952   75.538331  0.508491  2.090444  0.826679
6     7.0  7779.075808  113.125390  0.408506  1.963790  0.830921
7     8.0  7361.922163  172.371663  0.342034  1.800428  0.837397
8     9.0  7081.577593  237.446293  0.304847  1.623337  0.845655
9    10.0  6959.543765  282.530994  0.285553  1.448715  0.855497
10   11.0  6871.398125  306.133154  0.276094  1.307404  0.865285
11   12.0  6804.358277  326.700149  0.274707  1.195444  0.875248
12   13.0  6733.631055  333.479173  0.278584  1.115314  0.882522
13   14.0  6676.531185  329.948928  0.283040  1.081178  0.887353
14   15.0  6651.252308  335.485294  0.285374  1.057807  0.893386
15   16.0  6595.677751  347.194492  0.297547  1.062232  0.894779
16   17.0  6578.209307  348.568536  0.309783  1.077139  0.896373
17   18.0  6540.825356  356.050286  0.315184  1.129537  0.900346
18   19.0  6532.661213  344.813220  0.321485  1.169096  0.901850
19   20.0  6512.893048  334.343786  0.327444  1.254911  0.902861
Now val counter at: 5
Latent 0.32744443873957835   0.3075043525141064
BCE 1.2549108954349366 1.08963606115615
lr: 5.314410000000002e-05
Losses: {'total_vae': tensor(7267.9922, device='cuda:0', grad_fn=<AddBackward0>), 'recon': tensor(6522.8794, device='cuda:0', grad_fn=<MulBackward0>), 'kld': tensor(360.9969, device='cuda:0', grad_fn=<MulBackward0>), 'prediction': tensor(264.2218, device='cuda:0', grad_fn=<MulBackward0>), 'true_values': tensor(119.8940, device='cuda:0', grad_fn=<MulBackward0>)}
Losses: {'total_vae': tensor(7039.6934, device='cuda:0', grad_fn=<AddBackward0>), 'recon': tensor(6390.5186, device='cuda:0', grad_fn=<MulBackward0>), 'kld': tensor(324.4992, device='cuda:0', grad_fn=<MulBackward0>), 'prediction': tensor(199.7534, device='cuda:0', grad_fn=<MulBackward0>), 'true_values': tensor(124.9221, device='cuda:0', grad_fn=<MulBackward0>)}
Losses: {'total_vae': tensor(7282.0742, device='cuda:0', grad_fn=<AddBackward0>), 'recon': tensor(6591.9624, device='cuda:0', grad_fn=<MulBackward0>), 'kld': tensor(342.1805, device='cuda:0', grad_fn=<MulBackward0>), 'prediction': tensor(179.4039, device='cuda:0', grad_fn=<MulBackward0>), 'true_values': tensor(168.5274, device='cuda:0', grad_fn=<MulBackward0>)}
Losses: {'total_vae': tensor(7245.8540, device='cuda:0', grad_fn=<AddBackward0>), 'recon': tensor(6422.0649, device='cuda:0', grad_fn=<MulBackward0>), 'kld': tensor(344.9783, device='cuda:0', grad_fn=<MulBackward0>), 'prediction': tensor(303.8722, device='cuda:0', grad_fn=<MulBackward0>), 'true_values': tensor(174.9385, device='cuda:0', grad_fn=<MulBackward0>)}
tracking changes
Validation stop evaluation
34019 20
    epoch          rec         kld    latent       bce       acc
0     1.0  8493.470461   53.035360  0.905955  2.375917  0.819546
1     2.0  8490.190464   51.062728  0.864364  2.356278  0.819930
2     3.0  8472.716151   49.859512  0.807273  2.321783  0.820631
3     4.0  8393.062401   49.058481  0.725508  2.266330  0.821860
4     5.0  8288.155835   54.781425  0.621869  2.191572  0.823733
5     6.0  8045.717952   75.538331  0.508491  2.090444  0.826679
6     7.0  7779.075808  113.125390  0.408506  1.963790  0.830921
7     8.0  7361.922163  172.371663  0.342034  1.800428  0.837397
8     9.0  7081.577593  237.446293  0.304847  1.623337  0.845655
9    10.0  6959.543765  282.530994  0.285553  1.448715  0.855497
10   11.0  6871.398125  306.133154  0.276094  1.307404  0.865285
11   12.0  6804.358277  326.700149  0.274707  1.195444  0.875248
12   13.0  6733.631055  333.479173  0.278584  1.115314  0.882522
13   14.0  6676.531185  329.948928  0.283040  1.081178  0.887353
14   15.0  6651.252308  335.485294  0.285374  1.057807  0.893386
15   16.0  6595.677751  347.194492  0.297547  1.062232  0.894779
16   17.0  6578.209307  348.568536  0.309783  1.077139  0.896373
17   18.0  6540.825356  356.050286  0.315184  1.129537  0.900346
18   19.0  6532.661213  344.813220  0.321485  1.169096  0.901850
19   20.0  6512.893048  334.343786  0.327444  1.254911  0.902861
20   21.0  6498.355050  319.434746  0.339050  1.327717  0.904409
Now val counter at: 6
Latent 0.33905012566264314   0.3154837606173537
BCE 1.3277172670506014 1.12525742714948
lr: 4.782969000000002e-05
Losses: {'total_vae': tensor(7141.8604, device='cuda:0', grad_fn=<AddBackward0>), 'recon': tensor(6595.2773, device='cuda:0', grad_fn=<MulBackward0>), 'kld': tensor(325.6871, device='cuda:0', grad_fn=<MulBackward0>), 'prediction': tensor(134.8967, device='cuda:0', grad_fn=<MulBackward0>), 'true_values': tensor(85.9997, device='cuda:0', grad_fn=<MulBackward0>)}
Losses: {'total_vae': tensor(7075.4404, device='cuda:0', grad_fn=<AddBackward0>), 'recon': tensor(6517.5562, device='cuda:0', grad_fn=<MulBackward0>), 'kld': tensor(300.5539, device='cuda:0', grad_fn=<MulBackward0>), 'prediction': tensor(141.0051, device='cuda:0', grad_fn=<MulBackward0>), 'true_values': tensor(116.3258, device='cuda:0', grad_fn=<MulBackward0>)}
Losses: {'total_vae': tensor(6902.1079, device='cuda:0', grad_fn=<AddBackward0>), 'recon': tensor(6426.9644, device='cuda:0', grad_fn=<MulBackward0>), 'kld': tensor(304.3615, device='cuda:0', grad_fn=<MulBackward0>), 'prediction': tensor(91.1842, device='cuda:0', grad_fn=<MulBackward0>), 'true_values': tensor(79.5983, device='cuda:0', grad_fn=<MulBackward0>)}
Losses: {'total_vae': tensor(7609.5508, device='cuda:0', grad_fn=<AddBackward0>), 'recon': tensor(6396.9536, device='cuda:0', grad_fn=<MulBackward0>), 'kld': tensor(327.3328, device='cuda:0', grad_fn=<MulBackward0>), 'prediction': tensor(379.3163, device='cuda:0', grad_fn=<MulBackward0>), 'true_values': tensor(505.9477, device='cuda:0', grad_fn=<MulBackward0>)}
tracking changes
Validation stop evaluation
35639 21
    epoch          rec         kld    latent       bce       acc
0     1.0  8493.470461   53.035360  0.905955  2.375917  0.819546
1     2.0  8490.190464   51.062728  0.864364  2.356278  0.819930
2     3.0  8472.716151   49.859512  0.807273  2.321783  0.820631
3     4.0  8393.062401   49.058481  0.725508  2.266330  0.821860
4     5.0  8288.155835   54.781425  0.621869  2.191572  0.823733
5     6.0  8045.717952   75.538331  0.508491  2.090444  0.826679
6     7.0  7779.075808  113.125390  0.408506  1.963790  0.830921
7     8.0  7361.922163  172.371663  0.342034  1.800428  0.837397
8     9.0  7081.577593  237.446293  0.304847  1.623337  0.845655
9    10.0  6959.543765  282.530994  0.285553  1.448715  0.855497
10   11.0  6871.398125  306.133154  0.276094  1.307404  0.865285
11   12.0  6804.358277  326.700149  0.274707  1.195444  0.875248
12   13.0  6733.631055  333.479173  0.278584  1.115314  0.882522
13   14.0  6676.531185  329.948928  0.283040  1.081178  0.887353
14   15.0  6651.252308  335.485294  0.285374  1.057807  0.893386
15   16.0  6595.677751  347.194492  0.297547  1.062232  0.894779
16   17.0  6578.209307  348.568536  0.309783  1.077139  0.896373
17   18.0  6540.825356  356.050286  0.315184  1.129537  0.900346
18   19.0  6532.661213  344.813220  0.321485  1.169096  0.901850
19   20.0  6512.893048  334.343786  0.327444  1.254911  0.902861
20   21.0  6498.355050  319.434746  0.339050  1.327717  0.904409
21   22.0  6501.363422  315.108179  0.328693  1.319793  0.901489
Latent 0.32869345628389035   0.3213709924283987
BCE 1.3197933382327014 1.184514615992115
lr: 4.304672100000002e-05
Losses: {'total_vae': tensor(7711.8311, device='cuda:0', grad_fn=<AddBackward0>), 'recon': tensor(6533.0786, device='cuda:0', grad_fn=<MulBackward0>), 'kld': tensor(314.2710, device='cuda:0', grad_fn=<MulBackward0>), 'prediction': tensor(388.9198, device='cuda:0', grad_fn=<MulBackward0>), 'true_values': tensor(475.5615, device='cuda:0', grad_fn=<MulBackward0>)}
Losses: {'total_vae': tensor(7462.1680, device='cuda:0', grad_fn=<AddBackward0>), 'recon': tensor(6442.9341, device='cuda:0', grad_fn=<MulBackward0>), 'kld': tensor(322.2498, device='cuda:0', grad_fn=<MulBackward0>), 'prediction': tensor(342.7224, device='cuda:0', grad_fn=<MulBackward0>), 'true_values': tensor(354.2615, device='cuda:0', grad_fn=<MulBackward0>)}
Losses: {'total_vae': tensor(7413.3740, device='cuda:0', grad_fn=<AddBackward0>), 'recon': tensor(6566.3511, device='cuda:0', grad_fn=<MulBackward0>), 'kld': tensor(308.1302, device='cuda:0', grad_fn=<MulBackward0>), 'prediction': tensor(253.1623, device='cuda:0', grad_fn=<MulBackward0>), 'true_values': tensor(285.7306, device='cuda:0', grad_fn=<MulBackward0>)}
Losses: {'total_vae': tensor(7321.1851, device='cuda:0', grad_fn=<AddBackward0>), 'recon': tensor(6543.0337, device='cuda:0', grad_fn=<MulBackward0>), 'kld': tensor(322.7181, device='cuda:0', grad_fn=<MulBackward0>), 'prediction': tensor(204.4628, device='cuda:0', grad_fn=<MulBackward0>), 'true_values': tensor(250.9701, device='cuda:0', grad_fn=<MulBackward0>)}
tracking changes
Validation stop evaluation
37259 22
    epoch          rec         kld    latent       bce       acc
0     1.0  8493.470461   53.035360  0.905955  2.375917  0.819546
1     2.0  8490.190464   51.062728  0.864364  2.356278  0.819930
2     3.0  8472.716151   49.859512  0.807273  2.321783  0.820631
3     4.0  8393.062401   49.058481  0.725508  2.266330  0.821860
4     5.0  8288.155835   54.781425  0.621869  2.191572  0.823733
5     6.0  8045.717952   75.538331  0.508491  2.090444  0.826679
6     7.0  7779.075808  113.125390  0.408506  1.963790  0.830921
7     8.0  7361.922163  172.371663  0.342034  1.800428  0.837397
8     9.0  7081.577593  237.446293  0.304847  1.623337  0.845655
9    10.0  6959.543765  282.530994  0.285553  1.448715  0.855497
10   11.0  6871.398125  306.133154  0.276094  1.307404  0.865285
11   12.0  6804.358277  326.700149  0.274707  1.195444  0.875248
12   13.0  6733.631055  333.479173  0.278584  1.115314  0.882522
13   14.0  6676.531185  329.948928  0.283040  1.081178  0.887353
14   15.0  6651.252308  335.485294  0.285374  1.057807  0.893386
15   16.0  6595.677751  347.194492  0.297547  1.062232  0.894779
16   17.0  6578.209307  348.568536  0.309783  1.077139  0.896373
17   18.0  6540.825356  356.050286  0.315184  1.129537  0.900346
18   19.0  6532.661213  344.813220  0.321485  1.169096  0.901850
19   20.0  6512.893048  334.343786  0.327444  1.254911  0.902861
20   21.0  6498.355050  319.434746  0.339050  1.327717  0.904409
21   22.0  6501.363422  315.108179  0.328693  1.319793  0.901489
22   23.0  6488.817751  307.162422  0.337141  1.357390  0.904667
Now val counter at: 7
Latent 0.33714101588962103   0.3293265165275473
BCE 1.3573896725579064 1.2505746178894548
lr: 3.874204890000002e-05
Losses: {'total_vae': tensor(7185.2324, device='cuda:0', grad_fn=<AddBackward0>), 'recon': tensor(6499.3550, device='cuda:0', grad_fn=<MulBackward0>), 'kld': tensor(325.1260, device='cuda:0', grad_fn=<MulBackward0>), 'prediction': tensor(191.0797, device='cuda:0', grad_fn=<MulBackward0>), 'true_values': tensor(169.6720, device='cuda:0', grad_fn=<MulBackward0>)}
Losses: {'total_vae': tensor(7472.2119, device='cuda:0', grad_fn=<AddBackward0>), 'recon': tensor(6751.8457, device='cuda:0', grad_fn=<MulBackward0>), 'kld': tensor(304.2297, device='cuda:0', grad_fn=<MulBackward0>), 'prediction': tensor(205.7703, device='cuda:0', grad_fn=<MulBackward0>), 'true_values': tensor(210.3662, device='cuda:0', grad_fn=<MulBackward0>)}
Losses: {'total_vae': tensor(7122.5615, device='cuda:0', grad_fn=<AddBackward0>), 'recon': tensor(6527.2441, device='cuda:0', grad_fn=<MulBackward0>), 'kld': tensor(310.8587, device='cuda:0', grad_fn=<MulBackward0>), 'prediction': tensor(100.6688, device='cuda:0', grad_fn=<MulBackward0>), 'true_values': tensor(183.7898, device='cuda:0', grad_fn=<MulBackward0>)}
Losses: {'total_vae': tensor(7068.8843, device='cuda:0', grad_fn=<AddBackward0>), 'recon': tensor(6462.5679, device='cuda:0', grad_fn=<MulBackward0>), 'kld': tensor(317.6628, device='cuda:0', grad_fn=<MulBackward0>), 'prediction': tensor(116.2698, device='cuda:0', grad_fn=<MulBackward0>), 'true_values': tensor(172.3839, device='cuda:0', grad_fn=<MulBackward0>)}
tracking changes
Validation stop evaluation
38879 23
    epoch          rec         kld    latent       bce       acc
0     1.0  8493.470461   53.035360  0.905955  2.375917  0.819546
1     2.0  8490.190464   51.062728  0.864364  2.356278  0.819930
2     3.0  8472.716151   49.859512  0.807273  2.321783  0.820631
3     4.0  8393.062401   49.058481  0.725508  2.266330  0.821860
4     5.0  8288.155835   54.781425  0.621869  2.191572  0.823733
5     6.0  8045.717952   75.538331  0.508491  2.090444  0.826679
6     7.0  7779.075808  113.125390  0.408506  1.963790  0.830921
7     8.0  7361.922163  172.371663  0.342034  1.800428  0.837397
8     9.0  7081.577593  237.446293  0.304847  1.623337  0.845655
9    10.0  6959.543765  282.530994  0.285553  1.448715  0.855497
10   11.0  6871.398125  306.133154  0.276094  1.307404  0.865285
11   12.0  6804.358277  326.700149  0.274707  1.195444  0.875248
12   13.0  6733.631055  333.479173  0.278584  1.115314  0.882522
13   14.0  6676.531185  329.948928  0.283040  1.081178  0.887353
14   15.0  6651.252308  335.485294  0.285374  1.057807  0.893386
15   16.0  6595.677751  347.194492  0.297547  1.062232  0.894779
16   17.0  6578.209307  348.568536  0.309783  1.077139  0.896373
17   18.0  6540.825356  356.050286  0.315184  1.129537  0.900346
18   19.0  6532.661213  344.813220  0.321485  1.169096  0.901850
19   20.0  6512.893048  334.343786  0.327444  1.254911  0.902861
20   21.0  6498.355050  319.434746  0.339050  1.327717  0.904409
21   22.0  6501.363422  315.108179  0.328693  1.319793  0.901489
22   23.0  6488.817751  307.162422  0.337141  1.357390  0.904667
23   24.0  6473.820767  300.697364  0.349859  1.426598  0.905445
Now val counter at: 8
Latent 0.34985897785956316   0.331729340228704
BCE 1.4265979428102475 1.30080716690608
lr: 3.4867844010000016e-05
Losses: {'total_vae': tensor(7114.3081, device='cuda:0', grad_fn=<AddBackward0>), 'recon': tensor(6594.7637, device='cuda:0', grad_fn=<MulBackward0>), 'kld': tensor(308.6836, device='cuda:0', grad_fn=<MulBackward0>), 'prediction': tensor(94.7363, device='cuda:0', grad_fn=<MulBackward0>), 'true_values': tensor(116.1246, device='cuda:0', grad_fn=<MulBackward0>)}
Losses: {'total_vae': tensor(6749.9902, device='cuda:0', grad_fn=<AddBackward0>), 'recon': tensor(6251.6304, device='cuda:0', grad_fn=<MulBackward0>), 'kld': tensor(295.8134, device='cuda:0', grad_fn=<MulBackward0>), 'prediction': tensor(75.6190, device='cuda:0', grad_fn=<MulBackward0>), 'true_values': tensor(126.9270, device='cuda:0', grad_fn=<MulBackward0>)}
Losses: {'total_vae': tensor(6977.9761, device='cuda:0', grad_fn=<AddBackward0>), 'recon': tensor(6447.5210, device='cuda:0', grad_fn=<MulBackward0>), 'kld': tensor(313.5814, device='cuda:0', grad_fn=<MulBackward0>), 'prediction': tensor(81.8276, device='cuda:0', grad_fn=<MulBackward0>), 'true_values': tensor(135.0459, device='cuda:0', grad_fn=<MulBackward0>)}
Losses: {'total_vae': tensor(7124.5039, device='cuda:0', grad_fn=<AddBackward0>), 'recon': tensor(6605.4175, device='cuda:0', grad_fn=<MulBackward0>), 'kld': tensor(309.7913, device='cuda:0', grad_fn=<MulBackward0>), 'prediction': tensor(58.1389, device='cuda:0', grad_fn=<MulBackward0>), 'true_values': tensor(151.1561, device='cuda:0', grad_fn=<MulBackward0>)}
tracking changes
Validation stop evaluation
40499 24
    epoch          rec         kld    latent       bce       acc
0     1.0  8493.470461   53.035360  0.905955  2.375917  0.819546
1     2.0  8490.190464   51.062728  0.864364  2.356278  0.819930
2     3.0  8472.716151   49.859512  0.807273  2.321783  0.820631
3     4.0  8393.062401   49.058481  0.725508  2.266330  0.821860
4     5.0  8288.155835   54.781425  0.621869  2.191572  0.823733
5     6.0  8045.717952   75.538331  0.508491  2.090444  0.826679
6     7.0  7779.075808  113.125390  0.408506  1.963790  0.830921
7     8.0  7361.922163  172.371663  0.342034  1.800428  0.837397
8     9.0  7081.577593  237.446293  0.304847  1.623337  0.845655
9    10.0  6959.543765  282.530994  0.285553  1.448715  0.855497
10   11.0  6871.398125  306.133154  0.276094  1.307404  0.865285
11   12.0  6804.358277  326.700149  0.274707  1.195444  0.875248
12   13.0  6733.631055  333.479173  0.278584  1.115314  0.882522
13   14.0  6676.531185  329.948928  0.283040  1.081178  0.887353
14   15.0  6651.252308  335.485294  0.285374  1.057807  0.893386
15   16.0  6595.677751  347.194492  0.297547  1.062232  0.894779
16   17.0  6578.209307  348.568536  0.309783  1.077139  0.896373
17   18.0  6540.825356  356.050286  0.315184  1.129537  0.900346
18   19.0  6532.661213  344.813220  0.321485  1.169096  0.901850
19   20.0  6512.893048  334.343786  0.327444  1.254911  0.902861
20   21.0  6498.355050  319.434746  0.339050  1.327717  0.904409
21   22.0  6501.363422  315.108179  0.328693  1.319793  0.901489
22   23.0  6488.817751  307.162422  0.337141  1.357390  0.904667
23   24.0  6473.820767  300.697364  0.349859  1.426598  0.905445
24   25.0  6467.659310  288.767450  0.361773  1.472971  0.906522
Now val counter at: 9
Latent 0.36177277815814063   0.33496153261205147
BCE 1.4729714682786772 1.3349667592804033
lr: 3.138105960900002e-05
Losses: {'total_vae': tensor(6813.0015, device='cuda:0', grad_fn=<AddBackward0>), 'recon': tensor(6379.9897, device='cuda:0', grad_fn=<MulBackward0>), 'kld': tensor(294.7389, device='cuda:0', grad_fn=<MulBackward0>), 'prediction': tensor(59.5183, device='cuda:0', grad_fn=<MulBackward0>), 'true_values': tensor(78.7546, device='cuda:0', grad_fn=<MulBackward0>)}
Losses: {'total_vae': tensor(6740.1592, device='cuda:0', grad_fn=<AddBackward0>), 'recon': tensor(6268.1323, device='cuda:0', grad_fn=<MulBackward0>), 'kld': tensor(287.1935, device='cuda:0', grad_fn=<MulBackward0>), 'prediction': tensor(61.0865, device='cuda:0', grad_fn=<MulBackward0>), 'true_values': tensor(123.7471, device='cuda:0', grad_fn=<MulBackward0>)}
Losses: {'total_vae': tensor(7079.5264, device='cuda:0', grad_fn=<AddBackward0>), 'recon': tensor(6567.6909, device='cuda:0', grad_fn=<MulBackward0>), 'kld': tensor(285.5851, device='cuda:0', grad_fn=<MulBackward0>), 'prediction': tensor(89.1719, device='cuda:0', grad_fn=<MulBackward0>), 'true_values': tensor(137.0787, device='cuda:0', grad_fn=<MulBackward0>)}
Losses: {'total_vae': tensor(7000.7500, device='cuda:0', grad_fn=<AddBackward0>), 'recon': tensor(6523.0400, device='cuda:0', grad_fn=<MulBackward0>), 'kld': tensor(306.9262, device='cuda:0', grad_fn=<MulBackward0>), 'prediction': tensor(55.5449, device='cuda:0', grad_fn=<MulBackward0>), 'true_values': tensor(115.2387, device='cuda:0', grad_fn=<MulBackward0>)}
tracking changes
Validation stop evaluation
42119 25
    epoch          rec         kld    latent       bce       acc
0     1.0  8493.470461   53.035360  0.905955  2.375917  0.819546
1     2.0  8490.190464   51.062728  0.864364  2.356278  0.819930
2     3.0  8472.716151   49.859512  0.807273  2.321783  0.820631
3     4.0  8393.062401   49.058481  0.725508  2.266330  0.821860
4     5.0  8288.155835   54.781425  0.621869  2.191572  0.823733
5     6.0  8045.717952   75.538331  0.508491  2.090444  0.826679
6     7.0  7779.075808  113.125390  0.408506  1.963790  0.830921
7     8.0  7361.922163  172.371663  0.342034  1.800428  0.837397
8     9.0  7081.577593  237.446293  0.304847  1.623337  0.845655
9    10.0  6959.543765  282.530994  0.285553  1.448715  0.855497
10   11.0  6871.398125  306.133154  0.276094  1.307404  0.865285
11   12.0  6804.358277  326.700149  0.274707  1.195444  0.875248
12   13.0  6733.631055  333.479173  0.278584  1.115314  0.882522
13   14.0  6676.531185  329.948928  0.283040  1.081178  0.887353
14   15.0  6651.252308  335.485294  0.285374  1.057807  0.893386
15   16.0  6595.677751  347.194492  0.297547  1.062232  0.894779
16   17.0  6578.209307  348.568536  0.309783  1.077139  0.896373
17   18.0  6540.825356  356.050286  0.315184  1.129537  0.900346
18   19.0  6532.661213  344.813220  0.321485  1.169096  0.901850
19   20.0  6512.893048  334.343786  0.327444  1.254911  0.902861
20   21.0  6498.355050  319.434746  0.339050  1.327717  0.904409
21   22.0  6501.363422  315.108179  0.328693  1.319793  0.901489
22   23.0  6488.817751  307.162422  0.337141  1.357390  0.904667
23   24.0  6473.820767  300.697364  0.349859  1.426598  0.905445
24   25.0  6467.659310  288.767450  0.361773  1.472971  0.906522
25   26.0  6458.786770  280.943772  0.370226  1.518193  0.907269
Now val counter at: 10
Latent 0.37022610938194955   0.3385644833443582
BCE 1.518192681935754 1.3679269845336186
lr: 2.8242953648100018e-05
Losses: {'total_vae': tensor(6836.9595, device='cuda:0', grad_fn=<AddBackward0>), 'recon': tensor(6410.7603, device='cuda:0', grad_fn=<MulBackward0>), 'kld': tensor(306.7642, device='cuda:0', grad_fn=<MulBackward0>), 'prediction': tensor(39.0146, device='cuda:0', grad_fn=<MulBackward0>), 'true_values': tensor(80.4205, device='cuda:0', grad_fn=<MulBackward0>)}
Losses: {'total_vae': tensor(6868.3301, device='cuda:0', grad_fn=<AddBackward0>), 'recon': tensor(6409.3315, device='cuda:0', grad_fn=<MulBackward0>), 'kld': tensor(298.0186, device='cuda:0', grad_fn=<MulBackward0>), 'prediction': tensor(45.8157, device='cuda:0', grad_fn=<MulBackward0>), 'true_values': tensor(115.1640, device='cuda:0', grad_fn=<MulBackward0>)}
Losses: {'total_vae': tensor(6756.8452, device='cuda:0', grad_fn=<AddBackward0>), 'recon': tensor(6350.8042, device='cuda:0', grad_fn=<MulBackward0>), 'kld': tensor(284.1602, device='cuda:0', grad_fn=<MulBackward0>), 'prediction': tensor(43.8766, device='cuda:0', grad_fn=<MulBackward0>), 'true_values': tensor(78.0045, device='cuda:0', grad_fn=<MulBackward0>)}
Losses: {'total_vae': tensor(6855.3018, device='cuda:0', grad_fn=<AddBackward0>), 'recon': tensor(6417.0713, device='cuda:0', grad_fn=<MulBackward0>), 'kld': tensor(286.3012, device='cuda:0', grad_fn=<MulBackward0>), 'prediction': tensor(33.6050, device='cuda:0', grad_fn=<MulBackward0>), 'true_values': tensor(118.3243, device='cuda:0', grad_fn=<MulBackward0>)}
tracking changes
Validation stop evaluation
43739 26
    epoch          rec         kld    latent       bce       acc
0     1.0  8493.470461   53.035360  0.905955  2.375917  0.819546
1     2.0  8490.190464   51.062728  0.864364  2.356278  0.819930
2     3.0  8472.716151   49.859512  0.807273  2.321783  0.820631
3     4.0  8393.062401   49.058481  0.725508  2.266330  0.821860
4     5.0  8288.155835   54.781425  0.621869  2.191572  0.823733
5     6.0  8045.717952   75.538331  0.508491  2.090444  0.826679
6     7.0  7779.075808  113.125390  0.408506  1.963790  0.830921
7     8.0  7361.922163  172.371663  0.342034  1.800428  0.837397
8     9.0  7081.577593  237.446293  0.304847  1.623337  0.845655
9    10.0  6959.543765  282.530994  0.285553  1.448715  0.855497
10   11.0  6871.398125  306.133154  0.276094  1.307404  0.865285
11   12.0  6804.358277  326.700149  0.274707  1.195444  0.875248
12   13.0  6733.631055  333.479173  0.278584  1.115314  0.882522
13   14.0  6676.531185  329.948928  0.283040  1.081178  0.887353
14   15.0  6651.252308  335.485294  0.285374  1.057807  0.893386
15   16.0  6595.677751  347.194492  0.297547  1.062232  0.894779
16   17.0  6578.209307  348.568536  0.309783  1.077139  0.896373
17   18.0  6540.825356  356.050286  0.315184  1.129537  0.900346
18   19.0  6532.661213  344.813220  0.321485  1.169096  0.901850
19   20.0  6512.893048  334.343786  0.327444  1.254911  0.902861
20   21.0  6498.355050  319.434746  0.339050  1.327717  0.904409
21   22.0  6501.363422  315.108179  0.328693  1.319793  0.901489
22   23.0  6488.817751  307.162422  0.337141  1.357390  0.904667
23   24.0  6473.820767  300.697364  0.349859  1.426598  0.905445
24   25.0  6467.659310  288.767450  0.361773  1.472971  0.906522
25   26.0  6458.786770  280.943772  0.370226  1.518193  0.907269
26   27.0  6455.083806  262.058958  0.385942  1.552412  0.906793
Now val counter at: 11
Latent 0.38594173765418555   0.34959092396910824
BCE 1.5524119174126352 1.4189863612156104
Validation stop
