name=slurm_script
Considered components [1, 2, 3, 4, 5]
target (737280,)
Population of 0: 50.0 %.
Start verification
Labels in data_loader
Fitting a LogReg model, loss - CE: tensor(0.0110)
ACCURACY for logreg:  tensor(0.9907)
Created the simple conv64 with channels 1
Initialized GrayVAE_Join model
Created the simple conv64 with channels 1
## Initializing Train indexes
->path chosen:: logs/dsprites_full__GrayVAE_Join__2022_04/28-22-37
Losses: {'total_vae': tensor(187.0534, device='cuda:0', grad_fn=<AddBackward0>), 'recon': tensor(0., device='cuda:0', grad_fn=<MulBackward0>), 'kld': tensor(0.0657, device='cuda:0', grad_fn=<MulBackward0>), 'prediction': tensor(68.2951, device='cuda:0', grad_fn=<MulBackward0>), 'true_values': tensor(118.6926, device='cuda:0', grad_fn=<MulBackward0>)}
Losses: {'total_vae': tensor(60.9769, device='cuda:0', grad_fn=<AddBackward0>), 'recon': tensor(0., device='cuda:0', grad_fn=<MulBackward0>), 'kld': tensor(0.7423, device='cuda:0', grad_fn=<MulBackward0>), 'prediction': tensor(60.2347, device='cuda:0', grad_fn=<MulBackward0>), 'true_values': tensor(-1)}
[0:9215]  loss_total_vae=45.079  loss_recon=0.000  loss_kld=10.619  loss_prediction=34.460  loss_true_values=-1.000  loss_total_vae_epoch=83.649  
tracking changes
Saved model at epoch 1
Losses: {'total_vae': tensor(59.3170, device='cuda:0', grad_fn=<AddBackward0>), 'recon': tensor(0., device='cuda:0', grad_fn=<MulBackward0>), 'kld': tensor(4.7791, device='cuda:0', grad_fn=<MulBackward0>), 'prediction': tensor(35.0104, device='cuda:0', grad_fn=<MulBackward0>), 'true_values': tensor(19.5274, device='cuda:0', grad_fn=<MulBackward0>)}
Losses: {'total_vae': tensor(57.9407, device='cuda:0', grad_fn=<AddBackward0>), 'recon': tensor(0., device='cuda:0', grad_fn=<MulBackward0>), 'kld': tensor(8.9844, device='cuda:0', grad_fn=<MulBackward0>), 'prediction': tensor(21.2883, device='cuda:0', grad_fn=<MulBackward0>), 'true_values': tensor(27.6680, device='cuda:0', grad_fn=<MulBackward0>)}
[1:18431]  loss_total_vae=28.945  loss_recon=0.000  loss_kld=6.724  loss_prediction=10.398  loss_true_values=11.823  loss_total_vae_epoch=40.335  
tracking changes
Saved model at epoch 2
Losses: {'total_vae': tensor(33.6634, device='cuda:0', grad_fn=<AddBackward0>), 'recon': tensor(0., device='cuda:0', grad_fn=<MulBackward0>), 'kld': tensor(0.1610, device='cuda:0', grad_fn=<MulBackward0>), 'prediction': tensor(20.1789, device='cuda:0', grad_fn=<MulBackward0>), 'true_values': tensor(13.3235, device='cuda:0', grad_fn=<MulBackward0>)}
Losses: {'total_vae': tensor(20.5046, device='cuda:0', grad_fn=<AddBackward0>), 'recon': tensor(0., device='cuda:0', grad_fn=<MulBackward0>), 'kld': tensor(2.3313, device='cuda:0', grad_fn=<MulBackward0>), 'prediction': tensor(10.2626, device='cuda:0', grad_fn=<MulBackward0>), 'true_values': tensor(7.9108, device='cuda:0', grad_fn=<MulBackward0>)}
[2:27647]  loss_total_vae=21.369  loss_recon=0.000  loss_kld=1.271  loss_prediction=20.098  loss_true_values=-1.000  loss_total_vae_epoch=28.440  
tracking changes
Saved model at epoch 3
Losses: {'total_vae': tensor(38.3617, device='cuda:0', grad_fn=<AddBackward0>), 'recon': tensor(0., device='cuda:0', grad_fn=<MulBackward0>), 'kld': tensor(14.2038, device='cuda:0', grad_fn=<MulBackward0>), 'prediction': tensor(10.4002, device='cuda:0', grad_fn=<MulBackward0>), 'true_values': tensor(13.7577, device='cuda:0', grad_fn=<MulBackward0>)}
Losses: {'total_vae': tensor(22.8341, device='cuda:0', grad_fn=<AddBackward0>), 'recon': tensor(0., device='cuda:0', grad_fn=<MulBackward0>), 'kld': tensor(2.7628, device='cuda:0', grad_fn=<MulBackward0>), 'prediction': tensor(12.2170, device='cuda:0', grad_fn=<MulBackward0>), 'true_values': tensor(7.8543, device='cuda:0', grad_fn=<MulBackward0>)}
[3:36863]  loss_total_vae=15.172  loss_recon=0.000  loss_kld=1.033  loss_prediction=8.472  loss_true_values=5.668  loss_total_vae_epoch=23.991  
tracking changes
Saved model at epoch 4
Losses: {'total_vae': tensor(18.2041, device='cuda:0', grad_fn=<AddBackward0>), 'recon': tensor(0., device='cuda:0', grad_fn=<MulBackward0>), 'kld': tensor(1.4686, device='cuda:0', grad_fn=<MulBackward0>), 'prediction': tensor(16.7354, device='cuda:0', grad_fn=<MulBackward0>), 'true_values': tensor(-1)}
Losses: {'total_vae': tensor(30.4898, device='cuda:0', grad_fn=<AddBackward0>), 'recon': tensor(0., device='cuda:0', grad_fn=<MulBackward0>), 'kld': tensor(0.9339, device='cuda:0', grad_fn=<MulBackward0>), 'prediction': tensor(23.7203, device='cuda:0', grad_fn=<MulBackward0>), 'true_values': tensor(5.8356, device='cuda:0', grad_fn=<MulBackward0>)}
[4:46079]  loss_total_vae=12.589  loss_recon=0.000  loss_kld=1.957  loss_prediction=10.632  loss_true_values=-1.000  loss_total_vae_epoch=21.748  
tracking changes
Saved model at epoch 5
Losses: {'total_vae': tensor(22.3636, device='cuda:0', grad_fn=<AddBackward0>), 'recon': tensor(0., device='cuda:0', grad_fn=<MulBackward0>), 'kld': tensor(1.5461, device='cuda:0', grad_fn=<MulBackward0>), 'prediction': tensor(14.4703, device='cuda:0', grad_fn=<MulBackward0>), 'true_values': tensor(6.3473, device='cuda:0', grad_fn=<MulBackward0>)}
Losses: {'total_vae': tensor(13.2755, device='cuda:0', grad_fn=<AddBackward0>), 'recon': tensor(0., device='cuda:0', grad_fn=<MulBackward0>), 'kld': tensor(1.3622, device='cuda:0', grad_fn=<MulBackward0>), 'prediction': tensor(11.9133, device='cuda:0', grad_fn=<MulBackward0>), 'true_values': tensor(-1)}
[5:55295]  loss_total_vae=17.353  loss_recon=0.000  loss_kld=3.291  loss_prediction=14.062  loss_true_values=-1.000  loss_total_vae_epoch=20.256  
tracking changes
