0
Losses: {'total_vae': tensor(15994.3184, device='cuda:0', grad_fn=<AddBackward0>), 'recon': tensor(7963.0649, device='cuda:0', grad_fn=<MulBackward0>), 'kld': tensor(0.0382, device='cuda:0', grad_fn=<MulBackward0>), 'vae_mmd': tensor(0.0013, device='cuda:0', grad_fn=<MulBackward0>), 'prediction': tensor(2340.1558, device='cuda:0', grad_fn=<MulBackward0>), 'true_values': tensor(5691.0586, device='cuda:0', grad_fn=<MulBackward0>)}
Losses: {'total_vae': tensor(16002.1064, device='cuda:0', grad_fn=<AddBackward0>), 'recon': tensor(7959.8691, device='cuda:0', grad_fn=<MulBackward0>), 'kld': tensor(0.0376, device='cuda:0', grad_fn=<MulBackward0>), 'vae_mmd': tensor(0.0016, device='cuda:0', grad_fn=<MulBackward0>), 'prediction': tensor(2368.7751, device='cuda:0', grad_fn=<MulBackward0>), 'true_values': tensor(5673.4229, device='cuda:0', grad_fn=<MulBackward0>)}
Losses: {'total_vae': tensor(15881.3301, device='cuda:0', grad_fn=<AddBackward0>), 'recon': tensor(7959.9478, device='cuda:0', grad_fn=<MulBackward0>), 'kld': tensor(0.0375, device='cuda:0', grad_fn=<MulBackward0>), 'vae_mmd': tensor(0.0010, device='cuda:0', grad_fn=<MulBackward0>), 'prediction': tensor(2342.2170, device='cuda:0', grad_fn=<MulBackward0>), 'true_values': tensor(5579.1274, device='cuda:0', grad_fn=<MulBackward0>)}
Losses: {'total_vae': tensor(16048.0527, device='cuda:0', grad_fn=<AddBackward0>), 'recon': tensor(7957.3335, device='cuda:0', grad_fn=<MulBackward0>), 'kld': tensor(0.0379, device='cuda:0', grad_fn=<MulBackward0>), 'vae_mmd': tensor(0.0009, device='cuda:0', grad_fn=<MulBackward0>), 'prediction': tensor(2353.6714, device='cuda:0', grad_fn=<MulBackward0>), 'true_values': tensor(5737.0083, device='cuda:0', grad_fn=<MulBackward0>)}
[0:1999]  loss_total_vae=15896.195  loss_recon=7953.905  loss_kld=0.039  loss_vae_mmd=0.001  loss_prediction=2355.552  loss_true_values=5586.698  loss_total_vae_epoch=15959.485  
Saved model at epoch 1
lr: 1.6378937069540646e-07
Losses: {'total_vae': tensor(15898.8809, device='cuda:0', grad_fn=<AddBackward0>), 'recon': tensor(7955.1523, device='cuda:0', grad_fn=<MulBackward0>), 'kld': tensor(0.0385, device='cuda:0', grad_fn=<MulBackward0>), 'vae_mmd': tensor(0.0017, device='cuda:0', grad_fn=<MulBackward0>), 'prediction': tensor(2367.3242, device='cuda:0', grad_fn=<MulBackward0>), 'true_values': tensor(5576.3628, device='cuda:0', grad_fn=<MulBackward0>)}
Losses: {'total_vae': tensor(15812.0186, device='cuda:0', grad_fn=<AddBackward0>), 'recon': tensor(7951.9609, device='cuda:0', grad_fn=<MulBackward0>), 'kld': tensor(0.0402, device='cuda:0', grad_fn=<MulBackward0>), 'vae_mmd': tensor(0.0010, device='cuda:0', grad_fn=<MulBackward0>), 'prediction': tensor(2331.8672, device='cuda:0', grad_fn=<MulBackward0>), 'true_values': tensor(5528.1494, device='cuda:0', grad_fn=<MulBackward0>)}
Losses: {'total_vae': tensor(15937.4443, device='cuda:0', grad_fn=<AddBackward0>), 'recon': tensor(7948.0337, device='cuda:0', grad_fn=<MulBackward0>), 'kld': tensor(0.0435, device='cuda:0', grad_fn=<MulBackward0>), 'vae_mmd': tensor(0.0013, device='cuda:0', grad_fn=<MulBackward0>), 'prediction': tensor(2320.2063, device='cuda:0', grad_fn=<MulBackward0>), 'true_values': tensor(5669.1592, device='cuda:0', grad_fn=<MulBackward0>)}
Losses: {'total_vae': tensor(15859.2812, device='cuda:0', grad_fn=<AddBackward0>), 'recon': tensor(7946.8491, device='cuda:0', grad_fn=<MulBackward0>), 'kld': tensor(0.0483, device='cuda:0', grad_fn=<MulBackward0>), 'vae_mmd': tensor(0.0019, device='cuda:0', grad_fn=<MulBackward0>), 'prediction': tensor(2344.6609, device='cuda:0', grad_fn=<MulBackward0>), 'true_values': tensor(5567.7207, device='cuda:0', grad_fn=<MulBackward0>)}
[1:3999]  loss_total_vae=15774.514  loss_recon=7941.353  loss_kld=0.055  loss_vae_mmd=0.002  loss_prediction=2324.907  loss_true_values=5508.196  loss_total_vae_epoch=15904.389  
Saved model at epoch 2
lr: 2.6826957952797275e-07
Losses: {'total_vae': tensor(15941.7393, device='cuda:0', grad_fn=<AddBackward0>), 'recon': tensor(7942.8774, device='cuda:0', grad_fn=<MulBackward0>), 'kld': tensor(0.0555, device='cuda:0', grad_fn=<MulBackward0>), 'vae_mmd': tensor(0.0020, device='cuda:0', grad_fn=<MulBackward0>), 'prediction': tensor(2379.5161, device='cuda:0', grad_fn=<MulBackward0>), 'true_values': tensor(5619.2881, device='cuda:0', grad_fn=<MulBackward0>)}
Losses: {'total_vae': tensor(15778.4531, device='cuda:0', grad_fn=<AddBackward0>), 'recon': tensor(7934.6025, device='cuda:0', grad_fn=<MulBackward0>), 'kld': tensor(0.0725, device='cuda:0', grad_fn=<MulBackward0>), 'vae_mmd': tensor(0.0012, device='cuda:0', grad_fn=<MulBackward0>), 'prediction': tensor(2367.5586, device='cuda:0', grad_fn=<MulBackward0>), 'true_values': tensor(5476.2183, device='cuda:0', grad_fn=<MulBackward0>)}
Losses: {'total_vae': tensor(15708.1240, device='cuda:0', grad_fn=<AddBackward0>), 'recon': tensor(7928.8271, device='cuda:0', grad_fn=<MulBackward0>), 'kld': tensor(0.0987, device='cuda:0', grad_fn=<MulBackward0>), 'vae_mmd': tensor(0.0018, device='cuda:0', grad_fn=<MulBackward0>), 'prediction': tensor(2377.9358, device='cuda:0', grad_fn=<MulBackward0>), 'true_values': tensor(5401.2607, device='cuda:0', grad_fn=<MulBackward0>)}
Losses: {'total_vae': tensor(15528.4443, device='cuda:0', grad_fn=<AddBackward0>), 'recon': tensor(7911.6494, device='cuda:0', grad_fn=<MulBackward0>), 'kld': tensor(0.1390, device='cuda:0', grad_fn=<MulBackward0>), 'vae_mmd': tensor(0.0015, device='cuda:0', grad_fn=<MulBackward0>), 'prediction': tensor(2291.9675, device='cuda:0', grad_fn=<MulBackward0>), 'true_values': tensor(5324.6865, device='cuda:0', grad_fn=<MulBackward0>)}
[2:5999]  loss_total_vae=15742.888  loss_recon=7887.039  loss_kld=0.195  loss_vae_mmd=0.002  loss_prediction=2301.549  loss_true_values=5554.104  loss_total_vae_epoch=15787.671  
Saved model at epoch 3
lr: 4.393970560760786e-07
Losses: {'total_vae': tensor(15642.2256, device='cuda:0', grad_fn=<AddBackward0>), 'recon': tensor(7890.5615, device='cuda:0', grad_fn=<MulBackward0>), 'kld': tensor(0.1960, device='cuda:0', grad_fn=<MulBackward0>), 'vae_mmd': tensor(0.0022, device='cuda:0', grad_fn=<MulBackward0>), 'prediction': tensor(2323.5586, device='cuda:0', grad_fn=<MulBackward0>), 'true_values': tensor(5427.9072, device='cuda:0', grad_fn=<MulBackward0>)}
Losses: {'total_vae': tensor(15508.9736, device='cuda:0', grad_fn=<AddBackward0>), 'recon': tensor(7807.8623, device='cuda:0', grad_fn=<MulBackward0>), 'kld': tensor(0.3486, device='cuda:0', grad_fn=<MulBackward0>), 'vae_mmd': tensor(0.0039, device='cuda:0', grad_fn=<MulBackward0>), 'prediction': tensor(2376.2173, device='cuda:0', grad_fn=<MulBackward0>), 'true_values': tensor(5324.5420, device='cuda:0', grad_fn=<MulBackward0>)}
Losses: {'total_vae': tensor(15329.8467, device='cuda:0', grad_fn=<AddBackward0>), 'recon': tensor(7646.5566, device='cuda:0', grad_fn=<MulBackward0>), 'kld': tensor(0.6111, device='cuda:0', grad_fn=<MulBackward0>), 'vae_mmd': tensor(0.0039, device='cuda:0', grad_fn=<MulBackward0>), 'prediction': tensor(2330.9639, device='cuda:0', grad_fn=<MulBackward0>), 'true_values': tensor(5351.7119, device='cuda:0', grad_fn=<MulBackward0>)}
Losses: {'total_vae': tensor(14979.0547, device='cuda:0', grad_fn=<AddBackward0>), 'recon': tensor(7446.0557, device='cuda:0', grad_fn=<MulBackward0>), 'kld': tensor(1.0551, device='cuda:0', grad_fn=<MulBackward0>), 'vae_mmd': tensor(0.0087, device='cuda:0', grad_fn=<MulBackward0>), 'prediction': tensor(2352.6382, device='cuda:0', grad_fn=<MulBackward0>), 'true_values': tensor(5179.2964, device='cuda:0', grad_fn=<MulBackward0>)}
[3:7999]  loss_total_vae=14435.619  loss_recon=7299.456  loss_kld=1.741  loss_vae_mmd=0.013  loss_prediction=2313.383  loss_true_values=4821.027  loss_total_vae_epoch=15215.977  
Saved model at epoch 4
lr: 7.196856730011514e-07
Losses: {'total_vae': tensor(14752.2520, device='cuda:0', grad_fn=<AddBackward0>), 'recon': tensor(7296.8242, device='cuda:0', grad_fn=<MulBackward0>), 'kld': tensor(1.7491, device='cuda:0', grad_fn=<MulBackward0>), 'vae_mmd': tensor(0.0113, device='cuda:0', grad_fn=<MulBackward0>), 'prediction': tensor(2378.3381, device='cuda:0', grad_fn=<MulBackward0>), 'true_values': tensor(5075.3291, device='cuda:0', grad_fn=<MulBackward0>)}
tracking changes
Losses: {'total_vae': tensor(14341.2578, device='cuda:0', grad_fn=<AddBackward0>), 'recon': tensor(7195.0884, device='cuda:0', grad_fn=<MulBackward0>), 'kld': tensor(3.6554, device='cuda:0', grad_fn=<MulBackward0>), 'vae_mmd': tensor(0.0247, device='cuda:0', grad_fn=<MulBackward0>), 'prediction': tensor(2376.5520, device='cuda:0', grad_fn=<MulBackward0>), 'true_values': tensor(4765.9375, device='cuda:0', grad_fn=<MulBackward0>)}
Losses: {'total_vae': tensor(13967.1250, device='cuda:0', grad_fn=<AddBackward0>), 'recon': tensor(7148.0947, device='cuda:0', grad_fn=<MulBackward0>), 'kld': tensor(7.1092, device='cuda:0', grad_fn=<MulBackward0>), 'vae_mmd': tensor(0.0534, device='cuda:0', grad_fn=<MulBackward0>), 'prediction': tensor(2327.8250, device='cuda:0', grad_fn=<MulBackward0>), 'true_values': tensor(4484.0435, device='cuda:0', grad_fn=<MulBackward0>)}
Losses: {'total_vae': tensor(13712.4941, device='cuda:0', grad_fn=<AddBackward0>), 'recon': tensor(7084.8999, device='cuda:0', grad_fn=<MulBackward0>), 'kld': tensor(11.9102, device='cuda:0', grad_fn=<MulBackward0>), 'vae_mmd': tensor(0.0855, device='cuda:0', grad_fn=<MulBackward0>), 'prediction': tensor(2344.6304, device='cuda:0', grad_fn=<MulBackward0>), 'true_values': tensor(4270.9683, device='cuda:0', grad_fn=<MulBackward0>)}
[4:9999]  loss_total_vae=13538.117  loss_recon=7030.989  loss_kld=17.229  loss_vae_mmd=0.120  loss_prediction=2339.939  loss_true_values=4149.840  loss_total_vae_epoch=14032.185  
Saved model at epoch 5
lr: 1.1787686347935866e-06
Losses: {'total_vae': tensor(13535.8438, device='cuda:0', grad_fn=<AddBackward0>), 'recon': tensor(7021.5024, device='cuda:0', grad_fn=<MulBackward0>), 'kld': tensor(17.1353, device='cuda:0', grad_fn=<MulBackward0>), 'vae_mmd': tensor(0.1218, device='cuda:0', grad_fn=<MulBackward0>), 'prediction': tensor(2333.8103, device='cuda:0', grad_fn=<MulBackward0>), 'true_values': tensor(4163.2744, device='cuda:0', grad_fn=<MulBackward0>)}
Losses: {'total_vae': tensor(13312.7246, device='cuda:0', grad_fn=<AddBackward0>), 'recon': tensor(6903.7402, device='cuda:0', grad_fn=<MulBackward0>), 'kld': tensor(23.9451, device='cuda:0', grad_fn=<MulBackward0>), 'vae_mmd': tensor(0.1559, device='cuda:0', grad_fn=<MulBackward0>), 'prediction': tensor(2364.3235, device='cuda:0', grad_fn=<MulBackward0>), 'true_values': tensor(4020.5601, device='cuda:0', grad_fn=<MulBackward0>)}
Losses: {'total_vae': tensor(13204.8164, device='cuda:0', grad_fn=<AddBackward0>), 'recon': tensor(6782.5791, device='cuda:0', grad_fn=<MulBackward0>), 'kld': tensor(26.7675, device='cuda:0', grad_fn=<MulBackward0>), 'vae_mmd': tensor(0.1724, device='cuda:0', grad_fn=<MulBackward0>), 'prediction': tensor(2390.5757, device='cuda:0', grad_fn=<MulBackward0>), 'true_values': tensor(4004.7217, device='cuda:0', grad_fn=<MulBackward0>)}
Losses: {'total_vae': tensor(13067.1289, device='cuda:0', grad_fn=<AddBackward0>), 'recon': tensor(6733.6821, device='cuda:0', grad_fn=<MulBackward0>), 'kld': tensor(28.1901, device='cuda:0', grad_fn=<MulBackward0>), 'vae_mmd': tensor(0.1724, device='cuda:0', grad_fn=<MulBackward0>), 'prediction': tensor(2350.5186, device='cuda:0', grad_fn=<MulBackward0>), 'true_values': tensor(3954.5662, device='cuda:0', grad_fn=<MulBackward0>)}
[5:11999]  loss_total_vae=12999.428  loss_recon=6700.126  loss_kld=29.486  loss_vae_mmd=0.176  loss_prediction=2378.806  loss_true_values=3890.833  loss_total_vae_epoch=13174.249  
Saved model at epoch 6
lr: 1.9306977288832498e-06
Losses: {'total_vae': tensor(12987.2598, device='cuda:0', grad_fn=<AddBackward0>), 'recon': tensor(6692.0474, device='cuda:0', grad_fn=<MulBackward0>), 'kld': tensor(29.4175, device='cuda:0', grad_fn=<MulBackward0>), 'vae_mmd': tensor(0.1697, device='cuda:0', grad_fn=<MulBackward0>), 'prediction': tensor(2320.5728, device='cuda:0', grad_fn=<MulBackward0>), 'true_values': tensor(3945.0527, device='cuda:0', grad_fn=<MulBackward0>)}
Losses: {'total_vae': tensor(12894.5176, device='cuda:0', grad_fn=<AddBackward0>), 'recon': tensor(6635.8472, device='cuda:0', grad_fn=<MulBackward0>), 'kld': tensor(31.7085, device='cuda:0', grad_fn=<MulBackward0>), 'vae_mmd': tensor(0.1672, device='cuda:0', grad_fn=<MulBackward0>), 'prediction': tensor(2362.3616, device='cuda:0', grad_fn=<MulBackward0>), 'true_values': tensor(3864.4331, device='cuda:0', grad_fn=<MulBackward0>)}
Losses: {'total_vae': tensor(12854.5068, device='cuda:0', grad_fn=<AddBackward0>), 'recon': tensor(6619.2266, device='cuda:0', grad_fn=<MulBackward0>), 'kld': tensor(34.4369, device='cuda:0', grad_fn=<MulBackward0>), 'vae_mmd': tensor(0.1612, device='cuda:0', grad_fn=<MulBackward0>), 'prediction': tensor(2364.2334, device='cuda:0', grad_fn=<MulBackward0>), 'true_values': tensor(3836.4480, device='cuda:0', grad_fn=<MulBackward0>)}
Losses: {'total_vae': tensor(12717.2900, device='cuda:0', grad_fn=<AddBackward0>), 'recon': tensor(6561.6787, device='cuda:0', grad_fn=<MulBackward0>), 'kld': tensor(37.0803, device='cuda:0', grad_fn=<MulBackward0>), 'vae_mmd': tensor(0.1570, device='cuda:0', grad_fn=<MulBackward0>), 'prediction': tensor(2340.6921, device='cuda:0', grad_fn=<MulBackward0>), 'true_values': tensor(3777.6816, device='cuda:0', grad_fn=<MulBackward0>)}
[6:13999]  loss_total_vae=12631.851  loss_recon=6548.414  loss_kld=40.433  loss_vae_mmd=0.148  loss_prediction=2291.546  loss_true_values=3751.310  loss_total_vae_epoch=12780.067  
Saved model at epoch 7
lr: 3.162277660168379e-06
Losses: {'total_vae': tensor(12692.9043, device='cuda:0', grad_fn=<AddBackward0>), 'recon': tensor(6554.2500, device='cuda:0', grad_fn=<MulBackward0>), 'kld': tensor(40.4593, device='cuda:0', grad_fn=<MulBackward0>), 'vae_mmd': tensor(0.1496, device='cuda:0', grad_fn=<MulBackward0>), 'prediction': tensor(2330.7495, device='cuda:0', grad_fn=<MulBackward0>), 'true_values': tensor(3767.2959, device='cuda:0', grad_fn=<MulBackward0>)}
Losses: {'total_vae': tensor(12592.7949, device='cuda:0', grad_fn=<AddBackward0>), 'recon': tensor(6530.2266, device='cuda:0', grad_fn=<MulBackward0>), 'kld': tensor(45.6100, device='cuda:0', grad_fn=<MulBackward0>), 'vae_mmd': tensor(0.1470, device='cuda:0', grad_fn=<MulBackward0>), 'prediction': tensor(2327.7803, device='cuda:0', grad_fn=<MulBackward0>), 'true_values': tensor(3689.0310, device='cuda:0', grad_fn=<MulBackward0>)}
Losses: {'total_vae': tensor(12515.0635, device='cuda:0', grad_fn=<AddBackward0>), 'recon': tensor(6521.8975, device='cuda:0', grad_fn=<MulBackward0>), 'kld': tensor(51.9593, device='cuda:0', grad_fn=<MulBackward0>), 'vae_mmd': tensor(0.1434, device='cuda:0', grad_fn=<MulBackward0>), 'prediction': tensor(2337.1860, device='cuda:0', grad_fn=<MulBackward0>), 'true_values': tensor(3603.8767, device='cuda:0', grad_fn=<MulBackward0>)}
Losses: {'total_vae': tensor(12345.5762, device='cuda:0', grad_fn=<AddBackward0>), 'recon': tensor(6513.8359, device='cuda:0', grad_fn=<MulBackward0>), 'kld': tensor(59.2841, device='cuda:0', grad_fn=<MulBackward0>), 'vae_mmd': tensor(0.1421, device='cuda:0', grad_fn=<MulBackward0>), 'prediction': tensor(2302.3425, device='cuda:0', grad_fn=<MulBackward0>), 'true_values': tensor(3469.9712, device='cuda:0', grad_fn=<MulBackward0>)}
[7:15999]  loss_total_vae=12175.439  loss_recon=6500.157  loss_kld=66.759  loss_vae_mmd=0.142  loss_prediction=2274.760  loss_true_values=3333.622  loss_total_vae_epoch=12459.070  
Saved model at epoch 8
lr: 5.179474679231212e-06
Losses: {'total_vae': tensor(12276.8340, device='cuda:0', grad_fn=<AddBackward0>), 'recon': tensor(6508.4097, device='cuda:0', grad_fn=<MulBackward0>), 'kld': tensor(66.9172, device='cuda:0', grad_fn=<MulBackward0>), 'vae_mmd': tensor(0.1406, device='cuda:0', grad_fn=<MulBackward0>), 'prediction': tensor(2330.0322, device='cuda:0', grad_fn=<MulBackward0>), 'true_values': tensor(3371.3345, device='cuda:0', grad_fn=<MulBackward0>)}
Losses: {'total_vae': tensor(12115.0498, device='cuda:0', grad_fn=<AddBackward0>), 'recon': tensor(6506.2637, device='cuda:0', grad_fn=<MulBackward0>), 'kld': tensor(75.8058, device='cuda:0', grad_fn=<MulBackward0>), 'vae_mmd': tensor(0.1443, device='cuda:0', grad_fn=<MulBackward0>), 'prediction': tensor(2287.4863, device='cuda:0', grad_fn=<MulBackward0>), 'true_values': tensor(3245.3506, device='cuda:0', grad_fn=<MulBackward0>)}
tracking changes
Losses: {'total_vae': tensor(11934.8359, device='cuda:0', grad_fn=<AddBackward0>), 'recon': tensor(6486.5430, device='cuda:0', grad_fn=<MulBackward0>), 'kld': tensor(78.1879, device='cuda:0', grad_fn=<MulBackward0>), 'vae_mmd': tensor(0.1482, device='cuda:0', grad_fn=<MulBackward0>), 'prediction': tensor(2238.5791, device='cuda:0', grad_fn=<MulBackward0>), 'true_values': tensor(3131.3777, device='cuda:0', grad_fn=<MulBackward0>)}
Losses: {'total_vae': tensor(11918.3242, device='cuda:0', grad_fn=<AddBackward0>), 'recon': tensor(6482.7095, device='cuda:0', grad_fn=<MulBackward0>), 'kld': tensor(82.3598, device='cuda:0', grad_fn=<MulBackward0>), 'vae_mmd': tensor(0.1608, device='cuda:0', grad_fn=<MulBackward0>), 'prediction': tensor(2302.0234, device='cuda:0', grad_fn=<MulBackward0>), 'true_values': tensor(3051.0706, device='cuda:0', grad_fn=<MulBackward0>)}
[8:17999]  loss_total_vae=11827.913  loss_recon=6475.483  loss_kld=81.430  loss_vae_mmd=0.163  loss_prediction=2217.593  loss_true_values=3053.243  loss_total_vae_epoch=11980.734  
Saved model at epoch 9
lr: 8.483428982440726e-06
Losses: {'total_vae': tensor(11843.5625, device='cuda:0', grad_fn=<AddBackward0>), 'recon': tensor(6465.9585, device='cuda:0', grad_fn=<MulBackward0>), 'kld': tensor(79.7808, device='cuda:0', grad_fn=<MulBackward0>), 'vae_mmd': tensor(0.1602, device='cuda:0', grad_fn=<MulBackward0>), 'prediction': tensor(2202.5293, device='cuda:0', grad_fn=<MulBackward0>), 'true_values': tensor(3095.1340, device='cuda:0', grad_fn=<MulBackward0>)}
Losses: {'total_vae': tensor(11734.6055, device='cuda:0', grad_fn=<AddBackward0>), 'recon': tensor(6464.9600, device='cuda:0', grad_fn=<MulBackward0>), 'kld': tensor(86.5479, device='cuda:0', grad_fn=<MulBackward0>), 'vae_mmd': tensor(0.1741, device='cuda:0', grad_fn=<MulBackward0>), 'prediction': tensor(2200.1938, device='cuda:0', grad_fn=<MulBackward0>), 'true_values': tensor(2982.7300, device='cuda:0', grad_fn=<MulBackward0>)}
Losses: {'total_vae': tensor(11607.9863, device='cuda:0', grad_fn=<AddBackward0>), 'recon': tensor(6464.5210, device='cuda:0', grad_fn=<MulBackward0>), 'kld': tensor(94.7445, device='cuda:0', grad_fn=<MulBackward0>), 'vae_mmd': tensor(0.1855, device='cuda:0', grad_fn=<MulBackward0>), 'prediction': tensor(2147.9604, device='cuda:0', grad_fn=<MulBackward0>), 'true_values': tensor(2900.5737, device='cuda:0', grad_fn=<MulBackward0>)}
Losses: {'total_vae': tensor(11620.2676, device='cuda:0', grad_fn=<AddBackward0>), 'recon': tensor(6448.7744, device='cuda:0', grad_fn=<MulBackward0>), 'kld': tensor(94.2913, device='cuda:0', grad_fn=<MulBackward0>), 'vae_mmd': tensor(0.1847, device='cuda:0', grad_fn=<MulBackward0>), 'prediction': tensor(2195.3845, device='cuda:0', grad_fn=<MulBackward0>), 'true_values': tensor(2881.6326, device='cuda:0', grad_fn=<MulBackward0>)}
[9:19999]  loss_total_vae=11522.680  loss_recon=6453.583  loss_kld=96.896  loss_vae_mmd=0.189  loss_prediction=2139.908  loss_true_values=2832.104  loss_total_vae_epoch=11669.491  
Saved model at epoch 10
lr: 1.3894954943731361e-05
Losses: {'total_vae': tensor(11540.7100, device='cuda:0', grad_fn=<AddBackward0>), 'recon': tensor(6453.0835, device='cuda:0', grad_fn=<MulBackward0>), 'kld': tensor(102.3194, device='cuda:0', grad_fn=<MulBackward0>), 'vae_mmd': tensor(0.1965, device='cuda:0', grad_fn=<MulBackward0>), 'prediction': tensor(2191.5637, device='cuda:0', grad_fn=<MulBackward0>), 'true_values': tensor(2793.5469, device='cuda:0', grad_fn=<MulBackward0>)}
Losses: {'total_vae': tensor(11349.0039, device='cuda:0', grad_fn=<AddBackward0>), 'recon': tensor(6456.0103, device='cuda:0', grad_fn=<MulBackward0>), 'kld': tensor(105.0566, device='cuda:0', grad_fn=<MulBackward0>), 'vae_mmd': tensor(0.2100, device='cuda:0', grad_fn=<MulBackward0>), 'prediction': tensor(2073.1123, device='cuda:0', grad_fn=<MulBackward0>), 'true_values': tensor(2714.6147, device='cuda:0', grad_fn=<MulBackward0>)}
Losses: {'total_vae': tensor(11311.4248, device='cuda:0', grad_fn=<AddBackward0>), 'recon': tensor(6451.2461, device='cuda:0', grad_fn=<MulBackward0>), 'kld': tensor(107.6063, device='cuda:0', grad_fn=<MulBackward0>), 'vae_mmd': tensor(0.2183, device='cuda:0', grad_fn=<MulBackward0>), 'prediction': tensor(2075.5796, device='cuda:0', grad_fn=<MulBackward0>), 'true_values': tensor(2676.7744, device='cuda:0', grad_fn=<MulBackward0>)}
Losses: {'total_vae': tensor(11185.4355, device='cuda:0', grad_fn=<AddBackward0>), 'recon': tensor(6444.0249, device='cuda:0', grad_fn=<MulBackward0>), 'kld': tensor(107.4883, device='cuda:0', grad_fn=<MulBackward0>), 'vae_mmd': tensor(0.2100, device='cuda:0', grad_fn=<MulBackward0>), 'prediction': tensor(2058.9204, device='cuda:0', grad_fn=<MulBackward0>), 'true_values': tensor(2574.7915, device='cuda:0', grad_fn=<MulBackward0>)}
[10:21999]  loss_total_vae=10953.684  loss_recon=6450.742  loss_kld=113.385  loss_vae_mmd=0.232  loss_prediction=1944.969  loss_true_values=2444.356  loss_total_vae_epoch=11293.074  
Saved model at epoch 11
lr: 2.275845926074791e-05
Losses: {'total_vae': tensor(11073.4492, device='cuda:0', grad_fn=<AddBackward0>), 'recon': tensor(6435.2075, device='cuda:0', grad_fn=<MulBackward0>), 'kld': tensor(109.4151, device='cuda:0', grad_fn=<MulBackward0>), 'vae_mmd': tensor(0.2163, device='cuda:0', grad_fn=<MulBackward0>), 'prediction': tensor(2004.6978, device='cuda:0', grad_fn=<MulBackward0>), 'true_values': tensor(2523.9119, device='cuda:0', grad_fn=<MulBackward0>)}
Losses: {'total_vae': tensor(10893.1377, device='cuda:0', grad_fn=<AddBackward0>), 'recon': tensor(6444.9082, device='cuda:0', grad_fn=<MulBackward0>), 'kld': tensor(124.9051, device='cuda:0', grad_fn=<MulBackward0>), 'vae_mmd': tensor(0.2531, device='cuda:0', grad_fn=<MulBackward0>), 'prediction': tensor(2010.3524, device='cuda:0', grad_fn=<MulBackward0>), 'true_values': tensor(2312.7190, device='cuda:0', grad_fn=<MulBackward0>)}
Losses: {'total_vae': tensor(10784.0850, device='cuda:0', grad_fn=<AddBackward0>), 'recon': tensor(6431.7969, device='cuda:0', grad_fn=<MulBackward0>), 'kld': tensor(125.4586, device='cuda:0', grad_fn=<MulBackward0>), 'vae_mmd': tensor(0.2407, device='cuda:0', grad_fn=<MulBackward0>), 'prediction': tensor(1908.2935, device='cuda:0', grad_fn=<MulBackward0>), 'true_values': tensor(2318.2957, device='cuda:0', grad_fn=<MulBackward0>)}
Losses: {'total_vae': tensor(10765.7705, device='cuda:0', grad_fn=<AddBackward0>), 'recon': tensor(6449.4351, device='cuda:0', grad_fn=<MulBackward0>), 'kld': tensor(133.8367, device='cuda:0', grad_fn=<MulBackward0>), 'vae_mmd': tensor(0.2608, device='cuda:0', grad_fn=<MulBackward0>), 'prediction': tensor(2015.7614, device='cuda:0', grad_fn=<MulBackward0>), 'true_values': tensor(2166.4766, device='cuda:0', grad_fn=<MulBackward0>)}
[11:23999]  loss_total_vae=10742.118  loss_recon=6454.444  loss_kld=143.284  loss_vae_mmd=0.277  loss_prediction=1953.905  loss_true_values=2190.208  loss_total_vae_epoch=10844.255  
Saved model at epoch 12
lr: 3.727593720314938e-05
Losses: {'total_vae': tensor(10685.0059, device='cuda:0', grad_fn=<AddBackward0>), 'recon': tensor(6442.3071, device='cuda:0', grad_fn=<MulBackward0>), 'kld': tensor(127.4009, device='cuda:0', grad_fn=<MulBackward0>), 'vae_mmd': tensor(0.2498, device='cuda:0', grad_fn=<MulBackward0>), 'prediction': tensor(1958.9485, device='cuda:0', grad_fn=<MulBackward0>), 'true_values': tensor(2156.0991, device='cuda:0', grad_fn=<MulBackward0>)}
Losses: {'total_vae': tensor(10604.3408, device='cuda:0', grad_fn=<AddBackward0>), 'recon': tensor(6431.7700, device='cuda:0', grad_fn=<MulBackward0>), 'kld': tensor(132.4298, device='cuda:0', grad_fn=<MulBackward0>), 'vae_mmd': tensor(0.2538, device='cuda:0', grad_fn=<MulBackward0>), 'prediction': tensor(1810.1786, device='cuda:0', grad_fn=<MulBackward0>), 'true_values': tensor(2229.7087, device='cuda:0', grad_fn=<MulBackward0>)}
tracking changes
Losses: {'total_vae': tensor(10376.8125, device='cuda:0', grad_fn=<AddBackward0>), 'recon': tensor(6431.7461, device='cuda:0', grad_fn=<MulBackward0>), 'kld': tensor(141.9307, device='cuda:0', grad_fn=<MulBackward0>), 'vae_mmd': tensor(0.2796, device='cuda:0', grad_fn=<MulBackward0>), 'prediction': tensor(1777.8396, device='cuda:0', grad_fn=<MulBackward0>), 'true_values': tensor(2025.0164, device='cuda:0', grad_fn=<MulBackward0>)}
Losses: {'total_vae': tensor(10386.5889, device='cuda:0', grad_fn=<AddBackward0>), 'recon': tensor(6432.8647, device='cuda:0', grad_fn=<MulBackward0>), 'kld': tensor(145.9905, device='cuda:0', grad_fn=<MulBackward0>), 'vae_mmd': tensor(0.2779, device='cuda:0', grad_fn=<MulBackward0>), 'prediction': tensor(1852.0460, device='cuda:0', grad_fn=<MulBackward0>), 'true_values': tensor(1955.4089, device='cuda:0', grad_fn=<MulBackward0>)}
[12:25999]  loss_total_vae=10134.983  loss_recon=6444.666  loss_kld=153.123  loss_vae_mmd=0.286  loss_prediction=1649.962  loss_true_values=1886.946  loss_total_vae_epoch=10436.281  
Saved model at epoch 13
lr: 6.105402296585326e-05
Losses: {'total_vae': tensor(10222.6982, device='cuda:0', grad_fn=<AddBackward0>), 'recon': tensor(6438.3115, device='cuda:0', grad_fn=<MulBackward0>), 'kld': tensor(164.1437, device='cuda:0', grad_fn=<MulBackward0>), 'vae_mmd': tensor(0.2910, device='cuda:0', grad_fn=<MulBackward0>), 'prediction': tensor(1696.1731, device='cuda:0', grad_fn=<MulBackward0>), 'true_values': tensor(1923.7792, device='cuda:0', grad_fn=<MulBackward0>)}
Losses: {'total_vae': tensor(10085.5205, device='cuda:0', grad_fn=<AddBackward0>), 'recon': tensor(6437.1582, device='cuda:0', grad_fn=<MulBackward0>), 'kld': tensor(166.0031, device='cuda:0', grad_fn=<MulBackward0>), 'vae_mmd': tensor(0.3125, device='cuda:0', grad_fn=<MulBackward0>), 'prediction': tensor(1648.0698, device='cuda:0', grad_fn=<MulBackward0>), 'true_values': tensor(1833.9779, device='cuda:0', grad_fn=<MulBackward0>)}
Losses: {'total_vae': tensor(10047.1777, device='cuda:0', grad_fn=<AddBackward0>), 'recon': tensor(6433.6543, device='cuda:0', grad_fn=<MulBackward0>), 'kld': tensor(166.3956, device='cuda:0', grad_fn=<MulBackward0>), 'vae_mmd': tensor(0.3101, device='cuda:0', grad_fn=<MulBackward0>), 'prediction': tensor(1647.5553, device='cuda:0', grad_fn=<MulBackward0>), 'true_values': tensor(1799.2627, device='cuda:0', grad_fn=<MulBackward0>)}
Losses: {'total_vae': tensor(9844.5586, device='cuda:0', grad_fn=<AddBackward0>), 'recon': tensor(6426.0112, device='cuda:0', grad_fn=<MulBackward0>), 'kld': tensor(165.6553, device='cuda:0', grad_fn=<MulBackward0>), 'vae_mmd': tensor(0.3074, device='cuda:0', grad_fn=<MulBackward0>), 'prediction': tensor(1506.6707, device='cuda:0', grad_fn=<MulBackward0>), 'true_values': tensor(1745.9137, device='cuda:0', grad_fn=<MulBackward0>)}
[13:27999]  loss_total_vae=9794.375  loss_recon=6425.541  loss_kld=160.075  loss_vae_mmd=0.299  loss_prediction=1467.510  loss_true_values=1740.950  loss_total_vae_epoch=10044.793  
Saved model at epoch 14
lr: 0.0001
Losses: {'total_vae': tensor(9812.3701, device='cuda:0', grad_fn=<AddBackward0>), 'recon': tensor(6426.4072, device='cuda:0', grad_fn=<MulBackward0>), 'kld': tensor(176.7908, device='cuda:0', grad_fn=<MulBackward0>), 'vae_mmd': tensor(0.3345, device='cuda:0', grad_fn=<MulBackward0>), 'prediction': tensor(1507.7113, device='cuda:0', grad_fn=<MulBackward0>), 'true_values': tensor(1701.1257, device='cuda:0', grad_fn=<MulBackward0>)}
Losses: {'total_vae': tensor(9762.1025, device='cuda:0', grad_fn=<AddBackward0>), 'recon': tensor(6425.7085, device='cuda:0', grad_fn=<MulBackward0>), 'kld': tensor(177.8816, device='cuda:0', grad_fn=<MulBackward0>), 'vae_mmd': tensor(0.3380, device='cuda:0', grad_fn=<MulBackward0>), 'prediction': tensor(1463.8910, device='cuda:0', grad_fn=<MulBackward0>), 'true_values': tensor(1694.2841, device='cuda:0', grad_fn=<MulBackward0>)}
Losses: {'total_vae': tensor(9584.5566, device='cuda:0', grad_fn=<AddBackward0>), 'recon': tensor(6426.4766, device='cuda:0', grad_fn=<MulBackward0>), 'kld': tensor(173.1080, device='cuda:0', grad_fn=<MulBackward0>), 'vae_mmd': tensor(0.3285, device='cuda:0', grad_fn=<MulBackward0>), 'prediction': tensor(1342.9388, device='cuda:0', grad_fn=<MulBackward0>), 'true_values': tensor(1641.7051, device='cuda:0', grad_fn=<MulBackward0>)}
Losses: {'total_vae': tensor(9503.2646, device='cuda:0', grad_fn=<AddBackward0>), 'recon': tensor(6420.5034, device='cuda:0', grad_fn=<MulBackward0>), 'kld': tensor(171.9132, device='cuda:0', grad_fn=<MulBackward0>), 'vae_mmd': tensor(0.3254, device='cuda:0', grad_fn=<MulBackward0>), 'prediction': tensor(1278.0253, device='cuda:0', grad_fn=<MulBackward0>), 'true_values': tensor(1632.4979, device='cuda:0', grad_fn=<MulBackward0>)}
[14:29999]  loss_total_vae=9340.477  loss_recon=6421.063  loss_kld=169.636  loss_vae_mmd=0.334  loss_prediction=1172.032  loss_true_values=1577.411  loss_total_vae_epoch=9642.070  
Saved model at epoch 15
lr: 9e-05
Losses: {'total_vae': tensor(9409.7500, device='cuda:0', grad_fn=<AddBackward0>), 'recon': tensor(6414.1909, device='cuda:0', grad_fn=<MulBackward0>), 'kld': tensor(178.9982, device='cuda:0', grad_fn=<MulBackward0>), 'vae_mmd': tensor(0.3457, device='cuda:0', grad_fn=<MulBackward0>), 'prediction': tensor(1284.6970, device='cuda:0', grad_fn=<MulBackward0>), 'true_values': tensor(1531.5184, device='cuda:0', grad_fn=<MulBackward0>)}
Losses: {'total_vae': tensor(9206.7568, device='cuda:0', grad_fn=<AddBackward0>), 'recon': tensor(6420.8086, device='cuda:0', grad_fn=<MulBackward0>), 'kld': tensor(188.2816, device='cuda:0', grad_fn=<MulBackward0>), 'vae_mmd': tensor(0.3533, device='cuda:0', grad_fn=<MulBackward0>), 'prediction': tensor(1087.0338, device='cuda:0', grad_fn=<MulBackward0>), 'true_values': tensor(1510.2798, device='cuda:0', grad_fn=<MulBackward0>)}
Losses: {'total_vae': tensor(9408.7998, device='cuda:0', grad_fn=<AddBackward0>), 'recon': tensor(6419.2368, device='cuda:0', grad_fn=<MulBackward0>), 'kld': tensor(182.1983, device='cuda:0', grad_fn=<MulBackward0>), 'vae_mmd': tensor(0.3421, device='cuda:0', grad_fn=<MulBackward0>), 'prediction': tensor(1271.6976, device='cuda:0', grad_fn=<MulBackward0>), 'true_values': tensor(1535.3248, device='cuda:0', grad_fn=<MulBackward0>)}
Losses: {'total_vae': tensor(9224.6025, device='cuda:0', grad_fn=<AddBackward0>), 'recon': tensor(6411.6060, device='cuda:0', grad_fn=<MulBackward0>), 'kld': tensor(190.2787, device='cuda:0', grad_fn=<MulBackward0>), 'vae_mmd': tensor(0.3745, device='cuda:0', grad_fn=<MulBackward0>), 'prediction': tensor(1131.1089, device='cuda:0', grad_fn=<MulBackward0>), 'true_values': tensor(1491.2345, device='cuda:0', grad_fn=<MulBackward0>)}
[15:31999]  loss_total_vae=9276.102  loss_recon=6411.587  loss_kld=173.644  loss_vae_mmd=0.350  loss_prediction=1173.248  loss_true_values=1517.271  loss_total_vae_epoch=9330.490  
Saved model at epoch 16
lr: 8.1e-05
Losses: {'total_vae': tensor(9270.7090, device='cuda:0', grad_fn=<AddBackward0>), 'recon': tensor(6418.6943, device='cuda:0', grad_fn=<MulBackward0>), 'kld': tensor(191.4571, device='cuda:0', grad_fn=<MulBackward0>), 'vae_mmd': tensor(0.3726, device='cuda:0', grad_fn=<MulBackward0>), 'prediction': tensor(1165.6471, device='cuda:0', grad_fn=<MulBackward0>), 'true_values': tensor(1494.5383, device='cuda:0', grad_fn=<MulBackward0>)}
Losses: {'total_vae': tensor(9184.9463, device='cuda:0', grad_fn=<AddBackward0>), 'recon': tensor(6418.9351, device='cuda:0', grad_fn=<MulBackward0>), 'kld': tensor(181.1212, device='cuda:0', grad_fn=<MulBackward0>), 'vae_mmd': tensor(0.3535, device='cuda:0', grad_fn=<MulBackward0>), 'prediction': tensor(1112.4127, device='cuda:0', grad_fn=<MulBackward0>), 'true_values': tensor(1472.1240, device='cuda:0', grad_fn=<MulBackward0>)}
Losses: {'total_vae': tensor(9183.8311, device='cuda:0', grad_fn=<AddBackward0>), 'recon': tensor(6423.5063, device='cuda:0', grad_fn=<MulBackward0>), 'kld': tensor(178.9503, device='cuda:0', grad_fn=<MulBackward0>), 'vae_mmd': tensor(0.3460, device='cuda:0', grad_fn=<MulBackward0>), 'prediction': tensor(1172.5745, device='cuda:0', grad_fn=<MulBackward0>), 'true_values': tensor(1408.4545, device='cuda:0', grad_fn=<MulBackward0>)}
tracking changes
Validation stop evaluation
33175 16
   epoch         rec         kld    latent       bce       acc
0    5.0  7230.59626    2.731066  0.694596  2.323851  0.820123
1    9.0  6497.18400   75.536618  0.458598  2.263161  0.822364
2   13.0  6437.69196  141.061517  0.295487  1.799709  0.837705
3   17.0  6412.38189  176.815457  0.209190  1.088711  0.882274
Losses: {'total_vae': tensor(9144.8457, device='cuda:0', grad_fn=<AddBackward0>), 'recon': tensor(6404.3696, device='cuda:0', grad_fn=<MulBackward0>), 'kld': tensor(181.9969, device='cuda:0', grad_fn=<MulBackward0>), 'vae_mmd': tensor(0.3498, device='cuda:0', grad_fn=<MulBackward0>), 'prediction': tensor(1096.9583, device='cuda:0', grad_fn=<MulBackward0>), 'true_values': tensor(1461.1710, device='cuda:0', grad_fn=<MulBackward0>)}
[16:33999]  loss_total_vae=9150.914  loss_recon=6406.855  loss_kld=178.797  loss_vae_mmd=0.358  loss_prediction=1129.119  loss_true_values=1435.785  loss_total_vae_epoch=9161.590  
Saved model at epoch 17
lr: 7.290000000000001e-05
