0
Pre-Processing mpi3d_toy
labels (1036800, 7)
All classes percentages: [0.1697530864197531, 0.1388888888888889, 0.1388888888888889, 0.15123456790123457, 0.10185185185185185, 0.0787037037037037, 0.044753086419753084, 0.05092592592592592, 0.06944444444444445, 0.05555555555555555]
Shape of latents for mpi3d: (1036800, 21)
Dataset dimensions
829440 103680 103680
Initialized GrayVAE_Join model
## Initializing Train indexes
->path chosen:: logs/mpi3d_toy__GrayVAE_Join/gridsearch/beta5
lr: 1e-07
Losses: {'total_vae': tensor(10303.0176, device='cuda:0', grad_fn=<AddBackward0>), 'recon': tensor(7962.7822, device='cuda:0', grad_fn=<MulBackward0>), 'kld': tensor(0.1906, device='cuda:0', grad_fn=<MulBackward0>), 'prediction': tensor(2340.0444, device='cuda:0', grad_fn=<MulBackward0>), 'true_values': tensor(-1)}
Losses: {'total_vae': tensor(16398.7832, device='cuda:0', grad_fn=<AddBackward0>), 'recon': tensor(7963.3462, device='cuda:0', grad_fn=<MulBackward0>), 'kld': tensor(0.1898, device='cuda:0', grad_fn=<MulBackward0>), 'prediction': tensor(2346.8855, device='cuda:0', grad_fn=<MulBackward0>), 'true_values': tensor(6088.3608, device='cuda:0', grad_fn=<MulBackward0>)}
Losses: {'total_vae': tensor(10353.5459, device='cuda:0', grad_fn=<AddBackward0>), 'recon': tensor(7959.0078, device='cuda:0', grad_fn=<MulBackward0>), 'kld': tensor(0.1882, device='cuda:0', grad_fn=<MulBackward0>), 'prediction': tensor(2394.3501, device='cuda:0', grad_fn=<MulBackward0>), 'true_values': tensor(-1)}
Losses: {'total_vae': tensor(15990.3691, device='cuda:0', grad_fn=<AddBackward0>), 'recon': tensor(7956.6963, device='cuda:0', grad_fn=<MulBackward0>), 'kld': tensor(0.1870, device='cuda:0', grad_fn=<MulBackward0>), 'prediction': tensor(2289.9353, device='cuda:0', grad_fn=<MulBackward0>), 'true_values': tensor(5743.5508, device='cuda:0', grad_fn=<MulBackward0>)}
Losses: {'total_vae': tensor(10244.1406, device='cuda:0', grad_fn=<AddBackward0>), 'recon': tensor(7956.5796, device='cuda:0', grad_fn=<MulBackward0>), 'kld': tensor(0.1867, device='cuda:0', grad_fn=<MulBackward0>), 'prediction': tensor(2287.3745, device='cuda:0', grad_fn=<MulBackward0>), 'true_values': tensor(-1)}
Losses: {'total_vae': tensor(17801.6055, device='cuda:0', grad_fn=<AddBackward0>), 'recon': tensor(7951.6450, device='cuda:0', grad_fn=<MulBackward0>), 'kld': tensor(0.1856, device='cuda:0', grad_fn=<MulBackward0>), 'prediction': tensor(2358.3293, device='cuda:0', grad_fn=<MulBackward0>), 'true_values': tensor(7491.4458, device='cuda:0', grad_fn=<MulBackward0>)}
Losses: {'total_vae': tensor(10304.1953, device='cuda:0', grad_fn=<AddBackward0>), 'recon': tensor(7950.3975, device='cuda:0', grad_fn=<MulBackward0>), 'kld': tensor(0.1865, device='cuda:0', grad_fn=<MulBackward0>), 'prediction': tensor(2353.6118, device='cuda:0', grad_fn=<MulBackward0>), 'true_values': tensor(-1)}
Losses: {'total_vae': tensor(16642.1387, device='cuda:0', grad_fn=<AddBackward0>), 'recon': tensor(7948.4150, device='cuda:0', grad_fn=<MulBackward0>), 'kld': tensor(0.1861, device='cuda:0', grad_fn=<MulBackward0>), 'prediction': tensor(2350.2107, device='cuda:0', grad_fn=<MulBackward0>), 'true_values': tensor(6343.3271, device='cuda:0', grad_fn=<MulBackward0>)}
Losses: {'total_vae': tensor(16180.3340, device='cuda:0', grad_fn=<AddBackward0>), 'recon': tensor(7947.5078, device='cuda:0', grad_fn=<MulBackward0>), 'kld': tensor(0.1876, device='cuda:0', grad_fn=<MulBackward0>), 'prediction': tensor(2357.7153, device='cuda:0', grad_fn=<MulBackward0>), 'true_values': tensor(5874.9238, device='cuda:0', grad_fn=<MulBackward0>)}
Losses: {'total_vae': tensor(10283.5947, device='cuda:0', grad_fn=<AddBackward0>), 'recon': tensor(7947.6885, device='cuda:0', grad_fn=<MulBackward0>), 'kld': tensor(0.1892, device='cuda:0', grad_fn=<MulBackward0>), 'prediction': tensor(2335.7170, device='cuda:0', grad_fn=<MulBackward0>), 'true_values': tensor(-1)}
Losses: {'total_vae': tensor(16128.3447, device='cuda:0', grad_fn=<AddBackward0>), 'recon': tensor(7943.8125, device='cuda:0', grad_fn=<MulBackward0>), 'kld': tensor(0.1907, device='cuda:0', grad_fn=<MulBackward0>), 'prediction': tensor(2286.7288, device='cuda:0', grad_fn=<MulBackward0>), 'true_values': tensor(5897.6123, device='cuda:0', grad_fn=<MulBackward0>)}
Losses: {'total_vae': tensor(16373.6582, device='cuda:0', grad_fn=<AddBackward0>), 'recon': tensor(7941.2573, device='cuda:0', grad_fn=<MulBackward0>), 'kld': tensor(0.1922, device='cuda:0', grad_fn=<MulBackward0>), 'prediction': tensor(2328.4067, device='cuda:0', grad_fn=<MulBackward0>), 'true_values': tensor(6103.8013, device='cuda:0', grad_fn=<MulBackward0>)}
Losses: {'total_vae': tensor(14869.5078, device='cuda:0', grad_fn=<AddBackward0>), 'recon': tensor(7939.8560, device='cuda:0', grad_fn=<MulBackward0>), 'kld': tensor(0.1937, device='cuda:0', grad_fn=<MulBackward0>), 'prediction': tensor(2359.3855, device='cuda:0', grad_fn=<MulBackward0>), 'true_values': tensor(4570.0723, device='cuda:0', grad_fn=<MulBackward0>)}
Losses: {'total_vae': tensor(15249.0215, device='cuda:0', grad_fn=<AddBackward0>), 'recon': tensor(7937.2861, device='cuda:0', grad_fn=<MulBackward0>), 'kld': tensor(0.1953, device='cuda:0', grad_fn=<MulBackward0>), 'prediction': tensor(2314.3530, device='cuda:0', grad_fn=<MulBackward0>), 'true_values': tensor(4997.1880, device='cuda:0', grad_fn=<MulBackward0>)}
Losses: {'total_vae': tensor(10260.9023, device='cuda:0', grad_fn=<AddBackward0>), 'recon': tensor(7933.7285, device='cuda:0', grad_fn=<MulBackward0>), 'kld': tensor(0.1974, device='cuda:0', grad_fn=<MulBackward0>), 'prediction': tensor(2326.9766, device='cuda:0', grad_fn=<MulBackward0>), 'true_values': tensor(-1)}
Losses: {'total_vae': tensor(10258.4531, device='cuda:0', grad_fn=<AddBackward0>), 'recon': tensor(7931.2437, device='cuda:0', grad_fn=<MulBackward0>), 'kld': tensor(0.2014, device='cuda:0', grad_fn=<MulBackward0>), 'prediction': tensor(2327.0081, device='cuda:0', grad_fn=<MulBackward0>), 'true_values': tensor(-1)}
Losses: {'total_vae': tensor(16764.8359, device='cuda:0', grad_fn=<AddBackward0>), 'recon': tensor(7929.6538, device='cuda:0', grad_fn=<MulBackward0>), 'kld': tensor(0.2042, device='cuda:0', grad_fn=<MulBackward0>), 'prediction': tensor(2355.2454, device='cuda:0', grad_fn=<MulBackward0>), 'true_values': tensor(6479.7314, device='cuda:0', grad_fn=<MulBackward0>)}
[0:8293]  loss_total_vae=15164.593  loss_recon=7927.094  loss_kld=0.206  loss_prediction=2336.084  loss_true_values=4901.208  loss_total_vae_epoch=13904.193  
tracking changes
(20000, 21)
(20000, 21)
Saved model at epoch 1
lr: 1e-06
Losses: {'total_vae': tensor(19274.2383, device='cuda:0', grad_fn=<AddBackward0>), 'recon': tensor(7907.5405, device='cuda:0', grad_fn=<MulBackward0>), 'kld': tensor(0.2230, device='cuda:0', grad_fn=<MulBackward0>), 'prediction': tensor(2327.3601, device='cuda:0', grad_fn=<MulBackward0>), 'true_values': tensor(9039.1133, device='cuda:0', grad_fn=<MulBackward0>)}
Losses: {'total_vae': tensor(13898.5029, device='cuda:0', grad_fn=<AddBackward0>), 'recon': tensor(7373.4688, device='cuda:0', grad_fn=<MulBackward0>), 'kld': tensor(0.2991, device='cuda:0', grad_fn=<MulBackward0>), 'prediction': tensor(2348.3572, device='cuda:0', grad_fn=<MulBackward0>), 'true_values': tensor(4176.3779, device='cuda:0', grad_fn=<MulBackward0>)}
Losses: {'total_vae': tensor(15732.7959, device='cuda:0', grad_fn=<AddBackward0>), 'recon': tensor(7188.3687, device='cuda:0', grad_fn=<MulBackward0>), 'kld': tensor(0.4966, device='cuda:0', grad_fn=<MulBackward0>), 'prediction': tensor(2355.3889, device='cuda:0', grad_fn=<MulBackward0>), 'true_values': tensor(6188.5420, device='cuda:0', grad_fn=<MulBackward0>)}
Losses: {'total_vae': tensor(9512.2627, device='cuda:0', grad_fn=<AddBackward0>), 'recon': tensor(7123.8428, device='cuda:0', grad_fn=<MulBackward0>), 'kld': tensor(0.9534, device='cuda:0', grad_fn=<MulBackward0>), 'prediction': tensor(2387.4663, device='cuda:0', grad_fn=<MulBackward0>), 'true_values': tensor(-1)}
Losses: {'total_vae': tensor(14528.1914, device='cuda:0', grad_fn=<AddBackward0>), 'recon': tensor(7039.7681, device='cuda:0', grad_fn=<MulBackward0>), 'kld': tensor(1.8575, device='cuda:0', grad_fn=<MulBackward0>), 'prediction': tensor(2313.4783, device='cuda:0', grad_fn=<MulBackward0>), 'true_values': tensor(5173.0874, device='cuda:0', grad_fn=<MulBackward0>)}
Losses: {'total_vae': tensor(15562.7773, device='cuda:0', grad_fn=<AddBackward0>), 'recon': tensor(6938.2598, device='cuda:0', grad_fn=<MulBackward0>), 'kld': tensor(3.7513, device='cuda:0', grad_fn=<MulBackward0>), 'prediction': tensor(2325.4526, device='cuda:0', grad_fn=<MulBackward0>), 'true_values': tensor(6295.3135, device='cuda:0', grad_fn=<MulBackward0>)}
Losses: {'total_vae': tensor(14550.7627, device='cuda:0', grad_fn=<AddBackward0>), 'recon': tensor(6858.4336, device='cuda:0', grad_fn=<MulBackward0>), 'kld': tensor(6.8403, device='cuda:0', grad_fn=<MulBackward0>), 'prediction': tensor(2325.9126, device='cuda:0', grad_fn=<MulBackward0>), 'true_values': tensor(5359.5762, device='cuda:0', grad_fn=<MulBackward0>)}
Losses: {'total_vae': tensor(9172.6895, device='cuda:0', grad_fn=<AddBackward0>), 'recon': tensor(6777.4717, device='cuda:0', grad_fn=<MulBackward0>), 'kld': tensor(11.5897, device='cuda:0', grad_fn=<MulBackward0>), 'prediction': tensor(2383.6282, device='cuda:0', grad_fn=<MulBackward0>), 'true_values': tensor(-1)}
Losses: {'total_vae': tensor(15410.8408, device='cuda:0', grad_fn=<AddBackward0>), 'recon': tensor(6737.1807, device='cuda:0', grad_fn=<MulBackward0>), 'kld': tensor(18.7566, device='cuda:0', grad_fn=<MulBackward0>), 'prediction': tensor(2335.7109, device='cuda:0', grad_fn=<MulBackward0>), 'true_values': tensor(6319.1924, device='cuda:0', grad_fn=<MulBackward0>)}
Losses: {'total_vae': tensor(9071.6758, device='cuda:0', grad_fn=<AddBackward0>), 'recon': tensor(6712.3774, device='cuda:0', grad_fn=<MulBackward0>), 'kld': tensor(28.3609, device='cuda:0', grad_fn=<MulBackward0>), 'prediction': tensor(2330.9373, device='cuda:0', grad_fn=<MulBackward0>), 'true_values': tensor(-1)}
Losses: {'total_vae': tensor(9054.0625, device='cuda:0', grad_fn=<AddBackward0>), 'recon': tensor(6675.9131, device='cuda:0', grad_fn=<MulBackward0>), 'kld': tensor(39.9973, device='cuda:0', grad_fn=<MulBackward0>), 'prediction': tensor(2338.1521, device='cuda:0', grad_fn=<MulBackward0>), 'true_values': tensor(-1)}
Losses: {'total_vae': tensor(13419.2041, device='cuda:0', grad_fn=<AddBackward0>), 'recon': tensor(6632.9165, device='cuda:0', grad_fn=<MulBackward0>), 'kld': tensor(52.4026, device='cuda:0', grad_fn=<MulBackward0>), 'prediction': tensor(2336.8794, device='cuda:0', grad_fn=<MulBackward0>), 'true_values': tensor(4397.0059, device='cuda:0', grad_fn=<MulBackward0>)}
Losses: {'total_vae': tensor(13962.3789, device='cuda:0', grad_fn=<AddBackward0>), 'recon': tensor(6624.6055, device='cuda:0', grad_fn=<MulBackward0>), 'kld': tensor(63.3426, device='cuda:0', grad_fn=<MulBackward0>), 'prediction': tensor(2314.3054, device='cuda:0', grad_fn=<MulBackward0>), 'true_values': tensor(4960.1255, device='cuda:0', grad_fn=<MulBackward0>)}
Losses: {'total_vae': tensor(8967.8037, device='cuda:0', grad_fn=<AddBackward0>), 'recon': tensor(6605.5405, device='cuda:0', grad_fn=<MulBackward0>), 'kld': tensor(73.3740, device='cuda:0', grad_fn=<MulBackward0>), 'prediction': tensor(2288.8892, device='cuda:0', grad_fn=<MulBackward0>), 'true_values': tensor(-1)}
Losses: {'total_vae': tensor(13719.0059, device='cuda:0', grad_fn=<AddBackward0>), 'recon': tensor(6578.6460, device='cuda:0', grad_fn=<MulBackward0>), 'kld': tensor(79.4198, device='cuda:0', grad_fn=<MulBackward0>), 'prediction': tensor(2270.0796, device='cuda:0', grad_fn=<MulBackward0>), 'true_values': tensor(4790.8608, device='cuda:0', grad_fn=<MulBackward0>)}
Losses: {'total_vae': tensor(8987.8184, device='cuda:0', grad_fn=<AddBackward0>), 'recon': tensor(6569.0059, device='cuda:0', grad_fn=<MulBackward0>), 'kld': tensor(84.0701, device='cuda:0', grad_fn=<MulBackward0>), 'prediction': tensor(2334.7422, device='cuda:0', grad_fn=<MulBackward0>), 'true_values': tensor(-1)}
Losses: {'total_vae': tensor(12849.9639, device='cuda:0', grad_fn=<AddBackward0>), 'recon': tensor(6542.5630, device='cuda:0', grad_fn=<MulBackward0>), 'kld': tensor(89.2538, device='cuda:0', grad_fn=<MulBackward0>), 'prediction': tensor(2320.4072, device='cuda:0', grad_fn=<MulBackward0>), 'true_values': tensor(3897.7390, device='cuda:0', grad_fn=<MulBackward0>)}
[1:16587]  loss_total_vae=12522.868  loss_recon=6550.795  loss_kld=90.185  loss_prediction=2331.961  loss_true_values=3549.927  loss_total_vae_epoch=12330.886  
tracking changes
(20000, 21)
(20000, 21)
Saved model at epoch 2
lr: 1e-05
Losses: {'total_vae': tensor(13078.6963, device='cuda:0', grad_fn=<AddBackward0>), 'recon': tensor(6545.6816, device='cuda:0', grad_fn=<MulBackward0>), 'kld': tensor(110.0222, device='cuda:0', grad_fn=<MulBackward0>), 'prediction': tensor(2300.0078, device='cuda:0', grad_fn=<MulBackward0>), 'true_values': tensor(4122.9854, device='cuda:0', grad_fn=<MulBackward0>)}
Losses: {'total_vae': tensor(8976.7344, device='cuda:0', grad_fn=<AddBackward0>), 'recon': tensor(6520.7300, device='cuda:0', grad_fn=<MulBackward0>), 'kld': tensor(111.9341, device='cuda:0', grad_fn=<MulBackward0>), 'prediction': tensor(2344.0706, device='cuda:0', grad_fn=<MulBackward0>), 'true_values': tensor(-1)}
Losses: {'total_vae': tensor(12831.7617, device='cuda:0', grad_fn=<AddBackward0>), 'recon': tensor(6511.9438, device='cuda:0', grad_fn=<MulBackward0>), 'kld': tensor(119.0709, device='cuda:0', grad_fn=<MulBackward0>), 'prediction': tensor(2238.4399, device='cuda:0', grad_fn=<MulBackward0>), 'true_values': tensor(3962.3069, device='cuda:0', grad_fn=<MulBackward0>)}
Losses: {'total_vae': tensor(8907.0566, device='cuda:0', grad_fn=<AddBackward0>), 'recon': tensor(6507.0962, device='cuda:0', grad_fn=<MulBackward0>), 'kld': tensor(121.1514, device='cuda:0', grad_fn=<MulBackward0>), 'prediction': tensor(2278.8096, device='cuda:0', grad_fn=<MulBackward0>), 'true_values': tensor(-1)}
Losses: {'total_vae': tensor(12870.0420, device='cuda:0', grad_fn=<AddBackward0>), 'recon': tensor(6519.2344, device='cuda:0', grad_fn=<MulBackward0>), 'kld': tensor(132.9130, device='cuda:0', grad_fn=<MulBackward0>), 'prediction': tensor(2312.0310, device='cuda:0', grad_fn=<MulBackward0>), 'true_values': tensor(3905.8630, device='cuda:0', grad_fn=<MulBackward0>)}
Losses: {'total_vae': tensor(12434.4600, device='cuda:0', grad_fn=<AddBackward0>), 'recon': tensor(6518.1050, device='cuda:0', grad_fn=<MulBackward0>), 'kld': tensor(132.2329, device='cuda:0', grad_fn=<MulBackward0>), 'prediction': tensor(2222.3110, device='cuda:0', grad_fn=<MulBackward0>), 'true_values': tensor(3561.8118, device='cuda:0', grad_fn=<MulBackward0>)}
Losses: {'total_vae': tensor(8881.0117, device='cuda:0', grad_fn=<AddBackward0>), 'recon': tensor(6500.4297, device='cuda:0', grad_fn=<MulBackward0>), 'kld': tensor(142.0465, device='cuda:0', grad_fn=<MulBackward0>), 'prediction': tensor(2238.5361, device='cuda:0', grad_fn=<MulBackward0>), 'true_values': tensor(-1)}
Losses: {'total_vae': tensor(8854.8008, device='cuda:0', grad_fn=<AddBackward0>), 'recon': tensor(6494.3696, device='cuda:0', grad_fn=<MulBackward0>), 'kld': tensor(136.7423, device='cuda:0', grad_fn=<MulBackward0>), 'prediction': tensor(2223.6887, device='cuda:0', grad_fn=<MulBackward0>), 'true_values': tensor(-1)}
Losses: {'total_vae': tensor(8884.0566, device='cuda:0', grad_fn=<AddBackward0>), 'recon': tensor(6494.6665, device='cuda:0', grad_fn=<MulBackward0>), 'kld': tensor(140.7581, device='cuda:0', grad_fn=<MulBackward0>), 'prediction': tensor(2248.6316, device='cuda:0', grad_fn=<MulBackward0>), 'true_values': tensor(-1)}
Losses: {'total_vae': tensor(12447.2217, device='cuda:0', grad_fn=<AddBackward0>), 'recon': tensor(6484.1099, device='cuda:0', grad_fn=<MulBackward0>), 'kld': tensor(142.2655, device='cuda:0', grad_fn=<MulBackward0>), 'prediction': tensor(2182.8796, device='cuda:0', grad_fn=<MulBackward0>), 'true_values': tensor(3637.9668, device='cuda:0', grad_fn=<MulBackward0>)}
Losses: {'total_vae': tensor(8848.8203, device='cuda:0', grad_fn=<AddBackward0>), 'recon': tensor(6464.8936, device='cuda:0', grad_fn=<MulBackward0>), 'kld': tensor(149.1217, device='cuda:0', grad_fn=<MulBackward0>), 'prediction': tensor(2234.8049, device='cuda:0', grad_fn=<MulBackward0>), 'true_values': tensor(-1)}
Losses: {'total_vae': tensor(12583.3242, device='cuda:0', grad_fn=<AddBackward0>), 'recon': tensor(6465.7251, device='cuda:0', grad_fn=<MulBackward0>), 'kld': tensor(161.2872, device='cuda:0', grad_fn=<MulBackward0>), 'prediction': tensor(2231.1372, device='cuda:0', grad_fn=<MulBackward0>), 'true_values': tensor(3725.1750, device='cuda:0', grad_fn=<MulBackward0>)}
Losses: {'total_vae': tensor(12476.4834, device='cuda:0', grad_fn=<AddBackward0>), 'recon': tensor(6462.6626, device='cuda:0', grad_fn=<MulBackward0>), 'kld': tensor(166.1732, device='cuda:0', grad_fn=<MulBackward0>), 'prediction': tensor(2190.2473, device='cuda:0', grad_fn=<MulBackward0>), 'true_values': tensor(3657.4001, device='cuda:0', grad_fn=<MulBackward0>)}
Losses: {'total_vae': tensor(12215.3203, device='cuda:0', grad_fn=<AddBackward0>), 'recon': tensor(6451.0034, device='cuda:0', grad_fn=<MulBackward0>), 'kld': tensor(159.6348, device='cuda:0', grad_fn=<MulBackward0>), 'prediction': tensor(2197.3997, device='cuda:0', grad_fn=<MulBackward0>), 'true_values': tensor(3407.2822, device='cuda:0', grad_fn=<MulBackward0>)}
Losses: {'total_vae': tensor(12450.6152, device='cuda:0', grad_fn=<AddBackward0>), 'recon': tensor(6446.1328, device='cuda:0', grad_fn=<MulBackward0>), 'kld': tensor(173.5890, device='cuda:0', grad_fn=<MulBackward0>), 'prediction': tensor(2069.3850, device='cuda:0', grad_fn=<MulBackward0>), 'true_values': tensor(3761.5083, device='cuda:0', grad_fn=<MulBackward0>)}
Losses: {'total_vae': tensor(12529.7461, device='cuda:0', grad_fn=<AddBackward0>), 'recon': tensor(6461.3350, device='cuda:0', grad_fn=<MulBackward0>), 'kld': tensor(173.6973, device='cuda:0', grad_fn=<MulBackward0>), 'prediction': tensor(2174.5332, device='cuda:0', grad_fn=<MulBackward0>), 'true_values': tensor(3720.1807, device='cuda:0', grad_fn=<MulBackward0>)}
[2:24881]  loss_total_vae=12706.196  loss_recon=6447.874  loss_kld=178.266  loss_prediction=2146.224  loss_true_values=3933.833  loss_total_vae_epoch=11257.711  
tracking changes
(20000, 21)
(20000, 21)
Saved model at epoch 3
lr: 0.0001
